
Showing logs for build [32mentando-k8s-entando-k8s-operato-w4g7n-59[0m stage [32mfrom-build-pack[0m and container [32mstep-credential-initializer-7xpz9[0m
{"level":"warn","ts":1599636803.30739,"logger":"fallback-logger","caller":"logging/config.go:69","msg":"Fetch GitHub commit ID from kodata failed: \"ref: refs/heads/0.8.0-**-support-backwards-incompats\" is not a valid GitHub commit ID"}
{"level":"info","ts":1599636803.3131387,"logger":"fallback-logger","caller":"creds-init/main.go:40","msg":"Credentials initialized."}

Showing logs for build [32mentando-k8s-entando-k8s-operato-w4g7n-59[0m stage [32mfrom-build-pack[0m and container [32mstep-working-dir-initializer-8644w[0m
{"level":"warn","ts":1599636805.6209075,"logger":"fallback-logger","caller":"logging/config.go:69","msg":"Fetch GitHub commit ID from kodata failed: open /var/run/ko/HEAD: no such file or directory"}
{"level":"info","ts":1599636805.6309142,"logger":"fallback-logger","caller":"bash/main.go:64","msg":"Successfully e**cuted command \"sh -c mkdir -p /workspace/source\"; output "}

Showing logs for build [32mentando-k8s-entando-k8s-operato-w4g7n-59[0m stage [32mfrom-build-pack[0m and container [32mstep-place-tools[0m

Showing logs for build [32mentando-k8s-entando-k8s-operato-w4g7n-59[0m stage [32mfrom-build-pack[0m and container [32mstep-git-source-entando-k8s-entando-k8s-operato-wwqf6[0m
{"level":"warn","ts":1599636825.9470658,"logger":"fallback-logger","caller":"logging/config.go:69","msg":"Fetch GitHub commit ID from kodata failed: \"ref: refs/heads/0.8.0-**-support-backwards-incompats\" is not a valid GitHub commit ID"}
{"level":"info","ts":1599636827.472529,"logger":"fallback-logger","caller":"git/git.go:103","msg":"Successfully cloned https://github.com/entando-k8s/entando-k8s-operator-common.git @ v6.2.9 in path /workspace/source"}

Showing logs for build [32mentando-k8s-entando-k8s-operato-w4g7n-59[0m stage [32mfrom-build-pack[0m and container [32mstep-git-merge[0m
Using SHAs from PULL_REFS=master:e07a5f49d3ba3b4293d305a5d84a613551f05ce9
WARNING: no SHAs to merge, falling back to initial cloned commit

Showing logs for build [32mentando-k8s-entando-k8s-operato-w4g7n-59[0m stage [32mfrom-build-pack[0m and container [32mstep-setup-jx-git-credentials[0m
Generated Git credentials file /workspace/xdg_config/git/credentials

Showing logs for build [32mentando-k8s-entando-k8s-operato-w4g7n-59[0m stage [32mfrom-build-pack[0m and container [32mstep-build-fetch-history-for-sonar[0m
From https://github.com/entando-k8s/entando-k8s-operator-common
 * [new branch]      ENG-673-gke-ingress -> origin/ENG-673-gke-ingress
 * [new branch]      master              -> origin/master
 * [new branch]      optional-finalizers -> origin/optional-finalizers
 * [new tag]         v6.2.9              -> v6.2.9
 * [new tag]         finalizers          -> finalizers
 * [new tag]         spock-spike         -> spock-spike

Showing logs for build [32mentando-k8s-entando-k8s-operato-w4g7n-59[0m stage [32mfrom-build-pack[0m and container [32mstep-build-mvn-deploy-release[0m
Picked up _JAVA_OPTIONS: -XX:+UnlockExperimentalVMOptions -Dsun.zip.disableMemoryMapping=true -XX:+UseParallelGC -XX:MinHeapFreeRatio=5 -XX:MaxHeapFreeRatio=10 -XX:GCTimeRatio=4 -XX:AdaptiveSizePolicyWeight=90 -Xms10m -Xmx8000m
[INFO] Scanning for projects...
[INFO] 
[INFO] --------------< org.entando:entando-k8s-operator-common >---------------
[INFO] Building Entando K8S Operator Common Library 6.2.9
[INFO] --------------------------------[ jar ]---------------------------------
[INFO] 
[INFO] --- maven-clean-plugin:2.5:clean (default-clean) @ entando-k8s-operator-common ---
[INFO] 
[INFO] --- maven-checkstyle-plugin:3.1.1:check (validate) @ entando-k8s-operator-common ---
[INFO] Starting audit...
Audit done.
[INFO] You have 0 Checkstyle violations.
[INFO] 
[INFO] --- maven-checkstyle-plugin:3.1.1:checkstyle (validate) @ entando-k8s-operator-common ---
[INFO] Starting audit...
Audit done.
[INFO] 
[INFO] --- jacoco-maven-plugin:0.8.5:prepare-agent (prepare-agent) @ entando-k8s-operator-common ---
[INFO] argLine set to -javaagent:/home/jenkins/.mvnrepository/org/jacoco/org.jacoco.agent/0.8.5/org.jacoco.agent-0.8.5-runtime.jar=destfile=/workspace/source/target/jacoco.e**c
[INFO] 
[INFO] --- maven-resources-plugin:2.6:resources (default-resources) @ entando-k8s-operator-common ---
[INFO] Using 'UTF-8' encoding to copy filtered resources.
[INFO] Copying 14 resources
[INFO] 
[INFO] --- maven-compiler-plugin:3.8.1:compile (default-compile) @ entando-k8s-operator-common ---
[INFO] Changes detected - recompiling the module!
[INFO] Compiling 96 source files to /workspace/source/target/classes
[INFO] 
[INFO] --- maven-resources-plugin:2.6:testResources (default-testResources) @ entando-k8s-operator-common ---
[INFO] Using 'UTF-8' encoding to copy filtered resources.
[INFO] Copying 7 resources
[INFO] 
[INFO] --- maven-compiler-plugin:3.8.1:testCompile (default-testCompile) @ entando-k8s-operator-common ---
[INFO] Changes detected - recompiling the module!
[INFO] Compiling 88 source files to /workspace/source/target/test-classes
[INFO] /workspace/source/src/test/java/org/entando/kubernetes/controller/inprocesstest/k8sclientdouble/PodClientDouble.java: /workspace/source/src/test/java/org/entando/kubernetes/controller/inprocesstest/k8sclientdouble/PodClientDouble.java uses or overrides a deprecated API.
[INFO] /workspace/source/src/test/java/org/entando/kubernetes/controller/inprocesstest/k8sclientdouble/PodClientDouble.java: Recompile with -Xlint:deprecation for details.
[INFO] 
[INFO] --- maven-surefire-plugin:3.0.0-M1:test (default-test) @ entando-k8s-operator-common ---
[INFO] 
[INFO] -------------------------------------------------------
[INFO]  T E S T S
[INFO] -------------------------------------------------------
[INFO] Running org.entando.kubernetes.controller.inprocesstest.ControllerE**cutorMockServerTest
Sep 09, 2020 7:34:34 AM okhttp3.mockwebserver.MockWebServer$2 e**cute
INFO: MockWebServer[52049] starting to accept connections
Sep 09, 2020 7:34:35 AM okhttp3.mockwebserver.MockWebServer$3 processOneRequest
INFO: MockWebServer[52049] received request: GET /api/v1/namespaces/entando/configmaps/entando-docker-image-info-v6.1 HTTP/1.1 and responded: HTTP/1.1 404 Client Error
Sep 09, 2020 7:34:35 AM okhttp3.mockwebserver.MockWebServer$3 processOneRequest
INFO: MockWebServer[52049] received request: GET /api/v1/namespaces/test/secrets/my-keycloak-controller-ca-cert-secret HTTP/1.1 and responded: HTTP/1.1 404 Client Error
Sep 09, 2020 7:34:35 AM okhttp3.mockwebserver.MockWebServer$3 processOneRequest
INFO: MockWebServer[52049] received request: POST /api/v1/namespaces/test/secrets HTTP/1.1 and responded: HTTP/1.1 202 OK
Sep 09, 2020 7:34:36 AM okhttp3.mockwebserver.MockWebServer$3 processOneRequest
INFO: MockWebServer[52049] received request: POST /api/v1/namespaces/entando-k8s-operator-common-cmms59/pods HTTP/1.1 and responded: HTTP/1.1 202 OK
Sep 09, 2020 7:34:36 AM okhttp3.mockwebserver.MockWebServer$3 processOneRequest
INFO: MockWebServer[52049] received request: GET /api/v1/namespaces/entando-k8s-operator-common-cmms59/pods?fieldSelector=metadata.name%3Dmy-keycloak-deployer-urtk8hyap7&watch=true HTTP/1.1 and responded: HTTP/1.1 200 OK
Sep 09, 2020 7:34:36 AM okhttp3.mockwebserver.MockWebServer$3 processOneRequest
INFO: MockWebServer[52049] received request: GET /api/v1/namespaces/entando-k8s-operator-common-cmms59/pods?fieldSelector=metadata.name%3Dmy-keycloak-deployer-urtk8hyap7&watch=true HTTP/1.1 and responded: HTTP/1.1 200 OK
Sep 09, 2020 7:34:36 AM okhttp3.mockwebserver.MockWebServer$3 processOneRequest
INFO: MockWebServer[52049] received request: GET /api/v1/namespaces/entando-k8s-operator-common-cmms59/pods?labelSelector=EntandoKeycloakServer%3Dmy-keycloak HTTP/1.1 and responded: HTTP/1.1 200 OK
Sep 09, 2020 7:34:36 AM io.fabric8.kubernetes.client.dsl.internal.WatchHTTPManager$1 onResponse
INFO: Watch terminated unexpectedly. reason: \n not found: limit=1184 content=7b2261706956657273696f6e223a227631222c226b696e64223a224c69737422â€¦
Sep 09, 2020 7:34:37 AM okhttp3.mockwebserver.MockWebServer$2 acceptConnections
INFO: MockWebServer[52049] done accepting connections: Socket closed
Sep 09, 2020 7:34:37 AM io.fabric8.kubernetes.client.dsl.internal.WatchHTTPManager$1 onFailure
INFO: Watch connection failed. reason: Canceled
Sep 09, 2020 7:34:37 AM io.fabric8.kubernetes.client.dsl.internal.WatchHTTPManager scheduleReconnect
WARN: Ignoring error for already closed/closing connection
Sep 09, 2020 7:34:37 AM okhttp3.mockwebserver.MockWebServer$2 e**cute
INFO: MockWebServer[39177] starting to accept connections
Sep 09, 2020 7:34:37 AM okhttp3.mockwebserver.MockWebServer$3 processOneRequest
INFO: MockWebServer[39177] received request: GET /api/v1/namespaces/entando/configmaps/entando-docker-image-info-v6.1 HTTP/1.1 and responded: HTTP/1.1 404 Client Error
Sep 09, 2020 7:34:37 AM okhttp3.mockwebserver.MockWebServer$3 processOneRequest
INFO: MockWebServer[39177] received request: GET /api/v1/namespaces/test/secrets/my-keycloak-controller-ca-cert-secret HTTP/1.1 and responded: HTTP/1.1 404 Client Error
Sep 09, 2020 7:34:37 AM okhttp3.mockwebserver.MockWebServer$3 processOneRequest
INFO: MockWebServer[39177] received request: POST /api/v1/namespaces/test/secrets HTTP/1.1 and responded: HTTP/1.1 202 OK
Sep 09, 2020 7:34:38 AM okhttp3.mockwebserver.MockWebServer$3 processOneRequest
INFO: MockWebServer[39177] received request: POST /api/v1/namespaces/entando-k8s-operator-common-cmms59/pods HTTP/1.1 and responded: HTTP/1.1 202 OK
Sep 09, 2020 7:34:38 AM okhttp3.mockwebserver.MockWebServer$3 processOneRequest
INFO: MockWebServer[39177] received request: GET /api/v1/namespaces/entando-k8s-operator-common-cmms59/pods?labelSelector=EntandoKeycloakServer%3Dmy-keycloak&watch=true HTTP/1.1 and responded: HTTP/1.1 200 OK
Sep 09, 2020 7:34:38 AM okhttp3.mockwebserver.MockWebServer$3 processOneRequest
INFO: MockWebServer[39177] received request: GET /api/v1/namespaces/entando-k8s-operator-common-cmms59/pods?labelSelector=EntandoKeycloakServer%3Dmy-keycloak HTTP/1.1 and responded: HTTP/1.1 200 OK
Sep 09, 2020 7:34:38 AM okhttp3.mockwebserver.MockWebServer$2 acceptConnections
INFO: MockWebServer[39177] done accepting connections: Socket closed
Sep 09, 2020 7:34:38 AM io.fabric8.kubernetes.client.dsl.internal.WatchHTTPManager$1 onFailure
INFO: Watch connection failed. reason: Canceled
Sep 09, 2020 7:34:38 AM io.fabric8.kubernetes.client.dsl.internal.WatchHTTPManager scheduleReconnect
WARN: Ignoring error for already closed/closing connection
[INFO] Tests run: 2, Failures: 0, Errors: 0, Skipped: 0, Time elapsed: 4.876 s - in org.entando.kubernetes.controller.inprocesstest.ControllerE**cutorMockServerTest
[INFO] Running org.entando.kubernetes.controller.inprocesstest.ImageResolutionTest
[INFO] Tests run: 6, Failures: 0, Errors: 0, Skipped: 0, Time elapsed: 0.016 s - in org.entando.kubernetes.controller.inprocesstest.ImageResolutionTest
[INFO] Running org.entando.kubernetes.controller.inprocesstest.ControllerE**cutorMockClientTest
[INFO] Tests run: 2, Failures: 0, Errors: 0, Skipped: 0, Time elapsed: 1.865 s - in org.entando.kubernetes.controller.inprocesstest.ControllerE**cutorMockClientTest
[INFO] Running org.entando.kubernetes.controller.inprocesstest.PublicIngressingMockClientTest
[INFO] Tests run: 2, Failures: 0, Errors: 0, Skipped: 0, Time elapsed: 2.711 s - in org.entando.kubernetes.controller.inprocesstest.PublicIngressingMockClientTest
[INFO] Running org.entando.kubernetes.controller.inprocesstest.PublicIngressingMockServerTest
Sep 09, 2020 7:34:42 AM okhttp3.mockwebserver.MockWebServer$2 e**cute
INFO: MockWebServer[53981] starting to accept connections
Sep 09, 2020 7:34:43 AM okhttp3.mockwebserver.MockWebServer$3 processOneRequest
INFO: MockWebServer[53981] received request: GET /api/v1/namespaces/entando/configmaps/entando-docker-image-info-v6.1 HTTP/1.1 and responded: HTTP/1.1 404 Client Error
Sep 09, 2020 7:34:43 AM okhttp3.mockwebserver.MockWebServer$3 processOneRequest
INFO: MockWebServer[53981] received request: GET /api/v1/namespaces/test/secrets/keycloak-*****-secret HTTP/1.1 and responded: HTTP/1.1 404 Client Error
Sep 09, 2020 7:34:43 AM okhttp3.mockwebserver.MockWebServer$3 processOneRequest
INFO: MockWebServer[53981] received request: POST /api/v1/namespaces/test/secrets HTTP/1.1 and responded: HTTP/1.1 202 OK
Sep 09, 2020 7:34:43 AM okhttp3.mockwebserver.MockWebServer$3 processOneRequest
INFO: MockWebServer[53981] received request: GET /apis/apiextensions.k8s.io/v1beta1/customresourcedefinitions/entandoplugins.entando.org HTTP/1.1 and responded: HTTP/1.1 404 Client Error
Sep 09, 2020 7:34:43 AM okhttp3.mockwebserver.MockWebServer$3 processOneRequest
INFO: MockWebServer[53981] received request: POST /apis/apiextensions.k8s.io/v1beta1/customresourcedefinitions HTTP/1.1 and responded: HTTP/1.1 202 OK
Sep 09, 2020 7:34:43 AM okhttp3.mockwebserver.MockWebServer$3 processOneRequest
INFO: MockWebServer[53981] received request: GET /api/v1/namespaces/test HTTP/1.1 and responded: HTTP/1.1 404 Client Error
Sep 09, 2020 7:34:43 AM okhttp3.mockwebserver.MockWebServer$3 processOneRequest
INFO: MockWebServer[53981] received request: GET /apis/entando.org/v1/namespaces/default/entandoplugins HTTP/1.1 and responded: HTTP/1.1 200 OK
Sep 09, 2020 7:34:43 AM okhttp3.mockwebserver.MockWebServer$3 processOneRequest
INFO: MockWebServer[53981] received request: GET /api/v1/namespaces/test HTTP/1.1 and responded: HTTP/1.1 404 Client Error
Sep 09, 2020 7:34:43 AM okhttp3.mockwebserver.MockWebServer$3 processOneRequest
INFO: MockWebServer[53981] received request: GET /apis/entando.org/v1/namespaces/default/entandoplugins HTTP/1.1 and responded: HTTP/1.1 200 OK
Sep 09, 2020 7:34:43 AM okhttp3.mockwebserver.MockWebServer$3 processOneRequest
INFO: MockWebServer[53981] received request: GET /apis/entando.org/v1/namespaces/entando-k8s-operator-common-cmms59/entandoplugins/sample-name-cmms59 HTTP/1.1 and responded: HTTP/1.1 404 Client Error
Sep 09, 2020 7:34:43 AM okhttp3.mockwebserver.MockWebServer$3 processOneRequest
INFO: MockWebServer[53981] received request: GET /apis/entando.org/v1/namespaces/entando-k8s-operator-common-cmms59/entandoplugins/sample-name-cmms59 HTTP/1.1 and responded: HTTP/1.1 404 Client Error
Sep 09, 2020 7:34:44 AM okhttp3.mockwebserver.MockWebServer$3 processOneRequest
INFO: MockWebServer[53981] received request: POST /apis/entando.org/v1/namespaces/entando-k8s-operator-common-cmms59/entandoplugins HTTP/1.1 and responded: HTTP/1.1 202 OK
Sep 09, 2020 7:34:44 AM okhttp3.mockwebserver.MockWebServer$3 processOneRequest
INFO: MockWebServer[53981] received request: GET /apis/entando.org/v1/namespaces/entando-k8s-operator-common-cmms59/entandoplugins/sample-name-cmms59 HTTP/1.1 and responded: HTTP/1.1 200 OK
Sep 09, 2020 7:34:44 AM okhttp3.mockwebserver.MockWebServer$3 processOneRequest
INFO: MockWebServer[53981] received request: GET /apis/entando.org/v1/namespaces/entando-k8s-operator-common-cmms59/entandoplugins/sample-name-cmms59 HTTP/1.1 and responded: HTTP/1.1 200 OK
Sep 09, 2020 7:34:44 AM okhttp3.mockwebserver.MockWebServer$3 processOneRequest
INFO: MockWebServer[53981] received request: GET /apis/entando.org/v1/namespaces/entando-k8s-operator-common-cmms59/entandoplugins/sample-name-cmms59 HTTP/1.1 and responded: HTTP/1.1 200 OK
Sep 09, 2020 7:34:44 AM okhttp3.mockwebserver.MockWebServer$3 processOneRequest
INFO: MockWebServer[53981] received request: GET /apis/entando.org/v1/namespaces/entando-k8s-operator-common-cmms59/entandoplugins/sample-name-cmms59 HTTP/1.1 and responded: HTTP/1.1 200 OK
Sep 09, 2020 7:34:44 AM okhttp3.mockwebserver.MockWebServer$3 processOneRequest
INFO: MockWebServer[53981] received request: GET /apis/entando.org/v1/namespaces/entando-k8s-operator-common-cmms59/entandoplugins/sample-name-cmms59 HTTP/1.1 and responded: HTTP/1.1 200 OK
Sep 09, 2020 7:34:44 AM okhttp3.mockwebserver.MockWebServer$3 processOneRequest
INFO: MockWebServer[53981] received request: GET /apis/entando.org/v1/namespaces/entando-k8s-operator-common-cmms59/entandoplugins/sample-name-cmms59 HTTP/1.1 and responded: HTTP/1.1 200 OK
Sep 09, 2020 7:34:44 AM okhttp3.mockwebserver.MockWebServer$3 processOneRequest
INFO: MockWebServer[53981] received request: GET /apis/entando.org/v1/namespaces/entando-k8s-operator-common-cmms59/entandoplugins/sample-name-cmms59 HTTP/1.1 and responded: HTTP/1.1 200 OK
Sep 09, 2020 7:34:44 AM okhttp3.mockwebserver.MockWebServer$3 processOneRequest
INFO: MockWebServer[53981] received request: GET /apis/entando.org/v1/namespaces/entando-k8s-operator-common-cmms59/entandoplugins/sample-name-cmms59 HTTP/1.1 and responded: HTTP/1.1 200 OK
Sep 09, 2020 7:34:44 AM okhttp3.mockwebserver.MockWebServer$3 processOneRequest
INFO: MockWebServer[53981] received request: PATCH /apis/entando.org/v1/namespaces/entando-k8s-operator-common-cmms59/entandoplugins/sample-name-cmms59 HTTP/1.1 and responded: HTTP/1.1 202 OK
Sep 09, 2020 7:34:44 AM okhttp3.mockwebserver.MockWebServer$3 processOneRequest
INFO: MockWebServer[53981] received request: GET /apis/entando.org/v1/namespaces/entando-k8s-operator-common-cmms59/entandoplugins/sample-name-cmms59 HTTP/1.1 and responded: HTTP/1.1 200 OK
Sep 09, 2020 7:34:44 AM okhttp3.mockwebserver.MockWebServer$3 processOneRequest
INFO: MockWebServer[53981] received request: GET /apis/apiextensions.k8s.io/v1beta1/customresourcedefinitions/entandodatabaseservices.entando.org HTTP/1.1 and responded: HTTP/1.1 404 Client Error
Sep 09, 2020 7:34:45 AM okhttp3.mockwebserver.MockWebServer$3 processOneRequest
INFO: MockWebServer[53981] received request: POST /apis/apiextensions.k8s.io/v1beta1/customresourcedefinitions HTTP/1.1 and responded: HTTP/1.1 202 OK
Sep 09, 2020 7:34:45 AM okhttp3.mockwebserver.MockWebServer$3 processOneRequest
INFO: MockWebServer[53981] received request: GET /apis/entando.org/v1/namespaces/entando-k8s-operator-common-cmms59/entandoplugins/sample-name-cmms59 HTTP/1.1 and responded: HTTP/1.1 200 OK
Sep 09, 2020 7:34:45 AM okhttp3.mockwebserver.MockWebServer$3 processOneRequest
INFO: MockWebServer[53981] received request: GET /api/v1/namespaces/test HTTP/1.1 and responded: HTTP/1.1 404 Client Error
Sep 09, 2020 7:34:45 AM okhttp3.mockwebserver.MockWebServer$3 processOneRequest
INFO: MockWebServer[53981] received request: GET /apis/entando.org/v1/namespaces/default/entandodatabaseservices HTTP/1.1 and responded: HTTP/1.1 200 OK
Sep 09, 2020 7:34:45 AM okhttp3.mockwebserver.MockWebServer$3 processOneRequest
INFO: MockWebServer[53981] received request: GET /apis/entando.org/v1/namespaces/entando-k8s-operator-common-cmms59/entandoplugins/sample-name-cmms59 HTTP/1.1 and responded: HTTP/1.1 200 OK
Sep 09, 2020 7:34:45 AM okhttp3.mockwebserver.MockWebServer$3 processOneRequest
INFO: MockWebServer[53981] received request: GET /api/v1/namespaces/test HTTP/1.1 and responded: HTTP/1.1 404 Client Error
Sep 09, 2020 7:34:45 AM okhttp3.mockwebserver.MockWebServer$3 processOneRequest
INFO: MockWebServer[53981] received request: GET /apis/entando.org/v1/namespaces/entando-k8s-operator-common-cmms59/entandoplugins/sample-name-cmms59 HTTP/1.1 and responded: HTTP/1.1 200 OK
Sep 09, 2020 7:34:45 AM okhttp3.mockwebserver.MockWebServer$3 processOneRequest
INFO: MockWebServer[53981] received request: GET /apis/entando.org/v1/namespaces/default/entandodatabaseservices HTTP/1.1 and responded: HTTP/1.1 200 OK
Sep 09, 2020 7:34:45 AM okhttp3.mockwebserver.MockWebServer$3 processOneRequest
INFO: MockWebServer[53981] received request: GET /apis/entando.org/v1/namespaces/entando-k8s-operator-common-cmms59/entandodatabaseservices HTTP/1.1 and responded: HTTP/1.1 200 OK
Sep 09, 2020 7:34:45 AM okhttp3.mockwebserver.MockWebServer$3 processOneRequest
INFO: MockWebServer[53981] received request: GET /apis/entando.org/v1/namespaces/entando-k8s-operator-common-cmms59/entandoplugins/sample-name-cmms59 HTTP/1.1 and responded: HTTP/1.1 200 OK
Sep 09, 2020 7:34:45 AM okhttp3.mockwebserver.MockWebServer$3 processOneRequest
INFO: MockWebServer[53981] received request: GET /api/v1/namespaces/entando/configmaps/entando-docker-image-info-v6.1 HTTP/1.1 and responded: HTTP/1.1 404 Client Error
Sep 09, 2020 7:34:45 AM okhttp3.mockwebserver.MockWebServer$3 processOneRequest
INFO: MockWebServer[53981] received request: GET /apis/entando.org/v1/namespaces/entando-k8s-operator-common-cmms59/entandoplugins/sample-name-cmms59 HTTP/1.1 and responded: HTTP/1.1 200 OK
Sep 09, 2020 7:34:45 AM okhttp3.mockwebserver.MockWebServer$3 processOneRequest
INFO: MockWebServer[53981] received request: GET /api/v1/namespaces/entando-k8s-operator-common-cmms59/persistentvolumeclaims/sample-name-cmms59-db-pvc HTTP/1.1 and responded: HTTP/1.1 404 Client Error
Sep 09, 2020 7:34:45 AM okhttp3.mockwebserver.MockWebServer$3 processOneRequest
INFO: MockWebServer[53981] received request: POST /api/v1/namespaces/entando-k8s-operator-common-cmms59/persistentvolumeclaims HTTP/1.1 and responded: HTTP/1.1 202 OK
Sep 09, 2020 7:34:45 AM okhttp3.mockwebserver.MockWebServer$3 processOneRequest
INFO: MockWebServer[53981] received request: GET /api/v1/namespaces/entando-k8s-operator-common-cmms59/persistentvolumeclaims/sample-name-cmms59-db-pvc HTTP/1.1 and responded: HTTP/1.1 200 OK
Sep 09, 2020 7:34:45 AM okhttp3.mockwebserver.MockWebServer$3 processOneRequest
INFO: MockWebServer[53981] received request: GET /apis/entando.org/v1/namespaces/entando-k8s-operator-common-cmms59/entandoplugins/sample-name-cmms59 HTTP/1.1 and responded: HTTP/1.1 200 OK
Sep 09, 2020 7:34:45 AM okhttp3.mockwebserver.MockWebServer$3 processOneRequest
INFO: MockWebServer[53981] received request: GET /apis/entando.org/v1/namespaces/entando-k8s-operator-common-cmms59/entandoplugins/sample-name-cmms59 HTTP/1.1 and responded: HTTP/1.1 200 OK
Sep 09, 2020 7:34:45 AM okhttp3.mockwebserver.MockWebServer$3 processOneRequest
INFO: MockWebServer[53981] received request: GET /apis/entando.org/v1/namespaces/entando-k8s-operator-common-cmms59/entandoplugins/sample-name-cmms59 HTTP/1.1 and responded: HTTP/1.1 200 OK
Sep 09, 2020 7:34:46 AM okhttp3.mockwebserver.MockWebServer$3 processOneRequest
INFO: MockWebServer[53981] received request: GET /apis/entando.org/v1/namespaces/entando-k8s-operator-common-cmms59/entandoplugins/sample-name-cmms59 HTTP/1.1 and responded: HTTP/1.1 200 OK
Sep 09, 2020 7:34:46 AM okhttp3.mockwebserver.MockWebServer$3 processOneRequest
INFO: MockWebServer[53981] received request: PATCH /apis/entando.org/v1/namespaces/entando-k8s-operator-common-cmms59/entandoplugins/sample-name-cmms59 HTTP/1.1 and responded: HTTP/1.1 202 OK
Sep 09, 2020 7:34:46 AM okhttp3.mockwebserver.MockWebServer$3 processOneRequest
INFO: MockWebServer[53981] received request: GET /api/v1/namespaces/entando-k8s-operator-common-cmms59/secrets/entando-default-ca-secret HTTP/1.1 and responded: HTTP/1.1 404 Client Error
Sep 09, 2020 7:34:46 AM okhttp3.mockwebserver.MockWebServer$3 processOneRequest
INFO: MockWebServer[53981] received request: GET /apis/entando.org/v1/namespaces/entando-k8s-operator-common-cmms59/entandoplugins/sample-name-cmms59 HTTP/1.1 and responded: HTTP/1.1 200 OK
Sep 09, 2020 7:34:46 AM okhttp3.mockwebserver.MockWebServer$3 processOneRequest
INFO: MockWebServer[53981] received request: POST /api/v1/namespaces/entando-k8s-operator-common-cmms59/secrets HTTP/1.1 and responded: HTTP/1.1 202 OK
Sep 09, 2020 7:34:46 AM okhttp3.mockwebserver.MockWebServer$3 processOneRequest
INFO: MockWebServer[53981] received request: POST /api/v1/namespaces/entando-k8s-operator-common-cmms59/secrets HTTP/1.1 and responded: HTTP/1.1 202 OK
Sep 09, 2020 7:34:46 AM okhttp3.mockwebserver.MockWebServer$3 processOneRequest
INFO: MockWebServer[53981] received request: GET /api/v1/namespaces/entando-k8s-operator-common-cmms59/services/sample-name-cmms59-db-service HTTP/1.1 and responded: HTTP/1.1 404 Client Error
Sep 09, 2020 7:34:46 AM okhttp3.mockwebserver.MockWebServer$3 processOneRequest
INFO: MockWebServer[53981] received request: GET /apis/entando.org/v1/namespaces/entando-k8s-operator-common-cmms59/entandoplugins/sample-name-cmms59 HTTP/1.1 and responded: HTTP/1.1 200 OK
Sep 09, 2020 7:34:46 AM okhttp3.mockwebserver.MockWebServer$3 processOneRequest
INFO: MockWebServer[53981] received request: POST /api/v1/namespaces/entando-k8s-operator-common-cmms59/services HTTP/1.1 and responded: HTTP/1.1 202 OK
Sep 09, 2020 7:34:46 AM okhttp3.mockwebserver.MockWebServer$3 processOneRequest
INFO: MockWebServer[53981] received request: GET /api/v1/namespaces/entando-k8s-operator-common-cmms59/services/sample-name-cmms59-db-service HTTP/1.1 and responded: HTTP/1.1 200 OK
Sep 09, 2020 7:34:46 AM okhttp3.mockwebserver.MockWebServer$3 processOneRequest
INFO: MockWebServer[53981] received request: GET /apis/entando.org/v1/namespaces/entando-k8s-operator-common-cmms59/entandoplugins/sample-name-cmms59 HTTP/1.1 and responded: HTTP/1.1 200 OK
Sep 09, 2020 7:34:46 AM okhttp3.mockwebserver.MockWebServer$3 processOneRequest
INFO: MockWebServer[53981] received request: GET /apis/entando.org/v1/namespaces/entando-k8s-operator-common-cmms59/entandoplugins/sample-name-cmms59 HTTP/1.1 and responded: HTTP/1.1 200 OK
Sep 09, 2020 7:34:46 AM okhttp3.mockwebserver.MockWebServer$3 processOneRequest
INFO: MockWebServer[53981] received request: GET /apis/entando.org/v1/namespaces/entando-k8s-operator-common-cmms59/entandoplugins/sample-name-cmms59 HTTP/1.1 and responded: HTTP/1.1 200 OK
Sep 09, 2020 7:34:46 AM okhttp3.mockwebserver.MockWebServer$3 processOneRequest
INFO: MockWebServer[53981] received request: GET /apis/entando.org/v1/namespaces/entando-k8s-operator-common-cmms59/entandoplugins/sample-name-cmms59 HTTP/1.1 and responded: HTTP/1.1 200 OK
Sep 09, 2020 7:34:46 AM okhttp3.mockwebserver.MockWebServer$3 processOneRequest
INFO: MockWebServer[53981] received request: PATCH /apis/entando.org/v1/namespaces/entando-k8s-operator-common-cmms59/entandoplugins/sample-name-cmms59 HTTP/1.1 and responded: HTTP/1.1 202 OK
Sep 09, 2020 7:34:46 AM okhttp3.mockwebserver.MockWebServer$3 processOneRequest
INFO: MockWebServer[53981] received request: GET /apis/entando.org/v1/namespaces/entando-k8s-operator-common-cmms59/entandoplugins/sample-name-cmms59 HTTP/1.1 and responded: HTTP/1.1 200 OK
Sep 09, 2020 7:34:46 AM okhttp3.mockwebserver.MockWebServer$3 processOneRequest
INFO: MockWebServer[53981] received request: GET /apis/apps/v1/namespaces/entando-k8s-operator-common-cmms59/deployments/sample-name-cmms59-db-deployment HTTP/1.1 and responded: HTTP/1.1 404 Client Error
Sep 09, 2020 7:34:46 AM okhttp3.mockwebserver.MockWebServer$3 processOneRequest
INFO: MockWebServer[53981] received request: GET /apis/extensions/v1beta1/namespaces/entando-k8s-operator-common-cmms59/deployments/sample-name-cmms59-db-deployment HTTP/1.1 and responded: HTTP/1.1 404 Client Error
Sep 09, 2020 7:34:47 AM okhttp3.mockwebserver.MockWebServer$3 processOneRequest
INFO: MockWebServer[53981] received request: GET /apis/entando.org/v1/namespaces/entando-k8s-operator-common-cmms59/entandoplugins/sample-name-cmms59 HTTP/1.1 and responded: HTTP/1.1 200 OK
Sep 09, 2020 7:34:47 AM okhttp3.mockwebserver.MockWebServer$3 processOneRequest
INFO: MockWebServer[53981] received request: POST /apis/apps/v1/namespaces/entando-k8s-operator-common-cmms59/deployments HTTP/1.1 and responded: HTTP/1.1 202 OK
Sep 09, 2020 7:34:47 AM okhttp3.mockwebserver.MockWebServer$3 processOneRequest
INFO: MockWebServer[53981] received request: GET /apis/entando.org/v1/namespaces/entando-k8s-operator-common-cmms59/entandoplugins/sample-name-cmms59 HTTP/1.1 and responded: HTTP/1.1 200 OK
Sep 09, 2020 7:34:47 AM okhttp3.mockwebserver.MockWebServer$3 processOneRequest
INFO: MockWebServer[53981] received request: GET /apis/apps/v1/namespaces/entando-k8s-operator-common-cmms59/deployments/sample-name-cmms59-db-deployment HTTP/1.1 and responded: HTTP/1.1 200 OK
Sep 09, 2020 7:34:47 AM okhttp3.mockwebserver.MockWebServer$3 processOneRequest
INFO: MockWebServer[53981] received request: GET /apis/entando.org/v1/namespaces/entando-k8s-operator-common-cmms59/entandoplugins/sample-name-cmms59 HTTP/1.1 and responded: HTTP/1.1 200 OK
Sep 09, 2020 7:34:47 AM okhttp3.mockwebserver.MockWebServer$3 processOneRequest
INFO: MockWebServer[53981] received request: GET /apis/entando.org/v1/namespaces/entando-k8s-operator-common-cmms59/entandoplugins/sample-name-cmms59 HTTP/1.1 and responded: HTTP/1.1 200 OK
Sep 09, 2020 7:34:47 AM okhttp3.mockwebserver.MockWebServer$3 processOneRequest
INFO: MockWebServer[53981] received request: GET /apis/entando.org/v1/namespaces/entando-k8s-operator-common-cmms59/entandoplugins/sample-name-cmms59 HTTP/1.1 and responded: HTTP/1.1 200 OK
Sep 09, 2020 7:34:47 AM okhttp3.mockwebserver.MockWebServer$3 processOneRequest
INFO: MockWebServer[53981] received request: GET /apis/entando.org/v1/namespaces/entando-k8s-operator-common-cmms59/entandoplugins/sample-name-cmms59 HTTP/1.1 and responded: HTTP/1.1 200 OK
Sep 09, 2020 7:34:47 AM okhttp3.mockwebserver.MockWebServer$3 processOneRequest
INFO: MockWebServer[53981] received request: PATCH /apis/entando.org/v1/namespaces/entando-k8s-operator-common-cmms59/entandoplugins/sample-name-cmms59 HTTP/1.1 and responded: HTTP/1.1 202 OK
Sep 09, 2020 7:34:47 AM okhttp3.mockwebserver.MockWebServer$3 processOneRequest
INFO: MockWebServer[53981] received request: GET /api/v1/namespaces/entando-k8s-operator-common-cmms59/pods?labelSelector=deployment%3Dsample-name-cmms59-db&watch=true HTTP/1.1 and responded: HTTP/1.1 200 OK
Sep 09, 2020 7:34:47 AM okhttp3.mockwebserver.MockWebServer$3 processOneRequest
INFO: MockWebServer[53981] received request: GET /apis/entando.org/v1/namespaces/entando-k8s-operator-common-cmms59/entandoplugins/sample-name-cmms59 HTTP/1.1 and responded: HTTP/1.1 200 OK
Sep 09, 2020 7:34:47 AM okhttp3.mockwebserver.MockWebServer$3 processOneRequest
INFO: MockWebServer[53981] received request: GET /api/v1/namespaces/entando-k8s-operator-common-cmms59/pods?labelSelector=deployment%3Dsample-name-cmms59-db&watch=true HTTP/1.1 and responded: HTTP/1.1 200 OK
Sep 09, 2020 7:34:47 AM okhttp3.mockwebserver.MockWebServer$3 processOneRequest
INFO: MockWebServer[53981] received request: GET /apis/apps/v1/namespaces/entando-k8s-operator-common-cmms59/deployments/sample-name-cmms59-db-deployment HTTP/1.1 and responded: HTTP/1.1 200 OK
Sep 09, 2020 7:34:47 AM io.fabric8.kubernetes.client.dsl.internal.WatchHTTPManager$1 onResponse
INFO: Watch terminated unexpectedly. reason: \n not found: limit=46 content=7b2261706956657273696f6e223a227631222c226b696e64223a224c69737422â€¦
Sep 09, 2020 7:34:47 AM okhttp3.mockwebserver.MockWebServer$3 processOneRequest
INFO: MockWebServer[53981] received request: GET /apis/entando.org/v1/namespaces/entando-k8s-operator-common-cmms59/entandoplugins/sample-name-cmms59 HTTP/1.1 and responded: HTTP/1.1 200 OK
Sep 09, 2020 7:34:47 AM okhttp3.mockwebserver.MockWebServer$3 processOneRequest
INFO: MockWebServer[53981] received request: GET /apis/entando.org/v1/namespaces/entando-k8s-operator-common-cmms59/entandoplugins/sample-name-cmms59 HTTP/1.1 and responded: HTTP/1.1 200 OK
Sep 09, 2020 7:34:48 AM okhttp3.mockwebserver.MockWebServer$3 processOneRequest
INFO: MockWebServer[53981] received request: GET /apis/entando.org/v1/namespaces/entando-k8s-operator-common-cmms59/entandoplugins/sample-name-cmms59 HTTP/1.1 and responded: HTTP/1.1 200 OK
Sep 09, 2020 7:34:48 AM okhttp3.mockwebserver.MockWebServer$3 processOneRequest
INFO: MockWebServer[53981] received request: GET /apis/entando.org/v1/namespaces/entando-k8s-operator-common-cmms59/entandoplugins/sample-name-cmms59 HTTP/1.1 and responded: HTTP/1.1 200 OK
Sep 09, 2020 7:34:48 AM okhttp3.mockwebserver.MockWebServer$3 processOneRequest
INFO: MockWebServer[53981] received request: GET /apis/entando.org/v1/namespaces/entando-k8s-operator-common-cmms59/entandoplugins/sample-name-cmms59 HTTP/1.1 and responded: HTTP/1.1 200 OK
Sep 09, 2020 7:34:48 AM okhttp3.mockwebserver.MockWebServer$3 processOneRequest
INFO: MockWebServer[53981] received request: GET /apis/entando.org/v1/namespaces/entando-k8s-operator-common-cmms59/entandoplugins/sample-name-cmms59 HTTP/1.1 and responded: HTTP/1.1 200 OK
Sep 09, 2020 7:34:48 AM okhttp3.mockwebserver.MockWebServer$3 processOneRequest
INFO: MockWebServer[53981] received request: GET /apis/entando.org/v1/namespaces/entando-k8s-operator-common-cmms59/entandoplugins/sample-name-cmms59 HTTP/1.1 and responded: HTTP/1.1 200 OK
Sep 09, 2020 7:34:48 AM okhttp3.mockwebserver.MockWebServer$3 processOneRequest
INFO: MockWebServer[53981] received request: GET /api/v1/namespaces/entando-k8s-operator-common-cmms59/pods?labelSelector=deployment%3Dsample-name-cmms59-db&watch=true HTTP/1.1 and responded: HTTP/1.1 200 OK
Sep 09, 2020 7:34:48 AM okhttp3.mockwebserver.MockWebServer$3 processOneRequest
INFO: MockWebServer[53981] received request: GET /apis/entando.org/v1/namespaces/entando-k8s-operator-common-cmms59/entandoplugins/sample-name-cmms59 HTTP/1.1 and responded: HTTP/1.1 200 OK
Sep 09, 2020 7:34:48 AM io.fabric8.kubernetes.client.dsl.internal.WatchHTTPManager$1 onResponse
INFO: Watch terminated unexpectedly. reason: \n not found: limit=46 content=7b2261706956657273696f6e223a227631222c226b696e64223a224c69737422â€¦
Sep 09, 2020 7:34:48 AM io.fabric8.kubernetes.client.dsl.internal.WatchHTTPManager scheduleReconnect
WARN: Ignoring error for already closed/closing connection
Sep 09, 2020 7:34:48 AM okhttp3.mockwebserver.MockWebServer$3 processOneRequest
INFO: MockWebServer[53981] received request: GET /apis/entando.org/v1/namespaces/entando-k8s-operator-common-cmms59/entandoplugins/sample-name-cmms59 HTTP/1.1 and responded: HTTP/1.1 200 OK
Sep 09, 2020 7:34:48 AM okhttp3.mockwebserver.MockWebServer$3 processOneRequest
INFO: MockWebServer[53981] received request: GET /apis/entando.org/v1/namespaces/entando-k8s-operator-common-cmms59/entandoplugins/sample-name-cmms59 HTTP/1.1 and responded: HTTP/1.1 200 OK
Sep 09, 2020 7:34:48 AM okhttp3.mockwebserver.MockWebServer$3 processOneRequest
INFO: MockWebServer[53981] received request: PATCH /apis/entando.org/v1/namespaces/entando-k8s-operator-common-cmms59/entandoplugins/sample-name-cmms59 HTTP/1.1 and responded: HTTP/1.1 202 OK
Sep 09, 2020 7:34:48 AM okhttp3.mockwebserver.MockWebServer$3 processOneRequest
INFO: MockWebServer[53981] received request: GET /api/v1/namespaces/test/secrets/keycloak-*****-secret HTTP/1.1 and responded: HTTP/1.1 200 OK
Sep 09, 2020 7:34:48 AM okhttp3.mockwebserver.MockWebServer$3 processOneRequest
INFO: MockWebServer[53981] received request: GET /apis/entando.org/v1/namespaces/entando-k8s-operator-common-cmms59/entandoplugins/sample-name-cmms59 HTTP/1.1 and responded: HTTP/1.1 200 OK
Sep 09, 2020 7:34:49 AM okhttp3.mockwebserver.MockWebServer$3 processOneRequest
INFO: MockWebServer[53981] received request: GET /api/v1/namespaces/entando/configmaps/entando-docker-image-info-v6.1 HTTP/1.1 and responded: HTTP/1.1 404 Client Error
Sep 09, 2020 7:34:49 AM okhttp3.mockwebserver.MockWebServer$3 processOneRequest
INFO: MockWebServer[53981] received request: GET /apis/entando.org/v1/namespaces/entando-k8s-operator-common-cmms59/entandoplugins/sample-name-cmms59 HTTP/1.1 and responded: HTTP/1.1 200 OK
Sep 09, 2020 7:34:49 AM okhttp3.mockwebserver.MockWebServer$3 processOneRequest
INFO: MockWebServer[53981] received request: POST /api/v1/namespaces/entando-k8s-operator-common-cmms59/secrets HTTP/1.1 and responded: HTTP/1.1 202 OK
Sep 09, 2020 7:34:49 AM okhttp3.mockwebserver.MockWebServer$3 processOneRequest
INFO: MockWebServer[53981] received request: POST /api/v1/namespaces/entando-k8s-operator-common-cmms59/secrets HTTP/1.1 and responded: HTTP/1.1 202 OK
Sep 09, 2020 7:34:49 AM okhttp3.mockwebserver.MockWebServer$3 processOneRequest
INFO: MockWebServer[53981] received request: POST /api/v1/namespaces/entando-k8s-operator-common-cmms59/pods HTTP/1.1 and responded: HTTP/1.1 202 OK
Sep 09, 2020 7:34:49 AM okhttp3.mockwebserver.MockWebServer$3 processOneRequest
INFO: MockWebServer[53981] received request: GET /apis/entando.org/v1/namespaces/entando-k8s-operator-common-cmms59/entandoplugins/sample-name-cmms59 HTTP/1.1 and responded: HTTP/1.1 200 OK
Sep 09, 2020 7:34:49 AM okhttp3.mockwebserver.MockWebServer$3 processOneRequest
INFO: MockWebServer[53981] received request: GET /api/v1/namespaces/entando-k8s-operator-common-cmms59/pods?fieldSelector=metadata.name%3Dsample-name-cmms59-db-preparation-job-d3575d7e-c&watch=true HTTP/1.1 and responded: HTTP/1.1 200 OK
Sep 09, 2020 7:34:49 AM okhttp3.mockwebserver.MockWebServer$3 processOneRequest
INFO: MockWebServer[53981] received request: GET /api/v1/namespaces/entando-k8s-operator-common-cmms59/pods?labelSelector=dbJob%3Dsample-name-cmms59-db-preparation-job HTTP/1.1 and responded: HTTP/1.1 200 OK
Sep 09, 2020 7:34:49 AM okhttp3.mockwebserver.MockWebServer$3 processOneRequest
INFO: MockWebServer[53981] received request: GET /api/v1/namespaces/entando-k8s-operator-common-cmms59/pods?fieldSelector=metadata.name%3Dsample-name-cmms59-db-preparation-job-d3575d7e-c&watch=true HTTP/1.1 and responded: HTTP/1.1 200 OK
Sep 09, 2020 7:34:49 AM io.fabric8.kubernetes.client.dsl.internal.WatchHTTPManager$1 onResponse
INFO: Watch terminated unexpectedly. reason: \n not found: limit=2648 content=7b2261706956657273696f6e223a227631222c226b696e64223a224c69737422â€¦
Sep 09, 2020 7:34:49 AM io.fabric8.kubernetes.client.dsl.internal.WatchHTTPManager scheduleReconnect
WARN: Ignoring error for already closed/closing connection
Sep 09, 2020 7:34:49 AM okhttp3.mockwebserver.MockWebServer$3 processOneRequest
INFO: MockWebServer[53981] received request: GET /apis/entando.org/v1/namespaces/entando-k8s-operator-common-cmms59/entandoplugins/sample-name-cmms59 HTTP/1.1 and responded: HTTP/1.1 200 OK
Sep 09, 2020 7:34:49 AM okhttp3.mockwebserver.MockWebServer$3 processOneRequest
INFO: MockWebServer[53981] received request: GET /apis/entando.org/v1/namespaces/entando-k8s-operator-common-cmms59/entandoplugins/sample-name-cmms59 HTTP/1.1 and responded: HTTP/1.1 200 OK
Sep 09, 2020 7:34:49 AM okhttp3.mockwebserver.MockWebServer$3 processOneRequest
INFO: MockWebServer[53981] received request: GET /apis/entando.org/v1/namespaces/entando-k8s-operator-common-cmms59/entandoplugins/sample-name-cmms59 HTTP/1.1 and responded: HTTP/1.1 200 OK
Sep 09, 2020 7:34:49 AM okhttp3.mockwebserver.MockWebServer$3 processOneRequest
INFO: MockWebServer[53981] received request: GET /apis/entando.org/v1/namespaces/entando-k8s-operator-common-cmms59/entandoplugins/sample-name-cmms59 HTTP/1.1 and responded: HTTP/1.1 200 OK
Sep 09, 2020 7:34:49 AM okhttp3.mockwebserver.MockWebServer$3 processOneRequest
INFO: MockWebServer[53981] received request: PATCH /apis/entando.org/v1/namespaces/entando-k8s-operator-common-cmms59/entandoplugins/sample-name-cmms59 HTTP/1.1 and responded: HTTP/1.1 202 OK
Sep 09, 2020 7:34:49 AM okhttp3.mockwebserver.MockWebServer$3 processOneRequest
INFO: MockWebServer[53981] received request: GET /api/v1/namespaces/entando-k8s-operator-common-cmms59/persistentvolumeclaims/sample-name-cmms59-server-pvc HTTP/1.1 and responded: HTTP/1.1 404 Client Error
Sep 09, 2020 7:34:49 AM okhttp3.mockwebserver.MockWebServer$3 processOneRequest
INFO: MockWebServer[53981] received request: GET /apis/entando.org/v1/namespaces/entando-k8s-operator-common-cmms59/entandoplugins/sample-name-cmms59 HTTP/1.1 and responded: HTTP/1.1 200 OK
Sep 09, 2020 7:34:49 AM okhttp3.mockwebserver.MockWebServer$3 processOneRequest
INFO: MockWebServer[53981] received request: POST /api/v1/namespaces/entando-k8s-operator-common-cmms59/persistentvolumeclaims HTTP/1.1 and responded: HTTP/1.1 202 OK
Sep 09, 2020 7:34:49 AM okhttp3.mockwebserver.MockWebServer$3 processOneRequest
INFO: MockWebServer[53981] received request: GET /api/v1/namespaces/entando-k8s-operator-common-cmms59/persistentvolumeclaims/sample-name-cmms59-server-pvc HTTP/1.1 and responded: HTTP/1.1 200 OK
Sep 09, 2020 7:34:49 AM okhttp3.mockwebserver.MockWebServer$3 processOneRequest
INFO: MockWebServer[53981] received request: GET /apis/entando.org/v1/namespaces/entando-k8s-operator-common-cmms59/entandoplugins/sample-name-cmms59 HTTP/1.1 and responded: HTTP/1.1 200 OK
Sep 09, 2020 7:34:49 AM okhttp3.mockwebserver.MockWebServer$3 processOneRequest
INFO: MockWebServer[53981] received request: GET /api/v1/namespaces/entando-k8s-operator-common-cmms59/persistentvolumeclaims/sample-name-cmms59-server-pvc HTTP/1.1 and responded: HTTP/1.1 200 OK
Sep 09, 2020 7:34:50 AM okhttp3.mockwebserver.MockWebServer$3 processOneRequest
INFO: MockWebServer[53981] received request: GET /api/v1/namespaces/entando-k8s-operator-common-cmms59/persistentvolumeclaims/sample-name-cmms59-server-pvc HTTP/1.1 and responded: HTTP/1.1 200 OK
Sep 09, 2020 7:34:50 AM okhttp3.mockwebserver.MockWebServer$3 processOneRequest
INFO: MockWebServer[53981] received request: GET /apis/entando.org/v1/namespaces/entando-k8s-operator-common-cmms59/entandoplugins/sample-name-cmms59 HTTP/1.1 and responded: HTTP/1.1 200 OK
Sep 09, 2020 7:34:50 AM okhttp3.mockwebserver.MockWebServer$3 processOneRequest
INFO: MockWebServer[53981] received request: GET /apis/entando.org/v1/namespaces/entando-k8s-operator-common-cmms59/entandoplugins/sample-name-cmms59 HTTP/1.1 and responded: HTTP/1.1 200 OK
Sep 09, 2020 7:34:50 AM okhttp3.mockwebserver.MockWebServer$3 processOneRequest
INFO: MockWebServer[53981] received request: GET /apis/entando.org/v1/namespaces/entando-k8s-operator-common-cmms59/entandoplugins/sample-name-cmms59 HTTP/1.1 and responded: HTTP/1.1 200 OK
Sep 09, 2020 7:34:50 AM okhttp3.mockwebserver.MockWebServer$3 processOneRequest
INFO: MockWebServer[53981] received request: GET /apis/entando.org/v1/namespaces/entando-k8s-operator-common-cmms59/entandoplugins/sample-name-cmms59 HTTP/1.1 and responded: HTTP/1.1 200 OK
Sep 09, 2020 7:34:50 AM okhttp3.mockwebserver.MockWebServer$3 processOneRequest
INFO: MockWebServer[53981] received request: PATCH /apis/entando.org/v1/namespaces/entando-k8s-operator-common-cmms59/entandoplugins/sample-name-cmms59 HTTP/1.1 and responded: HTTP/1.1 202 OK
Sep 09, 2020 7:34:50 AM okhttp3.mockwebserver.MockWebServer$3 processOneRequest
INFO: MockWebServer[53981] received request: GET /api/v1/namespaces/entando-k8s-operator-common-cmms59/secrets/entando-default-ca-secret HTTP/1.1 and responded: HTTP/1.1 200 OK
Sep 09, 2020 7:34:50 AM okhttp3.mockwebserver.MockWebServer$3 processOneRequest
INFO: MockWebServer[53981] received request: POST /api/v1/namespaces/entando-k8s-operator-common-cmms59/secrets HTTP/1.1 and responded: HTTP/1.1 202 OK
Sep 09, 2020 7:34:50 AM okhttp3.mockwebserver.MockWebServer$3 processOneRequest
INFO: MockWebServer[53981] received request: GET /apis/entando.org/v1/namespaces/entando-k8s-operator-common-cmms59/entandoplugins/sample-name-cmms59 HTTP/1.1 and responded: HTTP/1.1 200 OK
Sep 09, 2020 7:34:50 AM okhttp3.mockwebserver.MockWebServer$3 processOneRequest
INFO: MockWebServer[53981] received request: GET /api/v1/namespaces/entando-k8s-operator-common-cmms59/serviceaccounts/plugin HTTP/1.1 and responded: HTTP/1.1 404 Client Error
Sep 09, 2020 7:34:50 AM okhttp3.mockwebserver.MockWebServer$3 processOneRequest
INFO: MockWebServer[53981] received request: POST /api/v1/namespaces/entando-k8s-operator-common-cmms59/serviceaccounts HTTP/1.1 and responded: HTTP/1.1 202 OK
Sep 09, 2020 7:34:50 AM okhttp3.mockwebserver.MockWebServer$3 processOneRequest
INFO: MockWebServer[53981] received request: GET /apis/entando.org/v1/namespaces/entando-k8s-operator-common-cmms59/entandoplugins/sample-name-cmms59 HTTP/1.1 and responded: HTTP/1.1 200 OK
Sep 09, 2020 7:34:50 AM okhttp3.mockwebserver.MockWebServer$3 processOneRequest
INFO: MockWebServer[53981] received request: GET /apis/rbac.authorization.k8s.io/v1/namespaces/entando-k8s-operator-common-cmms59/roles/plugin HTTP/1.1 and responded: HTTP/1.1 404 Client Error
Sep 09, 2020 7:34:50 AM okhttp3.mockwebserver.MockWebServer$3 processOneRequest
INFO: MockWebServer[53981] received request: GET /apis/rbac.authorization.k8s.io/v1beta1/namespaces/entando-k8s-operator-common-cmms59/roles/plugin HTTP/1.1 and responded: HTTP/1.1 404 Client Error
Sep 09, 2020 7:34:50 AM okhttp3.mockwebserver.MockWebServer$3 processOneRequest
INFO: MockWebServer[53981] received request: GET /apis/entando.org/v1/namespaces/entando-k8s-operator-common-cmms59/entandoplugins/sample-name-cmms59 HTTP/1.1 and responded: HTTP/1.1 200 OK
Sep 09, 2020 7:34:50 AM okhttp3.mockwebserver.MockWebServer$3 processOneRequest
INFO: MockWebServer[53981] received request: POST /apis/rbac.authorization.k8s.io/v1/namespaces/entando-k8s-operator-common-cmms59/roles HTTP/1.1 and responded: HTTP/1.1 202 OK
Sep 09, 2020 7:34:50 AM okhttp3.mockwebserver.MockWebServer$3 processOneRequest
INFO: MockWebServer[53981] received request: GET /apis/rbac.authorization.k8s.io/v1/namespaces/entando-k8s-operator-common-cmms59/rolebindings/plugin-rolebinding HTTP/1.1 and responded: HTTP/1.1 404 Client Error
Sep 09, 2020 7:34:50 AM okhttp3.mockwebserver.MockWebServer$3 processOneRequest
INFO: MockWebServer[53981] received request: GET /apis/entando.org/v1/namespaces/entando-k8s-operator-common-cmms59/entandoplugins/sample-name-cmms59 HTTP/1.1 and responded: HTTP/1.1 200 OK
Sep 09, 2020 7:34:50 AM okhttp3.mockwebserver.MockWebServer$3 processOneRequest
INFO: MockWebServer[53981] received request: GET /apis/rbac.authorization.k8s.io/v1beta1/namespaces/entando-k8s-operator-common-cmms59/rolebindings/plugin-rolebinding HTTP/1.1 and responded: HTTP/1.1 404 Client Error
Sep 09, 2020 7:34:50 AM okhttp3.mockwebserver.MockWebServer$3 processOneRequest
INFO: MockWebServer[53981] received request: GET /apis/entando.org/v1/namespaces/entando-k8s-operator-common-cmms59/entandoplugins/sample-name-cmms59 HTTP/1.1 and responded: HTTP/1.1 200 OK
Sep 09, 2020 7:34:51 AM okhttp3.mockwebserver.MockWebServer$3 processOneRequest
INFO: MockWebServer[53981] received request: POST /apis/rbac.authorization.k8s.io/v1/namespaces/entando-k8s-operator-common-cmms59/rolebindings HTTP/1.1 and responded: HTTP/1.1 202 OK
Sep 09, 2020 7:34:51 AM okhttp3.mockwebserver.MockWebServer$3 processOneRequest
INFO: MockWebServer[53981] received request: GET /api/v1/namespaces/entando-k8s-operator-common-cmms59/services/sample-name-cmms59-server-service HTTP/1.1 and responded: HTTP/1.1 404 Client Error
Sep 09, 2020 7:34:51 AM okhttp3.mockwebserver.MockWebServer$3 processOneRequest
INFO: MockWebServer[53981] received request: POST /api/v1/namespaces/entando-k8s-operator-common-cmms59/services HTTP/1.1 and responded: HTTP/1.1 202 OK
Sep 09, 2020 7:34:51 AM okhttp3.mockwebserver.MockWebServer$3 processOneRequest
INFO: MockWebServer[53981] received request: GET /apis/entando.org/v1/namespaces/entando-k8s-operator-common-cmms59/entandoplugins/sample-name-cmms59 HTTP/1.1 and responded: HTTP/1.1 200 OK
Sep 09, 2020 7:34:51 AM okhttp3.mockwebserver.MockWebServer$3 processOneRequest
INFO: MockWebServer[53981] received request: GET /api/v1/namespaces/entando-k8s-operator-common-cmms59/services/sample-name-cmms59-server-service HTTP/1.1 and responded: HTTP/1.1 200 OK
Sep 09, 2020 7:34:51 AM okhttp3.mockwebserver.MockWebServer$3 processOneRequest
INFO: MockWebServer[53981] received request: GET /apis/entando.org/v1/namespaces/entando-k8s-operator-common-cmms59/entandoplugins/sample-name-cmms59 HTTP/1.1 and responded: HTTP/1.1 200 OK
Sep 09, 2020 7:34:51 AM okhttp3.mockwebserver.MockWebServer$3 processOneRequest
INFO: MockWebServer[53981] received request: GET /apis/entando.org/v1/namespaces/entando-k8s-operator-common-cmms59/entandoplugins/sample-name-cmms59 HTTP/1.1 and responded: HTTP/1.1 200 OK
Sep 09, 2020 7:34:51 AM okhttp3.mockwebserver.MockWebServer$3 processOneRequest
INFO: MockWebServer[53981] received request: GET /apis/entando.org/v1/namespaces/entando-k8s-operator-common-cmms59/entandoplugins/sample-name-cmms59 HTTP/1.1 and responded: HTTP/1.1 200 OK
Sep 09, 2020 7:34:51 AM okhttp3.mockwebserver.MockWebServer$3 processOneRequest
INFO: MockWebServer[53981] received request: PATCH /apis/entando.org/v1/namespaces/entando-k8s-operator-common-cmms59/entandoplugins/sample-name-cmms59 HTTP/1.1 and responded: HTTP/1.1 202 OK
Sep 09, 2020 7:34:51 AM okhttp3.mockwebserver.MockWebServer$3 processOneRequest
INFO: MockWebServer[53981] received request: GET /apis/entando.org/v1/namespaces/entando-k8s-operator-common-cmms59/entandoplugins/sample-name-cmms59 HTTP/1.1 and responded: HTTP/1.1 200 OK
Sep 09, 2020 7:34:51 AM io.fabric8.kubernetes.client.internal.VersionUsageUtils alert
WARN: The client is using resource type 'ingresses' with unstable version 'v1beta1'
Sep 09, 2020 7:34:51 AM okhttp3.mockwebserver.MockWebServer$3 processOneRequest
INFO: MockWebServer[53981] received request: GET /apis/extensions/v1beta1/namespaces/entando-k8s-operator-common-cmms59/ingresses/sample-name-cmms59-ingress HTTP/1.1 and responded: HTTP/1.1 404 Client Error
Sep 09, 2020 7:34:51 AM okhttp3.mockwebserver.MockWebServer$3 processOneRequest
INFO: MockWebServer[53981] received request: GET /apis/entando.org/v1/namespaces/entando-k8s-operator-common-cmms59/entandoplugins/sample-name-cmms59 HTTP/1.1 and responded: HTTP/1.1 200 OK
Sep 09, 2020 7:34:51 AM okhttp3.mockwebserver.MockWebServer$3 processOneRequest
INFO: MockWebServer[53981] received request: POST /apis/extensions/v1beta1/namespaces/entando-k8s-operator-common-cmms59/ingresses HTTP/1.1 and responded: HTTP/1.1 202 OK
Sep 09, 2020 7:34:51 AM okhttp3.mockwebserver.MockWebServer$3 processOneRequest
INFO: MockWebServer[53981] received request: GET /apis/extensions/v1beta1/namespaces/entando-k8s-operator-common-cmms59/ingresses/sample-name-cmms59-ingress HTTP/1.1 and responded: HTTP/1.1 200 OK
Sep 09, 2020 7:34:51 AM okhttp3.mockwebserver.MockWebServer$3 processOneRequest
INFO: MockWebServer[53981] received request: GET /apis/entando.org/v1/namespaces/entando-k8s-operator-common-cmms59/entandoplugins/sample-name-cmms59 HTTP/1.1 and responded: HTTP/1.1 200 OK
Sep 09, 2020 7:34:51 AM okhttp3.mockwebserver.MockWebServer$3 processOneRequest
INFO: MockWebServer[53981] received request: GET /apis/entando.org/v1/namespaces/entando-k8s-operator-common-cmms59/entandoplugins/sample-name-cmms59 HTTP/1.1 and responded: HTTP/1.1 200 OK
Sep 09, 2020 7:34:51 AM okhttp3.mockwebserver.MockWebServer$3 processOneRequest
INFO: MockWebServer[53981] received request: GET /apis/entando.org/v1/namespaces/entando-k8s-operator-common-cmms59/entandoplugins/sample-name-cmms59 HTTP/1.1 and responded: HTTP/1.1 200 OK
Sep 09, 2020 7:34:51 AM okhttp3.mockwebserver.MockWebServer$3 processOneRequest
INFO: MockWebServer[53981] received request: PATCH /apis/entando.org/v1/namespaces/entando-k8s-operator-common-cmms59/entandoplugins/sample-name-cmms59 HTTP/1.1 and responded: HTTP/1.1 202 OK
Sep 09, 2020 7:34:52 AM okhttp3.mockwebserver.MockWebServer$3 processOneRequest
INFO: MockWebServer[53981] received request: GET /apis/entando.org/v1/namespaces/entando-k8s-operator-common-cmms59/entandoplugins/sample-name-cmms59 HTTP/1.1 and responded: HTTP/1.1 200 OK
Sep 09, 2020 7:34:52 AM okhttp3.mockwebserver.MockWebServer$3 processOneRequest
INFO: MockWebServer[53981] received request: GET /api/v1/namespaces/entando-k8s-operator-common-cmms59/secrets/some-client-secret HTTP/1.1 and responded: HTTP/1.1 404 Client Error
Sep 09, 2020 7:34:52 AM okhttp3.mockwebserver.MockWebServer$3 processOneRequest
INFO: MockWebServer[53981] received request: POST /api/v1/namespaces/entando-k8s-operator-common-cmms59/secrets HTTP/1.1 and responded: HTTP/1.1 202 OK
Sep 09, 2020 7:34:52 AM okhttp3.mockwebserver.MockWebServer$3 processOneRequest
INFO: MockWebServer[53981] received request: GET /apis/entando.org/v1/namespaces/entando-k8s-operator-common-cmms59/entandoplugins/sample-name-cmms59 HTTP/1.1 and responded: HTTP/1.1 200 OK
Sep 09, 2020 7:34:52 AM okhttp3.mockwebserver.MockWebServer$3 processOneRequest
INFO: MockWebServer[53981] received request: GET /apis/apps/v1/namespaces/entando-k8s-operator-common-cmms59/deployments/sample-name-cmms59-server-deployment HTTP/1.1 and responded: HTTP/1.1 404 Client Error
Sep 09, 2020 7:34:52 AM okhttp3.mockwebserver.MockWebServer$3 processOneRequest
INFO: MockWebServer[53981] received request: GET /apis/extensions/v1beta1/namespaces/entando-k8s-operator-common-cmms59/deployments/sample-name-cmms59-server-deployment HTTP/1.1 and responded: HTTP/1.1 404 Client Error
Sep 09, 2020 7:34:52 AM okhttp3.mockwebserver.MockWebServer$3 processOneRequest
INFO: MockWebServer[53981] received request: GET /apis/entando.org/v1/namespaces/entando-k8s-operator-common-cmms59/entandoplugins/sample-name-cmms59 HTTP/1.1 and responded: HTTP/1.1 200 OK
Sep 09, 2020 7:34:52 AM okhttp3.mockwebserver.MockWebServer$3 processOneRequest
INFO: MockWebServer[53981] received request: POST /apis/apps/v1/namespaces/entando-k8s-operator-common-cmms59/deployments HTTP/1.1 and responded: HTTP/1.1 202 OK
Sep 09, 2020 7:34:52 AM okhttp3.mockwebserver.MockWebServer$3 processOneRequest
INFO: MockWebServer[53981] received request: GET /apis/entando.org/v1/namespaces/entando-k8s-operator-common-cmms59/entandoplugins/sample-name-cmms59 HTTP/1.1 and responded: HTTP/1.1 200 OK
Sep 09, 2020 7:34:52 AM okhttp3.mockwebserver.MockWebServer$3 processOneRequest
INFO: MockWebServer[53981] received request: GET /apis/apps/v1/namespaces/entando-k8s-operator-common-cmms59/deployments/sample-name-cmms59-server-deployment HTTP/1.1 and responded: HTTP/1.1 200 OK
Sep 09, 2020 7:34:52 AM okhttp3.mockwebserver.MockWebServer$3 processOneRequest
INFO: MockWebServer[53981] received request: GET /apis/entando.org/v1/namespaces/entando-k8s-operator-common-cmms59/entandoplugins/sample-name-cmms59 HTTP/1.1 and responded: HTTP/1.1 200 OK
Sep 09, 2020 7:34:52 AM okhttp3.mockwebserver.MockWebServer$3 processOneRequest
INFO: MockWebServer[53981] received request: GET /apis/entando.org/v1/namespaces/entando-k8s-operator-common-cmms59/entandoplugins/sample-name-cmms59 HTTP/1.1 and responded: HTTP/1.1 200 OK
Sep 09, 2020 7:34:52 AM okhttp3.mockwebserver.MockWebServer$3 processOneRequest
INFO: MockWebServer[53981] received request: GET /apis/entando.org/v1/namespaces/entando-k8s-operator-common-cmms59/entandoplugins/sample-name-cmms59 HTTP/1.1 and responded: HTTP/1.1 200 OK
Sep 09, 2020 7:34:52 AM okhttp3.mockwebserver.MockWebServer$3 processOneRequest
INFO: MockWebServer[53981] received request: GET /apis/entando.org/v1/namespaces/entando-k8s-operator-common-cmms59/entandoplugins/sample-name-cmms59 HTTP/1.1 and responded: HTTP/1.1 200 OK
Sep 09, 2020 7:34:52 AM okhttp3.mockwebserver.MockWebServer$3 processOneRequest
INFO: MockWebServer[53981] received request: PATCH /apis/entando.org/v1/namespaces/entando-k8s-operator-common-cmms59/entandoplugins/sample-name-cmms59 HTTP/1.1 and responded: HTTP/1.1 202 OK
Sep 09, 2020 7:34:52 AM okhttp3.mockwebserver.MockWebServer$3 processOneRequest
INFO: MockWebServer[53981] received request: GET /api/v1/namespaces/entando-k8s-operator-common-cmms59/pods?labelSelector=deployment%3Dsample-name-cmms59-server&watch=true HTTP/1.1 and responded: HTTP/1.1 200 OK
Sep 09, 2020 7:34:52 AM okhttp3.mockwebserver.MockWebServer$3 processOneRequest
INFO: MockWebServer[53981] received request: GET /apis/apps/v1/namespaces/entando-k8s-operator-common-cmms59/deployments/sample-name-cmms59-server-deployment HTTP/1.1 and responded: HTTP/1.1 200 OK
Sep 09, 2020 7:34:52 AM okhttp3.mockwebserver.MockWebServer$3 processOneRequest
INFO: MockWebServer[53981] received request: GET /apis/entando.org/v1/namespaces/entando-k8s-operator-common-cmms59/entandoplugins/sample-name-cmms59 HTTP/1.1 and responded: HTTP/1.1 200 OK
Sep 09, 2020 7:34:52 AM okhttp3.mockwebserver.MockWebServer$3 processOneRequest
INFO: MockWebServer[53981] received request: GET /api/v1/namespaces/entando-k8s-operator-common-cmms59/pods?labelSelector=deployment%3Dsample-name-cmms59-server&watch=true HTTP/1.1 and responded: HTTP/1.1 200 OK
Sep 09, 2020 7:34:52 AM okhttp3.mockwebserver.MockWebServer$3 processOneRequest
INFO: MockWebServer[53981] received request: GET /apis/entando.org/v1/namespaces/entando-k8s-operator-common-cmms59/entandoplugins/sample-name-cmms59 HTTP/1.1 and responded: HTTP/1.1 200 OK
Sep 09, 2020 7:34:52 AM io.fabric8.kubernetes.client.dsl.internal.WatchHTTPManager$1 onResponse
INFO: Watch terminated unexpectedly. reason: \n not found: limit=46 content=7b2261706956657273696f6e223a227631222c226b696e64223a224c69737422â€¦
Sep 09, 2020 7:34:52 AM io.fabric8.kubernetes.client.dsl.internal.WatchHTTPManager scheduleReconnect
WARN: Ignoring error for already closed/closing connection
Sep 09, 2020 7:34:52 AM okhttp3.mockwebserver.MockWebServer$3 processOneRequest
INFO: MockWebServer[53981] received request: GET /apis/entando.org/v1/namespaces/entando-k8s-operator-common-cmms59/entandoplugins/sample-name-cmms59 HTTP/1.1 and responded: HTTP/1.1 200 OK
Sep 09, 2020 7:34:53 AM okhttp3.mockwebserver.MockWebServer$3 processOneRequest
INFO: MockWebServer[53981] received request: GET /apis/entando.org/v1/namespaces/entando-k8s-operator-common-cmms59/entandoplugins/sample-name-cmms59 HTTP/1.1 and responded: HTTP/1.1 200 OK
Sep 09, 2020 7:34:53 AM okhttp3.mockwebserver.MockWebServer$3 processOneRequest
INFO: MockWebServer[53981] received request: PATCH /apis/entando.org/v1/namespaces/entando-k8s-operator-common-cmms59/entandoplugins/sample-name-cmms59 HTTP/1.1 and responded: HTTP/1.1 202 OK
Sep 09, 2020 7:34:53 AM okhttp3.mockwebserver.MockWebServer$3 processOneRequest
INFO: MockWebServer[53981] received request: GET /apis/entando.org/v1/namespaces/entando-k8s-operator-common-cmms59/entandoplugins/sample-name-cmms59 HTTP/1.1 and responded: HTTP/1.1 200 OK
Sep 09, 2020 7:34:53 AM okhttp3.mockwebserver.MockWebServer$3 processOneRequest
INFO: MockWebServer[53981] received request: GET /apis/entando.org/v1/namespaces/entando-k8s-operator-common-cmms59/entandoplugins/sample-name-cmms59 HTTP/1.1 and responded: HTTP/1.1 200 OK
Sep 09, 2020 7:34:53 AM okhttp3.mockwebserver.MockWebServer$3 processOneRequest
INFO: MockWebServer[53981] received request: GET /apis/entando.org/v1/namespaces/entando-k8s-operator-common-cmms59/entandoplugins/sample-name-cmms59 HTTP/1.1 and responded: HTTP/1.1 200 OK
Sep 09, 2020 7:34:53 AM okhttp3.mockwebserver.MockWebServer$3 processOneRequest
INFO: MockWebServer[53981] received request: PATCH /apis/entando.org/v1/namespaces/entando-k8s-operator-common-cmms59/entandoplugins/sample-name-cmms59 HTTP/1.1 and responded: HTTP/1.1 202 OK
Sep 09, 2020 7:34:53 AM okhttp3.mockwebserver.MockWebServer$3 processOneRequest
INFO: MockWebServer[53981] received request: GET /apis/entando.org/v1/namespaces/entando-k8s-operator-common-cmms59/entandoplugins/sample-name-cmms59 HTTP/1.1 and responded: HTTP/1.1 200 OK
Sep 09, 2020 7:34:53 AM okhttp3.mockwebserver.MockWebServer$3 processOneRequest
INFO: MockWebServer[53981] received request: GET /apis/entando.org/v1/namespaces/entando-k8s-operator-common-cmms59/entandoplugins/sample-name-cmms59 HTTP/1.1 and responded: HTTP/1.1 200 OK
Sep 09, 2020 7:34:53 AM okhttp3.mockwebserver.MockWebServer$3 processOneRequest
INFO: MockWebServer[53981] received request: GET /apis/entando.org/v1/namespaces/entando-k8s-operator-common-cmms59/entandoplugins/sample-name-cmms59 HTTP/1.1 and responded: HTTP/1.1 200 OK
Sep 09, 2020 7:34:53 AM okhttp3.mockwebserver.MockWebServer$3 processOneRequest
INFO: MockWebServer[53981] received request: GET /apis/entando.org/v1/namespaces/entando-k8s-operator-common-cmms59/entandoplugins/sample-name-cmms59 HTTP/1.1 and responded: HTTP/1.1 200 OK
Sep 09, 2020 7:34:53 AM okhttp3.mockwebserver.MockWebServer$3 processOneRequest
INFO: MockWebServer[53981] received request: PATCH /apis/entando.org/v1/namespaces/entando-k8s-operator-common-cmms59/entandoplugins/sample-name-cmms59 HTTP/1.1 and responded: HTTP/1.1 202 OK
Sep 09, 2020 7:34:53 AM okhttp3.mockwebserver.MockWebServer$3 processOneRequest
INFO: MockWebServer[53981] received request: GET /apis/entando.org/v1/namespaces/entando-k8s-operator-common-cmms59/entandoplugins/sample-name-cmms59 HTTP/1.1 and responded: HTTP/1.1 200 OK
Sep 09, 2020 7:34:53 AM okhttp3.mockwebserver.MockWebServer$3 processOneRequest
INFO: MockWebServer[53981] received request: GET /apis/apps/v1/namespaces/entando-k8s-operator-common-cmms59/deployments/sample-name-cmms59-server-deployment HTTP/1.1 and responded: HTTP/1.1 200 OK
Sep 09, 2020 7:34:53 AM okhttp3.mockwebserver.MockWebServer$3 processOneRequest
INFO: MockWebServer[53981] received request: GET /api/v1/namespaces/entando-k8s-operator-common-cmms59/secrets/sample-name-cmms59-db-secret HTTP/1.1 and responded: HTTP/1.1 200 OK
Sep 09, 2020 7:34:53 AM okhttp3.mockwebserver.MockWebServer$3 processOneRequest
INFO: MockWebServer[53981] received request: GET /api/v1/namespaces/entando-k8s-operator-common-cmms59/secrets/sample-name-cmms59-db-secret HTTP/1.1 and responded: HTTP/1.1 200 OK
Sep 09, 2020 7:34:53 AM okhttp3.mockwebserver.MockWebServer$3 processOneRequest
INFO: MockWebServer[53981] received request: GET /api/v1/namespaces/entando-k8s-operator-common-cmms59/secrets/entando-default-ca-secret HTTP/1.1 and responded: HTTP/1.1 200 OK
Sep 09, 2020 7:34:53 AM okhttp3.mockwebserver.MockWebServer$3 processOneRequest
INFO: MockWebServer[53981] received request: GET /api/v1/namespaces/entando-k8s-operator-common-cmms59/secrets/sample-name-cmms59-*****-secret HTTP/1.1 and responded: HTTP/1.1 200 OK
Sep 09, 2020 7:34:54 AM okhttp3.mockwebserver.MockWebServer$3 processOneRequest
INFO: MockWebServer[53981] received request: GET /api/v1/namespaces/entando-k8s-operator-common-cmms59/secrets/sample-name-cmms59-*****-secret HTTP/1.1 and responded: HTTP/1.1 200 OK
Sep 09, 2020 7:34:54 AM okhttp3.mockwebserver.MockWebServer$3 processOneRequest
INFO: MockWebServer[53981] received request: GET /api/v1/namespaces/entando-k8s-operator-common-cmms59/secrets/sample-name-cmms59-db-secret HTTP/1.1 and responded: HTTP/1.1 200 OK
Sep 09, 2020 7:34:54 AM okhttp3.mockwebserver.MockWebServer$3 processOneRequest
INFO: MockWebServer[53981] received request: GET /api/v1/namespaces/entando-k8s-operator-common-cmms59/secrets/sample-name-cmms59-db-secret HTTP/1.1 and responded: HTTP/1.1 200 OK
Sep 09, 2020 7:34:54 AM okhttp3.mockwebserver.MockWebServer$3 processOneRequest
INFO: MockWebServer[53981] received request: GET /api/v1/namespaces/entando-k8s-operator-common-cmms59/secrets/some-client-secret HTTP/1.1 and responded: HTTP/1.1 200 OK
Sep 09, 2020 7:34:54 AM okhttp3.mockwebserver.MockWebServer$3 processOneRequest
INFO: MockWebServer[53981] received request: GET /api/v1/namespaces/entando-k8s-operator-common-cmms59/secrets/some-client-secret HTTP/1.1 and responded: HTTP/1.1 200 OK
Sep 09, 2020 7:34:54 AM okhttp3.mockwebserver.MockWebServer$3 processOneRequest
INFO: MockWebServer[53981] received request: GET /api/v1/namespaces/entando-k8s-operator-common-cmms59/secrets/sample-name-cmms59-db-secret HTTP/1.1 and responded: HTTP/1.1 200 OK
Sep 09, 2020 7:34:54 AM okhttp3.mockwebserver.MockWebServer$3 processOneRequest
INFO: MockWebServer[53981] received request: GET /api/v1/namespaces/entando-k8s-operator-common-cmms59/secrets/sample-name-cmms59-db-secret HTTP/1.1 and responded: HTTP/1.1 200 OK
Sep 09, 2020 7:34:54 AM okhttp3.mockwebserver.MockWebServer$3 processOneRequest
INFO: MockWebServer[53981] received request: GET /api/v1/namespaces/entando-k8s-operator-common-cmms59/secrets/entando-default-ca-secret HTTP/1.1 and responded: HTTP/1.1 200 OK
Sep 09, 2020 7:34:54 AM okhttp3.mockwebserver.MockWebServer$3 processOneRequest
INFO: MockWebServer[53981] received request: GET /api/v1/namespaces/entando-k8s-operator-common-cmms59/secrets/sample-name-cmms59-*****-secret HTTP/1.1 and responded: HTTP/1.1 200 OK
Sep 09, 2020 7:34:54 AM okhttp3.mockwebserver.MockWebServer$3 processOneRequest
INFO: MockWebServer[53981] received request: GET /api/v1/namespaces/entando-k8s-operator-common-cmms59/secrets/sample-name-cmms59-*****-secret HTTP/1.1 and responded: HTTP/1.1 200 OK
Sep 09, 2020 7:34:54 AM okhttp3.mockwebserver.MockWebServer$3 processOneRequest
INFO: MockWebServer[53981] received request: GET /api/v1/namespaces/entando-k8s-operator-common-cmms59/secrets/sample-name-cmms59-db-secret HTTP/1.1 and responded: HTTP/1.1 200 OK
Sep 09, 2020 7:34:55 AM okhttp3.mockwebserver.MockWebServer$3 processOneRequest
INFO: MockWebServer[53981] received request: GET /api/v1/namespaces/entando-k8s-operator-common-cmms59/secrets/sample-name-cmms59-db-secret HTTP/1.1 and responded: HTTP/1.1 200 OK
Sep 09, 2020 7:34:55 AM okhttp3.mockwebserver.MockWebServer$3 processOneRequest
INFO: MockWebServer[53981] received request: GET /api/v1/namespaces/entando-k8s-operator-common-cmms59/persistentvolumeclaims/sample-name-cmms59-server-pvc HTTP/1.1 and responded: HTTP/1.1 200 OK
Sep 09, 2020 7:34:55 AM okhttp3.mockwebserver.MockWebServer$3 processOneRequest
INFO: MockWebServer[53981] received request: GET /api/v1/namespaces/entando-k8s-operator-common-cmms59/persistentvolumeclaims/sample-name-cmms59-server-pvc HTTP/1.1 and responded: HTTP/1.1 200 OK
Sep 09, 2020 7:34:55 AM okhttp3.mockwebserver.MockWebServer$3 processOneRequest
INFO: MockWebServer[53981] received request: GET /api/v1/namespaces/entando-k8s-operator-common-cmms59/secrets/entando-default-ca-secret HTTP/1.1 and responded: HTTP/1.1 200 OK
Sep 09, 2020 7:34:55 AM okhttp3.mockwebserver.MockWebServer$3 processOneRequest
INFO: MockWebServer[53981] received request: GET /apis/apps/v1/namespaces/entando-k8s-operator-common-cmms59/deployments/sample-name-cmms59-db-deployment HTTP/1.1 and responded: HTTP/1.1 200 OK
Sep 09, 2020 7:34:55 AM okhttp3.mockwebserver.MockWebServer$3 processOneRequest
INFO: MockWebServer[53981] received request: GET /apis/extensions/v1beta1/namespaces/entando-k8s-operator-common-cmms59/ingresses/sample-name-cmms59-ingress HTTP/1.1 and responded: HTTP/1.1 200 OK
Sep 09, 2020 7:34:55 AM okhttp3.mockwebserver.MockWebServer$2 acceptConnections
INFO: MockWebServer[53981] done accepting connections: Socket closed
Sep 09, 2020 7:34:55 AM okhttp3.mockwebserver.MockWebServer$2 e**cute
INFO: MockWebServer[48881] starting to accept connections
Sep 09, 2020 7:34:55 AM okhttp3.mockwebserver.MockWebServer$3 processOneRequest
INFO: MockWebServer[48881] received request: GET /api/v1/namespaces/entando/configmaps/entando-docker-image-info-v6.1 HTTP/1.1 and responded: HTTP/1.1 404 Client Error
Sep 09, 2020 7:34:55 AM okhttp3.mockwebserver.MockWebServer$3 processOneRequest
INFO: MockWebServer[48881] received request: GET /api/v1/namespaces/test/secrets/keycloak-*****-secret HTTP/1.1 and responded: HTTP/1.1 404 Client Error
Sep 09, 2020 7:34:55 AM okhttp3.mockwebserver.MockWebServer$3 processOneRequest
INFO: MockWebServer[48881] received request: POST /api/v1/namespaces/test/secrets HTTP/1.1 and responded: HTTP/1.1 202 OK
Sep 09, 2020 7:34:55 AM okhttp3.mockwebserver.MockWebServer$3 processOneRequest
INFO: MockWebServer[48881] received request: GET /api/v1/namespaces/test HTTP/1.1 and responded: HTTP/1.1 404 Client Error
Sep 09, 2020 7:34:55 AM okhttp3.mockwebserver.MockWebServer$3 processOneRequest
INFO: MockWebServer[48881] received request: GET /apis/entando.org/v1/namespaces/default/entandoplugins HTTP/1.1 and responded: HTTP/1.1 200 OK
Sep 09, 2020 7:34:55 AM okhttp3.mockwebserver.MockWebServer$3 processOneRequest
INFO: MockWebServer[48881] received request: GET /api/v1/namespaces/test HTTP/1.1 and responded: HTTP/1.1 404 Client Error
Sep 09, 2020 7:34:56 AM okhttp3.mockwebserver.MockWebServer$3 processOneRequest
INFO: MockWebServer[48881] received request: GET /apis/entando.org/v1/namespaces/default/entandoplugins HTTP/1.1 and responded: HTTP/1.1 200 OK
Sep 09, 2020 7:34:56 AM okhttp3.mockwebserver.MockWebServer$3 processOneRequest
INFO: MockWebServer[48881] received request: GET /apis/entando.org/v1/namespaces/entando-k8s-operator-common-cmms59/entandoplugins/sample-name-cmms59 HTTP/1.1 and responded: HTTP/1.1 404 Client Error
Sep 09, 2020 7:34:56 AM okhttp3.mockwebserver.MockWebServer$3 processOneRequest
INFO: MockWebServer[48881] received request: GET /apis/entando.org/v1/namespaces/entando-k8s-operator-common-cmms59/entandoplugins/sample-name-cmms59 HTTP/1.1 and responded: HTTP/1.1 404 Client Error
Sep 09, 2020 7:34:56 AM okhttp3.mockwebserver.MockWebServer$3 processOneRequest
INFO: MockWebServer[48881] received request: POST /apis/entando.org/v1/namespaces/entando-k8s-operator-common-cmms59/entandoplugins HTTP/1.1 and responded: HTTP/1.1 202 OK
Sep 09, 2020 7:34:56 AM okhttp3.mockwebserver.MockWebServer$3 processOneRequest
INFO: MockWebServer[48881] received request: GET /apis/entando.org/v1/namespaces/entando-k8s-operator-common-cmms59/entandoplugins/sample-name-cmms59 HTTP/1.1 and responded: HTTP/1.1 200 OK
Sep 09, 2020 7:34:56 AM okhttp3.mockwebserver.MockWebServer$3 processOneRequest
INFO: MockWebServer[48881] received request: GET /apis/entando.org/v1/namespaces/entando-k8s-operator-common-cmms59/entandoplugins/sample-name-cmms59 HTTP/1.1 and responded: HTTP/1.1 200 OK
Sep 09, 2020 7:34:56 AM okhttp3.mockwebserver.MockWebServer$3 processOneRequest
INFO: MockWebServer[48881] received request: GET /apis/entando.org/v1/namespaces/entando-k8s-operator-common-cmms59/entandoplugins/sample-name-cmms59 HTTP/1.1 and responded: HTTP/1.1 200 OK
Sep 09, 2020 7:34:56 AM okhttp3.mockwebserver.MockWebServer$3 processOneRequest
INFO: MockWebServer[48881] received request: GET /apis/entando.org/v1/namespaces/entando-k8s-operator-common-cmms59/entandoplugins/sample-name-cmms59 HTTP/1.1 and responded: HTTP/1.1 200 OK
Sep 09, 2020 7:34:56 AM okhttp3.mockwebserver.MockWebServer$3 processOneRequest
INFO: MockWebServer[48881] received request: GET /apis/entando.org/v1/namespaces/entando-k8s-operator-common-cmms59/entandoplugins/sample-name-cmms59 HTTP/1.1 and responded: HTTP/1.1 200 OK
Sep 09, 2020 7:34:56 AM okhttp3.mockwebserver.MockWebServer$3 processOneRequest
INFO: MockWebServer[48881] received request: GET /apis/entando.org/v1/namespaces/entando-k8s-operator-common-cmms59/entandoplugins/sample-name-cmms59 HTTP/1.1 and responded: HTTP/1.1 200 OK
Sep 09, 2020 7:34:56 AM okhttp3.mockwebserver.MockWebServer$3 processOneRequest
INFO: MockWebServer[48881] received request: GET /apis/entando.org/v1/namespaces/entando-k8s-operator-common-cmms59/entandoplugins/sample-name-cmms59 HTTP/1.1 and responded: HTTP/1.1 200 OK
Sep 09, 2020 7:34:56 AM okhttp3.mockwebserver.MockWebServer$3 processOneRequest
INFO: MockWebServer[48881] received request: GET /apis/entando.org/v1/namespaces/entando-k8s-operator-common-cmms59/entandoplugins/sample-name-cmms59 HTTP/1.1 and responded: HTTP/1.1 200 OK
Sep 09, 2020 7:34:56 AM okhttp3.mockwebserver.MockWebServer$3 processOneRequest
INFO: MockWebServer[48881] received request: PATCH /apis/entando.org/v1/namespaces/entando-k8s-operator-common-cmms59/entandoplugins/sample-name-cmms59 HTTP/1.1 and responded: HTTP/1.1 202 OK
Sep 09, 2020 7:34:57 AM okhttp3.mockwebserver.MockWebServer$3 processOneRequest
INFO: MockWebServer[48881] received request: GET /api/v1/namespaces/test HTTP/1.1 and responded: HTTP/1.1 404 Client Error
Sep 09, 2020 7:34:57 AM okhttp3.mockwebserver.MockWebServer$3 processOneRequest
INFO: MockWebServer[48881] received request: GET /apis/entando.org/v1/namespaces/entando-k8s-operator-common-cmms59/entandoplugins/sample-name-cmms59 HTTP/1.1 and responded: HTTP/1.1 200 OK
Sep 09, 2020 7:34:57 AM okhttp3.mockwebserver.MockWebServer$3 processOneRequest
INFO: MockWebServer[48881] received request: GET /apis/entando.org/v1/namespaces/default/entandodatabaseservices HTTP/1.1 and responded: HTTP/1.1 200 OK
Sep 09, 2020 7:34:57 AM okhttp3.mockwebserver.MockWebServer$3 processOneRequest
INFO: MockWebServer[48881] received request: GET /api/v1/namespaces/test HTTP/1.1 and responded: HTTP/1.1 404 Client Error
Sep 09, 2020 7:34:57 AM okhttp3.mockwebserver.MockWebServer$3 processOneRequest
INFO: MockWebServer[48881] received request: GET /apis/entando.org/v1/namespaces/entando-k8s-operator-common-cmms59/entandoplugins/sample-name-cmms59 HTTP/1.1 and responded: HTTP/1.1 200 OK
Sep 09, 2020 7:34:57 AM okhttp3.mockwebserver.MockWebServer$3 processOneRequest
INFO: MockWebServer[48881] received request: GET /apis/entando.org/v1/namespaces/default/entandodatabaseservices HTTP/1.1 and responded: HTTP/1.1 200 OK
Sep 09, 2020 7:34:57 AM okhttp3.mockwebserver.MockWebServer$3 processOneRequest
INFO: MockWebServer[48881] received request: GET /apis/entando.org/v1/namespaces/entando-k8s-operator-common-cmms59/entandoplugins/sample-name-cmms59 HTTP/1.1 and responded: HTTP/1.1 200 OK
Sep 09, 2020 7:34:57 AM okhttp3.mockwebserver.MockWebServer$3 processOneRequest
INFO: MockWebServer[48881] received request: GET /apis/entando.org/v1/namespaces/entando-k8s-operator-common-cmms59/entandodatabaseservices HTTP/1.1 and responded: HTTP/1.1 200 OK
Sep 09, 2020 7:34:57 AM okhttp3.mockwebserver.MockWebServer$3 processOneRequest
INFO: MockWebServer[48881] received request: GET /api/v1/namespaces/entando/configmaps/entando-docker-image-info-v6.1 HTTP/1.1 and responded: HTTP/1.1 404 Client Error
Sep 09, 2020 7:34:57 AM okhttp3.mockwebserver.MockWebServer$3 processOneRequest
INFO: MockWebServer[48881] received request: GET /apis/entando.org/v1/namespaces/entando-k8s-operator-common-cmms59/entandoplugins/sample-name-cmms59 HTTP/1.1 and responded: HTTP/1.1 200 OK
Sep 09, 2020 7:34:57 AM okhttp3.mockwebserver.MockWebServer$3 processOneRequest
INFO: MockWebServer[48881] received request: GET /api/v1/namespaces/entando-k8s-operator-common-cmms59/persistentvolumeclaims/sample-name-cmms59-db-pvc HTTP/1.1 and responded: HTTP/1.1 404 Client Error
Sep 09, 2020 7:34:57 AM okhttp3.mockwebserver.MockWebServer$3 processOneRequest
INFO: MockWebServer[48881] received request: POST /api/v1/namespaces/entando-k8s-operator-common-cmms59/persistentvolumeclaims HTTP/1.1 and responded: HTTP/1.1 202 OK
Sep 09, 2020 7:34:57 AM okhttp3.mockwebserver.MockWebServer$3 processOneRequest
INFO: MockWebServer[48881] received request: GET /apis/entando.org/v1/namespaces/entando-k8s-operator-common-cmms59/entandoplugins/sample-name-cmms59 HTTP/1.1 and responded: HTTP/1.1 200 OK
Sep 09, 2020 7:34:57 AM okhttp3.mockwebserver.MockWebServer$3 processOneRequest
INFO: MockWebServer[48881] received request: GET /api/v1/namespaces/entando-k8s-operator-common-cmms59/persistentvolumeclaims/sample-name-cmms59-db-pvc HTTP/1.1 and responded: HTTP/1.1 200 OK
Sep 09, 2020 7:34:57 AM okhttp3.mockwebserver.MockWebServer$3 processOneRequest
INFO: MockWebServer[48881] received request: GET /apis/entando.org/v1/namespaces/entando-k8s-operator-common-cmms59/entandoplugins/sample-name-cmms59 HTTP/1.1 and responded: HTTP/1.1 200 OK
Sep 09, 2020 7:34:57 AM okhttp3.mockwebserver.MockWebServer$3 processOneRequest
INFO: MockWebServer[48881] received request: GET /apis/entando.org/v1/namespaces/entando-k8s-operator-common-cmms59/entandoplugins/sample-name-cmms59 HTTP/1.1 and responded: HTTP/1.1 200 OK
Sep 09, 2020 7:34:57 AM okhttp3.mockwebserver.MockWebServer$3 processOneRequest
INFO: MockWebServer[48881] received request: GET /apis/entando.org/v1/namespaces/entando-k8s-operator-common-cmms59/entandoplugins/sample-name-cmms59 HTTP/1.1 and responded: HTTP/1.1 200 OK
Sep 09, 2020 7:34:57 AM okhttp3.mockwebserver.MockWebServer$3 processOneRequest
INFO: MockWebServer[48881] received request: GET /apis/entando.org/v1/namespaces/entando-k8s-operator-common-cmms59/entandoplugins/sample-name-cmms59 HTTP/1.1 and responded: HTTP/1.1 200 OK
Sep 09, 2020 7:34:57 AM okhttp3.mockwebserver.MockWebServer$3 processOneRequest
INFO: MockWebServer[48881] received request: PATCH /apis/entando.org/v1/namespaces/entando-k8s-operator-common-cmms59/entandoplugins/sample-name-cmms59 HTTP/1.1 and responded: HTTP/1.1 202 OK
Sep 09, 2020 7:34:58 AM okhttp3.mockwebserver.MockWebServer$3 processOneRequest
INFO: MockWebServer[48881] received request: GET /api/v1/namespaces/entando-k8s-operator-common-cmms59/secrets/entando-default-ca-secret HTTP/1.1 and responded: HTTP/1.1 404 Client Error
Sep 09, 2020 7:34:58 AM okhttp3.mockwebserver.MockWebServer$3 processOneRequest
INFO: MockWebServer[48881] received request: GET /apis/entando.org/v1/namespaces/entando-k8s-operator-common-cmms59/entandoplugins/sample-name-cmms59 HTTP/1.1 and responded: HTTP/1.1 200 OK
Sep 09, 2020 7:34:58 AM okhttp3.mockwebserver.MockWebServer$3 processOneRequest
INFO: MockWebServer[48881] received request: POST /api/v1/namespaces/entando-k8s-operator-common-cmms59/secrets HTTP/1.1 and responded: HTTP/1.1 202 OK
Sep 09, 2020 7:34:58 AM okhttp3.mockwebserver.MockWebServer$3 processOneRequest
INFO: MockWebServer[48881] received request: POST /api/v1/namespaces/entando-k8s-operator-common-cmms59/secrets HTTP/1.1 and responded: HTTP/1.1 202 OK
Sep 09, 2020 7:34:58 AM okhttp3.mockwebserver.MockWebServer$3 processOneRequest
INFO: MockWebServer[48881] received request: GET /apis/entando.org/v1/namespaces/entando-k8s-operator-common-cmms59/entandoplugins/sample-name-cmms59 HTTP/1.1 and responded: HTTP/1.1 200 OK
Sep 09, 2020 7:34:58 AM okhttp3.mockwebserver.MockWebServer$3 processOneRequest
INFO: MockWebServer[48881] received request: GET /api/v1/namespaces/entando-k8s-operator-common-cmms59/services/sample-name-cmms59-db-service HTTP/1.1 and responded: HTTP/1.1 404 Client Error
Sep 09, 2020 7:34:58 AM okhttp3.mockwebserver.MockWebServer$3 processOneRequest
INFO: MockWebServer[48881] received request: GET /apis/entando.org/v1/namespaces/entando-k8s-operator-common-cmms59/entandoplugins/sample-name-cmms59 HTTP/1.1 and responded: HTTP/1.1 200 OK
Sep 09, 2020 7:34:58 AM okhttp3.mockwebserver.MockWebServer$3 processOneRequest
INFO: MockWebServer[48881] received request: POST /api/v1/namespaces/entando-k8s-operator-common-cmms59/services HTTP/1.1 and responded: HTTP/1.1 202 OK
Sep 09, 2020 7:34:58 AM okhttp3.mockwebserver.MockWebServer$3 processOneRequest
INFO: MockWebServer[48881] received request: GET /api/v1/namespaces/entando-k8s-operator-common-cmms59/services/sample-name-cmms59-db-service HTTP/1.1 and responded: HTTP/1.1 200 OK
Sep 09, 2020 7:34:58 AM okhttp3.mockwebserver.MockWebServer$3 processOneRequest
INFO: MockWebServer[48881] received request: GET /apis/entando.org/v1/namespaces/entando-k8s-operator-common-cmms59/entandoplugins/sample-name-cmms59 HTTP/1.1 and responded: HTTP/1.1 200 OK
Sep 09, 2020 7:34:58 AM okhttp3.mockwebserver.MockWebServer$3 processOneRequest
INFO: MockWebServer[48881] received request: GET /apis/entando.org/v1/namespaces/entando-k8s-operator-common-cmms59/entandoplugins/sample-name-cmms59 HTTP/1.1 and responded: HTTP/1.1 200 OK
Sep 09, 2020 7:34:58 AM okhttp3.mockwebserver.MockWebServer$3 processOneRequest
INFO: MockWebServer[48881] received request: GET /apis/entando.org/v1/namespaces/entando-k8s-operator-common-cmms59/entandoplugins/sample-name-cmms59 HTTP/1.1 and responded: HTTP/1.1 200 OK
Sep 09, 2020 7:34:58 AM okhttp3.mockwebserver.MockWebServer$3 processOneRequest
INFO: MockWebServer[48881] received request: GET /apis/entando.org/v1/namespaces/entando-k8s-operator-common-cmms59/entandoplugins/sample-name-cmms59 HTTP/1.1 and responded: HTTP/1.1 200 OK
Sep 09, 2020 7:34:58 AM okhttp3.mockwebserver.MockWebServer$3 processOneRequest
INFO: MockWebServer[48881] received request: PATCH /apis/entando.org/v1/namespaces/entando-k8s-operator-common-cmms59/entandoplugins/sample-name-cmms59 HTTP/1.1 and responded: HTTP/1.1 202 OK
Sep 09, 2020 7:34:58 AM okhttp3.mockwebserver.MockWebServer$3 processOneRequest
INFO: MockWebServer[48881] received request: GET /apis/entando.org/v1/namespaces/entando-k8s-operator-common-cmms59/entandoplugins/sample-name-cmms59 HTTP/1.1 and responded: HTTP/1.1 200 OK
Sep 09, 2020 7:34:58 AM okhttp3.mockwebserver.MockWebServer$3 processOneRequest
INFO: MockWebServer[48881] received request: GET /apis/apps/v1/namespaces/entando-k8s-operator-common-cmms59/deployments/sample-name-cmms59-db-deployment HTTP/1.1 and responded: HTTP/1.1 404 Client Error
Sep 09, 2020 7:34:58 AM okhttp3.mockwebserver.MockWebServer$3 processOneRequest
INFO: MockWebServer[48881] received request: GET /apis/extensions/v1beta1/namespaces/entando-k8s-operator-common-cmms59/deployments/sample-name-cmms59-db-deployment HTTP/1.1 and responded: HTTP/1.1 404 Client Error
Sep 09, 2020 7:34:58 AM okhttp3.mockwebserver.MockWebServer$3 processOneRequest
INFO: MockWebServer[48881] received request: POST /apis/apps/v1/namespaces/entando-k8s-operator-common-cmms59/deployments HTTP/1.1 and responded: HTTP/1.1 202 OK
Sep 09, 2020 7:34:58 AM okhttp3.mockwebserver.MockWebServer$3 processOneRequest
INFO: MockWebServer[48881] received request: GET /apis/entando.org/v1/namespaces/entando-k8s-operator-common-cmms59/entandoplugins/sample-name-cmms59 HTTP/1.1 and responded: HTTP/1.1 200 OK
Sep 09, 2020 7:34:59 AM okhttp3.mockwebserver.MockWebServer$3 processOneRequest
INFO: MockWebServer[48881] received request: GET /apis/apps/v1/namespaces/entando-k8s-operator-common-cmms59/deployments/sample-name-cmms59-db-deployment HTTP/1.1 and responded: HTTP/1.1 200 OK
Sep 09, 2020 7:34:59 AM okhttp3.mockwebserver.MockWebServer$3 processOneRequest
INFO: MockWebServer[48881] received request: GET /apis/entando.org/v1/namespaces/entando-k8s-operator-common-cmms59/entandoplugins/sample-name-cmms59 HTTP/1.1 and responded: HTTP/1.1 200 OK
Sep 09, 2020 7:34:59 AM okhttp3.mockwebserver.MockWebServer$3 processOneRequest
INFO: MockWebServer[48881] received request: GET /apis/entando.org/v1/namespaces/entando-k8s-operator-common-cmms59/entandoplugins/sample-name-cmms59 HTTP/1.1 and responded: HTTP/1.1 200 OK
Sep 09, 2020 7:34:59 AM okhttp3.mockwebserver.MockWebServer$3 processOneRequest
INFO: MockWebServer[48881] received request: GET /apis/entando.org/v1/namespaces/entando-k8s-operator-common-cmms59/entandoplugins/sample-name-cmms59 HTTP/1.1 and responded: HTTP/1.1 200 OK
Sep 09, 2020 7:34:59 AM okhttp3.mockwebserver.MockWebServer$3 processOneRequest
INFO: MockWebServer[48881] received request: PATCH /apis/entando.org/v1/namespaces/entando-k8s-operator-common-cmms59/entandoplugins/sample-name-cmms59 HTTP/1.1 and responded: HTTP/1.1 202 OK
Sep 09, 2020 7:34:59 AM okhttp3.mockwebserver.MockWebServer$3 processOneRequest
INFO: MockWebServer[48881] received request: GET /apis/entando.org/v1/namespaces/entando-k8s-operator-common-cmms59/entandoplugins/sample-name-cmms59 HTTP/1.1 and responded: HTTP/1.1 200 OK
Sep 09, 2020 7:34:59 AM okhttp3.mockwebserver.MockWebServer$3 processOneRequest
INFO: MockWebServer[48881] received request: GET /api/v1/namespaces/entando-k8s-operator-common-cmms59/pods?labelSelector=deployment%3Dsample-name-cmms59-db&watch=true HTTP/1.1 and responded: HTTP/1.1 200 OK
Sep 09, 2020 7:34:59 AM okhttp3.mockwebserver.MockWebServer$3 processOneRequest
INFO: MockWebServer[48881] received request: GET /apis/apps/v1/namespaces/entando-k8s-operator-common-cmms59/deployments/sample-name-cmms59-db-deployment HTTP/1.1 and responded: HTTP/1.1 200 OK
Sep 09, 2020 7:34:59 AM okhttp3.mockwebserver.MockWebServer$3 processOneRequest
INFO: MockWebServer[48881] received request: GET /api/v1/namespaces/entando-k8s-operator-common-cmms59/pods?labelSelector=deployment%3Dsample-name-cmms59-db&watch=true HTTP/1.1 and responded: HTTP/1.1 200 OK
Sep 09, 2020 7:34:59 AM okhttp3.mockwebserver.MockWebServer$3 processOneRequest
INFO: MockWebServer[48881] received request: GET /apis/entando.org/v1/namespaces/entando-k8s-operator-common-cmms59/entandoplugins/sample-name-cmms59 HTTP/1.1 and responded: HTTP/1.1 200 OK
Sep 09, 2020 7:34:59 AM okhttp3.mockwebserver.MockWebServer$3 processOneRequest
INFO: MockWebServer[48881] received request: GET /apis/entando.org/v1/namespaces/entando-k8s-operator-common-cmms59/entandoplugins/sample-name-cmms59 HTTP/1.1 and responded: HTTP/1.1 200 OK
Sep 09, 2020 7:34:59 AM io.fabric8.kubernetes.client.dsl.internal.WatchHTTPManager$1 onResponse
INFO: Watch terminated unexpectedly. reason: \n not found: limit=46 content=7b2261706956657273696f6e223a227631222c226b696e64223a224c69737422â€¦
Sep 09, 2020 7:34:59 AM io.fabric8.kubernetes.client.dsl.internal.WatchHTTPManager scheduleReconnect
WARN: Ignoring error for already closed/closing connection
Sep 09, 2020 7:34:59 AM okhttp3.mockwebserver.MockWebServer$3 processOneRequest
INFO: MockWebServer[48881] received request: GET /apis/entando.org/v1/namespaces/entando-k8s-operator-common-cmms59/entandoplugins/sample-name-cmms59 HTTP/1.1 and responded: HTTP/1.1 200 OK
Sep 09, 2020 7:34:59 AM okhttp3.mockwebserver.MockWebServer$3 processOneRequest
INFO: MockWebServer[48881] received request: PATCH /apis/entando.org/v1/namespaces/entando-k8s-operator-common-cmms59/entandoplugins/sample-name-cmms59 HTTP/1.1 and responded: HTTP/1.1 202 OK
Sep 09, 2020 7:34:59 AM okhttp3.mockwebserver.MockWebServer$3 processOneRequest
INFO: MockWebServer[48881] received request: GET /apis/entando.org/v1/namespaces/entando-k8s-operator-common-cmms59/entandoplugins/sample-name-cmms59 HTTP/1.1 and responded: HTTP/1.1 200 OK
Sep 09, 2020 7:34:59 AM okhttp3.mockwebserver.MockWebServer$3 processOneRequest
INFO: MockWebServer[48881] received request: GET /api/v1/namespaces/test/secrets/keycloak-*****-secret HTTP/1.1 and responded: HTTP/1.1 200 OK
Sep 09, 2020 7:34:59 AM okhttp3.mockwebserver.MockWebServer$3 processOneRequest
INFO: MockWebServer[48881] received request: GET /apis/entando.org/v1/namespaces/entando-k8s-operator-common-cmms59/entandoplugins/sample-name-cmms59 HTTP/1.1 and responded: HTTP/1.1 200 OK
Sep 09, 2020 7:34:59 AM okhttp3.mockwebserver.MockWebServer$3 processOneRequest
INFO: MockWebServer[48881] received request: GET /api/v1/namespaces/entando/configmaps/entando-docker-image-info-v6.1 HTTP/1.1 and responded: HTTP/1.1 404 Client Error
Sep 09, 2020 7:34:59 AM okhttp3.mockwebserver.MockWebServer$3 processOneRequest
INFO: MockWebServer[48881] received request: POST /api/v1/namespaces/entando-k8s-operator-common-cmms59/secrets HTTP/1.1 and responded: HTTP/1.1 202 OK
Sep 09, 2020 7:34:59 AM okhttp3.mockwebserver.MockWebServer$3 processOneRequest
INFO: MockWebServer[48881] received request: GET /apis/entando.org/v1/namespaces/entando-k8s-operator-common-cmms59/entandoplugins/sample-name-cmms59 HTTP/1.1 and responded: HTTP/1.1 200 OK
Sep 09, 2020 7:34:59 AM okhttp3.mockwebserver.MockWebServer$3 processOneRequest
INFO: MockWebServer[48881] received request: POST /api/v1/namespaces/entando-k8s-operator-common-cmms59/secrets HTTP/1.1 and responded: HTTP/1.1 202 OK
Sep 09, 2020 7:35:00 AM okhttp3.mockwebserver.MockWebServer$3 processOneRequest
INFO: MockWebServer[48881] received request: POST /api/v1/namespaces/entando-k8s-operator-common-cmms59/pods HTTP/1.1 and responded: HTTP/1.1 202 OK
Sep 09, 2020 7:35:00 AM okhttp3.mockwebserver.MockWebServer$3 processOneRequest
INFO: MockWebServer[48881] received request: GET /apis/entando.org/v1/namespaces/entando-k8s-operator-common-cmms59/entandoplugins/sample-name-cmms59 HTTP/1.1 and responded: HTTP/1.1 200 OK
Sep 09, 2020 7:35:00 AM okhttp3.mockwebserver.MockWebServer$3 processOneRequest
INFO: MockWebServer[48881] received request: GET /api/v1/namespaces/entando-k8s-operator-common-cmms59/pods?fieldSelector=metadata.name%3Dsample-name-cmms59-db-preparation-job-f188fdd4-f&watch=true HTTP/1.1 and responded: HTTP/1.1 200 OK
Sep 09, 2020 7:35:00 AM okhttp3.mockwebserver.MockWebServer$3 processOneRequest
INFO: MockWebServer[48881] received request: GET /api/v1/namespaces/entando-k8s-operator-common-cmms59/pods?labelSelector=dbJob%3Dsample-name-cmms59-db-preparation-job HTTP/1.1 and responded: HTTP/1.1 200 OK
Sep 09, 2020 7:35:00 AM okhttp3.mockwebserver.MockWebServer$3 processOneRequest
INFO: MockWebServer[48881] received request: GET /apis/entando.org/v1/namespaces/entando-k8s-operator-common-cmms59/entandoplugins/sample-name-cmms59 HTTP/1.1 and responded: HTTP/1.1 200 OK
Sep 09, 2020 7:35:00 AM okhttp3.mockwebserver.MockWebServer$3 processOneRequest
INFO: MockWebServer[48881] received request: GET /api/v1/namespaces/entando-k8s-operator-common-cmms59/pods?fieldSelector=metadata.name%3Dsample-name-cmms59-db-preparation-job-f188fdd4-f&watch=true HTTP/1.1 and responded: HTTP/1.1 200 OK
Sep 09, 2020 7:35:00 AM okhttp3.mockwebserver.MockWebServer$3 processOneRequest
INFO: MockWebServer[48881] received request: GET /apis/entando.org/v1/namespaces/entando-k8s-operator-common-cmms59/entandoplugins/sample-name-cmms59 HTTP/1.1 and responded: HTTP/1.1 200 OK
Sep 09, 2020 7:35:00 AM io.fabric8.kubernetes.client.dsl.internal.WatchHTTPManager$1 onResponse
INFO: Watch terminated unexpectedly. reason: \n not found: limit=2648 content=7b2261706956657273696f6e223a227631222c226b696e64223a224c69737422â€¦
Sep 09, 2020 7:35:00 AM io.fabric8.kubernetes.client.dsl.internal.WatchHTTPManager scheduleReconnect
WARN: Ignoring error for already closed/closing connection
Sep 09, 2020 7:35:00 AM okhttp3.mockwebserver.MockWebServer$3 processOneRequest
INFO: MockWebServer[48881] received request: GET /apis/entando.org/v1/namespaces/entando-k8s-operator-common-cmms59/entandoplugins/sample-name-cmms59 HTTP/1.1 and responded: HTTP/1.1 200 OK
Sep 09, 2020 7:35:00 AM okhttp3.mockwebserver.MockWebServer$3 processOneRequest
INFO: MockWebServer[48881] received request: PATCH /apis/entando.org/v1/namespaces/entando-k8s-operator-common-cmms59/entandoplugins/sample-name-cmms59 HTTP/1.1 and responded: HTTP/1.1 202 OK
Sep 09, 2020 7:35:00 AM okhttp3.mockwebserver.MockWebServer$3 processOneRequest
INFO: MockWebServer[48881] received request: GET /apis/entando.org/v1/namespaces/entando-k8s-operator-common-cmms59/entandoplugins/sample-name-cmms59 HTTP/1.1 and responded: HTTP/1.1 200 OK
Sep 09, 2020 7:35:00 AM okhttp3.mockwebserver.MockWebServer$3 processOneRequest
INFO: MockWebServer[48881] received request: GET /api/v1/namespaces/entando-k8s-operator-common-cmms59/persistentvolumeclaims/sample-name-cmms59-server-pvc HTTP/1.1 and responded: HTTP/1.1 404 Client Error
Sep 09, 2020 7:35:00 AM okhttp3.mockwebserver.MockWebServer$3 processOneRequest
INFO: MockWebServer[48881] received request: POST /api/v1/namespaces/entando-k8s-operator-common-cmms59/persistentvolumeclaims HTTP/1.1 and responded: HTTP/1.1 202 OK
Sep 09, 2020 7:35:00 AM okhttp3.mockwebserver.MockWebServer$3 processOneRequest
INFO: MockWebServer[48881] received request: GET /apis/entando.org/v1/namespaces/entando-k8s-operator-common-cmms59/entandoplugins/sample-name-cmms59 HTTP/1.1 and responded: HTTP/1.1 200 OK
Sep 09, 2020 7:35:00 AM okhttp3.mockwebserver.MockWebServer$3 processOneRequest
INFO: MockWebServer[48881] received request: GET /api/v1/namespaces/entando-k8s-operator-common-cmms59/persistentvolumeclaims/sample-name-cmms59-server-pvc HTTP/1.1 and responded: HTTP/1.1 200 OK
Sep 09, 2020 7:35:00 AM okhttp3.mockwebserver.MockWebServer$3 processOneRequest
INFO: MockWebServer[48881] received request: GET /api/v1/namespaces/entando-k8s-operator-common-cmms59/persistentvolumeclaims/sample-name-cmms59-server-pvc HTTP/1.1 and responded: HTTP/1.1 200 OK
Sep 09, 2020 7:35:00 AM okhttp3.mockwebserver.MockWebServer$3 processOneRequest
INFO: MockWebServer[48881] received request: GET /apis/entando.org/v1/namespaces/entando-k8s-operator-common-cmms59/entandoplugins/sample-name-cmms59 HTTP/1.1 and responded: HTTP/1.1 200 OK
Sep 09, 2020 7:35:00 AM okhttp3.mockwebserver.MockWebServer$3 processOneRequest
INFO: MockWebServer[48881] received request: GET /api/v1/namespaces/entando-k8s-operator-common-cmms59/persistentvolumeclaims/sample-name-cmms59-server-pvc HTTP/1.1 and responded: HTTP/1.1 200 OK
Sep 09, 2020 7:35:00 AM okhttp3.mockwebserver.MockWebServer$3 processOneRequest
INFO: MockWebServer[48881] received request: GET /apis/entando.org/v1/namespaces/entando-k8s-operator-common-cmms59/entandoplugins/sample-name-cmms59 HTTP/1.1 and responded: HTTP/1.1 200 OK
Sep 09, 2020 7:35:00 AM okhttp3.mockwebserver.MockWebServer$3 processOneRequest
INFO: MockWebServer[48881] received request: GET /apis/entando.org/v1/namespaces/entando-k8s-operator-common-cmms59/entandoplugins/sample-name-cmms59 HTTP/1.1 and responded: HTTP/1.1 200 OK
Sep 09, 2020 7:35:00 AM okhttp3.mockwebserver.MockWebServer$3 processOneRequest
INFO: MockWebServer[48881] received request: GET /apis/entando.org/v1/namespaces/entando-k8s-operator-common-cmms59/entandoplugins/sample-name-cmms59 HTTP/1.1 and responded: HTTP/1.1 200 OK
Sep 09, 2020 7:35:00 AM okhttp3.mockwebserver.MockWebServer$3 processOneRequest
INFO: MockWebServer[48881] received request: GET /apis/entando.org/v1/namespaces/entando-k8s-operator-common-cmms59/entandoplugins/sample-name-cmms59 HTTP/1.1 and responded: HTTP/1.1 200 OK
Sep 09, 2020 7:35:01 AM okhttp3.mockwebserver.MockWebServer$3 processOneRequest
INFO: MockWebServer[48881] received request: PATCH /apis/entando.org/v1/namespaces/entando-k8s-operator-common-cmms59/entandoplugins/sample-name-cmms59 HTTP/1.1 and responded: HTTP/1.1 202 OK
Sep 09, 2020 7:35:01 AM okhttp3.mockwebserver.MockWebServer$3 processOneRequest
INFO: MockWebServer[48881] received request: GET /api/v1/namespaces/entando-k8s-operator-common-cmms59/secrets/entando-default-ca-secret HTTP/1.1 and responded: HTTP/1.1 200 OK
Sep 09, 2020 7:35:01 AM okhttp3.mockwebserver.MockWebServer$3 processOneRequest
INFO: MockWebServer[48881] received request: GET /apis/entando.org/v1/namespaces/entando-k8s-operator-common-cmms59/entandoplugins/sample-name-cmms59 HTTP/1.1 and responded: HTTP/1.1 200 OK
Sep 09, 2020 7:35:01 AM okhttp3.mockwebserver.MockWebServer$3 processOneRequest
INFO: MockWebServer[48881] received request: POST /api/v1/namespaces/entando-k8s-operator-common-cmms59/secrets HTTP/1.1 and responded: HTTP/1.1 202 OK
Sep 09, 2020 7:35:01 AM okhttp3.mockwebserver.MockWebServer$3 processOneRequest
INFO: MockWebServer[48881] received request: GET /apis/entando.org/v1/namespaces/entando-k8s-operator-common-cmms59/entandoplugins/sample-name-cmms59 HTTP/1.1 and responded: HTTP/1.1 200 OK
Sep 09, 2020 7:35:01 AM okhttp3.mockwebserver.MockWebServer$3 processOneRequest
INFO: MockWebServer[48881] received request: GET /api/v1/namespaces/entando-k8s-operator-common-cmms59/serviceaccounts/plugin HTTP/1.1 and responded: HTTP/1.1 404 Client Error
Sep 09, 2020 7:35:01 AM okhttp3.mockwebserver.MockWebServer$3 processOneRequest
INFO: MockWebServer[48881] received request: POST /api/v1/namespaces/entando-k8s-operator-common-cmms59/serviceaccounts HTTP/1.1 and responded: HTTP/1.1 202 OK
Sep 09, 2020 7:35:01 AM okhttp3.mockwebserver.MockWebServer$3 processOneRequest
INFO: MockWebServer[48881] received request: GET /apis/entando.org/v1/namespaces/entando-k8s-operator-common-cmms59/entandoplugins/sample-name-cmms59 HTTP/1.1 and responded: HTTP/1.1 200 OK
Sep 09, 2020 7:35:01 AM okhttp3.mockwebserver.MockWebServer$3 processOneRequest
INFO: MockWebServer[48881] received request: GET /apis/rbac.authorization.k8s.io/v1/namespaces/entando-k8s-operator-common-cmms59/roles/plugin HTTP/1.1 and responded: HTTP/1.1 404 Client Error
Sep 09, 2020 7:35:01 AM okhttp3.mockwebserver.MockWebServer$3 processOneRequest
INFO: MockWebServer[48881] received request: GET /apis/rbac.authorization.k8s.io/v1beta1/namespaces/entando-k8s-operator-common-cmms59/roles/plugin HTTP/1.1 and responded: HTTP/1.1 404 Client Error
Sep 09, 2020 7:35:01 AM okhttp3.mockwebserver.MockWebServer$3 processOneRequest
INFO: MockWebServer[48881] received request: GET /apis/entando.org/v1/namespaces/entando-k8s-operator-common-cmms59/entandoplugins/sample-name-cmms59 HTTP/1.1 and responded: HTTP/1.1 200 OK
Sep 09, 2020 7:35:01 AM okhttp3.mockwebserver.MockWebServer$3 processOneRequest
INFO: MockWebServer[48881] received request: POST /apis/rbac.authorization.k8s.io/v1/namespaces/entando-k8s-operator-common-cmms59/roles HTTP/1.1 and responded: HTTP/1.1 202 OK
Sep 09, 2020 7:35:01 AM okhttp3.mockwebserver.MockWebServer$3 processOneRequest
INFO: MockWebServer[48881] received request: GET /apis/rbac.authorization.k8s.io/v1/namespaces/entando-k8s-operator-common-cmms59/rolebindings/plugin-rolebinding HTTP/1.1 and responded: HTTP/1.1 404 Client Error
Sep 09, 2020 7:35:01 AM okhttp3.mockwebserver.MockWebServer$3 processOneRequest
INFO: MockWebServer[48881] received request: GET /apis/entando.org/v1/namespaces/entando-k8s-operator-common-cmms59/entandoplugins/sample-name-cmms59 HTTP/1.1 and responded: HTTP/1.1 200 OK
Sep 09, 2020 7:35:01 AM okhttp3.mockwebserver.MockWebServer$3 processOneRequest
INFO: MockWebServer[48881] received request: GET /apis/rbac.authorization.k8s.io/v1beta1/namespaces/entando-k8s-operator-common-cmms59/rolebindings/plugin-rolebinding HTTP/1.1 and responded: HTTP/1.1 404 Client Error
Sep 09, 2020 7:35:01 AM okhttp3.mockwebserver.MockWebServer$3 processOneRequest
INFO: MockWebServer[48881] received request: GET /apis/entando.org/v1/namespaces/entando-k8s-operator-common-cmms59/entandoplugins/sample-name-cmms59 HTTP/1.1 and responded: HTTP/1.1 200 OK
Sep 09, 2020 7:35:01 AM okhttp3.mockwebserver.MockWebServer$3 processOneRequest
INFO: MockWebServer[48881] received request: POST /apis/rbac.authorization.k8s.io/v1/namespaces/entando-k8s-operator-common-cmms59/rolebindings HTTP/1.1 and responded: HTTP/1.1 202 OK
Sep 09, 2020 7:35:01 AM okhttp3.mockwebserver.MockWebServer$3 processOneRequest
INFO: MockWebServer[48881] received request: GET /api/v1/namespaces/entando-k8s-operator-common-cmms59/services/sample-name-cmms59-server-service HTTP/1.1 and responded: HTTP/1.1 404 Client Error
Sep 09, 2020 7:35:01 AM okhttp3.mockwebserver.MockWebServer$3 processOneRequest
INFO: MockWebServer[48881] received request: GET /apis/entando.org/v1/namespaces/entando-k8s-operator-common-cmms59/entandoplugins/sample-name-cmms59 HTTP/1.1 and responded: HTTP/1.1 200 OK
Sep 09, 2020 7:35:02 AM okhttp3.mockwebserver.MockWebServer$3 processOneRequest
INFO: MockWebServer[48881] received request: POST /api/v1/namespaces/entando-k8s-operator-common-cmms59/services HTTP/1.1 and responded: HTTP/1.1 202 OK
Sep 09, 2020 7:35:02 AM okhttp3.mockwebserver.MockWebServer$3 processOneRequest
INFO: MockWebServer[48881] received request: GET /api/v1/namespaces/entando-k8s-operator-common-cmms59/services/sample-name-cmms59-server-service HTTP/1.1 and responded: HTTP/1.1 200 OK
Sep 09, 2020 7:35:02 AM okhttp3.mockwebserver.MockWebServer$3 processOneRequest
INFO: MockWebServer[48881] received request: GET /apis/entando.org/v1/namespaces/entando-k8s-operator-common-cmms59/entandoplugins/sample-name-cmms59 HTTP/1.1 and responded: HTTP/1.1 200 OK
Sep 09, 2020 7:35:02 AM okhttp3.mockwebserver.MockWebServer$3 processOneRequest
INFO: MockWebServer[48881] received request: GET /apis/entando.org/v1/namespaces/entando-k8s-operator-common-cmms59/entandoplugins/sample-name-cmms59 HTTP/1.1 and responded: HTTP/1.1 200 OK
Sep 09, 2020 7:35:02 AM okhttp3.mockwebserver.MockWebServer$3 processOneRequest
INFO: MockWebServer[48881] received request: GET /apis/entando.org/v1/namespaces/entando-k8s-operator-common-cmms59/entandoplugins/sample-name-cmms59 HTTP/1.1 and responded: HTTP/1.1 200 OK
Sep 09, 2020 7:35:02 AM okhttp3.mockwebserver.MockWebServer$3 processOneRequest
INFO: MockWebServer[48881] received request: GET /apis/entando.org/v1/namespaces/entando-k8s-operator-common-cmms59/entandoplugins/sample-name-cmms59 HTTP/1.1 and responded: HTTP/1.1 200 OK
Sep 09, 2020 7:35:02 AM okhttp3.mockwebserver.MockWebServer$3 processOneRequest
INFO: MockWebServer[48881] received request: PATCH /apis/entando.org/v1/namespaces/entando-k8s-operator-common-cmms59/entandoplugins/sample-name-cmms59 HTTP/1.1 and responded: HTTP/1.1 202 OK
Sep 09, 2020 7:35:02 AM okhttp3.mockwebserver.MockWebServer$3 processOneRequest
INFO: MockWebServer[48881] received request: GET /apis/extensions/v1beta1/namespaces/entando-k8s-operator-common-cmms59/ingresses/sample-name-cmms59-ingress HTTP/1.1 and responded: HTTP/1.1 404 Client Error
Sep 09, 2020 7:35:02 AM okhttp3.mockwebserver.MockWebServer$3 processOneRequest
INFO: MockWebServer[48881] received request: GET /apis/entando.org/v1/namespaces/entando-k8s-operator-common-cmms59/entandoplugins/sample-name-cmms59 HTTP/1.1 and responded: HTTP/1.1 200 OK
Sep 09, 2020 7:35:02 AM okhttp3.mockwebserver.MockWebServer$3 processOneRequest
INFO: MockWebServer[48881] received request: POST /apis/extensions/v1beta1/namespaces/entando-k8s-operator-common-cmms59/ingresses HTTP/1.1 and responded: HTTP/1.1 202 OK
Sep 09, 2020 7:35:02 AM okhttp3.mockwebserver.MockWebServer$3 processOneRequest
INFO: MockWebServer[48881] received request: GET /apis/extensions/v1beta1/namespaces/entando-k8s-operator-common-cmms59/ingresses/sample-name-cmms59-ingress HTTP/1.1 and responded: HTTP/1.1 200 OK
Sep 09, 2020 7:35:02 AM okhttp3.mockwebserver.MockWebServer$3 processOneRequest
INFO: MockWebServer[48881] received request: GET /apis/entando.org/v1/namespaces/entando-k8s-operator-common-cmms59/entandoplugins/sample-name-cmms59 HTTP/1.1 and responded: HTTP/1.1 200 OK
Sep 09, 2020 7:35:02 AM okhttp3.mockwebserver.MockWebServer$3 processOneRequest
INFO: MockWebServer[48881] received request: GET /apis/entando.org/v1/namespaces/entando-k8s-operator-common-cmms59/entandoplugins/sample-name-cmms59 HTTP/1.1 and responded: HTTP/1.1 200 OK
Sep 09, 2020 7:35:02 AM okhttp3.mockwebserver.MockWebServer$3 processOneRequest
INFO: MockWebServer[48881] received request: GET /apis/entando.org/v1/namespaces/entando-k8s-operator-common-cmms59/entandoplugins/sample-name-cmms59 HTTP/1.1 and responded: HTTP/1.1 200 OK
Sep 09, 2020 7:35:02 AM okhttp3.mockwebserver.MockWebServer$3 processOneRequest
INFO: MockWebServer[48881] received request: GET /apis/entando.org/v1/namespaces/entando-k8s-operator-common-cmms59/entandoplugins/sample-name-cmms59 HTTP/1.1 and responded: HTTP/1.1 200 OK
Sep 09, 2020 7:35:02 AM okhttp3.mockwebserver.MockWebServer$3 processOneRequest
INFO: MockWebServer[48881] received request: PATCH /apis/entando.org/v1/namespaces/entando-k8s-operator-common-cmms59/entandoplugins/sample-name-cmms59 HTTP/1.1 and responded: HTTP/1.1 202 OK
Sep 09, 2020 7:35:02 AM okhttp3.mockwebserver.MockWebServer$3 processOneRequest
INFO: MockWebServer[48881] received request: GET /api/v1/namespaces/entando-k8s-operator-common-cmms59/secrets/some-client-secret HTTP/1.1 and responded: HTTP/1.1 404 Client Error
Sep 09, 2020 7:35:02 AM okhttp3.mockwebserver.MockWebServer$3 processOneRequest
INFO: MockWebServer[48881] received request: GET /apis/entando.org/v1/namespaces/entando-k8s-operator-common-cmms59/entandoplugins/sample-name-cmms59 HTTP/1.1 and responded: HTTP/1.1 200 OK
Sep 09, 2020 7:35:02 AM okhttp3.mockwebserver.MockWebServer$3 processOneRequest
INFO: MockWebServer[48881] received request: POST /api/v1/namespaces/entando-k8s-operator-common-cmms59/secrets HTTP/1.1 and responded: HTTP/1.1 202 OK
Sep 09, 2020 7:35:03 AM okhttp3.mockwebserver.MockWebServer$3 processOneRequest
INFO: MockWebServer[48881] received request: GET /apis/apps/v1/namespaces/entando-k8s-operator-common-cmms59/deployments/sample-name-cmms59-server-deployment HTTP/1.1 and responded: HTTP/1.1 404 Client Error
Sep 09, 2020 7:35:03 AM okhttp3.mockwebserver.MockWebServer$3 processOneRequest
INFO: MockWebServer[48881] received request: GET /apis/entando.org/v1/namespaces/entando-k8s-operator-common-cmms59/entandoplugins/sample-name-cmms59 HTTP/1.1 and responded: HTTP/1.1 200 OK
Sep 09, 2020 7:35:03 AM okhttp3.mockwebserver.MockWebServer$3 processOneRequest
INFO: MockWebServer[48881] received request: GET /apis/extensions/v1beta1/namespaces/entando-k8s-operator-common-cmms59/deployments/sample-name-cmms59-server-deployment HTTP/1.1 and responded: HTTP/1.1 404 Client Error
Sep 09, 2020 7:35:03 AM okhttp3.mockwebserver.MockWebServer$3 processOneRequest
INFO: MockWebServer[48881] received request: GET /apis/entando.org/v1/namespaces/entando-k8s-operator-common-cmms59/entandoplugins/sample-name-cmms59 HTTP/1.1 and responded: HTTP/1.1 200 OK
Sep 09, 2020 7:35:03 AM okhttp3.mockwebserver.MockWebServer$3 processOneRequest
INFO: MockWebServer[48881] received request: POST /apis/apps/v1/namespaces/entando-k8s-operator-common-cmms59/deployments HTTP/1.1 and responded: HTTP/1.1 202 OK
Sep 09, 2020 7:35:03 AM okhttp3.mockwebserver.MockWebServer$3 processOneRequest
INFO: MockWebServer[48881] received request: GET /apis/apps/v1/namespaces/entando-k8s-operator-common-cmms59/deployments/sample-name-cmms59-server-deployment HTTP/1.1 and responded: HTTP/1.1 200 OK
Sep 09, 2020 7:35:03 AM okhttp3.mockwebserver.MockWebServer$3 processOneRequest
INFO: MockWebServer[48881] received request: GET /apis/entando.org/v1/namespaces/entando-k8s-operator-common-cmms59/entandoplugins/sample-name-cmms59 HTTP/1.1 and responded: HTTP/1.1 200 OK
Sep 09, 2020 7:35:03 AM okhttp3.mockwebserver.MockWebServer$3 processOneRequest
INFO: MockWebServer[48881] received request: GET /apis/entando.org/v1/namespaces/entando-k8s-operator-common-cmms59/entandoplugins/sample-name-cmms59 HTTP/1.1 and responded: HTTP/1.1 200 OK
Sep 09, 2020 7:35:03 AM okhttp3.mockwebserver.MockWebServer$3 processOneRequest
INFO: MockWebServer[48881] received request: GET /apis/entando.org/v1/namespaces/entando-k8s-operator-common-cmms59/entandoplugins/sample-name-cmms59 HTTP/1.1 and responded: HTTP/1.1 200 OK
Sep 09, 2020 7:35:03 AM okhttp3.mockwebserver.MockWebServer$3 processOneRequest
INFO: MockWebServer[48881] received request: GET /apis/entando.org/v1/namespaces/entando-k8s-operator-common-cmms59/entandoplugins/sample-name-cmms59 HTTP/1.1 and responded: HTTP/1.1 200 OK
Sep 09, 2020 7:35:03 AM okhttp3.mockwebserver.MockWebServer$3 processOneRequest
INFO: MockWebServer[48881] received request: PATCH /apis/entando.org/v1/namespaces/entando-k8s-operator-common-cmms59/entandoplugins/sample-name-cmms59 HTTP/1.1 and responded: HTTP/1.1 202 OK
Sep 09, 2020 7:35:03 AM okhttp3.mockwebserver.MockWebServer$3 processOneRequest
INFO: MockWebServer[48881] received request: GET /apis/entando.org/v1/namespaces/entando-k8s-operator-common-cmms59/entandoplugins/sample-name-cmms59 HTTP/1.1 and responded: HTTP/1.1 200 OK
Sep 09, 2020 7:35:03 AM okhttp3.mockwebserver.MockWebServer$3 processOneRequest
INFO: MockWebServer[48881] received request: GET /api/v1/namespaces/entando-k8s-operator-common-cmms59/pods?labelSelector=deployment%3Dsample-name-cmms59-server&watch=true HTTP/1.1 and responded: HTTP/1.1 200 OK
Sep 09, 2020 7:35:03 AM okhttp3.mockwebserver.MockWebServer$3 processOneRequest
INFO: MockWebServer[48881] received request: GET /api/v1/namespaces/entando-k8s-operator-common-cmms59/pods?labelSelector=deployment%3Dsample-name-cmms59-server&watch=true HTTP/1.1 and responded: HTTP/1.1 200 OK
Sep 09, 2020 7:35:03 AM okhttp3.mockwebserver.MockWebServer$3 processOneRequest
INFO: MockWebServer[48881] received request: GET /apis/apps/v1/namespaces/entando-k8s-operator-common-cmms59/deployments/sample-name-cmms59-server-deployment HTTP/1.1 and responded: HTTP/1.1 200 OK
Sep 09, 2020 7:35:03 AM io.fabric8.kubernetes.client.dsl.internal.WatchHTTPManager$1 onResponse
INFO: Watch terminated unexpectedly. reason: \n not found: limit=46 content=7b2261706956657273696f6e223a227631222c226b696e64223a224c69737422â€¦
Sep 09, 2020 7:35:03 AM io.fabric8.kubernetes.client.dsl.internal.WatchHTTPManager scheduleReconnect
WARN: Ignoring error for already closed/closing connection
Sep 09, 2020 7:35:03 AM okhttp3.mockwebserver.MockWebServer$3 processOneRequest
INFO: MockWebServer[48881] received request: GET /apis/entando.org/v1/namespaces/entando-k8s-operator-common-cmms59/entandoplugins/sample-name-cmms59 HTTP/1.1 and responded: HTTP/1.1 200 OK
Sep 09, 2020 7:35:03 AM okhttp3.mockwebserver.MockWebServer$3 processOneRequest
INFO: MockWebServer[48881] received request: GET /apis/entando.org/v1/namespaces/entando-k8s-operator-common-cmms59/entandoplugins/sample-name-cmms59 HTTP/1.1 and responded: HTTP/1.1 200 OK
Sep 09, 2020 7:35:03 AM okhttp3.mockwebserver.MockWebServer$3 processOneRequest
INFO: MockWebServer[48881] received request: GET /apis/entando.org/v1/namespaces/entando-k8s-operator-common-cmms59/entandoplugins/sample-name-cmms59 HTTP/1.1 and responded: HTTP/1.1 200 OK
Sep 09, 2020 7:35:03 AM okhttp3.mockwebserver.MockWebServer$3 processOneRequest
INFO: MockWebServer[48881] received request: GET /apis/entando.org/v1/namespaces/entando-k8s-operator-common-cmms59/entandoplugins/sample-name-cmms59 HTTP/1.1 and responded: HTTP/1.1 200 OK
Sep 09, 2020 7:35:03 AM okhttp3.mockwebserver.MockWebServer$3 processOneRequest
INFO: MockWebServer[48881] received request: PATCH /apis/entando.org/v1/namespaces/entando-k8s-operator-common-cmms59/entandoplugins/sample-name-cmms59 HTTP/1.1 and responded: HTTP/1.1 202 OK
Sep 09, 2020 7:35:04 AM okhttp3.mockwebserver.MockWebServer$3 processOneRequest
INFO: MockWebServer[48881] received request: GET /apis/entando.org/v1/namespaces/entando-k8s-operator-common-cmms59/entandoplugins/sample-name-cmms59 HTTP/1.1 and responded: HTTP/1.1 200 OK
Sep 09, 2020 7:35:04 AM okhttp3.mockwebserver.MockWebServer$3 processOneRequest
INFO: MockWebServer[48881] received request: GET /apis/entando.org/v1/namespaces/entando-k8s-operator-common-cmms59/entandoplugins/sample-name-cmms59 HTTP/1.1 and responded: HTTP/1.1 200 OK
Sep 09, 2020 7:35:04 AM okhttp3.mockwebserver.MockWebServer$3 processOneRequest
INFO: MockWebServer[48881] received request: GET /apis/entando.org/v1/namespaces/entando-k8s-operator-common-cmms59/entandoplugins/sample-name-cmms59 HTTP/1.1 and responded: HTTP/1.1 200 OK
Sep 09, 2020 7:35:04 AM okhttp3.mockwebserver.MockWebServer$3 processOneRequest
INFO: MockWebServer[48881] received request: PATCH /apis/entando.org/v1/namespaces/entando-k8s-operator-common-cmms59/entandoplugins/sample-name-cmms59 HTTP/1.1 and responded: HTTP/1.1 202 OK
Sep 09, 2020 7:35:04 AM okhttp3.mockwebserver.MockWebServer$3 processOneRequest
INFO: MockWebServer[48881] received request: GET /apis/entando.org/v1/namespaces/entando-k8s-operator-common-cmms59/entandoplugins/sample-name-cmms59 HTTP/1.1 and responded: HTTP/1.1 200 OK
Sep 09, 2020 7:35:04 AM okhttp3.mockwebserver.MockWebServer$3 processOneRequest
INFO: MockWebServer[48881] received request: GET /apis/entando.org/v1/namespaces/entando-k8s-operator-common-cmms59/entandoplugins/sample-name-cmms59 HTTP/1.1 and responded: HTTP/1.1 200 OK
Sep 09, 2020 7:35:04 AM okhttp3.mockwebserver.MockWebServer$3 processOneRequest
INFO: MockWebServer[48881] received request: GET /apis/entando.org/v1/namespaces/entando-k8s-operator-common-cmms59/entandoplugins/sample-name-cmms59 HTTP/1.1 and responded: HTTP/1.1 200 OK
Sep 09, 2020 7:35:04 AM okhttp3.mockwebserver.MockWebServer$3 processOneRequest
INFO: MockWebServer[48881] received request: GET /apis/entando.org/v1/namespaces/entando-k8s-operator-common-cmms59/entandoplugins/sample-name-cmms59 HTTP/1.1 and responded: HTTP/1.1 200 OK
Sep 09, 2020 7:35:04 AM okhttp3.mockwebserver.MockWebServer$3 processOneRequest
INFO: MockWebServer[48881] received request: PATCH /apis/entando.org/v1/namespaces/entando-k8s-operator-common-cmms59/entandoplugins/sample-name-cmms59 HTTP/1.1 and responded: HTTP/1.1 202 OK
Sep 09, 2020 7:35:04 AM okhttp3.mockwebserver.MockWebServer$3 processOneRequest
INFO: MockWebServer[48881] received request: GET /apis/entando.org/v1/namespaces/entando-k8s-operator-common-cmms59/entandoplugins/sample-name-cmms59 HTTP/1.1 and responded: HTTP/1.1 200 OK
Sep 09, 2020 7:35:04 AM okhttp3.mockwebserver.MockWebServer$3 processOneRequest
INFO: MockWebServer[48881] received request: GET /apis/apps/v1/namespaces/entando-k8s-operator-common-cmms59/deployments/sample-name-cmms59-server-deployment HTTP/1.1 and responded: HTTP/1.1 200 OK
Sep 09, 2020 7:35:04 AM okhttp3.mockwebserver.MockWebServer$3 processOneRequest
INFO: MockWebServer[48881] received request: GET /api/v1/namespaces/entando-k8s-operator-common-cmms59/secrets/sample-name-cmms59-db-secret HTTP/1.1 and responded: HTTP/1.1 200 OK
Sep 09, 2020 7:35:04 AM okhttp3.mockwebserver.MockWebServer$3 processOneRequest
INFO: MockWebServer[48881] received request: GET /api/v1/namespaces/entando-k8s-operator-common-cmms59/secrets/sample-name-cmms59-db-secret HTTP/1.1 and responded: HTTP/1.1 200 OK
Sep 09, 2020 7:35:04 AM okhttp3.mockwebserver.MockWebServer$3 processOneRequest
INFO: MockWebServer[48881] received request: GET /api/v1/namespaces/entando-k8s-operator-common-cmms59/secrets/entando-default-ca-secret HTTP/1.1 and responded: HTTP/1.1 200 OK
Sep 09, 2020 7:35:04 AM okhttp3.mockwebserver.MockWebServer$3 processOneRequest
INFO: MockWebServer[48881] received request: GET /api/v1/namespaces/entando-k8s-operator-common-cmms59/secrets/sample-name-cmms59-*****-secret HTTP/1.1 and responded: HTTP/1.1 200 OK
Sep 09, 2020 7:35:04 AM okhttp3.mockwebserver.MockWebServer$3 processOneRequest
INFO: MockWebServer[48881] received request: GET /api/v1/namespaces/entando-k8s-operator-common-cmms59/secrets/sample-name-cmms59-*****-secret HTTP/1.1 and responded: HTTP/1.1 200 OK
Sep 09, 2020 7:35:05 AM okhttp3.mockwebserver.MockWebServer$3 processOneRequest
INFO: MockWebServer[48881] received request: GET /api/v1/namespaces/entando-k8s-operator-common-cmms59/secrets/sample-name-cmms59-db-secret HTTP/1.1 and responded: HTTP/1.1 200 OK
Sep 09, 2020 7:35:05 AM okhttp3.mockwebserver.MockWebServer$3 processOneRequest
INFO: MockWebServer[48881] received request: GET /api/v1/namespaces/entando-k8s-operator-common-cmms59/secrets/sample-name-cmms59-db-secret HTTP/1.1 and responded: HTTP/1.1 200 OK
Sep 09, 2020 7:35:05 AM okhttp3.mockwebserver.MockWebServer$3 processOneRequest
INFO: MockWebServer[48881] received request: GET /api/v1/namespaces/entando-k8s-operator-common-cmms59/secrets/some-client-secret HTTP/1.1 and responded: HTTP/1.1 200 OK
Sep 09, 2020 7:35:05 AM okhttp3.mockwebserver.MockWebServer$3 processOneRequest
INFO: MockWebServer[48881] received request: GET /api/v1/namespaces/entando-k8s-operator-common-cmms59/secrets/some-client-secret HTTP/1.1 and responded: HTTP/1.1 200 OK
Sep 09, 2020 7:35:05 AM okhttp3.mockwebserver.MockWebServer$3 processOneRequest
INFO: MockWebServer[48881] received request: GET /api/v1/namespaces/entando-k8s-operator-common-cmms59/secrets/sample-name-cmms59-db-secret HTTP/1.1 and responded: HTTP/1.1 200 OK
Sep 09, 2020 7:35:05 AM okhttp3.mockwebserver.MockWebServer$3 processOneRequest
INFO: MockWebServer[48881] received request: GET /api/v1/namespaces/entando-k8s-operator-common-cmms59/secrets/sample-name-cmms59-db-secret HTTP/1.1 and responded: HTTP/1.1 200 OK
Sep 09, 2020 7:35:05 AM okhttp3.mockwebserver.MockWebServer$3 processOneRequest
INFO: MockWebServer[48881] received request: GET /api/v1/namespaces/entando-k8s-operator-common-cmms59/secrets/entando-default-ca-secret HTTP/1.1 and responded: HTTP/1.1 200 OK
Sep 09, 2020 7:35:05 AM okhttp3.mockwebserver.MockWebServer$3 processOneRequest
INFO: MockWebServer[48881] received request: GET /api/v1/namespaces/entando-k8s-operator-common-cmms59/secrets/sample-name-cmms59-*****-secret HTTP/1.1 and responded: HTTP/1.1 200 OK
Sep 09, 2020 7:35:05 AM okhttp3.mockwebserver.MockWebServer$3 processOneRequest
INFO: MockWebServer[48881] received request: GET /api/v1/namespaces/entando-k8s-operator-common-cmms59/secrets/sample-name-cmms59-*****-secret HTTP/1.1 and responded: HTTP/1.1 200 OK
Sep 09, 2020 7:35:05 AM okhttp3.mockwebserver.MockWebServer$3 processOneRequest
INFO: MockWebServer[48881] received request: GET /api/v1/namespaces/entando-k8s-operator-common-cmms59/secrets/sample-name-cmms59-db-secret HTTP/1.1 and responded: HTTP/1.1 200 OK
Sep 09, 2020 7:35:05 AM okhttp3.mockwebserver.MockWebServer$3 processOneRequest
INFO: MockWebServer[48881] received request: GET /api/v1/namespaces/entando-k8s-operator-common-cmms59/secrets/sample-name-cmms59-db-secret HTTP/1.1 and responded: HTTP/1.1 200 OK
Sep 09, 2020 7:35:05 AM okhttp3.mockwebserver.MockWebServer$3 processOneRequest
INFO: MockWebServer[48881] received request: GET /api/v1/namespaces/entando-k8s-operator-common-cmms59/persistentvolumeclaims/sample-name-cmms59-server-pvc HTTP/1.1 and responded: HTTP/1.1 200 OK
Sep 09, 2020 7:35:06 AM okhttp3.mockwebserver.MockWebServer$3 processOneRequest
INFO: MockWebServer[48881] received request: GET /api/v1/namespaces/entando-k8s-operator-common-cmms59/persistentvolumeclaims/sample-name-cmms59-server-pvc HTTP/1.1 and responded: HTTP/1.1 200 OK
Sep 09, 2020 7:35:06 AM okhttp3.mockwebserver.MockWebServer$3 processOneRequest
INFO: MockWebServer[48881] received request: GET /api/v1/namespaces/entando-k8s-operator-common-cmms59/secrets/entando-default-ca-secret HTTP/1.1 and responded: HTTP/1.1 200 OK
Sep 09, 2020 7:35:06 AM okhttp3.mockwebserver.MockWebServer$3 processOneRequest
INFO: MockWebServer[48881] received request: GET /apis/apps/v1/namespaces/entando-k8s-operator-common-cmms59/deployments/sample-name-cmms59-db-deployment HTTP/1.1 and responded: HTTP/1.1 200 OK
Sep 09, 2020 7:35:06 AM okhttp3.mockwebserver.MockWebServer$3 processOneRequest
INFO: MockWebServer[48881] received request: GET /apis/extensions/v1beta1/namespaces/entando-k8s-operator-common-cmms59/ingresses/sample-name-cmms59-ingress HTTP/1.1 and responded: HTTP/1.1 200 OK
Sep 09, 2020 7:35:06 AM okhttp3.mockwebserver.MockWebServer$3 processOneRequest
INFO: MockWebServer[48881] received request: GET /api/v1/namespaces/entando/configmaps/entando-docker-image-info-v6.1 HTTP/1.1 and responded: HTTP/1.1 404 Client Error
Sep 09, 2020 7:35:06 AM okhttp3.mockwebserver.MockWebServer$3 processOneRequest
INFO: MockWebServer[48881] received request: GET /apis/entando.org/v1/namespaces/entando-k8s-operator-common-cmms59/entandoplugins/other-name-cmms59 HTTP/1.1 and responded: HTTP/1.1 404 Client Error
Sep 09, 2020 7:35:06 AM okhttp3.mockwebserver.MockWebServer$3 processOneRequest
INFO: MockWebServer[48881] received request: POST /apis/entando.org/v1/namespaces/entando-k8s-operator-common-cmms59/entandoplugins HTTP/1.1 and responded: HTTP/1.1 202 OK
Sep 09, 2020 7:35:06 AM okhttp3.mockwebserver.MockWebServer$3 processOneRequest
INFO: MockWebServer[48881] received request: GET /apis/entando.org/v1/namespaces/entando-k8s-operator-common-cmms59/entandoplugins/other-name-cmms59 HTTP/1.1 and responded: HTTP/1.1 200 OK
Sep 09, 2020 7:35:06 AM okhttp3.mockwebserver.MockWebServer$3 processOneRequest
INFO: MockWebServer[48881] received request: GET /apis/entando.org/v1/namespaces/entando-k8s-operator-common-cmms59/entandoplugins/other-name-cmms59 HTTP/1.1 and responded: HTTP/1.1 200 OK
Sep 09, 2020 7:35:06 AM okhttp3.mockwebserver.MockWebServer$3 processOneRequest
INFO: MockWebServer[48881] received request: GET /apis/entando.org/v1/namespaces/entando-k8s-operator-common-cmms59/entandoplugins/other-name-cmms59 HTTP/1.1 and responded: HTTP/1.1 200 OK
Sep 09, 2020 7:35:07 AM okhttp3.mockwebserver.MockWebServer$3 processOneRequest
INFO: MockWebServer[48881] received request: GET /apis/entando.org/v1/namespaces/entando-k8s-operator-common-cmms59/entandoplugins/other-name-cmms59 HTTP/1.1 and responded: HTTP/1.1 200 OK
Sep 09, 2020 7:35:07 AM okhttp3.mockwebserver.MockWebServer$3 processOneRequest
INFO: MockWebServer[48881] received request: GET /apis/entando.org/v1/namespaces/entando-k8s-operator-common-cmms59/entandoplugins/other-name-cmms59 HTTP/1.1 and responded: HTTP/1.1 200 OK
Sep 09, 2020 7:35:07 AM okhttp3.mockwebserver.MockWebServer$3 processOneRequest
INFO: MockWebServer[48881] received request: GET /apis/entando.org/v1/namespaces/entando-k8s-operator-common-cmms59/entandoplugins/other-name-cmms59 HTTP/1.1 and responded: HTTP/1.1 200 OK
Sep 09, 2020 7:35:07 AM okhttp3.mockwebserver.MockWebServer$3 processOneRequest
INFO: MockWebServer[48881] received request: GET /apis/entando.org/v1/namespaces/entando-k8s-operator-common-cmms59/entandoplugins/other-name-cmms59 HTTP/1.1 and responded: HTTP/1.1 200 OK
Sep 09, 2020 7:35:07 AM okhttp3.mockwebserver.MockWebServer$3 processOneRequest
INFO: MockWebServer[48881] received request: GET /apis/entando.org/v1/namespaces/entando-k8s-operator-common-cmms59/entandoplugins/other-name-cmms59 HTTP/1.1 and responded: HTTP/1.1 200 OK
Sep 09, 2020 7:35:07 AM okhttp3.mockwebserver.MockWebServer$3 processOneRequest
INFO: MockWebServer[48881] received request: GET /apis/entando.org/v1/namespaces/entando-k8s-operator-common-cmms59/entandoplugins/other-name-cmms59 HTTP/1.1 and responded: HTTP/1.1 200 OK
Sep 09, 2020 7:35:07 AM okhttp3.mockwebserver.MockWebServer$3 processOneRequest
INFO: MockWebServer[48881] received request: PATCH /apis/entando.org/v1/namespaces/entando-k8s-operator-common-cmms59/entandoplugins/other-name-cmms59 HTTP/1.1 and responded: HTTP/1.1 202 OK
Sep 09, 2020 7:35:07 AM okhttp3.mockwebserver.MockWebServer$3 processOneRequest
INFO: MockWebServer[48881] received request: GET /apis/entando.org/v1/namespaces/entando-k8s-operator-common-cmms59/entandodatabaseservices HTTP/1.1 and responded: HTTP/1.1 200 OK
Sep 09, 2020 7:35:07 AM okhttp3.mockwebserver.MockWebServer$3 processOneRequest
INFO: MockWebServer[48881] received request: GET /apis/entando.org/v1/namespaces/entando-k8s-operator-common-cmms59/entandoplugins/other-name-cmms59 HTTP/1.1 and responded: HTTP/1.1 200 OK
Sep 09, 2020 7:35:07 AM okhttp3.mockwebserver.MockWebServer$3 processOneRequest
INFO: MockWebServer[48881] received request: GET /api/v1/namespaces/entando/configmaps/entando-docker-image-info-v6.1 HTTP/1.1 and responded: HTTP/1.1 404 Client Error
Sep 09, 2020 7:35:07 AM okhttp3.mockwebserver.MockWebServer$3 processOneRequest
INFO: MockWebServer[48881] received request: GET /api/v1/namespaces/entando-k8s-operator-common-cmms59/persistentvolumeclaims/other-name-cmms59-db-pvc HTTP/1.1 and responded: HTTP/1.1 404 Client Error
Sep 09, 2020 7:35:07 AM okhttp3.mockwebserver.MockWebServer$3 processOneRequest
INFO: MockWebServer[48881] received request: GET /apis/entando.org/v1/namespaces/entando-k8s-operator-common-cmms59/entandoplugins/other-name-cmms59 HTTP/1.1 and responded: HTTP/1.1 200 OK
Sep 09, 2020 7:35:07 AM okhttp3.mockwebserver.MockWebServer$3 processOneRequest
INFO: MockWebServer[48881] received request: POST /api/v1/namespaces/entando-k8s-operator-common-cmms59/persistentvolumeclaims HTTP/1.1 and responded: HTTP/1.1 202 OK
Sep 09, 2020 7:35:07 AM okhttp3.mockwebserver.MockWebServer$3 processOneRequest
INFO: MockWebServer[48881] received request: GET /apis/entando.org/v1/namespaces/entando-k8s-operator-common-cmms59/entandoplugins/other-name-cmms59 HTTP/1.1 and responded: HTTP/1.1 200 OK
Sep 09, 2020 7:35:07 AM okhttp3.mockwebserver.MockWebServer$3 processOneRequest
INFO: MockWebServer[48881] received request: GET /api/v1/namespaces/entando-k8s-operator-common-cmms59/persistentvolumeclaims/other-name-cmms59-db-pvc HTTP/1.1 and responded: HTTP/1.1 200 OK
Sep 09, 2020 7:35:07 AM okhttp3.mockwebserver.MockWebServer$3 processOneRequest
INFO: MockWebServer[48881] received request: GET /apis/entando.org/v1/namespaces/entando-k8s-operator-common-cmms59/entandoplugins/other-name-cmms59 HTTP/1.1 and responded: HTTP/1.1 200 OK
Sep 09, 2020 7:35:07 AM okhttp3.mockwebserver.MockWebServer$3 processOneRequest
INFO: MockWebServer[48881] received request: GET /apis/entando.org/v1/namespaces/entando-k8s-operator-common-cmms59/entandoplugins/other-name-cmms59 HTTP/1.1 and responded: HTTP/1.1 200 OK
Sep 09, 2020 7:35:07 AM okhttp3.mockwebserver.MockWebServer$3 processOneRequest
INFO: MockWebServer[48881] received request: GET /apis/entando.org/v1/namespaces/entando-k8s-operator-common-cmms59/entandoplugins/other-name-cmms59 HTTP/1.1 and responded: HTTP/1.1 200 OK
Sep 09, 2020 7:35:07 AM okhttp3.mockwebserver.MockWebServer$3 processOneRequest
INFO: MockWebServer[48881] received request: PATCH /apis/entando.org/v1/namespaces/entando-k8s-operator-common-cmms59/entandoplugins/other-name-cmms59 HTTP/1.1 and responded: HTTP/1.1 202 OK
Sep 09, 2020 7:35:08 AM okhttp3.mockwebserver.MockWebServer$3 processOneRequest
INFO: MockWebServer[48881] received request: GET /apis/entando.org/v1/namespaces/entando-k8s-operator-common-cmms59/entandoplugins/other-name-cmms59 HTTP/1.1 and responded: HTTP/1.1 200 OK
Sep 09, 2020 7:35:08 AM okhttp3.mockwebserver.MockWebServer$3 processOneRequest
INFO: MockWebServer[48881] received request: GET /api/v1/namespaces/entando-k8s-operator-common-cmms59/secrets/entando-default-ca-secret HTTP/1.1 and responded: HTTP/1.1 200 OK
Sep 09, 2020 7:35:08 AM okhttp3.mockwebserver.MockWebServer$3 processOneRequest
INFO: MockWebServer[48881] received request: POST /api/v1/namespaces/entando-k8s-operator-common-cmms59/secrets HTTP/1.1 and responded: HTTP/1.1 202 OK
Sep 09, 2020 7:35:08 AM okhttp3.mockwebserver.MockWebServer$3 processOneRequest
INFO: MockWebServer[48881] received request: GET /apis/entando.org/v1/namespaces/entando-k8s-operator-common-cmms59/entandoplugins/other-name-cmms59 HTTP/1.1 and responded: HTTP/1.1 200 OK
Sep 09, 2020 7:35:08 AM okhttp3.mockwebserver.MockWebServer$3 processOneRequest
INFO: MockWebServer[48881] received request: GET /api/v1/namespaces/entando-k8s-operator-common-cmms59/services/other-name-cmms59-db-service HTTP/1.1 and responded: HTTP/1.1 404 Client Error
Sep 09, 2020 7:35:08 AM okhttp3.mockwebserver.MockWebServer$3 processOneRequest
INFO: MockWebServer[48881] received request: GET /apis/entando.org/v1/namespaces/entando-k8s-operator-common-cmms59/entandoplugins/other-name-cmms59 HTTP/1.1 and responded: HTTP/1.1 200 OK
Sep 09, 2020 7:35:08 AM okhttp3.mockwebserver.MockWebServer$3 processOneRequest
INFO: MockWebServer[48881] received request: POST /api/v1/namespaces/entando-k8s-operator-common-cmms59/services HTTP/1.1 and responded: HTTP/1.1 202 OK
Sep 09, 2020 7:35:08 AM okhttp3.mockwebserver.MockWebServer$3 processOneRequest
INFO: MockWebServer[48881] received request: GET /api/v1/namespaces/entando-k8s-operator-common-cmms59/services/other-name-cmms59-db-service HTTP/1.1 and responded: HTTP/1.1 200 OK
Sep 09, 2020 7:35:08 AM okhttp3.mockwebserver.MockWebServer$3 processOneRequest
INFO: MockWebServer[48881] received request: GET /apis/entando.org/v1/namespaces/entando-k8s-operator-common-cmms59/entandoplugins/other-name-cmms59 HTTP/1.1 and responded: HTTP/1.1 200 OK
Sep 09, 2020 7:35:08 AM okhttp3.mockwebserver.MockWebServer$3 processOneRequest
INFO: MockWebServer[48881] received request: GET /apis/entando.org/v1/namespaces/entando-k8s-operator-common-cmms59/entandoplugins/other-name-cmms59 HTTP/1.1 and responded: HTTP/1.1 200 OK
Sep 09, 2020 7:35:08 AM okhttp3.mockwebserver.MockWebServer$3 processOneRequest
INFO: MockWebServer[48881] received request: GET /apis/entando.org/v1/namespaces/entando-k8s-operator-common-cmms59/entandoplugins/other-name-cmms59 HTTP/1.1 and responded: HTTP/1.1 200 OK
Sep 09, 2020 7:35:08 AM okhttp3.mockwebserver.MockWebServer$3 processOneRequest
INFO: MockWebServer[48881] received request: GET /apis/entando.org/v1/namespaces/entando-k8s-operator-common-cmms59/entandoplugins/other-name-cmms59 HTTP/1.1 and responded: HTTP/1.1 200 OK
Sep 09, 2020 7:35:08 AM okhttp3.mockwebserver.MockWebServer$3 processOneRequest
INFO: MockWebServer[48881] received request: PATCH /apis/entando.org/v1/namespaces/entando-k8s-operator-common-cmms59/entandoplugins/other-name-cmms59 HTTP/1.1 and responded: HTTP/1.1 202 OK
Sep 09, 2020 7:35:08 AM okhttp3.mockwebserver.MockWebServer$3 processOneRequest
INFO: MockWebServer[48881] received request: GET /apis/entando.org/v1/namespaces/entando-k8s-operator-common-cmms59/entandoplugins/other-name-cmms59 HTTP/1.1 and responded: HTTP/1.1 200 OK
Sep 09, 2020 7:35:08 AM okhttp3.mockwebserver.MockWebServer$3 processOneRequest
INFO: MockWebServer[48881] received request: GET /apis/apps/v1/namespaces/entando-k8s-operator-common-cmms59/deployments/other-name-cmms59-db-deployment HTTP/1.1 and responded: HTTP/1.1 404 Client Error
Sep 09, 2020 7:35:08 AM okhttp3.mockwebserver.MockWebServer$3 processOneRequest
INFO: MockWebServer[48881] received request: GET /apis/extensions/v1beta1/namespaces/entando-k8s-operator-common-cmms59/deployments/other-name-cmms59-db-deployment HTTP/1.1 and responded: HTTP/1.1 404 Client Error
Sep 09, 2020 7:35:08 AM okhttp3.mockwebserver.MockWebServer$3 processOneRequest
INFO: MockWebServer[48881] received request: POST /apis/apps/v1/namespaces/entando-k8s-operator-common-cmms59/deployments HTTP/1.1 and responded: HTTP/1.1 202 OK
Sep 09, 2020 7:35:08 AM okhttp3.mockwebserver.MockWebServer$3 processOneRequest
INFO: MockWebServer[48881] received request: GET /apis/apps/v1/namespaces/entando-k8s-operator-common-cmms59/deployments/other-name-cmms59-db-deployment HTTP/1.1 and responded: HTTP/1.1 200 OK
Sep 09, 2020 7:35:08 AM okhttp3.mockwebserver.MockWebServer$3 processOneRequest
INFO: MockWebServer[48881] received request: GET /apis/entando.org/v1/namespaces/entando-k8s-operator-common-cmms59/entandoplugins/other-name-cmms59 HTTP/1.1 and responded: HTTP/1.1 200 OK
Sep 09, 2020 7:35:09 AM okhttp3.mockwebserver.MockWebServer$3 processOneRequest
INFO: MockWebServer[48881] received request: GET /apis/entando.org/v1/namespaces/entando-k8s-operator-common-cmms59/entandoplugins/other-name-cmms59 HTTP/1.1 and responded: HTTP/1.1 200 OK
Sep 09, 2020 7:35:09 AM okhttp3.mockwebserver.MockWebServer$3 processOneRequest
INFO: MockWebServer[48881] received request: GET /apis/entando.org/v1/namespaces/entando-k8s-operator-common-cmms59/entandoplugins/other-name-cmms59 HTTP/1.1 and responded: HTTP/1.1 200 OK
Sep 09, 2020 7:35:09 AM okhttp3.mockwebserver.MockWebServer$3 processOneRequest
INFO: MockWebServer[48881] received request: GET /apis/entando.org/v1/namespaces/entando-k8s-operator-common-cmms59/entandoplugins/other-name-cmms59 HTTP/1.1 and responded: HTTP/1.1 200 OK
Sep 09, 2020 7:35:09 AM okhttp3.mockwebserver.MockWebServer$3 processOneRequest
INFO: MockWebServer[48881] received request: PATCH /apis/entando.org/v1/namespaces/entando-k8s-operator-common-cmms59/entandoplugins/other-name-cmms59 HTTP/1.1 and responded: HTTP/1.1 202 OK
Sep 09, 2020 7:35:09 AM okhttp3.mockwebserver.MockWebServer$3 processOneRequest
INFO: MockWebServer[48881] received request: GET /apis/entando.org/v1/namespaces/entando-k8s-operator-common-cmms59/entandoplugins/other-name-cmms59 HTTP/1.1 and responded: HTTP/1.1 200 OK
Sep 09, 2020 7:35:09 AM okhttp3.mockwebserver.MockWebServer$3 processOneRequest
INFO: MockWebServer[48881] received request: GET /api/v1/namespaces/entando-k8s-operator-common-cmms59/pods?labelSelector=deployment%3Dother-name-cmms59-db&watch=true HTTP/1.1 and responded: HTTP/1.1 200 OK
Sep 09, 2020 7:35:09 AM okhttp3.mockwebserver.MockWebServer$3 processOneRequest
INFO: MockWebServer[48881] received request: GET /api/v1/namespaces/entando-k8s-operator-common-cmms59/pods?labelSelector=deployment%3Dother-name-cmms59-db&watch=true HTTP/1.1 and responded: HTTP/1.1 200 OK
Sep 09, 2020 7:35:09 AM okhttp3.mockwebserver.MockWebServer$3 processOneRequest
INFO: MockWebServer[48881] received request: GET /apis/apps/v1/namespaces/entando-k8s-operator-common-cmms59/deployments/other-name-cmms59-db-deployment HTTP/1.1 and responded: HTTP/1.1 200 OK
Sep 09, 2020 7:35:09 AM okhttp3.mockwebserver.MockWebServer$3 processOneRequest
INFO: MockWebServer[48881] received request: GET /apis/entando.org/v1/namespaces/entando-k8s-operator-common-cmms59/entandoplugins/other-name-cmms59 HTTP/1.1 and responded: HTTP/1.1 200 OK
Sep 09, 2020 7:35:09 AM okhttp3.mockwebserver.MockWebServer$3 processOneRequest
INFO: MockWebServer[48881] received request: GET /apis/entando.org/v1/namespaces/entando-k8s-operator-common-cmms59/entandoplugins/other-name-cmms59 HTTP/1.1 and responded: HTTP/1.1 200 OK
Sep 09, 2020 7:35:09 AM io.fabric8.kubernetes.client.dsl.internal.WatchHTTPManager$1 onResponse
INFO: Watch terminated unexpectedly. reason: \n not found: limit=46 content=7b2261706956657273696f6e223a227631222c226b696e64223a224c69737422â€¦
Sep 09, 2020 7:35:09 AM io.fabric8.kubernetes.client.dsl.internal.WatchHTTPManager scheduleReconnect
WARN: Ignoring error for already closed/closing connection
Sep 09, 2020 7:35:09 AM okhttp3.mockwebserver.MockWebServer$3 processOneRequest
INFO: MockWebServer[48881] received request: GET /apis/entando.org/v1/namespaces/entando-k8s-operator-common-cmms59/entandoplugins/other-name-cmms59 HTTP/1.1 and responded: HTTP/1.1 200 OK
Sep 09, 2020 7:35:09 AM okhttp3.mockwebserver.MockWebServer$3 processOneRequest
INFO: MockWebServer[48881] received request: GET /apis/entando.org/v1/namespaces/entando-k8s-operator-common-cmms59/entandoplugins/other-name-cmms59 HTTP/1.1 and responded: HTTP/1.1 200 OK
Sep 09, 2020 7:35:09 AM okhttp3.mockwebserver.MockWebServer$3 processOneRequest
INFO: MockWebServer[48881] received request: PATCH /apis/entando.org/v1/namespaces/entando-k8s-operator-common-cmms59/entandoplugins/other-name-cmms59 HTTP/1.1 and responded: HTTP/1.1 202 OK
Sep 09, 2020 7:35:09 AM okhttp3.mockwebserver.MockWebServer$3 processOneRequest
INFO: MockWebServer[48881] received request: GET /api/v1/namespaces/test/secrets/keycloak-*****-secret HTTP/1.1 and responded: HTTP/1.1 200 OK
Sep 09, 2020 7:35:09 AM okhttp3.mockwebserver.MockWebServer$3 processOneRequest
INFO: MockWebServer[48881] received request: GET /apis/entando.org/v1/namespaces/entando-k8s-operator-common-cmms59/entandoplugins/other-name-cmms59 HTTP/1.1 and responded: HTTP/1.1 200 OK
Sep 09, 2020 7:35:09 AM okhttp3.mockwebserver.MockWebServer$3 processOneRequest
INFO: MockWebServer[48881] received request: GET /api/v1/namespaces/entando/configmaps/entando-docker-image-info-v6.1 HTTP/1.1 and responded: HTTP/1.1 404 Client Error
Sep 09, 2020 7:35:09 AM okhttp3.mockwebserver.MockWebServer$3 processOneRequest
INFO: MockWebServer[48881] received request: POST /api/v1/namespaces/entando-k8s-operator-common-cmms59/secrets HTTP/1.1 and responded: HTTP/1.1 202 OK
Sep 09, 2020 7:35:09 AM okhttp3.mockwebserver.MockWebServer$3 processOneRequest
INFO: MockWebServer[48881] received request: GET /apis/entando.org/v1/namespaces/entando-k8s-operator-common-cmms59/entandoplugins/other-name-cmms59 HTTP/1.1 and responded: HTTP/1.1 200 OK
Sep 09, 2020 7:35:09 AM okhttp3.mockwebserver.MockWebServer$3 processOneRequest
INFO: MockWebServer[48881] received request: POST /api/v1/namespaces/entando-k8s-operator-common-cmms59/pods HTTP/1.1 and responded: HTTP/1.1 202 OK
Sep 09, 2020 7:35:09 AM okhttp3.mockwebserver.MockWebServer$3 processOneRequest
INFO: MockWebServer[48881] received request: GET /api/v1/namespaces/entando-k8s-operator-common-cmms59/pods?fieldSelector=metadata.name%3Dother-name-cmms59-db-preparation-job-565a31d1-2&watch=true HTTP/1.1 and responded: HTTP/1.1 200 OK
Sep 09, 2020 7:35:09 AM okhttp3.mockwebserver.MockWebServer$3 processOneRequest
INFO: MockWebServer[48881] received request: GET /apis/entando.org/v1/namespaces/entando-k8s-operator-common-cmms59/entandoplugins/other-name-cmms59 HTTP/1.1 and responded: HTTP/1.1 200 OK
Sep 09, 2020 7:35:09 AM okhttp3.mockwebserver.MockWebServer$3 processOneRequest
INFO: MockWebServer[48881] received request: GET /api/v1/namespaces/entando-k8s-operator-common-cmms59/pods?labelSelector=dbJob%3Dother-name-cmms59-db-preparation-job HTTP/1.1 and responded: HTTP/1.1 200 OK
Sep 09, 2020 7:35:10 AM okhttp3.mockwebserver.MockWebServer$3 processOneRequest
INFO: MockWebServer[48881] received request: GET /api/v1/namespaces/entando-k8s-operator-common-cmms59/pods?fieldSelector=metadata.name%3Dother-name-cmms59-db-preparation-job-565a31d1-2&watch=true HTTP/1.1 and responded: HTTP/1.1 200 OK
Sep 09, 2020 7:35:10 AM okhttp3.mockwebserver.MockWebServer$3 processOneRequest
INFO: MockWebServer[48881] received request: GET /apis/entando.org/v1/namespaces/entando-k8s-operator-common-cmms59/entandoplugins/other-name-cmms59 HTTP/1.1 and responded: HTTP/1.1 200 OK
Sep 09, 2020 7:35:10 AM io.fabric8.kubernetes.client.dsl.internal.WatchHTTPManager$1 onResponse
INFO: Watch terminated unexpectedly. reason: \n not found: limit=4219 content=7b2261706956657273696f6e223a227631222c226b696e64223a224c69737422â€¦
Sep 09, 2020 7:35:10 AM io.fabric8.kubernetes.client.dsl.internal.WatchHTTPManager scheduleReconnect
WARN: Ignoring error for already closed/closing connection
Sep 09, 2020 7:35:10 AM okhttp3.mockwebserver.MockWebServer$3 processOneRequest
INFO: MockWebServer[48881] received request: GET /apis/entando.org/v1/namespaces/entando-k8s-operator-common-cmms59/entandoplugins/other-name-cmms59 HTTP/1.1 and responded: HTTP/1.1 200 OK
Sep 09, 2020 7:35:10 AM okhttp3.mockwebserver.MockWebServer$3 processOneRequest
INFO: MockWebServer[48881] received request: GET /apis/entando.org/v1/namespaces/entando-k8s-operator-common-cmms59/entandoplugins/other-name-cmms59 HTTP/1.1 and responded: HTTP/1.1 200 OK
Sep 09, 2020 7:35:10 AM okhttp3.mockwebserver.MockWebServer$3 processOneRequest
INFO: MockWebServer[48881] received request: PATCH /apis/entando.org/v1/namespaces/entando-k8s-operator-common-cmms59/entandoplugins/other-name-cmms59 HTTP/1.1 and responded: HTTP/1.1 202 OK
Sep 09, 2020 7:35:10 AM okhttp3.mockwebserver.MockWebServer$3 processOneRequest
INFO: MockWebServer[48881] received request: GET /apis/entando.org/v1/namespaces/entando-k8s-operator-common-cmms59/entandoplugins/other-name-cmms59 HTTP/1.1 and responded: HTTP/1.1 200 OK
Sep 09, 2020 7:35:10 AM okhttp3.mockwebserver.MockWebServer$3 processOneRequest
INFO: MockWebServer[48881] received request: GET /api/v1/namespaces/entando-k8s-operator-common-cmms59/persistentvolumeclaims/other-name-cmms59-server-pvc HTTP/1.1 and responded: HTTP/1.1 404 Client Error
Sep 09, 2020 7:35:10 AM okhttp3.mockwebserver.MockWebServer$3 processOneRequest
INFO: MockWebServer[48881] received request: POST /api/v1/namespaces/entando-k8s-operator-common-cmms59/persistentvolumeclaims HTTP/1.1 and responded: HTTP/1.1 202 OK
Sep 09, 2020 7:35:10 AM okhttp3.mockwebserver.MockWebServer$3 processOneRequest
INFO: MockWebServer[48881] received request: GET /apis/entando.org/v1/namespaces/entando-k8s-operator-common-cmms59/entandoplugins/other-name-cmms59 HTTP/1.1 and responded: HTTP/1.1 200 OK
Sep 09, 2020 7:35:10 AM okhttp3.mockwebserver.MockWebServer$3 processOneRequest
INFO: MockWebServer[48881] received request: GET /api/v1/namespaces/entando-k8s-operator-common-cmms59/persistentvolumeclaims/other-name-cmms59-server-pvc HTTP/1.1 and responded: HTTP/1.1 200 OK
Sep 09, 2020 7:35:10 AM okhttp3.mockwebserver.MockWebServer$3 processOneRequest
INFO: MockWebServer[48881] received request: GET /apis/entando.org/v1/namespaces/entando-k8s-operator-common-cmms59/entandoplugins/other-name-cmms59 HTTP/1.1 and responded: HTTP/1.1 200 OK
Sep 09, 2020 7:35:10 AM okhttp3.mockwebserver.MockWebServer$3 processOneRequest
INFO: MockWebServer[48881] received request: GET /apis/entando.org/v1/namespaces/entando-k8s-operator-common-cmms59/entandoplugins/other-name-cmms59 HTTP/1.1 and responded: HTTP/1.1 200 OK
Sep 09, 2020 7:35:10 AM okhttp3.mockwebserver.MockWebServer$3 processOneRequest
INFO: MockWebServer[48881] received request: GET /apis/entando.org/v1/namespaces/entando-k8s-operator-common-cmms59/entandoplugins/other-name-cmms59 HTTP/1.1 and responded: HTTP/1.1 200 OK
Sep 09, 2020 7:35:10 AM okhttp3.mockwebserver.MockWebServer$3 processOneRequest
INFO: MockWebServer[48881] received request: GET /apis/entando.org/v1/namespaces/entando-k8s-operator-common-cmms59/entandoplugins/other-name-cmms59 HTTP/1.1 and responded: HTTP/1.1 200 OK
Sep 09, 2020 7:35:10 AM okhttp3.mockwebserver.MockWebServer$3 processOneRequest
INFO: MockWebServer[48881] received request: PATCH /apis/entando.org/v1/namespaces/entando-k8s-operator-common-cmms59/entandoplugins/other-name-cmms59 HTTP/1.1 and responded: HTTP/1.1 202 OK
Sep 09, 2020 7:35:10 AM okhttp3.mockwebserver.MockWebServer$3 processOneRequest
INFO: MockWebServer[48881] received request: GET /api/v1/namespaces/entando-k8s-operator-common-cmms59/secrets/entando-default-ca-secret HTTP/1.1 and responded: HTTP/1.1 200 OK
Sep 09, 2020 7:35:10 AM okhttp3.mockwebserver.MockWebServer$3 processOneRequest
INFO: MockWebServer[48881] received request: GET /apis/entando.org/v1/namespaces/entando-k8s-operator-common-cmms59/entandoplugins/other-name-cmms59 HTTP/1.1 and responded: HTTP/1.1 200 OK
Sep 09, 2020 7:35:10 AM okhttp3.mockwebserver.MockWebServer$3 processOneRequest
INFO: MockWebServer[48881] received request: POST /api/v1/namespaces/entando-k8s-operator-common-cmms59/secrets HTTP/1.1 and responded: HTTP/1.1 202 OK
Sep 09, 2020 7:35:10 AM okhttp3.mockwebserver.MockWebServer$3 processOneRequest
INFO: MockWebServer[48881] received request: GET /api/v1/namespaces/entando-k8s-operator-common-cmms59/serviceaccounts/plugin HTTP/1.1 and responded: HTTP/1.1 200 OK
Sep 09, 2020 7:35:10 AM okhttp3.mockwebserver.MockWebServer$3 processOneRequest
INFO: MockWebServer[48881] received request: GET /apis/entando.org/v1/namespaces/entando-k8s-operator-common-cmms59/entandoplugins/other-name-cmms59 HTTP/1.1 and responded: HTTP/1.1 200 OK
Sep 09, 2020 7:35:11 AM okhttp3.mockwebserver.MockWebServer$3 processOneRequest
INFO: MockWebServer[48881] received request: GET /apis/rbac.authorization.k8s.io/v1/namespaces/entando-k8s-operator-common-cmms59/roles/plugin HTTP/1.1 and responded: HTTP/1.1 200 OK
Sep 09, 2020 7:35:11 AM okhttp3.mockwebserver.MockWebServer$3 processOneRequest
INFO: MockWebServer[48881] received request: GET /apis/rbac.authorization.k8s.io/v1/namespaces/entando-k8s-operator-common-cmms59/rolebindings/plugin-rolebinding HTTP/1.1 and responded: HTTP/1.1 200 OK
Sep 09, 2020 7:35:11 AM okhttp3.mockwebserver.MockWebServer$3 processOneRequest
INFO: MockWebServer[48881] received request: GET /apis/entando.org/v1/namespaces/entando-k8s-operator-common-cmms59/entandoplugins/other-name-cmms59 HTTP/1.1 and responded: HTTP/1.1 200 OK
Sep 09, 2020 7:35:11 AM okhttp3.mockwebserver.MockWebServer$3 processOneRequest
INFO: MockWebServer[48881] received request: GET /api/v1/namespaces/entando-k8s-operator-common-cmms59/services/other-name-cmms59-server-service HTTP/1.1 and responded: HTTP/1.1 404 Client Error
Sep 09, 2020 7:35:11 AM okhttp3.mockwebserver.MockWebServer$3 processOneRequest
INFO: MockWebServer[48881] received request: GET /apis/entando.org/v1/namespaces/entando-k8s-operator-common-cmms59/entandoplugins/other-name-cmms59 HTTP/1.1 and responded: HTTP/1.1 200 OK
Sep 09, 2020 7:35:11 AM okhttp3.mockwebserver.MockWebServer$3 processOneRequest
INFO: MockWebServer[48881] received request: POST /api/v1/namespaces/entando-k8s-operator-common-cmms59/services HTTP/1.1 and responded: HTTP/1.1 202 OK
Sep 09, 2020 7:35:11 AM okhttp3.mockwebserver.MockWebServer$3 processOneRequest
INFO: MockWebServer[48881] received request: GET /api/v1/namespaces/entando-k8s-operator-common-cmms59/services/other-name-cmms59-server-service HTTP/1.1 and responded: HTTP/1.1 200 OK
Sep 09, 2020 7:35:11 AM okhttp3.mockwebserver.MockWebServer$3 processOneRequest
INFO: MockWebServer[48881] received request: GET /apis/entando.org/v1/namespaces/entando-k8s-operator-common-cmms59/entandoplugins/other-name-cmms59 HTTP/1.1 and responded: HTTP/1.1 200 OK
Sep 09, 2020 7:35:11 AM okhttp3.mockwebserver.MockWebServer$3 processOneRequest
INFO: MockWebServer[48881] received request: GET /apis/entando.org/v1/namespaces/entando-k8s-operator-common-cmms59/entandoplugins/other-name-cmms59 HTTP/1.1 and responded: HTTP/1.1 200 OK
Sep 09, 2020 7:35:11 AM okhttp3.mockwebserver.MockWebServer$3 processOneRequest
INFO: MockWebServer[48881] received request: GET /apis/entando.org/v1/namespaces/entando-k8s-operator-common-cmms59/entandoplugins/other-name-cmms59 HTTP/1.1 and responded: HTTP/1.1 200 OK
Sep 09, 2020 7:35:11 AM okhttp3.mockwebserver.MockWebServer$3 processOneRequest
INFO: MockWebServer[48881] received request: PATCH /apis/entando.org/v1/namespaces/entando-k8s-operator-common-cmms59/entandoplugins/other-name-cmms59 HTTP/1.1 and responded: HTTP/1.1 202 OK
Sep 09, 2020 7:35:11 AM okhttp3.mockwebserver.MockWebServer$3 processOneRequest
INFO: MockWebServer[48881] received request: GET /apis/entando.org/v1/namespaces/entando-k8s-operator-common-cmms59/entandoplugins/other-name-cmms59 HTTP/1.1 and responded: HTTP/1.1 200 OK
Sep 09, 2020 7:35:11 AM okhttp3.mockwebserver.MockWebServer$3 processOneRequest
INFO: MockWebServer[48881] received request: GET /apis/extensions/v1beta1/namespaces/entando-k8s-operator-common-cmms59/ingresses/sample-name-cmms59-ingress HTTP/1.1 and responded: HTTP/1.1 200 OK
Sep 09, 2020 7:35:11 AM okhttp3.mockwebserver.MockWebServer$3 processOneRequest
INFO: MockWebServer[48881] received request: GET /apis/extensions/v1beta1/namespaces/entando-k8s-operator-common-cmms59/ingresses/sample-name-cmms59-ingress HTTP/1.1 and responded: HTTP/1.1 200 OK
Sep 09, 2020 7:35:11 AM okhttp3.mockwebserver.MockWebServer$3 processOneRequest
INFO: MockWebServer[48881] received request: GET /apis/entando.org/v1/namespaces/entando-k8s-operator-common-cmms59/entandoplugins/other-name-cmms59 HTTP/1.1 and responded: HTTP/1.1 200 OK
Sep 09, 2020 7:35:11 AM okhttp3.mockwebserver.MockWebServer$3 processOneRequest
INFO: MockWebServer[48881] received request: GET /apis/extensions/v1beta1/namespaces/entando-k8s-operator-common-cmms59/ingresses/sample-name-cmms59-ingress HTTP/1.1 and responded: HTTP/1.1 200 OK
Sep 09, 2020 7:35:11 AM okhttp3.mockwebserver.MockWebServer$3 processOneRequest
INFO: MockWebServer[48881] received request: GET /apis/entando.org/v1/namespaces/entando-k8s-operator-common-cmms59/entandoplugins/other-name-cmms59 HTTP/1.1 and responded: HTTP/1.1 200 OK
Sep 09, 2020 7:35:11 AM okhttp3.mockwebserver.MockWebServer$3 processOneRequest
INFO: MockWebServer[48881] received request: PATCH /apis/extensions/v1beta1/namespaces/entando-k8s-operator-common-cmms59/ingresses/sample-name-cmms59-ingress HTTP/1.1 and responded: HTTP/1.1 202 OK
Sep 09, 2020 7:35:11 AM okhttp3.mockwebserver.MockWebServer$3 processOneRequest
INFO: MockWebServer[48881] received request: GET /apis/extensions/v1beta1/namespaces/entando-k8s-operator-common-cmms59/ingresses/sample-name-cmms59-ingress HTTP/1.1 and responded: HTTP/1.1 200 OK
Sep 09, 2020 7:35:12 AM okhttp3.mockwebserver.MockWebServer$3 processOneRequest
INFO: MockWebServer[48881] received request: GET /apis/extensions/v1beta1/namespaces/entando-k8s-operator-common-cmms59/ingresses/sample-name-cmms59-ingress HTTP/1.1 and responded: HTTP/1.1 200 OK
Sep 09, 2020 7:35:12 AM okhttp3.mockwebserver.MockWebServer$3 processOneRequest
INFO: MockWebServer[48881] received request: GET /apis/entando.org/v1/namespaces/entando-k8s-operator-common-cmms59/entandoplugins/other-name-cmms59 HTTP/1.1 and responded: HTTP/1.1 200 OK
Sep 09, 2020 7:35:12 AM okhttp3.mockwebserver.MockWebServer$3 processOneRequest
INFO: MockWebServer[48881] received request: GET /apis/entando.org/v1/namespaces/entando-k8s-operator-common-cmms59/entandoplugins/other-name-cmms59 HTTP/1.1 and responded: HTTP/1.1 200 OK
Sep 09, 2020 7:35:12 AM okhttp3.mockwebserver.MockWebServer$3 processOneRequest
INFO: MockWebServer[48881] received request: GET /apis/entando.org/v1/namespaces/entando-k8s-operator-common-cmms59/entandoplugins/other-name-cmms59 HTTP/1.1 and responded: HTTP/1.1 200 OK
Sep 09, 2020 7:35:12 AM okhttp3.mockwebserver.MockWebServer$3 processOneRequest
INFO: MockWebServer[48881] received request: GET /apis/entando.org/v1/namespaces/entando-k8s-operator-common-cmms59/entandoplugins/other-name-cmms59 HTTP/1.1 and responded: HTTP/1.1 200 OK
Sep 09, 2020 7:35:12 AM okhttp3.mockwebserver.MockWebServer$3 processOneRequest
INFO: MockWebServer[48881] received request: PATCH /apis/entando.org/v1/namespaces/entando-k8s-operator-common-cmms59/entandoplugins/other-name-cmms59 HTTP/1.1 and responded: HTTP/1.1 202 OK
Sep 09, 2020 7:35:12 AM okhttp3.mockwebserver.MockWebServer$3 processOneRequest
INFO: MockWebServer[48881] received request: GET /apis/apps/v1/namespaces/entando-k8s-operator-common-cmms59/deployments/other-name-cmms59-server-deployment HTTP/1.1 and responded: HTTP/1.1 404 Client Error
Sep 09, 2020 7:35:12 AM okhttp3.mockwebserver.MockWebServer$3 processOneRequest
INFO: MockWebServer[48881] received request: GET /apis/entando.org/v1/namespaces/entando-k8s-operator-common-cmms59/entandoplugins/other-name-cmms59 HTTP/1.1 and responded: HTTP/1.1 200 OK
Sep 09, 2020 7:35:12 AM okhttp3.mockwebserver.MockWebServer$3 processOneRequest
INFO: MockWebServer[48881] received request: GET /apis/extensions/v1beta1/namespaces/entando-k8s-operator-common-cmms59/deployments/other-name-cmms59-server-deployment HTTP/1.1 and responded: HTTP/1.1 404 Client Error
Sep 09, 2020 7:35:12 AM okhttp3.mockwebserver.MockWebServer$3 processOneRequest
INFO: MockWebServer[48881] received request: POST /apis/apps/v1/namespaces/entando-k8s-operator-common-cmms59/deployments HTTP/1.1 and responded: HTTP/1.1 202 OK
Sep 09, 2020 7:35:12 AM okhttp3.mockwebserver.MockWebServer$3 processOneRequest
INFO: MockWebServer[48881] received request: GET /apis/entando.org/v1/namespaces/entando-k8s-operator-common-cmms59/entandoplugins/other-name-cmms59 HTTP/1.1 and responded: HTTP/1.1 200 OK
Sep 09, 2020 7:35:12 AM okhttp3.mockwebserver.MockWebServer$3 processOneRequest
INFO: MockWebServer[48881] received request: GET /apis/apps/v1/namespaces/entando-k8s-operator-common-cmms59/deployments/other-name-cmms59-server-deployment HTTP/1.1 and responded: HTTP/1.1 200 OK
Sep 09, 2020 7:35:12 AM okhttp3.mockwebserver.MockWebServer$3 processOneRequest
INFO: MockWebServer[48881] received request: GET /apis/entando.org/v1/namespaces/entando-k8s-operator-common-cmms59/entandoplugins/other-name-cmms59 HTTP/1.1 and responded: HTTP/1.1 200 OK
Sep 09, 2020 7:35:12 AM okhttp3.mockwebserver.MockWebServer$3 processOneRequest
INFO: MockWebServer[48881] received request: GET /apis/entando.org/v1/namespaces/entando-k8s-operator-common-cmms59/entandoplugins/other-name-cmms59 HTTP/1.1 and responded: HTTP/1.1 200 OK
Sep 09, 2020 7:35:12 AM okhttp3.mockwebserver.MockWebServer$3 processOneRequest
INFO: MockWebServer[48881] received request: GET /apis/entando.org/v1/namespaces/entando-k8s-operator-common-cmms59/entandoplugins/other-name-cmms59 HTTP/1.1 and responded: HTTP/1.1 200 OK
Sep 09, 2020 7:35:12 AM okhttp3.mockwebserver.MockWebServer$3 processOneRequest
INFO: MockWebServer[48881] received request: GET /apis/entando.org/v1/namespaces/entando-k8s-operator-common-cmms59/entandoplugins/other-name-cmms59 HTTP/1.1 and responded: HTTP/1.1 200 OK
Sep 09, 2020 7:35:12 AM okhttp3.mockwebserver.MockWebServer$3 processOneRequest
INFO: MockWebServer[48881] received request: PATCH /apis/entando.org/v1/namespaces/entando-k8s-operator-common-cmms59/entandoplugins/other-name-cmms59 HTTP/1.1 and responded: HTTP/1.1 202 OK
Sep 09, 2020 7:35:12 AM okhttp3.mockwebserver.MockWebServer$3 processOneRequest
INFO: MockWebServer[48881] received request: GET /api/v1/namespaces/entando-k8s-operator-common-cmms59/pods?labelSelector=deployment%3Dother-name-cmms59-server&watch=true HTTP/1.1 and responded: HTTP/1.1 200 OK
Sep 09, 2020 7:35:12 AM okhttp3.mockwebserver.MockWebServer$3 processOneRequest
INFO: MockWebServer[48881] received request: GET /apis/entando.org/v1/namespaces/entando-k8s-operator-common-cmms59/entandoplugins/other-name-cmms59 HTTP/1.1 and responded: HTTP/1.1 200 OK
Sep 09, 2020 7:35:12 AM okhttp3.mockwebserver.MockWebServer$3 processOneRequest
INFO: MockWebServer[48881] received request: GET /apis/apps/v1/namespaces/entando-k8s-operator-common-cmms59/deployments/other-name-cmms59-server-deployment HTTP/1.1 and responded: HTTP/1.1 200 OK
Sep 09, 2020 7:35:13 AM okhttp3.mockwebserver.MockWebServer$3 processOneRequest
INFO: MockWebServer[48881] received request: GET /api/v1/namespaces/entando-k8s-operator-common-cmms59/pods?labelSelector=deployment%3Dother-name-cmms59-server&watch=true HTTP/1.1 and responded: HTTP/1.1 200 OK
Sep 09, 2020 7:35:13 AM okhttp3.mockwebserver.MockWebServer$3 processOneRequest
INFO: MockWebServer[48881] received request: GET /apis/entando.org/v1/namespaces/entando-k8s-operator-common-cmms59/entandoplugins/other-name-cmms59 HTTP/1.1 and responded: HTTP/1.1 200 OK
Sep 09, 2020 7:35:13 AM io.fabric8.kubernetes.client.dsl.internal.WatchHTTPManager$1 onResponse
INFO: Watch terminated unexpectedly. reason: \n not found: limit=46 content=7b2261706956657273696f6e223a227631222c226b696e64223a224c69737422â€¦
Sep 09, 2020 7:35:13 AM io.fabric8.kubernetes.client.dsl.internal.WatchHTTPManager scheduleReconnect
WARN: Ignoring error for already closed/closing connection
Sep 09, 2020 7:35:13 AM okhttp3.mockwebserver.MockWebServer$3 processOneRequest
INFO: MockWebServer[48881] received request: GET /apis/entando.org/v1/namespaces/entando-k8s-operator-common-cmms59/entandoplugins/other-name-cmms59 HTTP/1.1 and responded: HTTP/1.1 200 OK
Sep 09, 2020 7:35:13 AM okhttp3.mockwebserver.MockWebServer$3 processOneRequest
INFO: MockWebServer[48881] received request: GET /apis/entando.org/v1/namespaces/entando-k8s-operator-common-cmms59/entandoplugins/other-name-cmms59 HTTP/1.1 and responded: HTTP/1.1 200 OK
Sep 09, 2020 7:35:13 AM okhttp3.mockwebserver.MockWebServer$3 processOneRequest
INFO: MockWebServer[48881] received request: PATCH /apis/entando.org/v1/namespaces/entando-k8s-operator-common-cmms59/entandoplugins/other-name-cmms59 HTTP/1.1 and responded: HTTP/1.1 202 OK
Sep 09, 2020 7:35:13 AM okhttp3.mockwebserver.MockWebServer$3 processOneRequest
INFO: MockWebServer[48881] received request: GET /apis/entando.org/v1/namespaces/entando-k8s-operator-common-cmms59/entandoplugins/other-name-cmms59 HTTP/1.1 and responded: HTTP/1.1 200 OK
Sep 09, 2020 7:35:13 AM okhttp3.mockwebserver.MockWebServer$3 processOneRequest
INFO: MockWebServer[48881] received request: GET /apis/entando.org/v1/namespaces/entando-k8s-operator-common-cmms59/entandoplugins/other-name-cmms59 HTTP/1.1 and responded: HTTP/1.1 200 OK
Sep 09, 2020 7:35:13 AM okhttp3.mockwebserver.MockWebServer$3 processOneRequest
INFO: MockWebServer[48881] received request: GET /apis/entando.org/v1/namespaces/entando-k8s-operator-common-cmms59/entandoplugins/other-name-cmms59 HTTP/1.1 and responded: HTTP/1.1 200 OK
Sep 09, 2020 7:35:13 AM okhttp3.mockwebserver.MockWebServer$3 processOneRequest
INFO: MockWebServer[48881] received request: GET /apis/entando.org/v1/namespaces/entando-k8s-operator-common-cmms59/entandoplugins/other-name-cmms59 HTTP/1.1 and responded: HTTP/1.1 200 OK
Sep 09, 2020 7:35:13 AM okhttp3.mockwebserver.MockWebServer$3 processOneRequest
INFO: MockWebServer[48881] received request: PATCH /apis/entando.org/v1/namespaces/entando-k8s-operator-common-cmms59/entandoplugins/other-name-cmms59 HTTP/1.1 and responded: HTTP/1.1 202 OK
Sep 09, 2020 7:35:13 AM okhttp3.mockwebserver.MockWebServer$3 processOneRequest
INFO: MockWebServer[48881] received request: GET /apis/entando.org/v1/namespaces/entando-k8s-operator-common-cmms59/entandoplugins/other-name-cmms59 HTTP/1.1 and responded: HTTP/1.1 200 OK
Sep 09, 2020 7:35:13 AM okhttp3.mockwebserver.MockWebServer$3 processOneRequest
INFO: MockWebServer[48881] received request: GET /apis/entando.org/v1/namespaces/entando-k8s-operator-common-cmms59/entandoplugins/other-name-cmms59 HTTP/1.1 and responded: HTTP/1.1 200 OK
Sep 09, 2020 7:35:13 AM okhttp3.mockwebserver.MockWebServer$3 processOneRequest
INFO: MockWebServer[48881] received request: GET /apis/entando.org/v1/namespaces/entando-k8s-operator-common-cmms59/entandoplugins/other-name-cmms59 HTTP/1.1 and responded: HTTP/1.1 200 OK
Sep 09, 2020 7:35:13 AM okhttp3.mockwebserver.MockWebServer$3 processOneRequest
INFO: MockWebServer[48881] received request: GET /apis/entando.org/v1/namespaces/entando-k8s-operator-common-cmms59/entandoplugins/other-name-cmms59 HTTP/1.1 and responded: HTTP/1.1 200 OK
Sep 09, 2020 7:35:13 AM okhttp3.mockwebserver.MockWebServer$3 processOneRequest
INFO: MockWebServer[48881] received request: PATCH /apis/entando.org/v1/namespaces/entando-k8s-operator-common-cmms59/entandoplugins/other-name-cmms59 HTTP/1.1 and responded: HTTP/1.1 202 OK
Sep 09, 2020 7:35:13 AM okhttp3.mockwebserver.MockWebServer$3 processOneRequest
INFO: MockWebServer[48881] received request: GET /apis/entando.org/v1/namespaces/entando-k8s-operator-common-cmms59/entandoplugins/other-name-cmms59 HTTP/1.1 and responded: HTTP/1.1 200 OK
Sep 09, 2020 7:35:13 AM okhttp3.mockwebserver.MockWebServer$3 processOneRequest
INFO: MockWebServer[48881] received request: GET /apis/apps/v1/namespaces/entando-k8s-operator-common-cmms59/deployments/other-name-cmms59-server-deployment HTTP/1.1 and responded: HTTP/1.1 200 OK
Sep 09, 2020 7:35:13 AM okhttp3.mockwebserver.MockWebServer$3 processOneRequest
INFO: MockWebServer[48881] received request: GET /api/v1/namespaces/entando-k8s-operator-common-cmms59/secrets/other-name-cmms59-db-secret HTTP/1.1 and responded: HTTP/1.1 200 OK
Sep 09, 2020 7:35:14 AM okhttp3.mockwebserver.MockWebServer$3 processOneRequest
INFO: MockWebServer[48881] received request: GET /api/v1/namespaces/entando-k8s-operator-common-cmms59/secrets/other-name-cmms59-db-secret HTTP/1.1 and responded: HTTP/1.1 200 OK
Sep 09, 2020 7:35:14 AM okhttp3.mockwebserver.MockWebServer$3 processOneRequest
INFO: MockWebServer[48881] received request: GET /api/v1/namespaces/entando-k8s-operator-common-cmms59/secrets/entando-default-ca-secret HTTP/1.1 and responded: HTTP/1.1 200 OK
Sep 09, 2020 7:35:14 AM okhttp3.mockwebserver.MockWebServer$3 processOneRequest
INFO: MockWebServer[48881] received request: GET /api/v1/namespaces/entando-k8s-operator-common-cmms59/secrets/other-name-cmms59-*****-secret HTTP/1.1 and responded: HTTP/1.1 200 OK
Sep 09, 2020 7:35:14 AM okhttp3.mockwebserver.MockWebServer$3 processOneRequest
INFO: MockWebServer[48881] received request: GET /api/v1/namespaces/entando-k8s-operator-common-cmms59/secrets/other-name-cmms59-*****-secret HTTP/1.1 and responded: HTTP/1.1 200 OK
Sep 09, 2020 7:35:14 AM okhttp3.mockwebserver.MockWebServer$3 processOneRequest
INFO: MockWebServer[48881] received request: GET /api/v1/namespaces/entando-k8s-operator-common-cmms59/secrets/other-name-cmms59-db-secret HTTP/1.1 and responded: HTTP/1.1 200 OK
Sep 09, 2020 7:35:14 AM okhttp3.mockwebserver.MockWebServer$3 processOneRequest
INFO: MockWebServer[48881] received request: GET /api/v1/namespaces/entando-k8s-operator-common-cmms59/secrets/other-name-cmms59-db-secret HTTP/1.1 and responded: HTTP/1.1 200 OK
Sep 09, 2020 7:35:14 AM okhttp3.mockwebserver.MockWebServer$3 processOneRequest
INFO: MockWebServer[48881] received request: GET /api/v1/namespaces/entando-k8s-operator-common-cmms59/persistentvolumeclaims/other-name-cmms59-server-pvc HTTP/1.1 and responded: HTTP/1.1 200 OK
Sep 09, 2020 7:35:14 AM okhttp3.mockwebserver.MockWebServer$3 processOneRequest
INFO: MockWebServer[48881] received request: GET /api/v1/namespaces/entando-k8s-operator-common-cmms59/secrets/entando-default-ca-secret HTTP/1.1 and responded: HTTP/1.1 200 OK
Sep 09, 2020 7:35:14 AM okhttp3.mockwebserver.MockWebServer$3 processOneRequest
INFO: MockWebServer[48881] received request: GET /apis/apps/v1/namespaces/entando-k8s-operator-common-cmms59/deployments/other-name-cmms59-db-deployment HTTP/1.1 and responded: HTTP/1.1 200 OK
Sep 09, 2020 7:35:14 AM okhttp3.mockwebserver.MockWebServer$3 processOneRequest
INFO: MockWebServer[48881] received request: GET /apis/extensions/v1beta1/namespaces/entando-k8s-operator-common-cmms59/ingresses/sample-name-cmms59-ingress HTTP/1.1 and responded: HTTP/1.1 200 OK
Sep 09, 2020 7:35:14 AM okhttp3.mockwebserver.MockWebServer$2 acceptConnections
INFO: MockWebServer[48881] done accepting connections: Socket closed
[INFO] Tests run: 2, Failures: 0, Errors: 0, Skipped: 0, Time elapsed: 31.906 s - in org.entando.kubernetes.controller.inprocesstest.PublicIngressingMockServerTest
[INFO] Running org.entando.kubernetes.controller.inprocesstest.SpringBootContainerMockClientTest
[INFO] Tests run: 1, Failures: 0, Errors: 0, Skipped: 0, Time elapsed: 0.828 s - in org.entando.kubernetes.controller.inprocesstest.SpringBootContainerMockClientTest
[INFO] Running org.entando.kubernetes.controller.inprocesstest.DefaultClientTest
Sep 09, 2020 7:35:15 AM okhttp3.mockwebserver.MockWebServer$2 e**cute
INFO: MockWebServer[36075] starting to accept connections
Sep 09, 2020 7:35:15 AM okhttp3.mockwebserver.MockWebServer$3 processOneRequest
INFO: MockWebServer[36075] received request: POST /apis/extensions/v1beta1/namespaces/my-namespace/ingresses HTTP/1.1 and responded: HTTP/1.1 202 OK
Sep 09, 2020 7:35:15 AM okhttp3.mockwebserver.MockWebServer$3 processOneRequest
INFO: MockWebServer[36075] received request: GET /apis/extensions/v1beta1/namespaces/my-namespace/ingresses/my-ingress HTTP/1.1 and responded: HTTP/1.1 200 OK
Sep 09, 2020 7:35:15 AM okhttp3.mockwebserver.MockWebServer$3 processOneRequest
INFO: MockWebServer[36075] received request: GET /apis/extensions/v1beta1/namespaces/my-namespace/ingresses/my-ingress HTTP/1.1 and responded: HTTP/1.1 200 OK
Sep 09, 2020 7:35:16 AM okhttp3.mockwebserver.MockWebServer$3 processOneRequest
INFO: MockWebServer[36075] received request: PATCH /apis/extensions/v1beta1/namespaces/my-namespace/ingresses/my-ingress HTTP/1.1 and responded: HTTP/1.1 202 OK
Sep 09, 2020 7:35:16 AM okhttp3.mockwebserver.MockWebServer$2 acceptConnections
INFO: MockWebServer[36075] done accepting connections: Socket closed
[INFO] Tests run: 1, Failures: 0, Errors: 0, Skipped: 0, Time elapsed: 0.409 s - in org.entando.kubernetes.controller.inprocesstest.DefaultClientTest
[INFO] Running org.entando.kubernetes.controller.inprocesstest.ContainerUsingExternalDatabaseMockClientTest
[INFO] Tests run: 1, Failures: 0, Errors: 0, Skipped: 0, Time elapsed: 0.827 s - in org.entando.kubernetes.controller.inprocesstest.ContainerUsingExternalDatabaseMockClientTest
[INFO] Running org.entando.kubernetes.controller.inprocesstest.legacy.DeployExampleServiceOnExternalDatabaseTest
[INFO] Tests run: 2, Failures: 0, Errors: 0, Skipped: 0, Time elapsed: 1.152 s - in org.entando.kubernetes.controller.inprocesstest.legacy.DeployExampleServiceOnExternalDatabaseTest
[INFO] Running org.entando.kubernetes.controller.inprocesstest.legacy.DeployDatabaseTest
[INFO] Tests run: 5, Failures: 0, Errors: 0, Skipped: 0, Time elapsed: 2.506 s - in org.entando.kubernetes.controller.inprocesstest.legacy.DeployDatabaseTest
[INFO] Running org.entando.kubernetes.controller.inprocesstest.legacy.DeployExampleServiceTest
[INFO] Tests run: 6, Failures: 0, Errors: 0, Skipped: 0, Time elapsed: 6.183 s - in org.entando.kubernetes.controller.inprocesstest.legacy.DeployExampleServiceTest
[INFO] Running org.entando.kubernetes.controller.integrationtest.podwaiters.PodWaiterTest
MODIFIED:PodStatus(conditions=[PodCondition(lastProbeTime=null, lastTransitionTime=null, message=null, reason=null, status=True, type=PodScheduled, additionalProperties={})], containerStatuses=[ContainerStatus(containerID=null, image=null, imageID=null, lastState=null, name=null, ready=null, restartCount=null, started=null, state=ContainerState(running=null, terminated=null, waiting=null, additionalProperties={}), additionalProperties={})], ephemeralContainerStatuses=[], hostIP=null, initContainerStatuses=[ContainerStatus(containerID=null, image=null, imageID=null, lastState=null, name=null, ready=null, restartCount=null, started=null, state=ContainerState(running=null, terminated=null, waiting=null, additionalProperties={}), additionalProperties={})], message=null, nominatedNodeName=null, phase=Running, podIP=null, podIPs=[], qosClass=null, reason=null, startTime=null, additionalProperties={})
MODIFIED:PodStatus(conditions=[PodCondition(lastProbeTime=null, lastTransitionTime=null, message=null, reason=null, status=True, type=Ready, additionalProperties={}), PodCondition(lastProbeTime=null, lastTransitionTime=null, message=null, reason=null, status=True, type=ContainersReady, additionalProperties={})], containerStatuses=[ContainerStatus(containerID=null, image=null, imageID=null, lastState=null, name=null, ready=null, restartCount=null, started=null, state=ContainerState(running=null, terminated=null, waiting=null, additionalProperties={}), additionalProperties={})], ephemeralContainerStatuses=[], hostIP=null, initContainerStatuses=[ContainerStatus(containerID=null, image=null, imageID=null, lastState=null, name=null, ready=null, restartCount=null, started=null, state=ContainerState(running=null, terminated=null, waiting=null, additionalProperties={}), additionalProperties={})], message=null, nominatedNodeName=null, phase=Succeeded, podIP=null, podIPs=[], qosClass=null, reason=null, startTime=null, additionalProperties={})
Finished: foefie-faffie
MODIFIED:PodStatus(conditions=[PodCondition(lastProbeTime=null, lastTransitionTime=null, message=null, reason=null, status=True, type=PodScheduled, additionalProperties={})], containerStatuses=[ContainerStatus(containerID=null, image=null, imageID=null, lastState=null, name=null, ready=null, restartCount=null, started=null, state=ContainerState(running=null, terminated=null, waiting=null, additionalProperties={}), additionalProperties={})], ephemeralContainerStatuses=[], hostIP=null, initContainerStatuses=[ContainerStatus(containerID=null, image=null, imageID=null, lastState=null, name=null, ready=null, restartCount=null, started=null, state=ContainerState(running=null, terminated=null, waiting=null, additionalProperties={}), additionalProperties={})], message=null, nominatedNodeName=null, phase=Running, podIP=null, podIPs=[], qosClass=null, reason=null, startTime=null, additionalProperties={})
Finished: foefie-faffie
ERROR:PodStatus(conditions=[PodCondition(lastProbeTime=null, lastTransitionTime=null, message=null, reason=null, status=True, type=PodScheduled, additionalProperties={})], containerStatuses=[ContainerStatus(containerID=null, image=null, imageID=null, lastState=null, name=null, ready=null, restartCount=null, started=null, state=ContainerState(running=null, terminated=null, waiting=null, additionalProperties={}), additionalProperties={})], ephemeralContainerStatuses=[], hostIP=null, initContainerStatuses=[ContainerStatus(containerID=null, image=null, imageID=null, lastState=null, name=null, ready=null, restartCount=null, started=null, state=ContainerState(running=null, terminated=null, waiting=null, additionalProperties={}), additionalProperties={})], message=null, nominatedNodeName=null, phase=Failed, podIP=null, podIPs=[], qosClass=null, reason=Error, startTime=null, additionalProperties={})
Finished: foefie-faffie
MODIFIED:PodStatus(conditions=[PodCondition(lastProbeTime=null, lastTransitionTime=null, message=null, reason=null, status=True, type=PodScheduled, additionalProperties={})], containerStatuses=[ContainerStatus(containerID=null, image=null, imageID=null, lastState=null, name=null, ready=null, restartCount=null, started=null, state=ContainerState(running=null, terminated=null, waiting=null, additionalProperties={}), additionalProperties={})], ephemeralContainerStatuses=[], hostIP=null, initContainerStatuses=[ContainerStatus(containerID=null, image=null, imageID=null, lastState=null, name=null, ready=null, restartCount=null, started=null, state=ContainerState(running=null, terminated=null, waiting=null, additionalProperties={}), additionalProperties={})], message=null, nominatedNodeName=null, phase=Running, podIP=null, podIPs=[], qosClass=null, reason=null, startTime=null, additionalProperties={})
MODIFIED:PodStatus(conditions=[PodCondition(lastProbeTime=null, lastTransitionTime=null, message=null, reason=null, status=True, type=Ready, additionalProperties={}), PodCondition(lastProbeTime=null, lastTransitionTime=null, message=null, reason=null, status=True, type=ContainersReady, additionalProperties={})], containerStatuses=[ContainerStatus(containerID=null, image=null, imageID=null, lastState=null, name=null, ready=null, restartCount=null, started=null, state=ContainerState(running=null, terminated=null, waiting=null, additionalProperties={}), additionalProperties={})], ephemeralContainerStatuses=[], hostIP=null, initContainerStatuses=[ContainerStatus(containerID=null, image=null, imageID=null, lastState=null, name=null, ready=null, restartCount=null, started=null, state=ContainerState(running=null, terminated=null, waiting=null, additionalProperties={}), additionalProperties={})], message=null, nominatedNodeName=null, phase=Running, podIP=null, podIPs=[], qosClass=null, reason=null, startTime=null, additionalProperties={})
Finished: foefie-faffie
MODIFIED:PodStatus(conditions=[PodCondition(lastProbeTime=null, lastTransitionTime=null, message=null, reason=null, status=True, type=Ready, additionalProperties={}), PodCondition(lastProbeTime=null, lastTransitionTime=null, message=null, reason=null, status=True, type=ContainersReady, additionalProperties={})], containerStatuses=[ContainerStatus(containerID=null, image=null, imageID=null, lastState=null, name=null, ready=null, restartCount=null, started=null, state=ContainerState(running=null, terminated=null, waiting=null, additionalProperties={}), additionalProperties={})], ephemeralContainerStatuses=[], hostIP=null, initContainerStatuses=[ContainerStatus(containerID=null, image=null, imageID=null, lastState=null, name=null, ready=null, restartCount=null, started=null, state=ContainerState(running=null, terminated=null, waiting=null, additionalProperties={}), additionalProperties={})], message=null, nominatedNodeName=null, phase=Running, podIP=null, podIPs=[], qosClass=null, reason=null, startTime=null, additionalProperties={})
Finished: foefie-faffie
MODIFIED:PodStatus(conditions=[PodCondition(lastProbeTime=null, lastTransitionTime=null, message=null, reason=null, status=True, type=PodScheduled, additionalProperties={})], containerStatuses=[ContainerStatus(containerID=null, image=null, imageID=null, lastState=null, name=null, ready=null, restartCount=null, started=null, state=ContainerState(running=null, terminated=null, waiting=null, additionalProperties={}), additionalProperties={})], ephemeralContainerStatuses=[], hostIP=null, initContainerStatuses=[ContainerStatus(containerID=null, image=null, imageID=null, lastState=null, name=null, ready=null, restartCount=null, started=null, state=ContainerState(running=null, terminated=null, waiting=null, additionalProperties={}), additionalProperties={})], message=null, nominatedNodeName=null, phase=Running, podIP=null, podIPs=[], qosClass=null, reason=null, startTime=null, additionalProperties={})
Finished: foefie-faffie
MODIFIED:PodStatus(conditions=[PodCondition(lastProbeTime=null, lastTransitionTime=null, message=null, reason=null, status=True, type=Ready, additionalProperties={}), PodCondition(lastProbeTime=null, lastTransitionTime=null, message=null, reason=null, status=True, type=ContainersReady, additionalProperties={})], containerStatuses=[ContainerStatus(containerID=null, image=null, imageID=null, lastState=null, name=null, ready=null, restartCount=null, started=null, state=ContainerState(running=null, terminated=null, waiting=null, additionalProperties={}), additionalProperties={})], ephemeralContainerStatuses=[], hostIP=null, initContainerStatuses=[ContainerStatus(containerID=null, image=null, imageID=null, lastState=null, name=null, ready=null, restartCount=null, started=null, state=ContainerState(running=null, terminated=null, waiting=null, additionalProperties={}), additionalProperties={})], message=null, nominatedNodeName=null, phase=Succeeded, podIP=null, podIPs=[], qosClass=null, reason=null, startTime=null, additionalProperties={})
Finished: foefie-faffie
[ERROR] Tests run: 8, Failures: 0, Errors: 1, Skipped: 0, Time elapsed: 1.86 s <<< FAILURE! - in org.entando.kubernetes.controller.integrationtest.podwaiters.PodWaiterTest
[ERROR] readyTimeout  Time elapsed: 0.547 s  <<< ERROR!
org.awaitility.core.ConditionTimeoutException: Condition with lambda expression in org.entando.kubernetes.controller.integrationtest.podwaiters.PodWaiterTest that uses org.entando.kubernetes.controller.integrationtest.podwaiters.ServicePodWaiter was not fulfilled within 400 milliseconds.
	at org.entando.kubernetes.controller.integrationtest.podwaiters.PodWaiterTest.readyTimeout(PodWaiterTest.java:174)

[INFO] Running org.entando.kubernetes.controller.integrationtest.AddExampleWithEmbeddedDatabaseTest
!!!!!!!On EntandoKeycloakServer add!!!!!!!!!
ADDED:PodStatus(conditions=[PodCondition(lastProbeTime=null, lastTransitionTime=2020-09-09T07:35:34Z, message=null, reason=null, status=True, type=PodScheduled, additionalProperties={})], containerStatuses=[], ephemeralContainerStatuses=[], hostIP=null, initContainerStatuses=[], message=null, nominatedNodeName=null, phase=Pending, podIP=null, podIPs=[], qosClass=Burstable, reason=null, startTime=null, additionalProperties={})
MODIFIED:PodStatus(conditions=[PodCondition(lastProbeTime=null, lastTransitionTime=2020-09-09T07:35:35Z, message=null, reason=null, status=True, type=Initialized, additionalProperties={}), PodCondition(lastProbeTime=null, lastTransitionTime=2020-09-09T07:35:35Z, message=containers with unready status: [db-container], reason=ContainersNotReady, status=False, type=Ready, additionalProperties={}), PodCondition(lastProbeTime=null, lastTransitionTime=null, message=containers with unready status: [db-container], reason=ContainersNotReady, status=False, type=ContainersReady, additionalProperties={}), PodCondition(lastProbeTime=null, lastTransitionTime=2020-09-09T07:35:34Z, message=null, reason=null, status=True, type=PodScheduled, additionalProperties={})], containerStatuses=[ContainerStatus(containerID=null, image=docker.io/entando/********ql-96-centos7:latest, imageID=, lastState=ContainerState(running=null, terminated=null, waiting=null, additionalProperties={}), name=db-container, ready=false, restartCount=0, started=null, state=ContainerState(running=null, terminated=null, waiting=ContainerStateWaiting(message=null, reason=ContainerCreating, additionalProperties={}), additionalProperties={}), additionalProperties={})], ephemeralContainerStatuses=[], hostIP=54.36.53.206, initContainerStatuses=[], message=null, nominatedNodeName=null, phase=Pending, podIP=null, podIPs=[], qosClass=Burstable, reason=null, startTime=2020-09-09T07:35:35Z, additionalProperties={})
MODIFIED:PodStatus(conditions=[PodCondition(lastProbeTime=null, lastTransitionTime=2020-09-09T07:35:35Z, message=null, reason=null, status=True, type=Initialized, additionalProperties={}), PodCondition(lastProbeTime=null, lastTransitionTime=2020-09-09T07:35:35Z, message=containers with unready status: [db-container], reason=ContainersNotReady, status=False, type=Ready, additionalProperties={}), PodCondition(lastProbeTime=null, lastTransitionTime=null, message=containers with unready status: [db-container], reason=ContainersNotReady, status=False, type=ContainersReady, additionalProperties={}), PodCondition(lastProbeTime=null, lastTransitionTime=2020-09-09T07:35:34Z, message=null, reason=null, status=True, type=PodScheduled, additionalProperties={})], containerStatuses=[ContainerStatus(containerID=docker://755710dccfdeaf1951f2ff4cb4de051009f65805f6de57572759149d7a9c1c5c, image=docker.io/entando/********ql-96-centos7:latest, imageID=docker-pullable://docker.io/centos/********ql-96-centos7@sha256:f574a3f9048a68c9e1e7277009bc1123f81bdbffd1e15f875d84bbb30ff7d62a, lastState=ContainerState(running=null, terminated=null, waiting=null, additionalProperties={}), name=db-container, ready=false, restartCount=0, started=null, state=ContainerState(running=ContainerStateRunning(startedAt=2020-09-09T07:35:44Z, additionalProperties={}), terminated=null, waiting=null, additionalProperties={}), additionalProperties={})], ephemeralContainerStatuses=[], hostIP=54.36.53.206, initContainerStatuses=[], message=null, nominatedNodeName=null, phase=Running, podIP=10.128.0.58, podIPs=[], qosClass=Burstable, reason=null, startTime=2020-09-09T07:35:35Z, additionalProperties={})
MODIFIED:PodStatus(conditions=[PodCondition(lastProbeTime=null, lastTransitionTime=2020-09-09T07:35:35Z, message=null, reason=null, status=True, type=Initialized, additionalProperties={}), PodCondition(lastProbeTime=null, lastTransitionTime=2020-09-09T07:35:57Z, message=null, reason=null, status=True, type=Ready, additionalProperties={}), PodCondition(lastProbeTime=null, lastTransitionTime=null, message=null, reason=null, status=True, type=ContainersReady, additionalProperties={}), PodCondition(lastProbeTime=null, lastTransitionTime=2020-09-09T07:35:34Z, message=null, reason=null, status=True, type=PodScheduled, additionalProperties={})], containerStatuses=[ContainerStatus(containerID=docker://755710dccfdeaf1951f2ff4cb4de051009f65805f6de57572759149d7a9c1c5c, image=docker.io/entando/********ql-96-centos7:latest, imageID=docker-pullable://docker.io/centos/********ql-96-centos7@sha256:f574a3f9048a68c9e1e7277009bc1123f81bdbffd1e15f875d84bbb30ff7d62a, lastState=ContainerState(running=null, terminated=null, waiting=null, additionalProperties={}), name=db-container, ready=true, restartCount=0, started=null, state=ContainerState(running=ContainerStateRunning(startedAt=2020-09-09T07:35:44Z, additionalProperties={}), terminated=null, waiting=null, additionalProperties={}), additionalProperties={})], ephemeralContainerStatuses=[], hostIP=54.36.53.206, initContainerStatuses=[], message=null, nominatedNodeName=null, phase=Running, podIP=10.128.0.58, podIPs=[], qosClass=Burstable, reason=null, startTime=2020-09-09T07:35:35Z, additionalProperties={})
Finished: test-keycloak-cmms59-db-deployment-77fb4864d8-rtdt9
ADDED:PodStatus(conditions=[PodCondition(lastProbeTime=null, lastTransitionTime=2020-09-09T07:35:57Z, message=null, reason=null, status=True, type=PodScheduled, additionalProperties={})], containerStatuses=[], ephemeralContainerStatuses=[], hostIP=null, initContainerStatuses=[], message=null, nominatedNodeName=null, phase=Pending, podIP=null, podIPs=[], qosClass=BestEffort, reason=null, startTime=null, additionalProperties={})
MODIFIED:PodStatus(conditions=[PodCondition(lastProbeTime=null, lastTransitionTime=2020-09-09T07:35:58Z, message=containers with incomplete status: [test-keycloak-cmms59-db-schema-creation-job], reason=ContainersNotInitialized, status=False, type=Initialized, additionalProperties={}), PodCondition(lastProbeTime=null, lastTransitionTime=2020-09-09T07:35:58Z, message=containers with unready status: [dummy], reason=ContainersNotReady, status=False, type=Ready, additionalProperties={}), PodCondition(lastProbeTime=null, lastTransitionTime=null, message=containers with unready status: [dummy], reason=ContainersNotReady, status=False, type=ContainersReady, additionalProperties={}), PodCondition(lastProbeTime=null, lastTransitionTime=2020-09-09T07:35:57Z, message=null, reason=null, status=True, type=PodScheduled, additionalProperties={})], containerStatuses=[ContainerStatus(containerID=null, image=docker.io/entando/busybox:latest, imageID=, lastState=ContainerState(running=null, terminated=null, waiting=null, additionalProperties={}), name=dummy, ready=false, restartCount=0, started=null, state=ContainerState(running=null, terminated=null, waiting=ContainerStateWaiting(message=null, reason=PodInitializing, additionalProperties={}), additionalProperties={}), additionalProperties={})], ephemeralContainerStatuses=[], hostIP=54.36.53.206, initContainerStatuses=[ContainerStatus(containerID=null, image=docker.io/entando/entando-k8s-dbjob:6.1.4, imageID=, lastState=ContainerState(running=null, terminated=null, waiting=null, additionalProperties={}), name=test-keycloak-cmms59-db-schema-creation-job, ready=false, restartCount=0, started=null, state=ContainerState(running=null, terminated=null, waiting=ContainerStateWaiting(message=null, reason=PodInitializing, additionalProperties={}), additionalProperties={}), additionalProperties={})], message=null, nominatedNodeName=null, phase=Pending, podIP=null, podIPs=[], qosClass=BestEffort, reason=null, startTime=2020-09-09T07:35:58Z, additionalProperties={})
MODIFIED:PodStatus(conditions=[PodCondition(lastProbeTime=null, lastTransitionTime=2020-09-09T07:35:58Z, message=containers with incomplete status: [test-keycloak-cmms59-db-schema-creation-job], reason=ContainersNotInitialized, status=False, type=Initialized, additionalProperties={}), PodCondition(lastProbeTime=null, lastTransitionTime=2020-09-09T07:35:58Z, message=containers with unready status: [dummy], reason=ContainersNotReady, status=False, type=Ready, additionalProperties={}), PodCondition(lastProbeTime=null, lastTransitionTime=null, message=containers with unready status: [dummy], reason=ContainersNotReady, status=False, type=ContainersReady, additionalProperties={}), PodCondition(lastProbeTime=null, lastTransitionTime=2020-09-09T07:35:57Z, message=null, reason=null, status=True, type=PodScheduled, additionalProperties={})], containerStatuses=[ContainerStatus(containerID=null, image=docker.io/entando/busybox:latest, imageID=, lastState=ContainerState(running=null, terminated=null, waiting=null, additionalProperties={}), name=dummy, ready=false, restartCount=0, started=null, state=ContainerState(running=null, terminated=null, waiting=ContainerStateWaiting(message=null, reason=PodInitializing, additionalProperties={}), additionalProperties={}), additionalProperties={})], ephemeralContainerStatuses=[], hostIP=54.36.53.206, initContainerStatuses=[ContainerStatus(containerID=docker://c5f20afb0c37db0f609a994c67cc97781a8d813aecd621305ef9c33ab9fbff01, image=docker.io/entando/entando-k8s-dbjob:6.1.4, imageID=docker-pullable://docker.io/entando/entando-k8s-dbjob@sha256:a571dc5f4f72668359ed7de82b06347ef103e91ac3fc9e381259fdfff417506a, lastState=ContainerState(running=null, terminated=null, waiting=null, additionalProperties={}), name=test-keycloak-cmms59-db-schema-creation-job, ready=false, restartCount=0, started=null, state=ContainerState(running=ContainerStateRunning(startedAt=2020-09-09T07:36:03Z, additionalProperties={}), terminated=null, waiting=null, additionalProperties={}), additionalProperties={})], message=null, nominatedNodeName=null, phase=Pending, podIP=10.128.0.61, podIPs=[], qosClass=BestEffort, reason=null, startTime=2020-09-09T07:35:58Z, additionalProperties={})
MODIFIED:PodStatus(conditions=[PodCondition(lastProbeTime=null, lastTransitionTime=2020-09-09T07:36:07Z, message=null, reason=null, status=True, type=Initialized, additionalProperties={}), PodCondition(lastProbeTime=null, lastTransitionTime=2020-09-09T07:35:58Z, message=containers with unready status: [dummy], reason=ContainersNotReady, status=False, type=Ready, additionalProperties={}), PodCondition(lastProbeTime=null, lastTransitionTime=null, message=containers with unready status: [dummy], reason=ContainersNotReady, status=False, type=ContainersReady, additionalProperties={}), PodCondition(lastProbeTime=null, lastTransitionTime=2020-09-09T07:35:57Z, message=null, reason=null, status=True, type=PodScheduled, additionalProperties={})], containerStatuses=[ContainerStatus(containerID=null, image=docker.io/entando/busybox:latest, imageID=, lastState=ContainerState(running=null, terminated=null, waiting=null, additionalProperties={}), name=dummy, ready=false, restartCount=0, started=null, state=ContainerState(running=null, terminated=null, waiting=ContainerStateWaiting(message=null, reason=PodInitializing, additionalProperties={}), additionalProperties={}), additionalProperties={})], ephemeralContainerStatuses=[], hostIP=54.36.53.206, initContainerStatuses=[ContainerStatus(containerID=docker://c5f20afb0c37db0f609a994c67cc97781a8d813aecd621305ef9c33ab9fbff01, image=docker.io/entando/entando-k8s-dbjob:6.1.4, imageID=docker-pullable://docker.io/entando/entando-k8s-dbjob@sha256:a571dc5f4f72668359ed7de82b06347ef103e91ac3fc9e381259fdfff417506a, lastState=ContainerState(running=null, terminated=null, waiting=null, additionalProperties={}), name=test-keycloak-cmms59-db-schema-creation-job, ready=true, restartCount=0, started=null, state=ContainerState(running=null, terminated=ContainerStateTerminated(containerID=docker://c5f20afb0c37db0f609a994c67cc97781a8d813aecd621305ef9c33ab9fbff01, exitCode=0, finishedAt=2020-09-09T07:36:06Z, message=null, reason=Completed, signal=null, startedAt=2020-09-09T07:36:03Z, additionalProperties={}), waiting=null, additionalProperties={}), additionalProperties={})], message=null, nominatedNodeName=null, phase=Pending, podIP=10.128.0.61, podIPs=[], qosClass=BestEffort, reason=null, startTime=2020-09-09T07:35:58Z, additionalProperties={})
MODIFIED:PodStatus(conditions=[PodCondition(lastProbeTime=null, lastTransitionTime=2020-09-09T07:36:07Z, message=null, reason=PodCompleted, status=True, type=Initialized, additionalProperties={}), PodCondition(lastProbeTime=null, lastTransitionTime=2020-09-09T07:35:58Z, message=null, reason=PodCompleted, status=False, type=Ready, additionalProperties={}), PodCondition(lastProbeTime=null, lastTransitionTime=null, message=null, reason=PodCompleted, status=False, type=ContainersReady, additionalProperties={}), PodCondition(lastProbeTime=null, lastTransitionTime=2020-09-09T07:35:57Z, message=null, reason=null, status=True, type=PodScheduled, additionalProperties={})], containerStatuses=[ContainerStatus(containerID=docker://bef77e4ef0f80b46da8b4a6e1396b5793bc9044e7e43aa0e3507389913cdbc55, image=docker.io/entando/busybox:latest, imageID=docker-pullable://docker.io/entando/busybox@sha256:400ee2ed939df769d4681023810d2e4fb9479b8401d97003c710d0e20f7c49c6, lastState=ContainerState(running=null, terminated=null, waiting=null, additionalProperties={}), name=dummy, ready=false, restartCount=0, started=null, state=ContainerState(running=null, terminated=ContainerStateTerminated(containerID=docker://bef77e4ef0f80b46da8b4a6e1396b5793bc9044e7e43aa0e3507389913cdbc55, exitCode=0, finishedAt=2020-09-09T07:36:09Z, message=null, reason=Completed, signal=null, startedAt=2020-09-09T07:36:09Z, additionalProperties={}), waiting=null, additionalProperties={}), additionalProperties={})], ephemeralContainerStatuses=[], hostIP=54.36.53.206, initContainerStatuses=[ContainerStatus(containerID=docker://c5f20afb0c37db0f609a994c67cc97781a8d813aecd621305ef9c33ab9fbff01, image=docker.io/entando/entando-k8s-dbjob:6.1.4, imageID=docker-pullable://docker.io/entando/entando-k8s-dbjob@sha256:a571dc5f4f72668359ed7de82b06347ef103e91ac3fc9e381259fdfff417506a, lastState=ContainerState(running=null, terminated=null, waiting=null, additionalProperties={}), name=test-keycloak-cmms59-db-schema-creation-job, ready=true, restartCount=0, started=null, state=ContainerState(running=null, terminated=ContainerStateTerminated(containerID=docker://c5f20afb0c37db0f609a994c67cc97781a8d813aecd621305ef9c33ab9fbff01, exitCode=0, finishedAt=2020-09-09T07:36:06Z, message=null, reason=Completed, signal=null, startedAt=2020-09-09T07:36:03Z, additionalProperties={}), waiting=null, additionalProperties={}), additionalProperties={})], message=null, nominatedNodeName=null, phase=Succeeded, podIP=10.128.0.61, podIPs=[], qosClass=BestEffort, reason=null, startTime=2020-09-09T07:35:58Z, additionalProperties={})
Finished: test-keycloak-cmms59-db-preparation-job-14a6eb57-c
ADDED:PodStatus(conditions=[PodCondition(lastProbeTime=null, lastTransitionTime=2020-09-09T07:36:13Z, message=null, reason=null, status=True, type=PodScheduled, additionalProperties={})], containerStatuses=[], ephemeralContainerStatuses=[], hostIP=null, initContainerStatuses=[], message=null, nominatedNodeName=null, phase=Pending, podIP=null, podIPs=[], qosClass=Burstable, reason=null, startTime=null, additionalProperties={})
MODIFIED:PodStatus(conditions=[PodCondition(lastProbeTime=null, lastTransitionTime=2020-09-09T07:36:13Z, message=null, reason=null, status=True, type=Initialized, additionalProperties={}), PodCondition(lastProbeTime=null, lastTransitionTime=2020-09-09T07:36:13Z, message=containers with unready status: [server-container], reason=ContainersNotReady, status=False, type=Ready, additionalProperties={}), PodCondition(lastProbeTime=null, lastTransitionTime=null, message=containers with unready status: [server-container], reason=ContainersNotReady, status=False, type=ContainersReady, additionalProperties={}), PodCondition(lastProbeTime=null, lastTransitionTime=2020-09-09T07:36:13Z, message=null, reason=null, status=True, type=PodScheduled, additionalProperties={})], containerStatuses=[ContainerStatus(containerID=null, image=docker.io/entando/entando-keycloak:6.1.2, imageID=, lastState=ContainerState(running=null, terminated=null, waiting=null, additionalProperties={}), name=server-container, ready=false, restartCount=0, started=null, state=ContainerState(running=null, terminated=null, waiting=ContainerStateWaiting(message=null, reason=ContainerCreating, additionalProperties={}), additionalProperties={}), additionalProperties={})], ephemeralContainerStatuses=[], hostIP=54.36.53.206, initContainerStatuses=[], message=null, nominatedNodeName=null, phase=Pending, podIP=null, podIPs=[], qosClass=Burstable, reason=null, startTime=2020-09-09T07:36:13Z, additionalProperties={})
MODIFIED:PodStatus(conditions=[PodCondition(lastProbeTime=null, lastTransitionTime=2020-09-09T07:36:13Z, message=null, reason=null, status=True, type=Initialized, additionalProperties={}), PodCondition(lastProbeTime=null, lastTransitionTime=2020-09-09T07:36:13Z, message=containers with unready status: [server-container], reason=ContainersNotReady, status=False, type=Ready, additionalProperties={}), PodCondition(lastProbeTime=null, lastTransitionTime=null, message=containers with unready status: [server-container], reason=ContainersNotReady, status=False, type=ContainersReady, additionalProperties={}), PodCondition(lastProbeTime=null, lastTransitionTime=2020-09-09T07:36:13Z, message=null, reason=null, status=True, type=PodScheduled, additionalProperties={})], containerStatuses=[ContainerStatus(containerID=docker://2d3dab1e9dc2863d0025f18cb8596c4f254955c690454966637931b5e3ed665d, image=docker.io/entando/entando-keycloak:6.1.2, imageID=docker-pullable://docker.io/entando/entando-keycloak@sha256:a21877431e78b5e0eae9b174d41b29c144e3e9151ee7efb357e032b36782b561, lastState=ContainerState(running=null, terminated=null, waiting=null, additionalProperties={}), name=server-container, ready=false, restartCount=0, started=null, state=ContainerState(running=ContainerStateRunning(startedAt=2020-09-09T07:36:26Z, additionalProperties={}), terminated=null, waiting=null, additionalProperties={}), additionalProperties={})], ephemeralContainerStatuses=[], hostIP=54.36.53.206, initContainerStatuses=[], message=null, nominatedNodeName=null, phase=Running, podIP=10.128.0.62, podIPs=[], qosClass=Burstable, reason=null, startTime=2020-09-09T07:36:13Z, additionalProperties={})
Sep 09, 2020 7:36:33 AM io.fabric8.kubernetes.client.dsl.internal.WatchConnectionManager$1 onFailure
WARN: E**c Failure
java.net.SocketTimeoutException: sent ping but didn't receive pong within 30000ms (after 0 successful ping/pongs)
	at okhttp3.internal.ws.RealWebSocket.writePingFrame(RealWebSocket.java:546)
	at okhttp3.internal.ws.RealWebSocket$PingRunnable.run(RealWebSocket.java:530)
	at java.base/java.util.concurrent.E**cutors$RunnableAdapter.call(E**cutors.java:515)
	at java.base/java.util.concurrent.FutureTask.runAndReset(FutureTask.java:305)
	at java.base/java.util.concurrent.ScheduledThreadPoolE**cutor$ScheduledFutureTask.run(ScheduledThreadPoolE**cutor.java:305)
	at java.base/java.util.concurrent.ThreadPoolE**cutor.runWorker(ThreadPoolE**cutor.java:1128)
	at java.base/java.util.concurrent.ThreadPoolE**cutor$Worker.run(ThreadPoolE**cutor.java:628)
	at java.base/java.lang.Thread.run(Thread.java:834)

MODIFIED:PodStatus(conditions=[PodCondition(lastProbeTime=null, lastTransitionTime=2020-09-09T07:36:13Z, message=null, reason=null, status=True, type=Initialized, additionalProperties={}), PodCondition(lastProbeTime=null, lastTransitionTime=2020-09-09T07:37:36Z, message=null, reason=null, status=True, type=Ready, additionalProperties={}), PodCondition(lastProbeTime=null, lastTransitionTime=null, message=null, reason=null, status=True, type=ContainersReady, additionalProperties={}), PodCondition(lastProbeTime=null, lastTransitionTime=2020-09-09T07:36:13Z, message=null, reason=null, status=True, type=PodScheduled, additionalProperties={})], containerStatuses=[ContainerStatus(containerID=docker://2d3dab1e9dc2863d0025f18cb8596c4f254955c690454966637931b5e3ed665d, image=docker.io/entando/entando-keycloak:6.1.2, imageID=docker-pullable://docker.io/entando/entando-keycloak@sha256:a21877431e78b5e0eae9b174d41b29c144e3e9151ee7efb357e032b36782b561, lastState=ContainerState(running=null, terminated=null, waiting=null, additionalProperties={}), name=server-container, ready=true, restartCount=0, started=null, state=ContainerState(running=ContainerStateRunning(startedAt=2020-09-09T07:36:26Z, additionalProperties={}), terminated=null, waiting=null, additionalProperties={}), additionalProperties={})], ephemeralContainerStatuses=[], hostIP=54.36.53.206, initContainerStatuses=[], message=null, nominatedNodeName=null, phase=Running, podIP=10.128.0.62, podIPs=[], qosClass=Burstable, reason=null, startTime=2020-09-09T07:36:13Z, additionalProperties={})
Finished: test-keycloak-cmms59-server-deployment-665658697f-slcwl
200:OK
Reducing logger: io.fabric8.kubernetes.client.dsl.internal.WatchConnectionManager
[INFO] Tests run: 1, Failures: 0, Errors: 0, Skipped: 0, Time elapsed: 129.983 s - in org.entando.kubernetes.controller.integrationtest.AddExampleWithEmbeddedDatabaseTest
[INFO] Running org.entando.kubernetes.controller.integrationtest.KeycloakClientTest
Sep 09, 2020 7:37:40 AM org.entando.kubernetes.controller.integrationtest.support.DeletionWaiter lambda$deleteSingleItem$2
WARNING: Deleting deployments  entando-k8s-operator-common-cmms59/test-keycloak-cmms59-db-deployment to zero
Sep 09, 2020 7:37:40 AM org.entando.kubernetes.controller.integrationtest.support.DeletionWaiter lambda$deleteSingleItem$2
WARNING: Deleting deployments  entando-k8s-operator-common-cmms59/test-keycloak-cmms59-db-deployment
Sep 09, 2020 7:37:40 AM org.entando.kubernetes.controller.integrationtest.support.DeletionWaiter lambda$deleteSingleItem$2
WARNING: Deleting deployments  entando-k8s-operator-common-cmms59/test-keycloak-cmms59-server-deployment to zero
Sep 09, 2020 7:37:40 AM org.entando.kubernetes.controller.integrationtest.support.DeletionWaiter lambda$deleteSingleItem$2
WARNING: Deleting deployments  entando-k8s-operator-common-cmms59/test-keycloak-cmms59-server-deployment
Sep 09, 2020 7:37:40 AM org.entando.kubernetes.controller.integrationtest.support.DeletionWaiter lambda$deleteSingleItem$2
WARNING: Deleting pods  entando-k8s-operator-common-cmms59/test-keycloak-cmms59-db-deployment-77fb4864d8-rtdt9
Sep 09, 2020 7:37:41 AM org.entando.kubernetes.controller.integrationtest.support.DeletionWaiter lambda$deleteSingleItem$2
WARNING: Deleting pods  entando-k8s-operator-common-cmms59/test-keycloak-cmms59-db-preparation-job-14a6eb57-c
Sep 09, 2020 7:37:41 AM org.entando.kubernetes.controller.integrationtest.support.DeletionWaiter lambda$deleteSingleItem$2
WARNING: Deleting pods  entando-k8s-operator-common-cmms59/test-keycloak-cmms59-server-deployment-665658697f-slcwl
[INFO] Tests run: 3, Failures: 0, Errors: 0, Skipped: 0, Time elapsed: 81.057 s - in org.entando.kubernetes.controller.integrationtest.KeycloakClientTest
[INFO] 
[INFO] Results:
[INFO] 
[ERROR] Errors: 
[ERROR]   PodWaiterTest.readyTimeout:174 Â» ConditionTimeout Condition with lambda expres...
[INFO] 
[ERROR] Tests run: 42, Failures: 0, Errors: 1, Skipped: 0
[INFO] 
[INFO] 
[INFO] ------------------------------------------------------------------------
[INFO] Skipping Entando K8S Operator Common Library
[INFO] This project has been banned from the build due to previous failures.
[INFO] ------------------------------------------------------------------------
[INFO] ------------------------------------------------------------------------
[INFO] BUILD FAILURE
[INFO] ------------------------------------------------------------------------
[INFO] Total time:  05:05 min
[INFO] Finished at: 2020-09-09T07:39:00Z
[INFO] ------------------------------------------------------------------------
[ERROR] Failed to e**cute goal org.apache.maven.plugins:maven-surefire-plugin:3.0.0-M1:test (default-test) on project entando-k8s-operator-common: There are test failures.
[ERROR] 
[ERROR] Please refer to /workspace/source/target/surefire-reports for the individual test results.
[ERROR] Please refer to dump files (if any exist) [date].dump, [date]-***Run[N].dump and [date].dumpstream.
[ERROR] -> [Help 1]
[ERROR] 
[ERROR] To see the full stack trace of the errors, re-run Maven with the -e switch.
[ERROR] Re-run Maven using the -X switch to enable full debug logging.
[ERROR] 
[ERROR] For more information about the errors and possible solutions, please read the following articles:
[ERROR] [Help 1] http://cwiki.apache.org/confluence/display/MAVEN/MojoFailureException
shallow cloning https://github.com/entando-k8s/devops-results.git branch gh-pages
ran git init in /tmp/jenkins-x-collect930581773
ran git add remote origin https://github.com/entando-k8s/devops-results.git in /tmp/jenkins-x-collect930581773
ran git fetch origin --depth=1 gh-pages in dir /tmp/jenkins-x-collect930581773
Publishing https://raw.githubusercontent.com/entando-k8s/devops-results/gh-pages/entando-k8s-operator-common/master/checkstyle.html
Publishing https://raw.githubusercontent.com/entando-k8s/devops-results/gh-pages/entando-k8s-operator-common/master/checkstyle.rss
Publishing https://raw.githubusercontent.com/entando-k8s/devops-results/gh-pages/entando-k8s-operator-common/master/images/rss.png
stashed: https://raw.githubusercontent.com/entando-k8s/devops-results/gh-pages/entando-k8s-operator-common/master/checkstyle.html
stashed: https://raw.githubusercontent.com/entando-k8s/devops-results/gh-pages/entando-k8s-operator-common/master/checkstyle.rss
stashed: https://raw.githubusercontent.com/entando-k8s/devops-results/gh-pages/entando-k8s-operator-common/master/images/rss.png
Pre-deployment tests failed for entando-k8s-operator-common-master.
OWASP has found dependencies with vulnerabilities for entando-k8s-operator-common-master.
The following checks failed: for entando-k8s-operator-common-master : Pre-deployment tests; OWASP Maven Dependency Check; 
[31m
Pipeline failed on stage 'from-build-pack' : container 'step-build-mvn-deploy-release'. The execution of the pipeline has stopped.[0m
