
Showing logs for build [32mentando-k8s-entando-k8s-operato-ck2nq-60[0m stage [32mfrom-build-pack[0m and container [32mstep-credential-initializer-4kl48[0m
{"level":"warn","ts":1599637840.0598664,"logger":"fallback-logger","caller":"logging/config.go:69","msg":"Fetch GitHub commit ID from kodata failed: \"ref: refs/heads/0.8.0-**-support-backwards-incompats\" is not a valid GitHub commit ID"}
{"level":"info","ts":1599637840.064508,"logger":"fallback-logger","caller":"creds-init/main.go:40","msg":"Credentials initialized."}

Showing logs for build [32mentando-k8s-entando-k8s-operato-ck2nq-60[0m stage [32mfrom-build-pack[0m and container [32mstep-working-dir-initializer-jl65c[0m
{"level":"warn","ts":1599637842.3104792,"logger":"fallback-logger","caller":"logging/config.go:69","msg":"Fetch GitHub commit ID from kodata failed: open /var/run/ko/HEAD: no such file or directory"}
{"level":"info","ts":1599637842.322437,"logger":"fallback-logger","caller":"bash/main.go:64","msg":"Successfully e**cuted command \"sh -c mkdir -p /workspace/source\"; output "}

Showing logs for build [32mentando-k8s-entando-k8s-operato-ck2nq-60[0m stage [32mfrom-build-pack[0m and container [32mstep-place-tools[0m

Showing logs for build [32mentando-k8s-entando-k8s-operato-ck2nq-60[0m stage [32mfrom-build-pack[0m and container [32mstep-git-source-entando-k8s-entando-k8s-operato-q9tqs[0m
{"level":"warn","ts":1599637931.2106793,"logger":"fallback-logger","caller":"logging/config.go:69","msg":"Fetch GitHub commit ID from kodata failed: \"ref: refs/heads/0.8.0-**-support-backwards-incompats\" is not a valid GitHub commit ID"}
{"level":"info","ts":1599637932.8139174,"logger":"fallback-logger","caller":"git/git.go:103","msg":"Successfully cloned https://github.com/entando-k8s/entando-k8s-operator-common.git @ v6.2.10 in path /workspace/source"}

Showing logs for build [32mentando-k8s-entando-k8s-operato-ck2nq-60[0m stage [32mfrom-build-pack[0m and container [32mstep-git-merge[0m
Using SHAs from PULL_REFS=master:e07a5f49d3ba3b4293d305a5d84a613551f05ce9
WARNING: no SHAs to merge, falling back to initial cloned commit

Showing logs for build [32mentando-k8s-entando-k8s-operato-ck2nq-60[0m stage [32mfrom-build-pack[0m and container [32mstep-setup-jx-git-credentials[0m
Generated Git credentials file /workspace/xdg_config/git/credentials

Showing logs for build [32mentando-k8s-entando-k8s-operato-ck2nq-60[0m stage [32mfrom-build-pack[0m and container [32mstep-build-fetch-history-for-sonar[0m
From https://github.com/entando-k8s/entando-k8s-operator-common
 * [new branch]      ENG-673-gke-ingress -> origin/ENG-673-gke-ingress
 * [new branch]      master              -> origin/master
 * [new branch]      optional-finalizers -> origin/optional-finalizers
 * [new tag]         v6.2.10             -> v6.2.10
 * [new tag]         finalizers          -> finalizers
 * [new tag]         spock-spike         -> spock-spike

Showing logs for build [32mentando-k8s-entando-k8s-operato-ck2nq-60[0m stage [32mfrom-build-pack[0m and container [32mstep-build-mvn-deploy-release[0m
Picked up _JAVA_OPTIONS: -XX:+UnlockExperimentalVMOptions -Dsun.zip.disableMemoryMapping=true -XX:+UseParallelGC -XX:MinHeapFreeRatio=5 -XX:MaxHeapFreeRatio=10 -XX:GCTimeRatio=4 -XX:AdaptiveSizePolicyWeight=90 -Xms10m -Xmx8000m
[INFO] Scanning for projects...
[INFO] 
[INFO] --------------< org.entando:entando-k8s-operator-common >---------------
[INFO] Building Entando K8S Operator Common Library 6.2.10
[INFO] --------------------------------[ jar ]---------------------------------
[INFO] 
[INFO] --- maven-clean-plugin:2.5:clean (default-clean) @ entando-k8s-operator-common ---
[INFO] 
[INFO] --- maven-checkstyle-plugin:3.1.1:check (validate) @ entando-k8s-operator-common ---
[INFO] Starting audit...
Audit done.
[INFO] You have 0 Checkstyle violations.
[INFO] 
[INFO] --- maven-checkstyle-plugin:3.1.1:checkstyle (validate) @ entando-k8s-operator-common ---
[INFO] Starting audit...
Audit done.
[INFO] 
[INFO] --- jacoco-maven-plugin:0.8.5:prepare-agent (prepare-agent) @ entando-k8s-operator-common ---
[INFO] argLine set to -javaagent:/home/jenkins/.mvnrepository/org/jacoco/org.jacoco.agent/0.8.5/org.jacoco.agent-0.8.5-runtime.jar=destfile=/workspace/source/target/jacoco.e**c
[INFO] 
[INFO] --- maven-resources-plugin:2.6:resources (default-resources) @ entando-k8s-operator-common ---
[INFO] Using 'UTF-8' encoding to copy filtered resources.
[INFO] Copying 14 resources
[INFO] 
[INFO] --- maven-compiler-plugin:3.8.1:compile (default-compile) @ entando-k8s-operator-common ---
[INFO] Changes detected - recompiling the module!
[INFO] Compiling 96 source files to /workspace/source/target/classes
[INFO] 
[INFO] --- maven-resources-plugin:2.6:testResources (default-testResources) @ entando-k8s-operator-common ---
[INFO] Using 'UTF-8' encoding to copy filtered resources.
[INFO] Copying 7 resources
[INFO] 
[INFO] --- maven-compiler-plugin:3.8.1:testCompile (default-testCompile) @ entando-k8s-operator-common ---
[INFO] Changes detected - recompiling the module!
[INFO] Compiling 88 source files to /workspace/source/target/test-classes
[INFO] /workspace/source/src/test/java/org/entando/kubernetes/controller/inprocesstest/k8sclientdouble/PodClientDouble.java: /workspace/source/src/test/java/org/entando/kubernetes/controller/inprocesstest/k8sclientdouble/PodClientDouble.java uses or overrides a deprecated API.
[INFO] /workspace/source/src/test/java/org/entando/kubernetes/controller/inprocesstest/k8sclientdouble/PodClientDouble.java: Recompile with -Xlint:deprecation for details.
[INFO] 
[INFO] --- maven-surefire-plugin:3.0.0-M1:test (default-test) @ entando-k8s-operator-common ---
[INFO] 
[INFO] -------------------------------------------------------
[INFO]  T E S T S
[INFO] -------------------------------------------------------
[INFO] Running org.entando.kubernetes.controller.inprocesstest.ControllerE**cutorMockServerTest
Sep 09, 2020 7:52:54 AM okhttp3.mockwebserver.MockWebServer$2 e**cute
INFO: MockWebServer[51378] starting to accept connections
Sep 09, 2020 7:52:54 AM okhttp3.mockwebserver.MockWebServer$3 processOneRequest
INFO: MockWebServer[51378] received request: GET /api/v1/namespaces/entando/configmaps/entando-docker-image-info-v6.1 HTTP/1.1 and responded: HTTP/1.1 404 Client Error
Sep 09, 2020 7:52:54 AM okhttp3.mockwebserver.MockWebServer$3 processOneRequest
INFO: MockWebServer[51378] received request: GET /api/v1/namespaces/test/secrets/my-keycloak-controller-ca-cert-secret HTTP/1.1 and responded: HTTP/1.1 404 Client Error
Sep 09, 2020 7:52:54 AM okhttp3.mockwebserver.MockWebServer$3 processOneRequest
INFO: MockWebServer[51378] received request: POST /api/v1/namespaces/test/secrets HTTP/1.1 and responded: HTTP/1.1 202 OK
Sep 09, 2020 7:52:55 AM okhttp3.mockwebserver.MockWebServer$3 processOneRequest
INFO: MockWebServer[51378] received request: POST /api/v1/namespaces/entando-k8s-operator-common-cmms60/pods HTTP/1.1 and responded: HTTP/1.1 202 OK
Sep 09, 2020 7:52:55 AM okhttp3.mockwebserver.MockWebServer$3 processOneRequest
INFO: MockWebServer[51378] received request: GET /api/v1/namespaces/entando-k8s-operator-common-cmms60/pods?fieldSelector=metadata.name%3Dmy-keycloak-deployer-spinpf2vnb&watch=true HTTP/1.1 and responded: HTTP/1.1 200 OK
Sep 09, 2020 7:52:55 AM okhttp3.mockwebserver.MockWebServer$3 processOneRequest
INFO: MockWebServer[51378] received request: GET /api/v1/namespaces/entando-k8s-operator-common-cmms60/pods?labelSelector=EntandoKeycloakServer%3Dmy-keycloak HTTP/1.1 and responded: HTTP/1.1 200 OK
Sep 09, 2020 7:52:55 AM okhttp3.mockwebserver.MockWebServer$3 processOneRequest
INFO: MockWebServer[51378] received request: GET /api/v1/namespaces/entando-k8s-operator-common-cmms60/pods?fieldSelector=metadata.name%3Dmy-keycloak-deployer-spinpf2vnb&watch=true HTTP/1.1 and responded: HTTP/1.1 200 OK
Sep 09, 2020 7:52:55 AM okhttp3.mockwebserver.MockWebServer$2 acceptConnections
INFO: MockWebServer[51378] done accepting connections: Socket closed
Sep 09, 2020 7:52:55 AM io.fabric8.kubernetes.client.dsl.internal.WatchHTTPManager$1 onResponse
INFO: Watch terminated unexpectedly. reason: \n not found: limit=1184 content=7b2261706956657273696f6e223a227631222c226b696e64223a224c69737422â€¦
Sep 09, 2020 7:52:55 AM io.fabric8.kubernetes.client.dsl.internal.WatchHTTPManager scheduleReconnect
WARN: Ignoring error for already closed/closing connection
Sep 09, 2020 7:52:55 AM okhttp3.mockwebserver.MockWebServer$2 e**cute
INFO: MockWebServer[52956] starting to accept connections
Sep 09, 2020 7:52:55 AM okhttp3.mockwebserver.MockWebServer$3 processOneRequest
INFO: MockWebServer[52956] received request: GET /api/v1/namespaces/entando/configmaps/entando-docker-image-info-v6.1 HTTP/1.1 and responded: HTTP/1.1 404 Client Error
Sep 09, 2020 7:52:55 AM okhttp3.mockwebserver.MockWebServer$3 processOneRequest
INFO: MockWebServer[52956] received request: GET /api/v1/namespaces/test/secrets/my-keycloak-controller-ca-cert-secret HTTP/1.1 and responded: HTTP/1.1 404 Client Error
Sep 09, 2020 7:52:55 AM okhttp3.mockwebserver.MockWebServer$3 processOneRequest
INFO: MockWebServer[52956] received request: POST /api/v1/namespaces/test/secrets HTTP/1.1 and responded: HTTP/1.1 202 OK
Sep 09, 2020 7:52:55 AM okhttp3.mockwebserver.MockWebServer$3 processOneRequest
INFO: MockWebServer[52956] received request: POST /api/v1/namespaces/entando-k8s-operator-common-cmms60/pods HTTP/1.1 and responded: HTTP/1.1 202 OK
Sep 09, 2020 7:52:56 AM okhttp3.mockwebserver.MockWebServer$3 processOneRequest
INFO: MockWebServer[52956] received request: GET /api/v1/namespaces/entando-k8s-operator-common-cmms60/pods?labelSelector=EntandoKeycloakServer%3Dmy-keycloak&watch=true HTTP/1.1 and responded: HTTP/1.1 200 OK
Sep 09, 2020 7:52:56 AM okhttp3.mockwebserver.MockWebServer$3 processOneRequest
INFO: MockWebServer[52956] received request: GET /api/v1/namespaces/entando-k8s-operator-common-cmms60/pods?labelSelector=EntandoKeycloakServer%3Dmy-keycloak HTTP/1.1 and responded: HTTP/1.1 200 OK
Sep 09, 2020 7:52:56 AM okhttp3.mockwebserver.MockWebServer$2 acceptConnections
INFO: MockWebServer[52956] done accepting connections: Socket closed
Sep 09, 2020 7:52:56 AM io.fabric8.kubernetes.client.dsl.internal.WatchHTTPManager$1 onFailure
INFO: Watch connection failed. reason: Canceled
Sep 09, 2020 7:52:56 AM io.fabric8.kubernetes.client.dsl.internal.WatchHTTPManager scheduleReconnect
WARN: Ignoring error for already closed/closing connection
[INFO] Tests run: 2, Failures: 0, Errors: 0, Skipped: 0, Time elapsed: 3.337 s - in org.entando.kubernetes.controller.inprocesstest.ControllerE**cutorMockServerTest
[INFO] Running org.entando.kubernetes.controller.inprocesstest.ImageResolutionTest
[INFO] Tests run: 6, Failures: 0, Errors: 0, Skipped: 0, Time elapsed: 0.001 s - in org.entando.kubernetes.controller.inprocesstest.ImageResolutionTest
[INFO] Running org.entando.kubernetes.controller.inprocesstest.ControllerE**cutorMockClientTest
[INFO] Tests run: 2, Failures: 0, Errors: 0, Skipped: 0, Time elapsed: 1.491 s - in org.entando.kubernetes.controller.inprocesstest.ControllerE**cutorMockClientTest
[INFO] Running org.entando.kubernetes.controller.inprocesstest.PublicIngressingMockClientTest
[INFO] Tests run: 2, Failures: 0, Errors: 0, Skipped: 0, Time elapsed: 2.251 s - in org.entando.kubernetes.controller.inprocesstest.PublicIngressingMockClientTest
[INFO] Running org.entando.kubernetes.controller.inprocesstest.PublicIngressingMockServerTest
Sep 09, 2020 7:53:00 AM okhttp3.mockwebserver.MockWebServer$2 e**cute
INFO: MockWebServer[46044] starting to accept connections
Sep 09, 2020 7:53:00 AM okhttp3.mockwebserver.MockWebServer$3 processOneRequest
INFO: MockWebServer[46044] received request: GET /api/v1/namespaces/entando/configmaps/entando-docker-image-info-v6.1 HTTP/1.1 and responded: HTTP/1.1 404 Client Error
Sep 09, 2020 7:53:00 AM okhttp3.mockwebserver.MockWebServer$3 processOneRequest
INFO: MockWebServer[46044] received request: GET /api/v1/namespaces/test/secrets/keycloak-*****-secret HTTP/1.1 and responded: HTTP/1.1 404 Client Error
Sep 09, 2020 7:53:00 AM okhttp3.mockwebserver.MockWebServer$3 processOneRequest
INFO: MockWebServer[46044] received request: POST /api/v1/namespaces/test/secrets HTTP/1.1 and responded: HTTP/1.1 202 OK
Sep 09, 2020 7:53:00 AM okhttp3.mockwebserver.MockWebServer$3 processOneRequest
INFO: MockWebServer[46044] received request: GET /apis/apiextensions.k8s.io/v1beta1/customresourcedefinitions/entandoplugins.entando.org HTTP/1.1 and responded: HTTP/1.1 404 Client Error
Sep 09, 2020 7:53:00 AM okhttp3.mockwebserver.MockWebServer$3 processOneRequest
INFO: MockWebServer[46044] received request: POST /apis/apiextensions.k8s.io/v1beta1/customresourcedefinitions HTTP/1.1 and responded: HTTP/1.1 202 OK
Sep 09, 2020 7:53:00 AM okhttp3.mockwebserver.MockWebServer$3 processOneRequest
INFO: MockWebServer[46044] received request: GET /api/v1/namespaces/test HTTP/1.1 and responded: HTTP/1.1 404 Client Error
Sep 09, 2020 7:53:00 AM okhttp3.mockwebserver.MockWebServer$3 processOneRequest
INFO: MockWebServer[46044] received request: GET /apis/entando.org/v1/namespaces/default/entandoplugins HTTP/1.1 and responded: HTTP/1.1 200 OK
Sep 09, 2020 7:53:00 AM okhttp3.mockwebserver.MockWebServer$3 processOneRequest
INFO: MockWebServer[46044] received request: GET /api/v1/namespaces/test HTTP/1.1 and responded: HTTP/1.1 404 Client Error
Sep 09, 2020 7:53:01 AM okhttp3.mockwebserver.MockWebServer$3 processOneRequest
INFO: MockWebServer[46044] received request: GET /apis/entando.org/v1/namespaces/default/entandoplugins HTTP/1.1 and responded: HTTP/1.1 200 OK
Sep 09, 2020 7:53:01 AM okhttp3.mockwebserver.MockWebServer$3 processOneRequest
INFO: MockWebServer[46044] received request: GET /apis/entando.org/v1/namespaces/entando-k8s-operator-common-cmms60/entandoplugins/sample-name-cmms60 HTTP/1.1 and responded: HTTP/1.1 404 Client Error
Sep 09, 2020 7:53:01 AM okhttp3.mockwebserver.MockWebServer$3 processOneRequest
INFO: MockWebServer[46044] received request: GET /apis/entando.org/v1/namespaces/entando-k8s-operator-common-cmms60/entandoplugins/sample-name-cmms60 HTTP/1.1 and responded: HTTP/1.1 404 Client Error
Sep 09, 2020 7:53:01 AM okhttp3.mockwebserver.MockWebServer$3 processOneRequest
INFO: MockWebServer[46044] received request: POST /apis/entando.org/v1/namespaces/entando-k8s-operator-common-cmms60/entandoplugins HTTP/1.1 and responded: HTTP/1.1 202 OK
Sep 09, 2020 7:53:01 AM okhttp3.mockwebserver.MockWebServer$3 processOneRequest
INFO: MockWebServer[46044] received request: GET /apis/entando.org/v1/namespaces/entando-k8s-operator-common-cmms60/entandoplugins/sample-name-cmms60 HTTP/1.1 and responded: HTTP/1.1 200 OK
Sep 09, 2020 7:53:01 AM okhttp3.mockwebserver.MockWebServer$3 processOneRequest
INFO: MockWebServer[46044] received request: GET /apis/entando.org/v1/namespaces/entando-k8s-operator-common-cmms60/entandoplugins/sample-name-cmms60 HTTP/1.1 and responded: HTTP/1.1 200 OK
Sep 09, 2020 7:53:01 AM okhttp3.mockwebserver.MockWebServer$3 processOneRequest
INFO: MockWebServer[46044] received request: GET /apis/entando.org/v1/namespaces/entando-k8s-operator-common-cmms60/entandoplugins/sample-name-cmms60 HTTP/1.1 and responded: HTTP/1.1 200 OK
Sep 09, 2020 7:53:01 AM okhttp3.mockwebserver.MockWebServer$3 processOneRequest
INFO: MockWebServer[46044] received request: GET /apis/entando.org/v1/namespaces/entando-k8s-operator-common-cmms60/entandoplugins/sample-name-cmms60 HTTP/1.1 and responded: HTTP/1.1 200 OK
Sep 09, 2020 7:53:01 AM okhttp3.mockwebserver.MockWebServer$3 processOneRequest
INFO: MockWebServer[46044] received request: GET /apis/entando.org/v1/namespaces/entando-k8s-operator-common-cmms60/entandoplugins/sample-name-cmms60 HTTP/1.1 and responded: HTTP/1.1 200 OK
Sep 09, 2020 7:53:01 AM okhttp3.mockwebserver.MockWebServer$3 processOneRequest
INFO: MockWebServer[46044] received request: GET /apis/entando.org/v1/namespaces/entando-k8s-operator-common-cmms60/entandoplugins/sample-name-cmms60 HTTP/1.1 and responded: HTTP/1.1 200 OK
Sep 09, 2020 7:53:01 AM okhttp3.mockwebserver.MockWebServer$3 processOneRequest
INFO: MockWebServer[46044] received request: GET /apis/entando.org/v1/namespaces/entando-k8s-operator-common-cmms60/entandoplugins/sample-name-cmms60 HTTP/1.1 and responded: HTTP/1.1 200 OK
Sep 09, 2020 7:53:01 AM okhttp3.mockwebserver.MockWebServer$3 processOneRequest
INFO: MockWebServer[46044] received request: GET /apis/entando.org/v1/namespaces/entando-k8s-operator-common-cmms60/entandoplugins/sample-name-cmms60 HTTP/1.1 and responded: HTTP/1.1 200 OK
Sep 09, 2020 7:53:01 AM okhttp3.mockwebserver.MockWebServer$3 processOneRequest
INFO: MockWebServer[46044] received request: PATCH /apis/entando.org/v1/namespaces/entando-k8s-operator-common-cmms60/entandoplugins/sample-name-cmms60 HTTP/1.1 and responded: HTTP/1.1 202 OK
Sep 09, 2020 7:53:02 AM okhttp3.mockwebserver.MockWebServer$3 processOneRequest
INFO: MockWebServer[46044] received request: GET /apis/apiextensions.k8s.io/v1beta1/customresourcedefinitions/entandodatabaseservices.entando.org HTTP/1.1 and responded: HTTP/1.1 404 Client Error
Sep 09, 2020 7:53:02 AM okhttp3.mockwebserver.MockWebServer$3 processOneRequest
INFO: MockWebServer[46044] received request: GET /apis/entando.org/v1/namespaces/entando-k8s-operator-common-cmms60/entandoplugins/sample-name-cmms60 HTTP/1.1 and responded: HTTP/1.1 200 OK
Sep 09, 2020 7:53:02 AM okhttp3.mockwebserver.MockWebServer$3 processOneRequest
INFO: MockWebServer[46044] received request: POST /apis/apiextensions.k8s.io/v1beta1/customresourcedefinitions HTTP/1.1 and responded: HTTP/1.1 202 OK
Sep 09, 2020 7:53:02 AM okhttp3.mockwebserver.MockWebServer$3 processOneRequest
INFO: MockWebServer[46044] received request: GET /apis/entando.org/v1/namespaces/entando-k8s-operator-common-cmms60/entandoplugins/sample-name-cmms60 HTTP/1.1 and responded: HTTP/1.1 200 OK
Sep 09, 2020 7:53:02 AM okhttp3.mockwebserver.MockWebServer$3 processOneRequest
INFO: MockWebServer[46044] received request: GET /api/v1/namespaces/test HTTP/1.1 and responded: HTTP/1.1 404 Client Error
Sep 09, 2020 7:53:02 AM okhttp3.mockwebserver.MockWebServer$3 processOneRequest
INFO: MockWebServer[46044] received request: GET /apis/entando.org/v1/namespaces/default/entandodatabaseservices HTTP/1.1 and responded: HTTP/1.1 200 OK
Sep 09, 2020 7:53:02 AM okhttp3.mockwebserver.MockWebServer$3 processOneRequest
INFO: MockWebServer[46044] received request: GET /apis/entando.org/v1/namespaces/entando-k8s-operator-common-cmms60/entandoplugins/sample-name-cmms60 HTTP/1.1 and responded: HTTP/1.1 200 OK
Sep 09, 2020 7:53:02 AM okhttp3.mockwebserver.MockWebServer$3 processOneRequest
INFO: MockWebServer[46044] received request: GET /api/v1/namespaces/test HTTP/1.1 and responded: HTTP/1.1 404 Client Error
Sep 09, 2020 7:53:02 AM okhttp3.mockwebserver.MockWebServer$3 processOneRequest
INFO: MockWebServer[46044] received request: GET /apis/entando.org/v1/namespaces/default/entandodatabaseservices HTTP/1.1 and responded: HTTP/1.1 200 OK
Sep 09, 2020 7:53:02 AM okhttp3.mockwebserver.MockWebServer$3 processOneRequest
INFO: MockWebServer[46044] received request: GET /apis/entando.org/v1/namespaces/entando-k8s-operator-common-cmms60/entandoplugins/sample-name-cmms60 HTTP/1.1 and responded: HTTP/1.1 200 OK
Sep 09, 2020 7:53:02 AM okhttp3.mockwebserver.MockWebServer$3 processOneRequest
INFO: MockWebServer[46044] received request: GET /apis/entando.org/v1/namespaces/entando-k8s-operator-common-cmms60/entandodatabaseservices HTTP/1.1 and responded: HTTP/1.1 200 OK
Sep 09, 2020 7:53:02 AM okhttp3.mockwebserver.MockWebServer$3 processOneRequest
INFO: MockWebServer[46044] received request: GET /apis/entando.org/v1/namespaces/entando-k8s-operator-common-cmms60/entandoplugins/sample-name-cmms60 HTTP/1.1 and responded: HTTP/1.1 200 OK
Sep 09, 2020 7:53:02 AM okhttp3.mockwebserver.MockWebServer$3 processOneRequest
INFO: MockWebServer[46044] received request: GET /api/v1/namespaces/entando/configmaps/entando-docker-image-info-v6.1 HTTP/1.1 and responded: HTTP/1.1 404 Client Error
Sep 09, 2020 7:53:02 AM okhttp3.mockwebserver.MockWebServer$3 processOneRequest
INFO: MockWebServer[46044] received request: GET /api/v1/namespaces/entando-k8s-operator-common-cmms60/persistentvolumeclaims/sample-name-cmms60-db-pvc HTTP/1.1 and responded: HTTP/1.1 404 Client Error
Sep 09, 2020 7:53:02 AM okhttp3.mockwebserver.MockWebServer$3 processOneRequest
INFO: MockWebServer[46044] received request: GET /apis/entando.org/v1/namespaces/entando-k8s-operator-common-cmms60/entandoplugins/sample-name-cmms60 HTTP/1.1 and responded: HTTP/1.1 200 OK
Sep 09, 2020 7:53:02 AM okhttp3.mockwebserver.MockWebServer$3 processOneRequest
INFO: MockWebServer[46044] received request: POST /api/v1/namespaces/entando-k8s-operator-common-cmms60/persistentvolumeclaims HTTP/1.1 and responded: HTTP/1.1 202 OK
Sep 09, 2020 7:53:02 AM okhttp3.mockwebserver.MockWebServer$3 processOneRequest
INFO: MockWebServer[46044] received request: GET /apis/entando.org/v1/namespaces/entando-k8s-operator-common-cmms60/entandoplugins/sample-name-cmms60 HTTP/1.1 and responded: HTTP/1.1 200 OK
Sep 09, 2020 7:53:02 AM okhttp3.mockwebserver.MockWebServer$3 processOneRequest
INFO: MockWebServer[46044] received request: GET /api/v1/namespaces/entando-k8s-operator-common-cmms60/persistentvolumeclaims/sample-name-cmms60-db-pvc HTTP/1.1 and responded: HTTP/1.1 200 OK
Sep 09, 2020 7:53:03 AM okhttp3.mockwebserver.MockWebServer$3 processOneRequest
INFO: MockWebServer[46044] received request: GET /apis/entando.org/v1/namespaces/entando-k8s-operator-common-cmms60/entandoplugins/sample-name-cmms60 HTTP/1.1 and responded: HTTP/1.1 200 OK
Sep 09, 2020 7:53:03 AM okhttp3.mockwebserver.MockWebServer$3 processOneRequest
INFO: MockWebServer[46044] received request: GET /apis/entando.org/v1/namespaces/entando-k8s-operator-common-cmms60/entandoplugins/sample-name-cmms60 HTTP/1.1 and responded: HTTP/1.1 200 OK
Sep 09, 2020 7:53:03 AM okhttp3.mockwebserver.MockWebServer$3 processOneRequest
INFO: MockWebServer[46044] received request: GET /apis/entando.org/v1/namespaces/entando-k8s-operator-common-cmms60/entandoplugins/sample-name-cmms60 HTTP/1.1 and responded: HTTP/1.1 200 OK
Sep 09, 2020 7:53:03 AM okhttp3.mockwebserver.MockWebServer$3 processOneRequest
INFO: MockWebServer[46044] received request: PATCH /apis/entando.org/v1/namespaces/entando-k8s-operator-common-cmms60/entandoplugins/sample-name-cmms60 HTTP/1.1 and responded: HTTP/1.1 202 OK
Sep 09, 2020 7:53:03 AM okhttp3.mockwebserver.MockWebServer$3 processOneRequest
INFO: MockWebServer[46044] received request: GET /apis/entando.org/v1/namespaces/entando-k8s-operator-common-cmms60/entandoplugins/sample-name-cmms60 HTTP/1.1 and responded: HTTP/1.1 200 OK
Sep 09, 2020 7:53:03 AM okhttp3.mockwebserver.MockWebServer$3 processOneRequest
INFO: MockWebServer[46044] received request: GET /api/v1/namespaces/entando-k8s-operator-common-cmms60/secrets/entando-default-ca-secret HTTP/1.1 and responded: HTTP/1.1 404 Client Error
Sep 09, 2020 7:53:03 AM okhttp3.mockwebserver.MockWebServer$3 processOneRequest
INFO: MockWebServer[46044] received request: GET /apis/entando.org/v1/namespaces/entando-k8s-operator-common-cmms60/entandoplugins/sample-name-cmms60 HTTP/1.1 and responded: HTTP/1.1 200 OK
Sep 09, 2020 7:53:03 AM okhttp3.mockwebserver.MockWebServer$3 processOneRequest
INFO: MockWebServer[46044] received request: POST /api/v1/namespaces/entando-k8s-operator-common-cmms60/secrets HTTP/1.1 and responded: HTTP/1.1 202 OK
Sep 09, 2020 7:53:03 AM okhttp3.mockwebserver.MockWebServer$3 processOneRequest
INFO: MockWebServer[46044] received request: POST /api/v1/namespaces/entando-k8s-operator-common-cmms60/secrets HTTP/1.1 and responded: HTTP/1.1 202 OK
Sep 09, 2020 7:53:03 AM okhttp3.mockwebserver.MockWebServer$3 e**cute
SEVERE: MockWebServer[46044] connection from /127.0.0.1 crashed
java.util.ConcurrentModificationException
	at java.base/java.util.HashMap$HashIterator.nextNode(HashMap.java:1493)
	at java.base/java.util.HashMap$EntryIterator.next(HashMap.java:1526)
	at java.base/java.util.HashMap$EntryIterator.next(HashMap.java:1524)
	at io.fabric8.kubernetes.client.server.mock.KubernetesCrudDispatcher.handleGet(KubernetesCrudDispatcher.java:57)
	at io.fabric8.mockwebserver.crud.CrudDispatcher.dispatch(CrudDispatcher.java:47)
	at okhttp3.mockwebserver.MockWebServer$3.processOneRequest(MockWebServer.java:558)
	at okhttp3.mockwebserver.MockWebServer$3.processConnection(MockWebServer.java:516)
	at okhttp3.mockwebserver.MockWebServer$3.e**cute(MockWebServer.java:443)
	at okhttp3.internal.NamedRunnable.run(NamedRunnable.java:32)
	at java.base/java.util.concurrent.ThreadPoolE**cutor.runWorker(ThreadPoolE**cutor.java:1128)
	at java.base/java.util.concurrent.ThreadPoolE**cutor$Worker.run(ThreadPoolE**cutor.java:628)
	at java.base/java.lang.Thread.run(Thread.java:834)

Sep 09, 2020 7:53:03 AM okhttp3.mockwebserver.MockWebServer$3 processOneRequest
INFO: MockWebServer[46044] received request: GET /api/v1/namespaces/entando-k8s-operator-common-cmms60/services/sample-name-cmms60-db-service HTTP/1.1 and responded: HTTP/1.1 404 Client Error
Sep 09, 2020 7:53:03 AM okhttp3.mockwebserver.MockWebServer$3 processOneRequest
INFO: MockWebServer[46044] received request: POST /api/v1/namespaces/entando-k8s-operator-common-cmms60/services HTTP/1.1 and responded: HTTP/1.1 202 OK
Sep 09, 2020 7:53:03 AM okhttp3.mockwebserver.MockWebServer$3 processOneRequest
INFO: MockWebServer[46044] received request: GET /api/v1/namespaces/entando-k8s-operator-common-cmms60/services/sample-name-cmms60-db-service HTTP/1.1 and responded: HTTP/1.1 200 OK
Sep 09, 2020 7:53:03 AM okhttp3.mockwebserver.MockWebServer$3 processOneRequest
INFO: MockWebServer[46044] received request: GET /apis/entando.org/v1/namespaces/entando-k8s-operator-common-cmms60/entandoplugins/sample-name-cmms60 HTTP/1.1 and responded: HTTP/1.1 200 OK
Sep 09, 2020 7:53:03 AM okhttp3.mockwebserver.MockWebServer$3 processOneRequest
INFO: MockWebServer[46044] received request: GET /apis/entando.org/v1/namespaces/entando-k8s-operator-common-cmms60/entandoplugins/sample-name-cmms60 HTTP/1.1 and responded: HTTP/1.1 200 OK
Sep 09, 2020 7:53:04 AM okhttp3.mockwebserver.MockWebServer$3 processOneRequest
INFO: MockWebServer[46044] received request: PATCH /apis/entando.org/v1/namespaces/entando-k8s-operator-common-cmms60/entandoplugins/sample-name-cmms60 HTTP/1.1 and responded: HTTP/1.1 202 OK
Sep 09, 2020 7:53:04 AM okhttp3.mockwebserver.MockWebServer$3 processOneRequest
INFO: MockWebServer[46044] received request: GET /apis/apps/v1/namespaces/entando-k8s-operator-common-cmms60/deployments/sample-name-cmms60-db-deployment HTTP/1.1 and responded: HTTP/1.1 404 Client Error
Sep 09, 2020 7:53:04 AM okhttp3.mockwebserver.MockWebServer$3 processOneRequest
INFO: MockWebServer[46044] received request: GET /apis/extensions/v1beta1/namespaces/entando-k8s-operator-common-cmms60/deployments/sample-name-cmms60-db-deployment HTTP/1.1 and responded: HTTP/1.1 404 Client Error
Sep 09, 2020 7:53:04 AM okhttp3.mockwebserver.MockWebServer$3 processOneRequest
INFO: MockWebServer[46044] received request: POST /apis/apps/v1/namespaces/entando-k8s-operator-common-cmms60/deployments HTTP/1.1 and responded: HTTP/1.1 202 OK
Sep 09, 2020 7:53:04 AM okhttp3.mockwebserver.MockWebServer$3 processOneRequest
INFO: MockWebServer[46044] received request: GET /apis/apps/v1/namespaces/entando-k8s-operator-common-cmms60/deployments/sample-name-cmms60-db-deployment HTTP/1.1 and responded: HTTP/1.1 200 OK
Sep 09, 2020 7:53:04 AM okhttp3.mockwebserver.MockWebServer$3 processOneRequest
INFO: MockWebServer[46044] received request: GET /apis/entando.org/v1/namespaces/entando-k8s-operator-common-cmms60/entandoplugins/sample-name-cmms60 HTTP/1.1 and responded: HTTP/1.1 200 OK
Sep 09, 2020 7:53:04 AM okhttp3.mockwebserver.MockWebServer$3 processOneRequest
INFO: MockWebServer[46044] received request: GET /apis/entando.org/v1/namespaces/entando-k8s-operator-common-cmms60/entandoplugins/sample-name-cmms60 HTTP/1.1 and responded: HTTP/1.1 200 OK
Sep 09, 2020 7:53:04 AM okhttp3.mockwebserver.MockWebServer$3 processOneRequest
INFO: MockWebServer[46044] received request: PATCH /apis/entando.org/v1/namespaces/entando-k8s-operator-common-cmms60/entandoplugins/sample-name-cmms60 HTTP/1.1 and responded: HTTP/1.1 202 OK
Sep 09, 2020 7:53:04 AM okhttp3.mockwebserver.MockWebServer$3 processOneRequest
INFO: MockWebServer[46044] received request: GET /api/v1/namespaces/entando-k8s-operator-common-cmms60/pods?labelSelector=deployment%3Dsample-name-cmms60-db&watch=true HTTP/1.1 and responded: HTTP/1.1 200 OK
Sep 09, 2020 7:53:04 AM okhttp3.mockwebserver.MockWebServer$3 processOneRequest
INFO: MockWebServer[46044] received request: GET /api/v1/namespaces/entando-k8s-operator-common-cmms60/pods?labelSelector=deployment%3Dsample-name-cmms60-db&watch=true HTTP/1.1 and responded: HTTP/1.1 200 OK
Sep 09, 2020 7:53:04 AM okhttp3.mockwebserver.MockWebServer$3 processOneRequest
INFO: MockWebServer[46044] received request: GET /apis/apps/v1/namespaces/entando-k8s-operator-common-cmms60/deployments/sample-name-cmms60-db-deployment HTTP/1.1 and responded: HTTP/1.1 200 OK
Sep 09, 2020 7:53:04 AM io.fabric8.kubernetes.client.dsl.internal.WatchHTTPManager$1 onResponse
INFO: Watch terminated unexpectedly. reason: \n not found: limit=46 content=7b2261706956657273696f6e223a227631222c226b696e64223a224c69737422â€¦
Sep 09, 2020 7:53:05 AM okhttp3.mockwebserver.MockWebServer$3 processOneRequest
INFO: MockWebServer[46044] received request: GET /api/v1/namespaces/entando-k8s-operator-common-cmms60/pods?labelSelector=deployment%3Dsample-name-cmms60-db&watch=true HTTP/1.1 and responded: HTTP/1.1 200 OK
Sep 09, 2020 7:53:05 AM io.fabric8.kubernetes.client.dsl.internal.WatchHTTPManager$1 onResponse
INFO: Watch terminated unexpectedly. reason: \n not found: limit=46 content=7b2261706956657273696f6e223a227631222c226b696e64223a224c69737422â€¦
Sep 09, 2020 7:53:05 AM io.fabric8.kubernetes.client.dsl.internal.WatchHTTPManager scheduleReconnect
WARN: Ignoring error for already closed/closing connection
Sep 09, 2020 7:53:05 AM okhttp3.mockwebserver.MockWebServer$3 processOneRequest
INFO: MockWebServer[46044] received request: GET /apis/entando.org/v1/namespaces/entando-k8s-operator-common-cmms60/entandoplugins/sample-name-cmms60 HTTP/1.1 and responded: HTTP/1.1 200 OK
Sep 09, 2020 7:53:05 AM okhttp3.mockwebserver.MockWebServer$3 processOneRequest
INFO: MockWebServer[46044] received request: GET /apis/entando.org/v1/namespaces/entando-k8s-operator-common-cmms60/entandoplugins/sample-name-cmms60 HTTP/1.1 and responded: HTTP/1.1 200 OK
Sep 09, 2020 7:53:06 AM okhttp3.mockwebserver.MockWebServer$3 processOneRequest
INFO: MockWebServer[46044] received request: PATCH /apis/entando.org/v1/namespaces/entando-k8s-operator-common-cmms60/entandoplugins/sample-name-cmms60 HTTP/1.1 and responded: HTTP/1.1 202 OK
Sep 09, 2020 7:53:06 AM okhttp3.mockwebserver.MockWebServer$3 processOneRequest
INFO: MockWebServer[46044] received request: GET /api/v1/namespaces/test/secrets/keycloak-*****-secret HTTP/1.1 and responded: HTTP/1.1 200 OK
Sep 09, 2020 7:53:06 AM okhttp3.mockwebserver.MockWebServer$3 processOneRequest
INFO: MockWebServer[46044] received request: GET /api/v1/namespaces/entando/configmaps/entando-docker-image-info-v6.1 HTTP/1.1 and responded: HTTP/1.1 404 Client Error
Sep 09, 2020 7:53:06 AM okhttp3.mockwebserver.MockWebServer$3 processOneRequest
INFO: MockWebServer[46044] received request: POST /api/v1/namespaces/entando-k8s-operator-common-cmms60/secrets HTTP/1.1 and responded: HTTP/1.1 202 OK
Sep 09, 2020 7:53:06 AM okhttp3.mockwebserver.MockWebServer$3 processOneRequest
INFO: MockWebServer[46044] received request: POST /api/v1/namespaces/entando-k8s-operator-common-cmms60/secrets HTTP/1.1 and responded: HTTP/1.1 202 OK
Sep 09, 2020 7:53:06 AM okhttp3.mockwebserver.MockWebServer$3 processOneRequest
INFO: MockWebServer[46044] received request: POST /api/v1/namespaces/entando-k8s-operator-common-cmms60/pods HTTP/1.1 and responded: HTTP/1.1 202 OK
Sep 09, 2020 7:53:06 AM okhttp3.mockwebserver.MockWebServer$3 processOneRequest
INFO: MockWebServer[46044] received request: GET /api/v1/namespaces/entando-k8s-operator-common-cmms60/pods?fieldSelector=metadata.name%3Dsample-name-cmms60-db-preparation-job-a39e80f6-c&watch=true HTTP/1.1 and responded: HTTP/1.1 200 OK
Sep 09, 2020 7:53:06 AM okhttp3.mockwebserver.MockWebServer$3 processOneRequest
INFO: MockWebServer[46044] received request: GET /api/v1/namespaces/entando-k8s-operator-common-cmms60/pods?labelSelector=dbJob%3Dsample-name-cmms60-db-preparation-job HTTP/1.1 and responded: HTTP/1.1 200 OK
Sep 09, 2020 7:53:06 AM okhttp3.mockwebserver.MockWebServer$3 processOneRequest
INFO: MockWebServer[46044] received request: GET /api/v1/namespaces/entando-k8s-operator-common-cmms60/pods?fieldSelector=metadata.name%3Dsample-name-cmms60-db-preparation-job-a39e80f6-c&watch=true HTTP/1.1 and responded: HTTP/1.1 200 OK
Sep 09, 2020 7:53:06 AM okhttp3.mockwebserver.MockWebServer$3 processOneRequest
INFO: MockWebServer[46044] received request: GET /apis/entando.org/v1/namespaces/entando-k8s-operator-common-cmms60/entandoplugins/sample-name-cmms60 HTTP/1.1 and responded: HTTP/1.1 200 OK
Sep 09, 2020 7:53:06 AM io.fabric8.kubernetes.client.dsl.internal.WatchHTTPManager$1 onResponse
INFO: Watch terminated unexpectedly. reason: \n not found: limit=2648 content=7b2261706956657273696f6e223a227631222c226b696e64223a224c69737422â€¦
Sep 09, 2020 7:53:06 AM io.fabric8.kubernetes.client.dsl.internal.WatchHTTPManager scheduleReconnect
WARN: Ignoring error for already closed/closing connection
Sep 09, 2020 7:53:06 AM okhttp3.mockwebserver.MockWebServer$3 processOneRequest
INFO: MockWebServer[46044] received request: GET /apis/entando.org/v1/namespaces/entando-k8s-operator-common-cmms60/entandoplugins/sample-name-cmms60 HTTP/1.1 and responded: HTTP/1.1 200 OK
Sep 09, 2020 7:53:06 AM okhttp3.mockwebserver.MockWebServer$3 processOneRequest
INFO: MockWebServer[46044] received request: PATCH /apis/entando.org/v1/namespaces/entando-k8s-operator-common-cmms60/entandoplugins/sample-name-cmms60 HTTP/1.1 and responded: HTTP/1.1 202 OK
Sep 09, 2020 7:53:07 AM okhttp3.mockwebserver.MockWebServer$3 processOneRequest
INFO: MockWebServer[46044] received request: GET /api/v1/namespaces/entando-k8s-operator-common-cmms60/persistentvolumeclaims/sample-name-cmms60-server-pvc HTTP/1.1 and responded: HTTP/1.1 404 Client Error
Sep 09, 2020 7:53:07 AM okhttp3.mockwebserver.MockWebServer$3 processOneRequest
INFO: MockWebServer[46044] received request: POST /api/v1/namespaces/entando-k8s-operator-common-cmms60/persistentvolumeclaims HTTP/1.1 and responded: HTTP/1.1 202 OK
Sep 09, 2020 7:53:07 AM okhttp3.mockwebserver.MockWebServer$3 processOneRequest
INFO: MockWebServer[46044] received request: GET /api/v1/namespaces/entando-k8s-operator-common-cmms60/persistentvolumeclaims/sample-name-cmms60-server-pvc HTTP/1.1 and responded: HTTP/1.1 200 OK
Sep 09, 2020 7:53:07 AM okhttp3.mockwebserver.MockWebServer$3 processOneRequest
INFO: MockWebServer[46044] received request: GET /api/v1/namespaces/entando-k8s-operator-common-cmms60/persistentvolumeclaims/sample-name-cmms60-server-pvc HTTP/1.1 and responded: HTTP/1.1 200 OK
Sep 09, 2020 7:53:07 AM okhttp3.mockwebserver.MockWebServer$3 processOneRequest
INFO: MockWebServer[46044] received request: GET /api/v1/namespaces/entando-k8s-operator-common-cmms60/persistentvolumeclaims/sample-name-cmms60-server-pvc HTTP/1.1 and responded: HTTP/1.1 200 OK
Sep 09, 2020 7:53:07 AM okhttp3.mockwebserver.MockWebServer$3 processOneRequest
INFO: MockWebServer[46044] received request: GET /apis/entando.org/v1/namespaces/entando-k8s-operator-common-cmms60/entandoplugins/sample-name-cmms60 HTTP/1.1 and responded: HTTP/1.1 200 OK
Sep 09, 2020 7:53:07 AM okhttp3.mockwebserver.MockWebServer$3 processOneRequest
INFO: MockWebServer[46044] received request: GET /apis/entando.org/v1/namespaces/entando-k8s-operator-common-cmms60/entandoplugins/sample-name-cmms60 HTTP/1.1 and responded: HTTP/1.1 200 OK
Sep 09, 2020 7:53:07 AM okhttp3.mockwebserver.MockWebServer$3 processOneRequest
INFO: MockWebServer[46044] received request: PATCH /apis/entando.org/v1/namespaces/entando-k8s-operator-common-cmms60/entandoplugins/sample-name-cmms60 HTTP/1.1 and responded: HTTP/1.1 202 OK
Sep 09, 2020 7:53:07 AM okhttp3.mockwebserver.MockWebServer$3 processOneRequest
INFO: MockWebServer[46044] received request: GET /api/v1/namespaces/entando-k8s-operator-common-cmms60/secrets/entando-default-ca-secret HTTP/1.1 and responded: HTTP/1.1 200 OK
Sep 09, 2020 7:53:07 AM okhttp3.mockwebserver.MockWebServer$3 processOneRequest
INFO: MockWebServer[46044] received request: POST /api/v1/namespaces/entando-k8s-operator-common-cmms60/secrets HTTP/1.1 and responded: HTTP/1.1 202 OK
Sep 09, 2020 7:53:07 AM okhttp3.mockwebserver.MockWebServer$3 processOneRequest
INFO: MockWebServer[46044] received request: GET /api/v1/namespaces/entando-k8s-operator-common-cmms60/serviceaccounts/plugin HTTP/1.1 and responded: HTTP/1.1 404 Client Error
Sep 09, 2020 7:53:07 AM okhttp3.mockwebserver.MockWebServer$3 processOneRequest
INFO: MockWebServer[46044] received request: POST /api/v1/namespaces/entando-k8s-operator-common-cmms60/serviceaccounts HTTP/1.1 and responded: HTTP/1.1 202 OK
Sep 09, 2020 7:53:08 AM okhttp3.mockwebserver.MockWebServer$3 processOneRequest
INFO: MockWebServer[46044] received request: GET /apis/rbac.authorization.k8s.io/v1/namespaces/entando-k8s-operator-common-cmms60/roles/plugin HTTP/1.1 and responded: HTTP/1.1 404 Client Error
Sep 09, 2020 7:53:08 AM okhttp3.mockwebserver.MockWebServer$3 processOneRequest
INFO: MockWebServer[46044] received request: GET /apis/rbac.authorization.k8s.io/v1beta1/namespaces/entando-k8s-operator-common-cmms60/roles/plugin HTTP/1.1 and responded: HTTP/1.1 404 Client Error
Sep 09, 2020 7:53:08 AM okhttp3.mockwebserver.MockWebServer$3 processOneRequest
INFO: MockWebServer[46044] received request: POST /apis/rbac.authorization.k8s.io/v1/namespaces/entando-k8s-operator-common-cmms60/roles HTTP/1.1 and responded: HTTP/1.1 202 OK
Sep 09, 2020 7:53:08 AM okhttp3.mockwebserver.MockWebServer$3 processOneRequest
INFO: MockWebServer[46044] received request: GET /apis/rbac.authorization.k8s.io/v1/namespaces/entando-k8s-operator-common-cmms60/rolebindings/plugin-rolebinding HTTP/1.1 and responded: HTTP/1.1 404 Client Error
Sep 09, 2020 7:53:08 AM okhttp3.mockwebserver.MockWebServer$3 processOneRequest
INFO: MockWebServer[46044] received request: GET /apis/rbac.authorization.k8s.io/v1beta1/namespaces/entando-k8s-operator-common-cmms60/rolebindings/plugin-rolebinding HTTP/1.1 and responded: HTTP/1.1 404 Client Error
Sep 09, 2020 7:53:08 AM okhttp3.mockwebserver.MockWebServer$3 processOneRequest
INFO: MockWebServer[46044] received request: POST /apis/rbac.authorization.k8s.io/v1/namespaces/entando-k8s-operator-common-cmms60/rolebindings HTTP/1.1 and responded: HTTP/1.1 202 OK
Sep 09, 2020 7:53:08 AM okhttp3.mockwebserver.MockWebServer$3 processOneRequest
INFO: MockWebServer[46044] received request: GET /api/v1/namespaces/entando-k8s-operator-common-cmms60/services/sample-name-cmms60-server-service HTTP/1.1 and responded: HTTP/1.1 404 Client Error
Sep 09, 2020 7:53:08 AM okhttp3.mockwebserver.MockWebServer$3 processOneRequest
INFO: MockWebServer[46044] received request: POST /api/v1/namespaces/entando-k8s-operator-common-cmms60/services HTTP/1.1 and responded: HTTP/1.1 202 OK
Sep 09, 2020 7:53:08 AM okhttp3.mockwebserver.MockWebServer$3 processOneRequest
INFO: MockWebServer[46044] received request: GET /api/v1/namespaces/entando-k8s-operator-common-cmms60/services/sample-name-cmms60-server-service HTTP/1.1 and responded: HTTP/1.1 200 OK
Sep 09, 2020 7:53:08 AM okhttp3.mockwebserver.MockWebServer$3 processOneRequest
INFO: MockWebServer[46044] received request: GET /apis/entando.org/v1/namespaces/entando-k8s-operator-common-cmms60/entandoplugins/sample-name-cmms60 HTTP/1.1 and responded: HTTP/1.1 200 OK
Sep 09, 2020 7:53:08 AM okhttp3.mockwebserver.MockWebServer$3 processOneRequest
INFO: MockWebServer[46044] received request: GET /apis/entando.org/v1/namespaces/entando-k8s-operator-common-cmms60/entandoplugins/sample-name-cmms60 HTTP/1.1 and responded: HTTP/1.1 200 OK
Sep 09, 2020 7:53:09 AM okhttp3.mockwebserver.MockWebServer$3 processOneRequest
INFO: MockWebServer[46044] received request: PATCH /apis/entando.org/v1/namespaces/entando-k8s-operator-common-cmms60/entandoplugins/sample-name-cmms60 HTTP/1.1 and responded: HTTP/1.1 202 OK
Sep 09, 2020 7:53:09 AM io.fabric8.kubernetes.client.internal.VersionUsageUtils alert
WARN: The client is using resource type 'ingresses' with unstable version 'v1beta1'
Sep 09, 2020 7:53:09 AM okhttp3.mockwebserver.MockWebServer$3 processOneRequest
INFO: MockWebServer[46044] received request: GET /apis/extensions/v1beta1/namespaces/entando-k8s-operator-common-cmms60/ingresses/sample-name-cmms60-ingress HTTP/1.1 and responded: HTTP/1.1 404 Client Error
Sep 09, 2020 7:53:09 AM okhttp3.mockwebserver.MockWebServer$3 processOneRequest
INFO: MockWebServer[46044] received request: POST /apis/extensions/v1beta1/namespaces/entando-k8s-operator-common-cmms60/ingresses HTTP/1.1 and responded: HTTP/1.1 202 OK
Sep 09, 2020 7:53:09 AM okhttp3.mockwebserver.MockWebServer$3 processOneRequest
INFO: MockWebServer[46044] received request: GET /apis/extensions/v1beta1/namespaces/entando-k8s-operator-common-cmms60/ingresses/sample-name-cmms60-ingress HTTP/1.1 and responded: HTTP/1.1 200 OK
Sep 09, 2020 7:53:09 AM okhttp3.mockwebserver.MockWebServer$3 processOneRequest
INFO: MockWebServer[46044] received request: GET /apis/entando.org/v1/namespaces/entando-k8s-operator-common-cmms60/entandoplugins/sample-name-cmms60 HTTP/1.1 and responded: HTTP/1.1 200 OK
Sep 09, 2020 7:53:09 AM okhttp3.mockwebserver.MockWebServer$3 processOneRequest
INFO: MockWebServer[46044] received request: GET /apis/entando.org/v1/namespaces/entando-k8s-operator-common-cmms60/entandoplugins/sample-name-cmms60 HTTP/1.1 and responded: HTTP/1.1 200 OK
Sep 09, 2020 7:53:09 AM okhttp3.mockwebserver.MockWebServer$3 processOneRequest
INFO: MockWebServer[46044] received request: PATCH /apis/entando.org/v1/namespaces/entando-k8s-operator-common-cmms60/entandoplugins/sample-name-cmms60 HTTP/1.1 and responded: HTTP/1.1 202 OK
Sep 09, 2020 7:53:09 AM okhttp3.mockwebserver.MockWebServer$3 processOneRequest
INFO: MockWebServer[46044] received request: GET /api/v1/namespaces/entando-k8s-operator-common-cmms60/secrets/some-client-secret HTTP/1.1 and responded: HTTP/1.1 404 Client Error
Sep 09, 2020 7:53:09 AM okhttp3.mockwebserver.MockWebServer$3 processOneRequest
INFO: MockWebServer[46044] received request: POST /api/v1/namespaces/entando-k8s-operator-common-cmms60/secrets HTTP/1.1 and responded: HTTP/1.1 202 OK
Sep 09, 2020 7:53:10 AM okhttp3.mockwebserver.MockWebServer$3 processOneRequest
INFO: MockWebServer[46044] received request: GET /apis/apps/v1/namespaces/entando-k8s-operator-common-cmms60/deployments/sample-name-cmms60-server-deployment HTTP/1.1 and responded: HTTP/1.1 404 Client Error
Sep 09, 2020 7:53:10 AM okhttp3.mockwebserver.MockWebServer$3 processOneRequest
INFO: MockWebServer[46044] received request: GET /apis/extensions/v1beta1/namespaces/entando-k8s-operator-common-cmms60/deployments/sample-name-cmms60-server-deployment HTTP/1.1 and responded: HTTP/1.1 404 Client Error
Sep 09, 2020 7:53:10 AM okhttp3.mockwebserver.MockWebServer$3 processOneRequest
INFO: MockWebServer[46044] received request: POST /apis/apps/v1/namespaces/entando-k8s-operator-common-cmms60/deployments HTTP/1.1 and responded: HTTP/1.1 202 OK
Sep 09, 2020 7:53:10 AM okhttp3.mockwebserver.MockWebServer$3 processOneRequest
INFO: MockWebServer[46044] received request: GET /apis/apps/v1/namespaces/entando-k8s-operator-common-cmms60/deployments/sample-name-cmms60-server-deployment HTTP/1.1 and responded: HTTP/1.1 200 OK
Sep 09, 2020 7:53:10 AM okhttp3.mockwebserver.MockWebServer$3 processOneRequest
INFO: MockWebServer[46044] received request: GET /apis/entando.org/v1/namespaces/entando-k8s-operator-common-cmms60/entandoplugins/sample-name-cmms60 HTTP/1.1 and responded: HTTP/1.1 200 OK
Sep 09, 2020 7:53:10 AM okhttp3.mockwebserver.MockWebServer$3 processOneRequest
INFO: MockWebServer[46044] received request: GET /apis/entando.org/v1/namespaces/entando-k8s-operator-common-cmms60/entandoplugins/sample-name-cmms60 HTTP/1.1 and responded: HTTP/1.1 200 OK
Sep 09, 2020 7:53:10 AM okhttp3.mockwebserver.MockWebServer$3 processOneRequest
INFO: MockWebServer[46044] received request: PATCH /apis/entando.org/v1/namespaces/entando-k8s-operator-common-cmms60/entandoplugins/sample-name-cmms60 HTTP/1.1 and responded: HTTP/1.1 202 OK
Sep 09, 2020 7:53:10 AM okhttp3.mockwebserver.MockWebServer$3 processOneRequest
INFO: MockWebServer[46044] received request: GET /api/v1/namespaces/entando-k8s-operator-common-cmms60/pods?labelSelector=deployment%3Dsample-name-cmms60-server&watch=true HTTP/1.1 and responded: HTTP/1.1 200 OK
Sep 09, 2020 7:53:10 AM okhttp3.mockwebserver.MockWebServer$3 processOneRequest
INFO: MockWebServer[46044] received request: GET /apis/apps/v1/namespaces/entando-k8s-operator-common-cmms60/deployments/sample-name-cmms60-server-deployment HTTP/1.1 and responded: HTTP/1.1 200 OK
Sep 09, 2020 7:53:10 AM okhttp3.mockwebserver.MockWebServer$3 processOneRequest
INFO: MockWebServer[46044] received request: GET /api/v1/namespaces/entando-k8s-operator-common-cmms60/pods?labelSelector=deployment%3Dsample-name-cmms60-server&watch=true HTTP/1.1 and responded: HTTP/1.1 200 OK
Sep 09, 2020 7:53:10 AM okhttp3.mockwebserver.MockWebServer$3 processOneRequest
INFO: MockWebServer[46044] received request: GET /apis/entando.org/v1/namespaces/entando-k8s-operator-common-cmms60/entandoplugins/sample-name-cmms60 HTTP/1.1 and responded: HTTP/1.1 200 OK
Sep 09, 2020 7:53:10 AM io.fabric8.kubernetes.client.dsl.internal.WatchHTTPManager$1 onResponse
INFO: Watch terminated unexpectedly. reason: \n not found: limit=46 content=7b2261706956657273696f6e223a227631222c226b696e64223a224c69737422â€¦
Sep 09, 2020 7:53:10 AM io.fabric8.kubernetes.client.dsl.internal.WatchHTTPManager scheduleReconnect
WARN: Ignoring error for already closed/closing connection
Sep 09, 2020 7:53:10 AM okhttp3.mockwebserver.MockWebServer$3 processOneRequest
INFO: MockWebServer[46044] received request: GET /apis/entando.org/v1/namespaces/entando-k8s-operator-common-cmms60/entandoplugins/sample-name-cmms60 HTTP/1.1 and responded: HTTP/1.1 200 OK
Sep 09, 2020 7:53:11 AM okhttp3.mockwebserver.MockWebServer$3 processOneRequest
INFO: MockWebServer[46044] received request: PATCH /apis/entando.org/v1/namespaces/entando-k8s-operator-common-cmms60/entandoplugins/sample-name-cmms60 HTTP/1.1 and responded: HTTP/1.1 202 OK
Sep 09, 2020 7:53:11 AM okhttp3.mockwebserver.MockWebServer$3 processOneRequest
INFO: MockWebServer[46044] received request: GET /apis/entando.org/v1/namespaces/entando-k8s-operator-common-cmms60/entandoplugins/sample-name-cmms60 HTTP/1.1 and responded: HTTP/1.1 200 OK
Sep 09, 2020 7:53:11 AM okhttp3.mockwebserver.MockWebServer$3 processOneRequest
INFO: MockWebServer[46044] received request: GET /apis/entando.org/v1/namespaces/entando-k8s-operator-common-cmms60/entandoplugins/sample-name-cmms60 HTTP/1.1 and responded: HTTP/1.1 200 OK
Sep 09, 2020 7:53:11 AM okhttp3.mockwebserver.MockWebServer$3 processOneRequest
INFO: MockWebServer[46044] received request: PATCH /apis/entando.org/v1/namespaces/entando-k8s-operator-common-cmms60/entandoplugins/sample-name-cmms60 HTTP/1.1 and responded: HTTP/1.1 202 OK
Sep 09, 2020 7:53:11 AM okhttp3.mockwebserver.MockWebServer$3 processOneRequest
INFO: MockWebServer[46044] received request: GET /apis/entando.org/v1/namespaces/entando-k8s-operator-common-cmms60/entandoplugins/sample-name-cmms60 HTTP/1.1 and responded: HTTP/1.1 200 OK
Sep 09, 2020 7:53:11 AM okhttp3.mockwebserver.MockWebServer$3 processOneRequest
INFO: MockWebServer[46044] received request: GET /apis/entando.org/v1/namespaces/entando-k8s-operator-common-cmms60/entandoplugins/sample-name-cmms60 HTTP/1.1 and responded: HTTP/1.1 200 OK
Sep 09, 2020 7:53:11 AM okhttp3.mockwebserver.MockWebServer$3 processOneRequest
INFO: MockWebServer[46044] received request: PATCH /apis/entando.org/v1/namespaces/entando-k8s-operator-common-cmms60/entandoplugins/sample-name-cmms60 HTTP/1.1 and responded: HTTP/1.1 202 OK
Sep 09, 2020 7:53:13 AM okhttp3.mockwebserver.MockWebServer$3 processOneRequest
INFO: MockWebServer[46044] received request: GET /apis/entando.org/v1/namespaces/entando-k8s-operator-common-cmms60/entandoplugins/sample-name-cmms60 HTTP/1.1 and responded: HTTP/1.1 200 OK
Sep 09, 2020 7:53:13 AM okhttp3.mockwebserver.MockWebServer$3 processOneRequest
INFO: MockWebServer[46044] received request: GET /apis/apps/v1/namespaces/entando-k8s-operator-common-cmms60/deployments/sample-name-cmms60-server-deployment HTTP/1.1 and responded: HTTP/1.1 200 OK
Sep 09, 2020 7:53:13 AM okhttp3.mockwebserver.MockWebServer$3 processOneRequest
INFO: MockWebServer[46044] received request: GET /api/v1/namespaces/entando-k8s-operator-common-cmms60/secrets/sample-name-cmms60-db-secret HTTP/1.1 and responded: HTTP/1.1 200 OK
Sep 09, 2020 7:53:13 AM okhttp3.mockwebserver.MockWebServer$3 processOneRequest
INFO: MockWebServer[46044] received request: GET /api/v1/namespaces/entando-k8s-operator-common-cmms60/secrets/sample-name-cmms60-db-secret HTTP/1.1 and responded: HTTP/1.1 200 OK
Sep 09, 2020 7:53:13 AM okhttp3.mockwebserver.MockWebServer$3 processOneRequest
INFO: MockWebServer[46044] received request: GET /api/v1/namespaces/entando-k8s-operator-common-cmms60/secrets/entando-default-ca-secret HTTP/1.1 and responded: HTTP/1.1 200 OK
Sep 09, 2020 7:53:14 AM okhttp3.mockwebserver.MockWebServer$3 processOneRequest
INFO: MockWebServer[46044] received request: GET /api/v1/namespaces/entando-k8s-operator-common-cmms60/secrets/sample-name-cmms60-*****-secret HTTP/1.1 and responded: HTTP/1.1 200 OK
Sep 09, 2020 7:53:14 AM okhttp3.mockwebserver.MockWebServer$3 processOneRequest
INFO: MockWebServer[46044] received request: GET /api/v1/namespaces/entando-k8s-operator-common-cmms60/secrets/sample-name-cmms60-*****-secret HTTP/1.1 and responded: HTTP/1.1 200 OK
Sep 09, 2020 7:53:14 AM okhttp3.mockwebserver.MockWebServer$3 processOneRequest
INFO: MockWebServer[46044] received request: GET /api/v1/namespaces/entando-k8s-operator-common-cmms60/secrets/sample-name-cmms60-db-secret HTTP/1.1 and responded: HTTP/1.1 200 OK
Sep 09, 2020 7:53:14 AM okhttp3.mockwebserver.MockWebServer$3 processOneRequest
INFO: MockWebServer[46044] received request: GET /api/v1/namespaces/entando-k8s-operator-common-cmms60/secrets/sample-name-cmms60-db-secret HTTP/1.1 and responded: HTTP/1.1 200 OK
Sep 09, 2020 7:53:14 AM okhttp3.mockwebserver.MockWebServer$3 processOneRequest
INFO: MockWebServer[46044] received request: GET /api/v1/namespaces/entando-k8s-operator-common-cmms60/secrets/some-client-secret HTTP/1.1 and responded: HTTP/1.1 200 OK
Sep 09, 2020 7:53:14 AM okhttp3.mockwebserver.MockWebServer$3 processOneRequest
INFO: MockWebServer[46044] received request: GET /api/v1/namespaces/entando-k8s-operator-common-cmms60/secrets/some-client-secret HTTP/1.1 and responded: HTTP/1.1 200 OK
Sep 09, 2020 7:53:14 AM okhttp3.mockwebserver.MockWebServer$3 processOneRequest
INFO: MockWebServer[46044] received request: GET /api/v1/namespaces/entando-k8s-operator-common-cmms60/secrets/sample-name-cmms60-db-secret HTTP/1.1 and responded: HTTP/1.1 200 OK
Sep 09, 2020 7:53:14 AM okhttp3.mockwebserver.MockWebServer$3 processOneRequest
INFO: MockWebServer[46044] received request: GET /api/v1/namespaces/entando-k8s-operator-common-cmms60/secrets/sample-name-cmms60-db-secret HTTP/1.1 and responded: HTTP/1.1 200 OK
Sep 09, 2020 7:53:14 AM okhttp3.mockwebserver.MockWebServer$3 processOneRequest
INFO: MockWebServer[46044] received request: GET /api/v1/namespaces/entando-k8s-operator-common-cmms60/secrets/entando-default-ca-secret HTTP/1.1 and responded: HTTP/1.1 200 OK
Sep 09, 2020 7:53:14 AM okhttp3.mockwebserver.MockWebServer$3 processOneRequest
INFO: MockWebServer[46044] received request: GET /api/v1/namespaces/entando-k8s-operator-common-cmms60/secrets/sample-name-cmms60-*****-secret HTTP/1.1 and responded: HTTP/1.1 200 OK
Sep 09, 2020 7:53:14 AM okhttp3.mockwebserver.MockWebServer$3 processOneRequest
INFO: MockWebServer[46044] received request: GET /api/v1/namespaces/entando-k8s-operator-common-cmms60/secrets/sample-name-cmms60-*****-secret HTTP/1.1 and responded: HTTP/1.1 200 OK
Sep 09, 2020 7:53:14 AM okhttp3.mockwebserver.MockWebServer$3 processOneRequest
INFO: MockWebServer[46044] received request: GET /api/v1/namespaces/entando-k8s-operator-common-cmms60/secrets/sample-name-cmms60-db-secret HTTP/1.1 and responded: HTTP/1.1 200 OK
Sep 09, 2020 7:53:14 AM okhttp3.mockwebserver.MockWebServer$3 processOneRequest
INFO: MockWebServer[46044] received request: GET /api/v1/namespaces/entando-k8s-operator-common-cmms60/secrets/sample-name-cmms60-db-secret HTTP/1.1 and responded: HTTP/1.1 200 OK
Sep 09, 2020 7:53:15 AM okhttp3.mockwebserver.MockWebServer$3 processOneRequest
INFO: MockWebServer[46044] received request: GET /api/v1/namespaces/entando-k8s-operator-common-cmms60/persistentvolumeclaims/sample-name-cmms60-server-pvc HTTP/1.1 and responded: HTTP/1.1 200 OK
Sep 09, 2020 7:53:15 AM okhttp3.mockwebserver.MockWebServer$3 processOneRequest
INFO: MockWebServer[46044] received request: GET /api/v1/namespaces/entando-k8s-operator-common-cmms60/persistentvolumeclaims/sample-name-cmms60-server-pvc HTTP/1.1 and responded: HTTP/1.1 200 OK
Sep 09, 2020 7:53:15 AM okhttp3.mockwebserver.MockWebServer$3 processOneRequest
INFO: MockWebServer[46044] received request: GET /api/v1/namespaces/entando-k8s-operator-common-cmms60/secrets/entando-default-ca-secret HTTP/1.1 and responded: HTTP/1.1 200 OK
Sep 09, 2020 7:53:15 AM okhttp3.mockwebserver.MockWebServer$3 processOneRequest
INFO: MockWebServer[46044] received request: GET /apis/apps/v1/namespaces/entando-k8s-operator-common-cmms60/deployments/sample-name-cmms60-db-deployment HTTP/1.1 and responded: HTTP/1.1 200 OK
Sep 09, 2020 7:53:15 AM okhttp3.mockwebserver.MockWebServer$3 processOneRequest
INFO: MockWebServer[46044] received request: GET /apis/extensions/v1beta1/namespaces/entando-k8s-operator-common-cmms60/ingresses/sample-name-cmms60-ingress HTTP/1.1 and responded: HTTP/1.1 200 OK
Sep 09, 2020 7:53:15 AM okhttp3.mockwebserver.MockWebServer$2 acceptConnections
INFO: MockWebServer[46044] done accepting connections: Socket closed
Sep 09, 2020 7:53:15 AM okhttp3.mockwebserver.MockWebServer$2 e**cute
INFO: MockWebServer[56775] starting to accept connections
Sep 09, 2020 7:53:15 AM okhttp3.mockwebserver.MockWebServer$3 processOneRequest
INFO: MockWebServer[56775] received request: GET /api/v1/namespaces/entando/configmaps/entando-docker-image-info-v6.1 HTTP/1.1 and responded: HTTP/1.1 404 Client Error
Sep 09, 2020 7:53:15 AM okhttp3.mockwebserver.MockWebServer$3 processOneRequest
INFO: MockWebServer[56775] received request: GET /api/v1/namespaces/test/secrets/keycloak-*****-secret HTTP/1.1 and responded: HTTP/1.1 404 Client Error
Sep 09, 2020 7:53:15 AM okhttp3.mockwebserver.MockWebServer$3 processOneRequest
INFO: MockWebServer[56775] received request: POST /api/v1/namespaces/test/secrets HTTP/1.1 and responded: HTTP/1.1 202 OK
Sep 09, 2020 7:53:15 AM okhttp3.mockwebserver.MockWebServer$3 processOneRequest
INFO: MockWebServer[56775] received request: GET /api/v1/namespaces/test HTTP/1.1 and responded: HTTP/1.1 404 Client Error
Sep 09, 2020 7:53:15 AM okhttp3.mockwebserver.MockWebServer$3 processOneRequest
INFO: MockWebServer[56775] received request: GET /apis/entando.org/v1/namespaces/default/entandoplugins HTTP/1.1 and responded: HTTP/1.1 200 OK
Sep 09, 2020 7:53:15 AM okhttp3.mockwebserver.MockWebServer$3 processOneRequest
INFO: MockWebServer[56775] received request: GET /api/v1/namespaces/test HTTP/1.1 and responded: HTTP/1.1 404 Client Error
Sep 09, 2020 7:53:16 AM okhttp3.mockwebserver.MockWebServer$3 processOneRequest
INFO: MockWebServer[56775] received request: GET /apis/entando.org/v1/namespaces/default/entandoplugins HTTP/1.1 and responded: HTTP/1.1 200 OK
Sep 09, 2020 7:53:16 AM okhttp3.mockwebserver.MockWebServer$3 processOneRequest
INFO: MockWebServer[56775] received request: GET /apis/entando.org/v1/namespaces/entando-k8s-operator-common-cmms60/entandoplugins/sample-name-cmms60 HTTP/1.1 and responded: HTTP/1.1 404 Client Error
Sep 09, 2020 7:53:16 AM okhttp3.mockwebserver.MockWebServer$3 processOneRequest
INFO: MockWebServer[56775] received request: GET /apis/entando.org/v1/namespaces/entando-k8s-operator-common-cmms60/entandoplugins/sample-name-cmms60 HTTP/1.1 and responded: HTTP/1.1 404 Client Error
Sep 09, 2020 7:53:16 AM okhttp3.mockwebserver.MockWebServer$3 processOneRequest
INFO: MockWebServer[56775] received request: POST /apis/entando.org/v1/namespaces/entando-k8s-operator-common-cmms60/entandoplugins HTTP/1.1 and responded: HTTP/1.1 202 OK
Sep 09, 2020 7:53:16 AM okhttp3.mockwebserver.MockWebServer$3 processOneRequest
INFO: MockWebServer[56775] received request: GET /apis/entando.org/v1/namespaces/entando-k8s-operator-common-cmms60/entandoplugins/sample-name-cmms60 HTTP/1.1 and responded: HTTP/1.1 200 OK
Sep 09, 2020 7:53:16 AM okhttp3.mockwebserver.MockWebServer$3 processOneRequest
INFO: MockWebServer[56775] received request: GET /apis/entando.org/v1/namespaces/entando-k8s-operator-common-cmms60/entandoplugins/sample-name-cmms60 HTTP/1.1 and responded: HTTP/1.1 200 OK
Sep 09, 2020 7:53:16 AM okhttp3.mockwebserver.MockWebServer$3 processOneRequest
INFO: MockWebServer[56775] received request: GET /apis/entando.org/v1/namespaces/entando-k8s-operator-common-cmms60/entandoplugins/sample-name-cmms60 HTTP/1.1 and responded: HTTP/1.1 200 OK
Sep 09, 2020 7:53:16 AM okhttp3.mockwebserver.MockWebServer$3 processOneRequest
INFO: MockWebServer[56775] received request: GET /apis/entando.org/v1/namespaces/entando-k8s-operator-common-cmms60/entandoplugins/sample-name-cmms60 HTTP/1.1 and responded: HTTP/1.1 200 OK
Sep 09, 2020 7:53:16 AM okhttp3.mockwebserver.MockWebServer$3 processOneRequest
INFO: MockWebServer[56775] received request: GET /apis/entando.org/v1/namespaces/entando-k8s-operator-common-cmms60/entandoplugins/sample-name-cmms60 HTTP/1.1 and responded: HTTP/1.1 200 OK
Sep 09, 2020 7:53:16 AM okhttp3.mockwebserver.MockWebServer$3 processOneRequest
INFO: MockWebServer[56775] received request: GET /apis/entando.org/v1/namespaces/entando-k8s-operator-common-cmms60/entandoplugins/sample-name-cmms60 HTTP/1.1 and responded: HTTP/1.1 200 OK
Sep 09, 2020 7:53:16 AM okhttp3.mockwebserver.MockWebServer$3 processOneRequest
INFO: MockWebServer[56775] received request: GET /apis/entando.org/v1/namespaces/entando-k8s-operator-common-cmms60/entandoplugins/sample-name-cmms60 HTTP/1.1 and responded: HTTP/1.1 200 OK
Sep 09, 2020 7:53:16 AM okhttp3.mockwebserver.MockWebServer$3 processOneRequest
INFO: MockWebServer[56775] received request: GET /apis/entando.org/v1/namespaces/entando-k8s-operator-common-cmms60/entandoplugins/sample-name-cmms60 HTTP/1.1 and responded: HTTP/1.1 200 OK
Sep 09, 2020 7:53:16 AM okhttp3.mockwebserver.MockWebServer$3 processOneRequest
INFO: MockWebServer[56775] received request: PATCH /apis/entando.org/v1/namespaces/entando-k8s-operator-common-cmms60/entandoplugins/sample-name-cmms60 HTTP/1.1 and responded: HTTP/1.1 202 OK
Sep 09, 2020 7:53:16 AM okhttp3.mockwebserver.MockWebServer$3 processOneRequest
INFO: MockWebServer[56775] received request: GET /apis/entando.org/v1/namespaces/entando-k8s-operator-common-cmms60/entandoplugins/sample-name-cmms60 HTTP/1.1 and responded: HTTP/1.1 200 OK
Sep 09, 2020 7:53:17 AM okhttp3.mockwebserver.MockWebServer$3 processOneRequest
INFO: MockWebServer[56775] received request: GET /api/v1/namespaces/test HTTP/1.1 and responded: HTTP/1.1 404 Client Error
Sep 09, 2020 7:53:17 AM okhttp3.mockwebserver.MockWebServer$3 processOneRequest
INFO: MockWebServer[56775] received request: GET /apis/entando.org/v1/namespaces/default/entandodatabaseservices HTTP/1.1 and responded: HTTP/1.1 200 OK
Sep 09, 2020 7:53:17 AM okhttp3.mockwebserver.MockWebServer$3 processOneRequest
INFO: MockWebServer[56775] received request: GET /apis/entando.org/v1/namespaces/entando-k8s-operator-common-cmms60/entandoplugins/sample-name-cmms60 HTTP/1.1 and responded: HTTP/1.1 200 OK
Sep 09, 2020 7:53:17 AM okhttp3.mockwebserver.MockWebServer$3 processOneRequest
INFO: MockWebServer[56775] received request: GET /api/v1/namespaces/test HTTP/1.1 and responded: HTTP/1.1 404 Client Error
Sep 09, 2020 7:53:17 AM okhttp3.mockwebserver.MockWebServer$3 processOneRequest
INFO: MockWebServer[56775] received request: GET /apis/entando.org/v1/namespaces/entando-k8s-operator-common-cmms60/entandoplugins/sample-name-cmms60 HTTP/1.1 and responded: HTTP/1.1 200 OK
Sep 09, 2020 7:53:17 AM okhttp3.mockwebserver.MockWebServer$3 processOneRequest
INFO: MockWebServer[56775] received request: GET /apis/entando.org/v1/namespaces/default/entandodatabaseservices HTTP/1.1 and responded: HTTP/1.1 200 OK
Sep 09, 2020 7:53:17 AM okhttp3.mockwebserver.MockWebServer$3 processOneRequest
INFO: MockWebServer[56775] received request: GET /apis/entando.org/v1/namespaces/entando-k8s-operator-common-cmms60/entandodatabaseservices HTTP/1.1 and responded: HTTP/1.1 200 OK
Sep 09, 2020 7:53:17 AM okhttp3.mockwebserver.MockWebServer$3 processOneRequest
INFO: MockWebServer[56775] received request: GET /apis/entando.org/v1/namespaces/entando-k8s-operator-common-cmms60/entandoplugins/sample-name-cmms60 HTTP/1.1 and responded: HTTP/1.1 200 OK
Sep 09, 2020 7:53:17 AM okhttp3.mockwebserver.MockWebServer$3 processOneRequest
INFO: MockWebServer[56775] received request: GET /api/v1/namespaces/entando/configmaps/entando-docker-image-info-v6.1 HTTP/1.1 and responded: HTTP/1.1 404 Client Error
Sep 09, 2020 7:53:17 AM okhttp3.mockwebserver.MockWebServer$3 processOneRequest
INFO: MockWebServer[56775] received request: GET /api/v1/namespaces/entando-k8s-operator-common-cmms60/persistentvolumeclaims/sample-name-cmms60-db-pvc HTTP/1.1 and responded: HTTP/1.1 404 Client Error
Sep 09, 2020 7:53:17 AM okhttp3.mockwebserver.MockWebServer$3 processOneRequest
INFO: MockWebServer[56775] received request: GET /apis/entando.org/v1/namespaces/entando-k8s-operator-common-cmms60/entandoplugins/sample-name-cmms60 HTTP/1.1 and responded: HTTP/1.1 200 OK
Sep 09, 2020 7:53:17 AM okhttp3.mockwebserver.MockWebServer$3 processOneRequest
INFO: MockWebServer[56775] received request: POST /api/v1/namespaces/entando-k8s-operator-common-cmms60/persistentvolumeclaims HTTP/1.1 and responded: HTTP/1.1 202 OK
Sep 09, 2020 7:53:17 AM okhttp3.mockwebserver.MockWebServer$3 processOneRequest
INFO: MockWebServer[56775] received request: GET /api/v1/namespaces/entando-k8s-operator-common-cmms60/persistentvolumeclaims/sample-name-cmms60-db-pvc HTTP/1.1 and responded: HTTP/1.1 200 OK
Sep 09, 2020 7:53:17 AM okhttp3.mockwebserver.MockWebServer$3 processOneRequest
INFO: MockWebServer[56775] received request: GET /apis/entando.org/v1/namespaces/entando-k8s-operator-common-cmms60/entandoplugins/sample-name-cmms60 HTTP/1.1 and responded: HTTP/1.1 200 OK
Sep 09, 2020 7:53:17 AM okhttp3.mockwebserver.MockWebServer$3 processOneRequest
INFO: MockWebServer[56775] received request: GET /apis/entando.org/v1/namespaces/entando-k8s-operator-common-cmms60/entandoplugins/sample-name-cmms60 HTTP/1.1 and responded: HTTP/1.1 200 OK
Sep 09, 2020 7:53:17 AM okhttp3.mockwebserver.MockWebServer$3 processOneRequest
INFO: MockWebServer[56775] received request: GET /apis/entando.org/v1/namespaces/entando-k8s-operator-common-cmms60/entandoplugins/sample-name-cmms60 HTTP/1.1 and responded: HTTP/1.1 200 OK
Sep 09, 2020 7:53:17 AM okhttp3.mockwebserver.MockWebServer$3 processOneRequest
INFO: MockWebServer[56775] received request: GET /apis/entando.org/v1/namespaces/entando-k8s-operator-common-cmms60/entandoplugins/sample-name-cmms60 HTTP/1.1 and responded: HTTP/1.1 200 OK
Sep 09, 2020 7:53:17 AM okhttp3.mockwebserver.MockWebServer$3 processOneRequest
INFO: MockWebServer[56775] received request: PATCH /apis/entando.org/v1/namespaces/entando-k8s-operator-common-cmms60/entandoplugins/sample-name-cmms60 HTTP/1.1 and responded: HTTP/1.1 202 OK
Sep 09, 2020 7:53:18 AM okhttp3.mockwebserver.MockWebServer$3 processOneRequest
INFO: MockWebServer[56775] received request: GET /apis/entando.org/v1/namespaces/entando-k8s-operator-common-cmms60/entandoplugins/sample-name-cmms60 HTTP/1.1 and responded: HTTP/1.1 200 OK
Sep 09, 2020 7:53:18 AM okhttp3.mockwebserver.MockWebServer$3 processOneRequest
INFO: MockWebServer[56775] received request: GET /api/v1/namespaces/entando-k8s-operator-common-cmms60/secrets/entando-default-ca-secret HTTP/1.1 and responded: HTTP/1.1 404 Client Error
Sep 09, 2020 7:53:18 AM okhttp3.mockwebserver.MockWebServer$3 processOneRequest
INFO: MockWebServer[56775] received request: POST /api/v1/namespaces/entando-k8s-operator-common-cmms60/secrets HTTP/1.1 and responded: HTTP/1.1 202 OK
Sep 09, 2020 7:53:18 AM okhttp3.mockwebserver.MockWebServer$3 processOneRequest
INFO: MockWebServer[56775] received request: GET /apis/entando.org/v1/namespaces/entando-k8s-operator-common-cmms60/entandoplugins/sample-name-cmms60 HTTP/1.1 and responded: HTTP/1.1 200 OK
Sep 09, 2020 7:53:18 AM okhttp3.mockwebserver.MockWebServer$3 processOneRequest
INFO: MockWebServer[56775] received request: POST /api/v1/namespaces/entando-k8s-operator-common-cmms60/secrets HTTP/1.1 and responded: HTTP/1.1 202 OK
Sep 09, 2020 7:53:18 AM okhttp3.mockwebserver.MockWebServer$3 processOneRequest
INFO: MockWebServer[56775] received request: GET /apis/entando.org/v1/namespaces/entando-k8s-operator-common-cmms60/entandoplugins/sample-name-cmms60 HTTP/1.1 and responded: HTTP/1.1 200 OK
Sep 09, 2020 7:53:18 AM okhttp3.mockwebserver.MockWebServer$3 processOneRequest
INFO: MockWebServer[56775] received request: GET /api/v1/namespaces/entando-k8s-operator-common-cmms60/services/sample-name-cmms60-db-service HTTP/1.1 and responded: HTTP/1.1 404 Client Error
Sep 09, 2020 7:53:18 AM okhttp3.mockwebserver.MockWebServer$3 processOneRequest
INFO: MockWebServer[56775] received request: POST /api/v1/namespaces/entando-k8s-operator-common-cmms60/services HTTP/1.1 and responded: HTTP/1.1 202 OK
Sep 09, 2020 7:53:18 AM okhttp3.mockwebserver.MockWebServer$3 processOneRequest
INFO: MockWebServer[56775] received request: GET /apis/entando.org/v1/namespaces/entando-k8s-operator-common-cmms60/entandoplugins/sample-name-cmms60 HTTP/1.1 and responded: HTTP/1.1 200 OK
Sep 09, 2020 7:53:18 AM okhttp3.mockwebserver.MockWebServer$3 processOneRequest
INFO: MockWebServer[56775] received request: GET /api/v1/namespaces/entando-k8s-operator-common-cmms60/services/sample-name-cmms60-db-service HTTP/1.1 and responded: HTTP/1.1 200 OK
Sep 09, 2020 7:53:18 AM okhttp3.mockwebserver.MockWebServer$3 processOneRequest
INFO: MockWebServer[56775] received request: GET /apis/entando.org/v1/namespaces/entando-k8s-operator-common-cmms60/entandoplugins/sample-name-cmms60 HTTP/1.1 and responded: HTTP/1.1 200 OK
Sep 09, 2020 7:53:18 AM okhttp3.mockwebserver.MockWebServer$3 processOneRequest
INFO: MockWebServer[56775] received request: GET /apis/entando.org/v1/namespaces/entando-k8s-operator-common-cmms60/entandoplugins/sample-name-cmms60 HTTP/1.1 and responded: HTTP/1.1 200 OK
Sep 09, 2020 7:53:18 AM okhttp3.mockwebserver.MockWebServer$3 processOneRequest
INFO: MockWebServer[56775] received request: GET /apis/entando.org/v1/namespaces/entando-k8s-operator-common-cmms60/entandoplugins/sample-name-cmms60 HTTP/1.1 and responded: HTTP/1.1 200 OK
Sep 09, 2020 7:53:18 AM okhttp3.mockwebserver.MockWebServer$3 processOneRequest
INFO: MockWebServer[56775] received request: GET /apis/entando.org/v1/namespaces/entando-k8s-operator-common-cmms60/entandoplugins/sample-name-cmms60 HTTP/1.1 and responded: HTTP/1.1 200 OK
Sep 09, 2020 7:53:18 AM okhttp3.mockwebserver.MockWebServer$3 processOneRequest
INFO: MockWebServer[56775] received request: PATCH /apis/entando.org/v1/namespaces/entando-k8s-operator-common-cmms60/entandoplugins/sample-name-cmms60 HTTP/1.1 and responded: HTTP/1.1 202 OK
Sep 09, 2020 7:53:18 AM okhttp3.mockwebserver.MockWebServer$3 processOneRequest
INFO: MockWebServer[56775] received request: GET /apis/apps/v1/namespaces/entando-k8s-operator-common-cmms60/deployments/sample-name-cmms60-db-deployment HTTP/1.1 and responded: HTTP/1.1 404 Client Error
Sep 09, 2020 7:53:18 AM okhttp3.mockwebserver.MockWebServer$3 processOneRequest
INFO: MockWebServer[56775] received request: GET /apis/entando.org/v1/namespaces/entando-k8s-operator-common-cmms60/entandoplugins/sample-name-cmms60 HTTP/1.1 and responded: HTTP/1.1 200 OK
Sep 09, 2020 7:53:18 AM okhttp3.mockwebserver.MockWebServer$3 processOneRequest
INFO: MockWebServer[56775] received request: GET /apis/extensions/v1beta1/namespaces/entando-k8s-operator-common-cmms60/deployments/sample-name-cmms60-db-deployment HTTP/1.1 and responded: HTTP/1.1 404 Client Error
Sep 09, 2020 7:53:19 AM okhttp3.mockwebserver.MockWebServer$3 processOneRequest
INFO: MockWebServer[56775] received request: POST /apis/apps/v1/namespaces/entando-k8s-operator-common-cmms60/deployments HTTP/1.1 and responded: HTTP/1.1 202 OK
Sep 09, 2020 7:53:19 AM okhttp3.mockwebserver.MockWebServer$3 processOneRequest
INFO: MockWebServer[56775] received request: GET /apis/entando.org/v1/namespaces/entando-k8s-operator-common-cmms60/entandoplugins/sample-name-cmms60 HTTP/1.1 and responded: HTTP/1.1 200 OK
Sep 09, 2020 7:53:19 AM okhttp3.mockwebserver.MockWebServer$3 processOneRequest
INFO: MockWebServer[56775] received request: GET /apis/apps/v1/namespaces/entando-k8s-operator-common-cmms60/deployments/sample-name-cmms60-db-deployment HTTP/1.1 and responded: HTTP/1.1 200 OK
Sep 09, 2020 7:53:19 AM okhttp3.mockwebserver.MockWebServer$3 processOneRequest
INFO: MockWebServer[56775] received request: GET /apis/entando.org/v1/namespaces/entando-k8s-operator-common-cmms60/entandoplugins/sample-name-cmms60 HTTP/1.1 and responded: HTTP/1.1 200 OK
Sep 09, 2020 7:53:19 AM okhttp3.mockwebserver.MockWebServer$3 processOneRequest
INFO: MockWebServer[56775] received request: GET /apis/entando.org/v1/namespaces/entando-k8s-operator-common-cmms60/entandoplugins/sample-name-cmms60 HTTP/1.1 and responded: HTTP/1.1 200 OK
Sep 09, 2020 7:53:19 AM okhttp3.mockwebserver.MockWebServer$3 processOneRequest
INFO: MockWebServer[56775] received request: GET /apis/entando.org/v1/namespaces/entando-k8s-operator-common-cmms60/entandoplugins/sample-name-cmms60 HTTP/1.1 and responded: HTTP/1.1 200 OK
Sep 09, 2020 7:53:19 AM okhttp3.mockwebserver.MockWebServer$3 processOneRequest
INFO: MockWebServer[56775] received request: GET /apis/entando.org/v1/namespaces/entando-k8s-operator-common-cmms60/entandoplugins/sample-name-cmms60 HTTP/1.1 and responded: HTTP/1.1 200 OK
Sep 09, 2020 7:53:19 AM okhttp3.mockwebserver.MockWebServer$3 processOneRequest
INFO: MockWebServer[56775] received request: PATCH /apis/entando.org/v1/namespaces/entando-k8s-operator-common-cmms60/entandoplugins/sample-name-cmms60 HTTP/1.1 and responded: HTTP/1.1 202 OK
Sep 09, 2020 7:53:19 AM okhttp3.mockwebserver.MockWebServer$3 processOneRequest
INFO: MockWebServer[56775] received request: GET /api/v1/namespaces/entando-k8s-operator-common-cmms60/pods?labelSelector=deployment%3Dsample-name-cmms60-db&watch=true HTTP/1.1 and responded: HTTP/1.1 200 OK
Sep 09, 2020 7:53:19 AM okhttp3.mockwebserver.MockWebServer$3 processOneRequest
INFO: MockWebServer[56775] received request: GET /apis/entando.org/v1/namespaces/entando-k8s-operator-common-cmms60/entandoplugins/sample-name-cmms60 HTTP/1.1 and responded: HTTP/1.1 200 OK
Sep 09, 2020 7:53:19 AM okhttp3.mockwebserver.MockWebServer$3 processOneRequest
INFO: MockWebServer[56775] received request: GET /api/v1/namespaces/entando-k8s-operator-common-cmms60/pods?labelSelector=deployment%3Dsample-name-cmms60-db&watch=true HTTP/1.1 and responded: HTTP/1.1 200 OK
Sep 09, 2020 7:53:19 AM okhttp3.mockwebserver.MockWebServer$3 processOneRequest
INFO: MockWebServer[56775] received request: GET /apis/apps/v1/namespaces/entando-k8s-operator-common-cmms60/deployments/sample-name-cmms60-db-deployment HTTP/1.1 and responded: HTTP/1.1 200 OK
Sep 09, 2020 7:53:19 AM io.fabric8.kubernetes.client.dsl.internal.WatchHTTPManager$1 onResponse
INFO: Watch terminated unexpectedly. reason: \n not found: limit=46 content=7b2261706956657273696f6e223a227631222c226b696e64223a224c69737422â€¦
Sep 09, 2020 7:53:19 AM io.fabric8.kubernetes.client.dsl.internal.WatchHTTPManager scheduleReconnect
WARN: Ignoring error for already closed/closing connection
Sep 09, 2020 7:53:19 AM okhttp3.mockwebserver.MockWebServer$3 processOneRequest
INFO: MockWebServer[56775] received request: GET /apis/entando.org/v1/namespaces/entando-k8s-operator-common-cmms60/entandoplugins/sample-name-cmms60 HTTP/1.1 and responded: HTTP/1.1 200 OK
Sep 09, 2020 7:53:19 AM okhttp3.mockwebserver.MockWebServer$3 processOneRequest
INFO: MockWebServer[56775] received request: GET /apis/entando.org/v1/namespaces/entando-k8s-operator-common-cmms60/entandoplugins/sample-name-cmms60 HTTP/1.1 and responded: HTTP/1.1 200 OK
Sep 09, 2020 7:53:19 AM okhttp3.mockwebserver.MockWebServer$3 processOneRequest
INFO: MockWebServer[56775] received request: GET /apis/entando.org/v1/namespaces/entando-k8s-operator-common-cmms60/entandoplugins/sample-name-cmms60 HTTP/1.1 and responded: HTTP/1.1 200 OK
Sep 09, 2020 7:53:19 AM okhttp3.mockwebserver.MockWebServer$3 processOneRequest
INFO: MockWebServer[56775] received request: GET /apis/entando.org/v1/namespaces/entando-k8s-operator-common-cmms60/entandoplugins/sample-name-cmms60 HTTP/1.1 and responded: HTTP/1.1 200 OK
Sep 09, 2020 7:53:19 AM okhttp3.mockwebserver.MockWebServer$3 processOneRequest
INFO: MockWebServer[56775] received request: PATCH /apis/entando.org/v1/namespaces/entando-k8s-operator-common-cmms60/entandoplugins/sample-name-cmms60 HTTP/1.1 and responded: HTTP/1.1 202 OK
Sep 09, 2020 7:53:19 AM okhttp3.mockwebserver.MockWebServer$3 processOneRequest
INFO: MockWebServer[56775] received request: GET /api/v1/namespaces/test/secrets/keycloak-*****-secret HTTP/1.1 and responded: HTTP/1.1 200 OK
Sep 09, 2020 7:53:19 AM okhttp3.mockwebserver.MockWebServer$3 processOneRequest
INFO: MockWebServer[56775] received request: GET /apis/entando.org/v1/namespaces/entando-k8s-operator-common-cmms60/entandoplugins/sample-name-cmms60 HTTP/1.1 and responded: HTTP/1.1 200 OK
Sep 09, 2020 7:53:19 AM okhttp3.mockwebserver.MockWebServer$3 processOneRequest
INFO: MockWebServer[56775] received request: GET /api/v1/namespaces/entando/configmaps/entando-docker-image-info-v6.1 HTTP/1.1 and responded: HTTP/1.1 404 Client Error
Sep 09, 2020 7:53:20 AM okhttp3.mockwebserver.MockWebServer$3 processOneRequest
INFO: MockWebServer[56775] received request: POST /api/v1/namespaces/entando-k8s-operator-common-cmms60/secrets HTTP/1.1 and responded: HTTP/1.1 202 OK
Sep 09, 2020 7:53:20 AM okhttp3.mockwebserver.MockWebServer$3 processOneRequest
INFO: MockWebServer[56775] received request: GET /apis/entando.org/v1/namespaces/entando-k8s-operator-common-cmms60/entandoplugins/sample-name-cmms60 HTTP/1.1 and responded: HTTP/1.1 200 OK
Sep 09, 2020 7:53:20 AM okhttp3.mockwebserver.MockWebServer$3 processOneRequest
INFO: MockWebServer[56775] received request: POST /api/v1/namespaces/entando-k8s-operator-common-cmms60/secrets HTTP/1.1 and responded: HTTP/1.1 202 OK
Sep 09, 2020 7:53:20 AM okhttp3.mockwebserver.MockWebServer$3 processOneRequest
INFO: MockWebServer[56775] received request: GET /apis/entando.org/v1/namespaces/entando-k8s-operator-common-cmms60/entandoplugins/sample-name-cmms60 HTTP/1.1 and responded: HTTP/1.1 200 OK
Sep 09, 2020 7:53:20 AM okhttp3.mockwebserver.MockWebServer$3 processOneRequest
INFO: MockWebServer[56775] received request: POST /api/v1/namespaces/entando-k8s-operator-common-cmms60/pods HTTP/1.1 and responded: HTTP/1.1 202 OK
Sep 09, 2020 7:53:20 AM okhttp3.mockwebserver.MockWebServer$3 processOneRequest
INFO: MockWebServer[56775] received request: GET /api/v1/namespaces/entando-k8s-operator-common-cmms60/pods?fieldSelector=metadata.name%3Dsample-name-cmms60-db-preparation-job-e2f83ca7-2&watch=true HTTP/1.1 and responded: HTTP/1.1 200 OK
Sep 09, 2020 7:53:20 AM okhttp3.mockwebserver.MockWebServer$3 processOneRequest
INFO: MockWebServer[56775] received request: GET /api/v1/namespaces/entando-k8s-operator-common-cmms60/pods?labelSelector=dbJob%3Dsample-name-cmms60-db-preparation-job HTTP/1.1 and responded: HTTP/1.1 200 OK
Sep 09, 2020 7:53:20 AM okhttp3.mockwebserver.MockWebServer$3 processOneRequest
INFO: MockWebServer[56775] received request: GET /apis/entando.org/v1/namespaces/entando-k8s-operator-common-cmms60/entandoplugins/sample-name-cmms60 HTTP/1.1 and responded: HTTP/1.1 200 OK
Sep 09, 2020 7:53:20 AM okhttp3.mockwebserver.MockWebServer$3 processOneRequest
INFO: MockWebServer[56775] received request: GET /api/v1/namespaces/entando-k8s-operator-common-cmms60/pods?fieldSelector=metadata.name%3Dsample-name-cmms60-db-preparation-job-e2f83ca7-2&watch=true HTTP/1.1 and responded: HTTP/1.1 200 OK
Sep 09, 2020 7:53:20 AM okhttp3.mockwebserver.MockWebServer$3 processOneRequest
INFO: MockWebServer[56775] received request: GET /apis/entando.org/v1/namespaces/entando-k8s-operator-common-cmms60/entandoplugins/sample-name-cmms60 HTTP/1.1 and responded: HTTP/1.1 200 OK
Sep 09, 2020 7:53:20 AM io.fabric8.kubernetes.client.dsl.internal.WatchHTTPManager$1 onResponse
INFO: Watch terminated unexpectedly. reason: \n not found: limit=2648 content=7b2261706956657273696f6e223a227631222c226b696e64223a224c69737422â€¦
Sep 09, 2020 7:53:20 AM io.fabric8.kubernetes.client.dsl.internal.WatchHTTPManager scheduleReconnect
WARN: Ignoring error for already closed/closing connection
Sep 09, 2020 7:53:20 AM okhttp3.mockwebserver.MockWebServer$3 processOneRequest
INFO: MockWebServer[56775] received request: GET /apis/entando.org/v1/namespaces/entando-k8s-operator-common-cmms60/entandoplugins/sample-name-cmms60 HTTP/1.1 and responded: HTTP/1.1 200 OK
Sep 09, 2020 7:53:20 AM okhttp3.mockwebserver.MockWebServer$3 processOneRequest
INFO: MockWebServer[56775] received request: GET /apis/entando.org/v1/namespaces/entando-k8s-operator-common-cmms60/entandoplugins/sample-name-cmms60 HTTP/1.1 and responded: HTTP/1.1 200 OK
Sep 09, 2020 7:53:20 AM okhttp3.mockwebserver.MockWebServer$3 processOneRequest
INFO: MockWebServer[56775] received request: PATCH /apis/entando.org/v1/namespaces/entando-k8s-operator-common-cmms60/entandoplugins/sample-name-cmms60 HTTP/1.1 and responded: HTTP/1.1 202 OK
Sep 09, 2020 7:53:20 AM okhttp3.mockwebserver.MockWebServer$3 processOneRequest
INFO: MockWebServer[56775] received request: GET /api/v1/namespaces/entando-k8s-operator-common-cmms60/persistentvolumeclaims/sample-name-cmms60-server-pvc HTTP/1.1 and responded: HTTP/1.1 404 Client Error
Sep 09, 2020 7:53:20 AM okhttp3.mockwebserver.MockWebServer$3 processOneRequest
INFO: MockWebServer[56775] received request: GET /apis/entando.org/v1/namespaces/entando-k8s-operator-common-cmms60/entandoplugins/sample-name-cmms60 HTTP/1.1 and responded: HTTP/1.1 200 OK
Sep 09, 2020 7:53:20 AM okhttp3.mockwebserver.MockWebServer$3 processOneRequest
INFO: MockWebServer[56775] received request: POST /api/v1/namespaces/entando-k8s-operator-common-cmms60/persistentvolumeclaims HTTP/1.1 and responded: HTTP/1.1 202 OK
Sep 09, 2020 7:53:20 AM okhttp3.mockwebserver.MockWebServer$3 processOneRequest
INFO: MockWebServer[56775] received request: GET /api/v1/namespaces/entando-k8s-operator-common-cmms60/persistentvolumeclaims/sample-name-cmms60-server-pvc HTTP/1.1 and responded: HTTP/1.1 200 OK
Sep 09, 2020 7:53:20 AM okhttp3.mockwebserver.MockWebServer$3 processOneRequest
INFO: MockWebServer[56775] received request: GET /apis/entando.org/v1/namespaces/entando-k8s-operator-common-cmms60/entandoplugins/sample-name-cmms60 HTTP/1.1 and responded: HTTP/1.1 200 OK
Sep 09, 2020 7:53:20 AM okhttp3.mockwebserver.MockWebServer$3 processOneRequest
INFO: MockWebServer[56775] received request: GET /api/v1/namespaces/entando-k8s-operator-common-cmms60/persistentvolumeclaims/sample-name-cmms60-server-pvc HTTP/1.1 and responded: HTTP/1.1 200 OK
Sep 09, 2020 7:53:20 AM okhttp3.mockwebserver.MockWebServer$3 processOneRequest
INFO: MockWebServer[56775] received request: GET /apis/entando.org/v1/namespaces/entando-k8s-operator-common-cmms60/entandoplugins/sample-name-cmms60 HTTP/1.1 and responded: HTTP/1.1 200 OK
Sep 09, 2020 7:53:20 AM okhttp3.mockwebserver.MockWebServer$3 processOneRequest
INFO: MockWebServer[56775] received request: GET /api/v1/namespaces/entando-k8s-operator-common-cmms60/persistentvolumeclaims/sample-name-cmms60-server-pvc HTTP/1.1 and responded: HTTP/1.1 200 OK
Sep 09, 2020 7:53:21 AM okhttp3.mockwebserver.MockWebServer$3 processOneRequest
INFO: MockWebServer[56775] received request: GET /apis/entando.org/v1/namespaces/entando-k8s-operator-common-cmms60/entandoplugins/sample-name-cmms60 HTTP/1.1 and responded: HTTP/1.1 200 OK
Sep 09, 2020 7:53:21 AM okhttp3.mockwebserver.MockWebServer$3 processOneRequest
INFO: MockWebServer[56775] received request: GET /apis/entando.org/v1/namespaces/entando-k8s-operator-common-cmms60/entandoplugins/sample-name-cmms60 HTTP/1.1 and responded: HTTP/1.1 200 OK
Sep 09, 2020 7:53:21 AM okhttp3.mockwebserver.MockWebServer$3 processOneRequest
INFO: MockWebServer[56775] received request: GET /apis/entando.org/v1/namespaces/entando-k8s-operator-common-cmms60/entandoplugins/sample-name-cmms60 HTTP/1.1 and responded: HTTP/1.1 200 OK
Sep 09, 2020 7:53:21 AM okhttp3.mockwebserver.MockWebServer$3 processOneRequest
INFO: MockWebServer[56775] received request: PATCH /apis/entando.org/v1/namespaces/entando-k8s-operator-common-cmms60/entandoplugins/sample-name-cmms60 HTTP/1.1 and responded: HTTP/1.1 202 OK
Sep 09, 2020 7:53:21 AM okhttp3.mockwebserver.MockWebServer$3 processOneRequest
INFO: MockWebServer[56775] received request: GET /apis/entando.org/v1/namespaces/entando-k8s-operator-common-cmms60/entandoplugins/sample-name-cmms60 HTTP/1.1 and responded: HTTP/1.1 200 OK
Sep 09, 2020 7:53:21 AM okhttp3.mockwebserver.MockWebServer$3 processOneRequest
INFO: MockWebServer[56775] received request: GET /api/v1/namespaces/entando-k8s-operator-common-cmms60/secrets/entando-default-ca-secret HTTP/1.1 and responded: HTTP/1.1 200 OK
Sep 09, 2020 7:53:21 AM okhttp3.mockwebserver.MockWebServer$3 processOneRequest
INFO: MockWebServer[56775] received request: POST /api/v1/namespaces/entando-k8s-operator-common-cmms60/secrets HTTP/1.1 and responded: HTTP/1.1 202 OK
Sep 09, 2020 7:53:21 AM okhttp3.mockwebserver.MockWebServer$3 processOneRequest
INFO: MockWebServer[56775] received request: GET /apis/entando.org/v1/namespaces/entando-k8s-operator-common-cmms60/entandoplugins/sample-name-cmms60 HTTP/1.1 and responded: HTTP/1.1 200 OK
Sep 09, 2020 7:53:21 AM okhttp3.mockwebserver.MockWebServer$3 processOneRequest
INFO: MockWebServer[56775] received request: GET /api/v1/namespaces/entando-k8s-operator-common-cmms60/serviceaccounts/plugin HTTP/1.1 and responded: HTTP/1.1 404 Client Error
Sep 09, 2020 7:53:21 AM okhttp3.mockwebserver.MockWebServer$3 processOneRequest
INFO: MockWebServer[56775] received request: POST /api/v1/namespaces/entando-k8s-operator-common-cmms60/serviceaccounts HTTP/1.1 and responded: HTTP/1.1 202 OK
Sep 09, 2020 7:53:21 AM okhttp3.mockwebserver.MockWebServer$3 processOneRequest
INFO: MockWebServer[56775] received request: GET /apis/entando.org/v1/namespaces/entando-k8s-operator-common-cmms60/entandoplugins/sample-name-cmms60 HTTP/1.1 and responded: HTTP/1.1 200 OK
Sep 09, 2020 7:53:21 AM okhttp3.mockwebserver.MockWebServer$3 processOneRequest
INFO: MockWebServer[56775] received request: GET /apis/rbac.authorization.k8s.io/v1/namespaces/entando-k8s-operator-common-cmms60/roles/plugin HTTP/1.1 and responded: HTTP/1.1 404 Client Error
Sep 09, 2020 7:53:21 AM okhttp3.mockwebserver.MockWebServer$3 processOneRequest
INFO: MockWebServer[56775] received request: GET /apis/entando.org/v1/namespaces/entando-k8s-operator-common-cmms60/entandoplugins/sample-name-cmms60 HTTP/1.1 and responded: HTTP/1.1 200 OK
Sep 09, 2020 7:53:21 AM okhttp3.mockwebserver.MockWebServer$3 processOneRequest
INFO: MockWebServer[56775] received request: GET /apis/rbac.authorization.k8s.io/v1beta1/namespaces/entando-k8s-operator-common-cmms60/roles/plugin HTTP/1.1 and responded: HTTP/1.1 404 Client Error
Sep 09, 2020 7:53:21 AM okhttp3.mockwebserver.MockWebServer$3 processOneRequest
INFO: MockWebServer[56775] received request: POST /apis/rbac.authorization.k8s.io/v1/namespaces/entando-k8s-operator-common-cmms60/roles HTTP/1.1 and responded: HTTP/1.1 202 OK
Sep 09, 2020 7:53:21 AM okhttp3.mockwebserver.MockWebServer$3 processOneRequest
INFO: MockWebServer[56775] received request: GET /apis/entando.org/v1/namespaces/entando-k8s-operator-common-cmms60/entandoplugins/sample-name-cmms60 HTTP/1.1 and responded: HTTP/1.1 200 OK
Sep 09, 2020 7:53:21 AM okhttp3.mockwebserver.MockWebServer$3 processOneRequest
INFO: MockWebServer[56775] received request: GET /apis/rbac.authorization.k8s.io/v1/namespaces/entando-k8s-operator-common-cmms60/rolebindings/plugin-rolebinding HTTP/1.1 and responded: HTTP/1.1 404 Client Error
Sep 09, 2020 7:53:21 AM okhttp3.mockwebserver.MockWebServer$3 processOneRequest
INFO: MockWebServer[56775] received request: GET /apis/rbac.authorization.k8s.io/v1beta1/namespaces/entando-k8s-operator-common-cmms60/rolebindings/plugin-rolebinding HTTP/1.1 and responded: HTTP/1.1 404 Client Error
Sep 09, 2020 7:53:21 AM okhttp3.mockwebserver.MockWebServer$3 processOneRequest
INFO: MockWebServer[56775] received request: GET /apis/entando.org/v1/namespaces/entando-k8s-operator-common-cmms60/entandoplugins/sample-name-cmms60 HTTP/1.1 and responded: HTTP/1.1 200 OK
Sep 09, 2020 7:53:22 AM okhttp3.mockwebserver.MockWebServer$3 processOneRequest
INFO: MockWebServer[56775] received request: POST /apis/rbac.authorization.k8s.io/v1/namespaces/entando-k8s-operator-common-cmms60/rolebindings HTTP/1.1 and responded: HTTP/1.1 202 OK
Sep 09, 2020 7:53:22 AM okhttp3.mockwebserver.MockWebServer$3 processOneRequest
INFO: MockWebServer[56775] received request: GET /api/v1/namespaces/entando-k8s-operator-common-cmms60/services/sample-name-cmms60-server-service HTTP/1.1 and responded: HTTP/1.1 404 Client Error
Sep 09, 2020 7:53:22 AM okhttp3.mockwebserver.MockWebServer$3 processOneRequest
INFO: MockWebServer[56775] received request: GET /apis/entando.org/v1/namespaces/entando-k8s-operator-common-cmms60/entandoplugins/sample-name-cmms60 HTTP/1.1 and responded: HTTP/1.1 200 OK
Sep 09, 2020 7:53:22 AM okhttp3.mockwebserver.MockWebServer$3 processOneRequest
INFO: MockWebServer[56775] received request: POST /api/v1/namespaces/entando-k8s-operator-common-cmms60/services HTTP/1.1 and responded: HTTP/1.1 202 OK
Sep 09, 2020 7:53:22 AM okhttp3.mockwebserver.MockWebServer$3 processOneRequest
INFO: MockWebServer[56775] received request: GET /apis/entando.org/v1/namespaces/entando-k8s-operator-common-cmms60/entandoplugins/sample-name-cmms60 HTTP/1.1 and responded: HTTP/1.1 200 OK
Sep 09, 2020 7:53:22 AM okhttp3.mockwebserver.MockWebServer$3 processOneRequest
INFO: MockWebServer[56775] received request: GET /api/v1/namespaces/entando-k8s-operator-common-cmms60/services/sample-name-cmms60-server-service HTTP/1.1 and responded: HTTP/1.1 200 OK
Sep 09, 2020 7:53:22 AM okhttp3.mockwebserver.MockWebServer$3 processOneRequest
INFO: MockWebServer[56775] received request: GET /apis/entando.org/v1/namespaces/entando-k8s-operator-common-cmms60/entandoplugins/sample-name-cmms60 HTTP/1.1 and responded: HTTP/1.1 200 OK
Sep 09, 2020 7:53:22 AM okhttp3.mockwebserver.MockWebServer$3 processOneRequest
INFO: MockWebServer[56775] received request: GET /apis/entando.org/v1/namespaces/entando-k8s-operator-common-cmms60/entandoplugins/sample-name-cmms60 HTTP/1.1 and responded: HTTP/1.1 200 OK
Sep 09, 2020 7:53:22 AM okhttp3.mockwebserver.MockWebServer$3 processOneRequest
INFO: MockWebServer[56775] received request: GET /apis/entando.org/v1/namespaces/entando-k8s-operator-common-cmms60/entandoplugins/sample-name-cmms60 HTTP/1.1 and responded: HTTP/1.1 200 OK
Sep 09, 2020 7:53:22 AM okhttp3.mockwebserver.MockWebServer$3 processOneRequest
INFO: MockWebServer[56775] received request: PATCH /apis/entando.org/v1/namespaces/entando-k8s-operator-common-cmms60/entandoplugins/sample-name-cmms60 HTTP/1.1 and responded: HTTP/1.1 202 OK
Sep 09, 2020 7:53:22 AM okhttp3.mockwebserver.MockWebServer$3 processOneRequest
INFO: MockWebServer[56775] received request: GET /apis/entando.org/v1/namespaces/entando-k8s-operator-common-cmms60/entandoplugins/sample-name-cmms60 HTTP/1.1 and responded: HTTP/1.1 200 OK
Sep 09, 2020 7:53:22 AM okhttp3.mockwebserver.MockWebServer$3 processOneRequest
INFO: MockWebServer[56775] received request: GET /apis/extensions/v1beta1/namespaces/entando-k8s-operator-common-cmms60/ingresses/sample-name-cmms60-ingress HTTP/1.1 and responded: HTTP/1.1 404 Client Error
Sep 09, 2020 7:53:22 AM okhttp3.mockwebserver.MockWebServer$3 processOneRequest
INFO: MockWebServer[56775] received request: GET /apis/entando.org/v1/namespaces/entando-k8s-operator-common-cmms60/entandoplugins/sample-name-cmms60 HTTP/1.1 and responded: HTTP/1.1 200 OK
Sep 09, 2020 7:53:22 AM okhttp3.mockwebserver.MockWebServer$3 processOneRequest
INFO: MockWebServer[56775] received request: POST /apis/extensions/v1beta1/namespaces/entando-k8s-operator-common-cmms60/ingresses HTTP/1.1 and responded: HTTP/1.1 202 OK
Sep 09, 2020 7:53:22 AM okhttp3.mockwebserver.MockWebServer$3 processOneRequest
INFO: MockWebServer[56775] received request: GET /apis/extensions/v1beta1/namespaces/entando-k8s-operator-common-cmms60/ingresses/sample-name-cmms60-ingress HTTP/1.1 and responded: HTTP/1.1 200 OK
Sep 09, 2020 7:53:22 AM okhttp3.mockwebserver.MockWebServer$3 processOneRequest
INFO: MockWebServer[56775] received request: GET /apis/entando.org/v1/namespaces/entando-k8s-operator-common-cmms60/entandoplugins/sample-name-cmms60 HTTP/1.1 and responded: HTTP/1.1 200 OK
Sep 09, 2020 7:53:22 AM okhttp3.mockwebserver.MockWebServer$3 processOneRequest
INFO: MockWebServer[56775] received request: GET /apis/entando.org/v1/namespaces/entando-k8s-operator-common-cmms60/entandoplugins/sample-name-cmms60 HTTP/1.1 and responded: HTTP/1.1 200 OK
Sep 09, 2020 7:53:22 AM okhttp3.mockwebserver.MockWebServer$3 processOneRequest
INFO: MockWebServer[56775] received request: GET /apis/entando.org/v1/namespaces/entando-k8s-operator-common-cmms60/entandoplugins/sample-name-cmms60 HTTP/1.1 and responded: HTTP/1.1 200 OK
Sep 09, 2020 7:53:22 AM okhttp3.mockwebserver.MockWebServer$3 processOneRequest
INFO: MockWebServer[56775] received request: GET /apis/entando.org/v1/namespaces/entando-k8s-operator-common-cmms60/entandoplugins/sample-name-cmms60 HTTP/1.1 and responded: HTTP/1.1 200 OK
Sep 09, 2020 7:53:23 AM okhttp3.mockwebserver.MockWebServer$3 processOneRequest
INFO: MockWebServer[56775] received request: PATCH /apis/entando.org/v1/namespaces/entando-k8s-operator-common-cmms60/entandoplugins/sample-name-cmms60 HTTP/1.1 and responded: HTTP/1.1 202 OK
Sep 09, 2020 7:53:23 AM okhttp3.mockwebserver.MockWebServer$3 processOneRequest
INFO: MockWebServer[56775] received request: GET /api/v1/namespaces/entando-k8s-operator-common-cmms60/secrets/some-client-secret HTTP/1.1 and responded: HTTP/1.1 404 Client Error
Sep 09, 2020 7:53:23 AM okhttp3.mockwebserver.MockWebServer$3 processOneRequest
INFO: MockWebServer[56775] received request: GET /apis/entando.org/v1/namespaces/entando-k8s-operator-common-cmms60/entandoplugins/sample-name-cmms60 HTTP/1.1 and responded: HTTP/1.1 200 OK
Sep 09, 2020 7:53:23 AM okhttp3.mockwebserver.MockWebServer$3 processOneRequest
INFO: MockWebServer[56775] received request: POST /api/v1/namespaces/entando-k8s-operator-common-cmms60/secrets HTTP/1.1 and responded: HTTP/1.1 202 OK
Sep 09, 2020 7:53:23 AM okhttp3.mockwebserver.MockWebServer$3 processOneRequest
INFO: MockWebServer[56775] received request: GET /apis/apps/v1/namespaces/entando-k8s-operator-common-cmms60/deployments/sample-name-cmms60-server-deployment HTTP/1.1 and responded: HTTP/1.1 404 Client Error
Sep 09, 2020 7:53:23 AM okhttp3.mockwebserver.MockWebServer$3 processOneRequest
INFO: MockWebServer[56775] received request: GET /apis/extensions/v1beta1/namespaces/entando-k8s-operator-common-cmms60/deployments/sample-name-cmms60-server-deployment HTTP/1.1 and responded: HTTP/1.1 404 Client Error
Sep 09, 2020 7:53:23 AM okhttp3.mockwebserver.MockWebServer$3 processOneRequest
INFO: MockWebServer[56775] received request: GET /apis/entando.org/v1/namespaces/entando-k8s-operator-common-cmms60/entandoplugins/sample-name-cmms60 HTTP/1.1 and responded: HTTP/1.1 200 OK
Sep 09, 2020 7:53:23 AM okhttp3.mockwebserver.MockWebServer$3 processOneRequest
INFO: MockWebServer[56775] received request: POST /apis/apps/v1/namespaces/entando-k8s-operator-common-cmms60/deployments HTTP/1.1 and responded: HTTP/1.1 202 OK
Sep 09, 2020 7:53:23 AM okhttp3.mockwebserver.MockWebServer$3 processOneRequest
INFO: MockWebServer[56775] received request: GET /apis/entando.org/v1/namespaces/entando-k8s-operator-common-cmms60/entandoplugins/sample-name-cmms60 HTTP/1.1 and responded: HTTP/1.1 200 OK
Sep 09, 2020 7:53:23 AM okhttp3.mockwebserver.MockWebServer$3 processOneRequest
INFO: MockWebServer[56775] received request: GET /apis/apps/v1/namespaces/entando-k8s-operator-common-cmms60/deployments/sample-name-cmms60-server-deployment HTTP/1.1 and responded: HTTP/1.1 200 OK
Sep 09, 2020 7:53:23 AM okhttp3.mockwebserver.MockWebServer$3 processOneRequest
INFO: MockWebServer[56775] received request: GET /apis/entando.org/v1/namespaces/entando-k8s-operator-common-cmms60/entandoplugins/sample-name-cmms60 HTTP/1.1 and responded: HTTP/1.1 200 OK
Sep 09, 2020 7:53:23 AM okhttp3.mockwebserver.MockWebServer$3 processOneRequest
INFO: MockWebServer[56775] received request: GET /apis/entando.org/v1/namespaces/entando-k8s-operator-common-cmms60/entandoplugins/sample-name-cmms60 HTTP/1.1 and responded: HTTP/1.1 200 OK
Sep 09, 2020 7:53:23 AM okhttp3.mockwebserver.MockWebServer$3 processOneRequest
INFO: MockWebServer[56775] received request: GET /apis/entando.org/v1/namespaces/entando-k8s-operator-common-cmms60/entandoplugins/sample-name-cmms60 HTTP/1.1 and responded: HTTP/1.1 200 OK
Sep 09, 2020 7:53:23 AM okhttp3.mockwebserver.MockWebServer$3 processOneRequest
INFO: MockWebServer[56775] received request: PATCH /apis/entando.org/v1/namespaces/entando-k8s-operator-common-cmms60/entandoplugins/sample-name-cmms60 HTTP/1.1 and responded: HTTP/1.1 202 OK
Sep 09, 2020 7:53:23 AM okhttp3.mockwebserver.MockWebServer$3 processOneRequest
INFO: MockWebServer[56775] received request: GET /apis/entando.org/v1/namespaces/entando-k8s-operator-common-cmms60/entandoplugins/sample-name-cmms60 HTTP/1.1 and responded: HTTP/1.1 200 OK
Sep 09, 2020 7:53:23 AM okhttp3.mockwebserver.MockWebServer$3 processOneRequest
INFO: MockWebServer[56775] received request: GET /api/v1/namespaces/entando-k8s-operator-common-cmms60/pods?labelSelector=deployment%3Dsample-name-cmms60-server&watch=true HTTP/1.1 and responded: HTTP/1.1 200 OK
Sep 09, 2020 7:53:23 AM okhttp3.mockwebserver.MockWebServer$3 processOneRequest
INFO: MockWebServer[56775] received request: GET /apis/entando.org/v1/namespaces/entando-k8s-operator-common-cmms60/entandoplugins/sample-name-cmms60 HTTP/1.1 and responded: HTTP/1.1 200 OK
Sep 09, 2020 7:53:23 AM okhttp3.mockwebserver.MockWebServer$3 processOneRequest
INFO: MockWebServer[56775] received request: GET /apis/apps/v1/namespaces/entando-k8s-operator-common-cmms60/deployments/sample-name-cmms60-server-deployment HTTP/1.1 and responded: HTTP/1.1 200 OK
Sep 09, 2020 7:53:23 AM okhttp3.mockwebserver.MockWebServer$3 processOneRequest
INFO: MockWebServer[56775] received request: GET /api/v1/namespaces/entando-k8s-operator-common-cmms60/pods?labelSelector=deployment%3Dsample-name-cmms60-server&watch=true HTTP/1.1 and responded: HTTP/1.1 200 OK
Sep 09, 2020 7:53:23 AM okhttp3.mockwebserver.MockWebServer$3 processOneRequest
INFO: MockWebServer[56775] received request: GET /apis/entando.org/v1/namespaces/entando-k8s-operator-common-cmms60/entandoplugins/sample-name-cmms60 HTTP/1.1 and responded: HTTP/1.1 200 OK
Sep 09, 2020 7:53:23 AM io.fabric8.kubernetes.client.dsl.internal.WatchHTTPManager$1 onResponse
INFO: Watch terminated unexpectedly. reason: \n not found: limit=46 content=7b2261706956657273696f6e223a227631222c226b696e64223a224c69737422â€¦
Sep 09, 2020 7:53:23 AM io.fabric8.kubernetes.client.dsl.internal.WatchHTTPManager scheduleReconnect
WARN: Ignoring error for already closed/closing connection
Sep 09, 2020 7:53:24 AM okhttp3.mockwebserver.MockWebServer$3 processOneRequest
INFO: MockWebServer[56775] received request: GET /apis/entando.org/v1/namespaces/entando-k8s-operator-common-cmms60/entandoplugins/sample-name-cmms60 HTTP/1.1 and responded: HTTP/1.1 200 OK
Sep 09, 2020 7:53:24 AM okhttp3.mockwebserver.MockWebServer$3 processOneRequest
INFO: MockWebServer[56775] received request: GET /apis/entando.org/v1/namespaces/entando-k8s-operator-common-cmms60/entandoplugins/sample-name-cmms60 HTTP/1.1 and responded: HTTP/1.1 200 OK
Sep 09, 2020 7:53:24 AM okhttp3.mockwebserver.MockWebServer$3 processOneRequest
INFO: MockWebServer[56775] received request: PATCH /apis/entando.org/v1/namespaces/entando-k8s-operator-common-cmms60/entandoplugins/sample-name-cmms60 HTTP/1.1 and responded: HTTP/1.1 202 OK
Sep 09, 2020 7:53:24 AM okhttp3.mockwebserver.MockWebServer$3 processOneRequest
INFO: MockWebServer[56775] received request: GET /apis/entando.org/v1/namespaces/entando-k8s-operator-common-cmms60/entandoplugins/sample-name-cmms60 HTTP/1.1 and responded: HTTP/1.1 200 OK
Sep 09, 2020 7:53:24 AM okhttp3.mockwebserver.MockWebServer$3 processOneRequest
INFO: MockWebServer[56775] received request: GET /apis/entando.org/v1/namespaces/entando-k8s-operator-common-cmms60/entandoplugins/sample-name-cmms60 HTTP/1.1 and responded: HTTP/1.1 200 OK
Sep 09, 2020 7:53:24 AM okhttp3.mockwebserver.MockWebServer$3 processOneRequest
INFO: MockWebServer[56775] received request: GET /apis/entando.org/v1/namespaces/entando-k8s-operator-common-cmms60/entandoplugins/sample-name-cmms60 HTTP/1.1 and responded: HTTP/1.1 200 OK
Sep 09, 2020 7:53:24 AM okhttp3.mockwebserver.MockWebServer$3 processOneRequest
INFO: MockWebServer[56775] received request: GET /apis/entando.org/v1/namespaces/entando-k8s-operator-common-cmms60/entandoplugins/sample-name-cmms60 HTTP/1.1 and responded: HTTP/1.1 200 OK
Sep 09, 2020 7:53:24 AM okhttp3.mockwebserver.MockWebServer$3 processOneRequest
INFO: MockWebServer[56775] received request: PATCH /apis/entando.org/v1/namespaces/entando-k8s-operator-common-cmms60/entandoplugins/sample-name-cmms60 HTTP/1.1 and responded: HTTP/1.1 202 OK
Sep 09, 2020 7:53:24 AM okhttp3.mockwebserver.MockWebServer$3 processOneRequest
INFO: MockWebServer[56775] received request: GET /apis/entando.org/v1/namespaces/entando-k8s-operator-common-cmms60/entandoplugins/sample-name-cmms60 HTTP/1.1 and responded: HTTP/1.1 200 OK
Sep 09, 2020 7:53:24 AM okhttp3.mockwebserver.MockWebServer$3 processOneRequest
INFO: MockWebServer[56775] received request: GET /apis/entando.org/v1/namespaces/entando-k8s-operator-common-cmms60/entandoplugins/sample-name-cmms60 HTTP/1.1 and responded: HTTP/1.1 200 OK
Sep 09, 2020 7:53:24 AM okhttp3.mockwebserver.MockWebServer$3 processOneRequest
INFO: MockWebServer[56775] received request: GET /apis/entando.org/v1/namespaces/entando-k8s-operator-common-cmms60/entandoplugins/sample-name-cmms60 HTTP/1.1 and responded: HTTP/1.1 200 OK
Sep 09, 2020 7:53:24 AM okhttp3.mockwebserver.MockWebServer$3 processOneRequest
INFO: MockWebServer[56775] received request: PATCH /apis/entando.org/v1/namespaces/entando-k8s-operator-common-cmms60/entandoplugins/sample-name-cmms60 HTTP/1.1 and responded: HTTP/1.1 202 OK
Sep 09, 2020 7:53:24 AM okhttp3.mockwebserver.MockWebServer$3 processOneRequest
INFO: MockWebServer[56775] received request: GET /apis/entando.org/v1/namespaces/entando-k8s-operator-common-cmms60/entandoplugins/sample-name-cmms60 HTTP/1.1 and responded: HTTP/1.1 200 OK
Sep 09, 2020 7:53:24 AM okhttp3.mockwebserver.MockWebServer$3 processOneRequest
INFO: MockWebServer[56775] received request: GET /apis/apps/v1/namespaces/entando-k8s-operator-common-cmms60/deployments/sample-name-cmms60-server-deployment HTTP/1.1 and responded: HTTP/1.1 200 OK
Sep 09, 2020 7:53:24 AM okhttp3.mockwebserver.MockWebServer$3 processOneRequest
INFO: MockWebServer[56775] received request: GET /api/v1/namespaces/entando-k8s-operator-common-cmms60/secrets/sample-name-cmms60-db-secret HTTP/1.1 and responded: HTTP/1.1 200 OK
Sep 09, 2020 7:53:24 AM okhttp3.mockwebserver.MockWebServer$3 processOneRequest
INFO: MockWebServer[56775] received request: GET /api/v1/namespaces/entando-k8s-operator-common-cmms60/secrets/sample-name-cmms60-db-secret HTTP/1.1 and responded: HTTP/1.1 200 OK
Sep 09, 2020 7:53:24 AM okhttp3.mockwebserver.MockWebServer$3 processOneRequest
INFO: MockWebServer[56775] received request: GET /api/v1/namespaces/entando-k8s-operator-common-cmms60/secrets/entando-default-ca-secret HTTP/1.1 and responded: HTTP/1.1 200 OK
Sep 09, 2020 7:53:25 AM okhttp3.mockwebserver.MockWebServer$3 processOneRequest
INFO: MockWebServer[56775] received request: GET /api/v1/namespaces/entando-k8s-operator-common-cmms60/secrets/sample-name-cmms60-*****-secret HTTP/1.1 and responded: HTTP/1.1 200 OK
Sep 09, 2020 7:53:25 AM okhttp3.mockwebserver.MockWebServer$3 processOneRequest
INFO: MockWebServer[56775] received request: GET /api/v1/namespaces/entando-k8s-operator-common-cmms60/secrets/sample-name-cmms60-*****-secret HTTP/1.1 and responded: HTTP/1.1 200 OK
Sep 09, 2020 7:53:25 AM okhttp3.mockwebserver.MockWebServer$3 processOneRequest
INFO: MockWebServer[56775] received request: GET /api/v1/namespaces/entando-k8s-operator-common-cmms60/secrets/sample-name-cmms60-db-secret HTTP/1.1 and responded: HTTP/1.1 200 OK
Sep 09, 2020 7:53:25 AM okhttp3.mockwebserver.MockWebServer$3 processOneRequest
INFO: MockWebServer[56775] received request: GET /api/v1/namespaces/entando-k8s-operator-common-cmms60/secrets/sample-name-cmms60-db-secret HTTP/1.1 and responded: HTTP/1.1 200 OK
Sep 09, 2020 7:53:25 AM okhttp3.mockwebserver.MockWebServer$3 processOneRequest
INFO: MockWebServer[56775] received request: GET /api/v1/namespaces/entando-k8s-operator-common-cmms60/secrets/some-client-secret HTTP/1.1 and responded: HTTP/1.1 200 OK
Sep 09, 2020 7:53:25 AM okhttp3.mockwebserver.MockWebServer$3 processOneRequest
INFO: MockWebServer[56775] received request: GET /api/v1/namespaces/entando-k8s-operator-common-cmms60/secrets/some-client-secret HTTP/1.1 and responded: HTTP/1.1 200 OK
Sep 09, 2020 7:53:25 AM okhttp3.mockwebserver.MockWebServer$3 processOneRequest
INFO: MockWebServer[56775] received request: GET /api/v1/namespaces/entando-k8s-operator-common-cmms60/secrets/sample-name-cmms60-db-secret HTTP/1.1 and responded: HTTP/1.1 200 OK
Sep 09, 2020 7:53:25 AM okhttp3.mockwebserver.MockWebServer$3 processOneRequest
INFO: MockWebServer[56775] received request: GET /api/v1/namespaces/entando-k8s-operator-common-cmms60/secrets/sample-name-cmms60-db-secret HTTP/1.1 and responded: HTTP/1.1 200 OK
Sep 09, 2020 7:53:25 AM okhttp3.mockwebserver.MockWebServer$3 processOneRequest
INFO: MockWebServer[56775] received request: GET /api/v1/namespaces/entando-k8s-operator-common-cmms60/secrets/entando-default-ca-secret HTTP/1.1 and responded: HTTP/1.1 200 OK
Sep 09, 2020 7:53:25 AM okhttp3.mockwebserver.MockWebServer$3 processOneRequest
INFO: MockWebServer[56775] received request: GET /api/v1/namespaces/entando-k8s-operator-common-cmms60/secrets/sample-name-cmms60-*****-secret HTTP/1.1 and responded: HTTP/1.1 200 OK
Sep 09, 2020 7:53:25 AM okhttp3.mockwebserver.MockWebServer$3 processOneRequest
INFO: MockWebServer[56775] received request: GET /api/v1/namespaces/entando-k8s-operator-common-cmms60/secrets/sample-name-cmms60-*****-secret HTTP/1.1 and responded: HTTP/1.1 200 OK
Sep 09, 2020 7:53:25 AM okhttp3.mockwebserver.MockWebServer$3 processOneRequest
INFO: MockWebServer[56775] received request: GET /api/v1/namespaces/entando-k8s-operator-common-cmms60/secrets/sample-name-cmms60-db-secret HTTP/1.1 and responded: HTTP/1.1 200 OK
Sep 09, 2020 7:53:25 AM okhttp3.mockwebserver.MockWebServer$3 processOneRequest
INFO: MockWebServer[56775] received request: GET /api/v1/namespaces/entando-k8s-operator-common-cmms60/secrets/sample-name-cmms60-db-secret HTTP/1.1 and responded: HTTP/1.1 200 OK
Sep 09, 2020 7:53:26 AM okhttp3.mockwebserver.MockWebServer$3 processOneRequest
INFO: MockWebServer[56775] received request: GET /api/v1/namespaces/entando-k8s-operator-common-cmms60/persistentvolumeclaims/sample-name-cmms60-server-pvc HTTP/1.1 and responded: HTTP/1.1 200 OK
Sep 09, 2020 7:53:26 AM okhttp3.mockwebserver.MockWebServer$3 processOneRequest
INFO: MockWebServer[56775] received request: GET /api/v1/namespaces/entando-k8s-operator-common-cmms60/persistentvolumeclaims/sample-name-cmms60-server-pvc HTTP/1.1 and responded: HTTP/1.1 200 OK
Sep 09, 2020 7:53:26 AM okhttp3.mockwebserver.MockWebServer$3 processOneRequest
INFO: MockWebServer[56775] received request: GET /api/v1/namespaces/entando-k8s-operator-common-cmms60/secrets/entando-default-ca-secret HTTP/1.1 and responded: HTTP/1.1 200 OK
Sep 09, 2020 7:53:26 AM okhttp3.mockwebserver.MockWebServer$3 processOneRequest
INFO: MockWebServer[56775] received request: GET /apis/apps/v1/namespaces/entando-k8s-operator-common-cmms60/deployments/sample-name-cmms60-db-deployment HTTP/1.1 and responded: HTTP/1.1 200 OK
Sep 09, 2020 7:53:26 AM okhttp3.mockwebserver.MockWebServer$3 processOneRequest
INFO: MockWebServer[56775] received request: GET /apis/extensions/v1beta1/namespaces/entando-k8s-operator-common-cmms60/ingresses/sample-name-cmms60-ingress HTTP/1.1 and responded: HTTP/1.1 200 OK
Sep 09, 2020 7:53:26 AM okhttp3.mockwebserver.MockWebServer$3 processOneRequest
INFO: MockWebServer[56775] received request: GET /api/v1/namespaces/entando/configmaps/entando-docker-image-info-v6.1 HTTP/1.1 and responded: HTTP/1.1 404 Client Error
Sep 09, 2020 7:53:26 AM okhttp3.mockwebserver.MockWebServer$3 processOneRequest
INFO: MockWebServer[56775] received request: GET /apis/entando.org/v1/namespaces/entando-k8s-operator-common-cmms60/entandoplugins/other-name-cmms60 HTTP/1.1 and responded: HTTP/1.1 404 Client Error
Sep 09, 2020 7:53:26 AM okhttp3.mockwebserver.MockWebServer$3 processOneRequest
INFO: MockWebServer[56775] received request: POST /apis/entando.org/v1/namespaces/entando-k8s-operator-common-cmms60/entandoplugins HTTP/1.1 and responded: HTTP/1.1 202 OK
Sep 09, 2020 7:53:26 AM okhttp3.mockwebserver.MockWebServer$3 processOneRequest
INFO: MockWebServer[56775] received request: GET /apis/entando.org/v1/namespaces/entando-k8s-operator-common-cmms60/entandoplugins/other-name-cmms60 HTTP/1.1 and responded: HTTP/1.1 200 OK
Sep 09, 2020 7:53:26 AM okhttp3.mockwebserver.MockWebServer$3 processOneRequest
INFO: MockWebServer[56775] received request: GET /apis/entando.org/v1/namespaces/entando-k8s-operator-common-cmms60/entandoplugins/other-name-cmms60 HTTP/1.1 and responded: HTTP/1.1 200 OK
Sep 09, 2020 7:53:26 AM okhttp3.mockwebserver.MockWebServer$3 processOneRequest
INFO: MockWebServer[56775] received request: GET /apis/entando.org/v1/namespaces/entando-k8s-operator-common-cmms60/entandoplugins/other-name-cmms60 HTTP/1.1 and responded: HTTP/1.1 200 OK
Sep 09, 2020 7:53:27 AM okhttp3.mockwebserver.MockWebServer$3 processOneRequest
INFO: MockWebServer[56775] received request: GET /apis/entando.org/v1/namespaces/entando-k8s-operator-common-cmms60/entandoplugins/other-name-cmms60 HTTP/1.1 and responded: HTTP/1.1 200 OK
Sep 09, 2020 7:53:27 AM okhttp3.mockwebserver.MockWebServer$3 processOneRequest
INFO: MockWebServer[56775] received request: GET /apis/entando.org/v1/namespaces/entando-k8s-operator-common-cmms60/entandoplugins/other-name-cmms60 HTTP/1.1 and responded: HTTP/1.1 200 OK
Sep 09, 2020 7:53:27 AM okhttp3.mockwebserver.MockWebServer$3 processOneRequest
INFO: MockWebServer[56775] received request: GET /apis/entando.org/v1/namespaces/entando-k8s-operator-common-cmms60/entandoplugins/other-name-cmms60 HTTP/1.1 and responded: HTTP/1.1 200 OK
Sep 09, 2020 7:53:27 AM okhttp3.mockwebserver.MockWebServer$3 processOneRequest
INFO: MockWebServer[56775] received request: GET /apis/entando.org/v1/namespaces/entando-k8s-operator-common-cmms60/entandoplugins/other-name-cmms60 HTTP/1.1 and responded: HTTP/1.1 200 OK
Sep 09, 2020 7:53:27 AM okhttp3.mockwebserver.MockWebServer$3 processOneRequest
INFO: MockWebServer[56775] received request: GET /apis/entando.org/v1/namespaces/entando-k8s-operator-common-cmms60/entandoplugins/other-name-cmms60 HTTP/1.1 and responded: HTTP/1.1 200 OK
Sep 09, 2020 7:53:27 AM okhttp3.mockwebserver.MockWebServer$3 processOneRequest
INFO: MockWebServer[56775] received request: PATCH /apis/entando.org/v1/namespaces/entando-k8s-operator-common-cmms60/entandoplugins/other-name-cmms60 HTTP/1.1 and responded: HTTP/1.1 202 OK
Sep 09, 2020 7:53:27 AM okhttp3.mockwebserver.MockWebServer$3 processOneRequest
INFO: MockWebServer[56775] received request: GET /apis/entando.org/v1/namespaces/entando-k8s-operator-common-cmms60/entandoplugins/other-name-cmms60 HTTP/1.1 and responded: HTTP/1.1 200 OK
Sep 09, 2020 7:53:27 AM okhttp3.mockwebserver.MockWebServer$3 processOneRequest
INFO: MockWebServer[56775] received request: GET /apis/entando.org/v1/namespaces/entando-k8s-operator-common-cmms60/entandodatabaseservices HTTP/1.1 and responded: HTTP/1.1 200 OK
Sep 09, 2020 7:53:27 AM okhttp3.mockwebserver.MockWebServer$3 processOneRequest
INFO: MockWebServer[56775] received request: GET /api/v1/namespaces/entando/configmaps/entando-docker-image-info-v6.1 HTTP/1.1 and responded: HTTP/1.1 404 Client Error
Sep 09, 2020 7:53:27 AM okhttp3.mockwebserver.MockWebServer$3 processOneRequest
INFO: MockWebServer[56775] received request: GET /apis/entando.org/v1/namespaces/entando-k8s-operator-common-cmms60/entandoplugins/other-name-cmms60 HTTP/1.1 and responded: HTTP/1.1 200 OK
Sep 09, 2020 7:53:27 AM okhttp3.mockwebserver.MockWebServer$3 processOneRequest
INFO: MockWebServer[56775] received request: GET /api/v1/namespaces/entando-k8s-operator-common-cmms60/persistentvolumeclaims/other-name-cmms60-db-pvc HTTP/1.1 and responded: HTTP/1.1 404 Client Error
Sep 09, 2020 7:53:27 AM okhttp3.mockwebserver.MockWebServer$3 processOneRequest
INFO: MockWebServer[56775] received request: POST /api/v1/namespaces/entando-k8s-operator-common-cmms60/persistentvolumeclaims HTTP/1.1 and responded: HTTP/1.1 202 OK
Sep 09, 2020 7:53:27 AM okhttp3.mockwebserver.MockWebServer$3 processOneRequest
INFO: MockWebServer[56775] received request: GET /apis/entando.org/v1/namespaces/entando-k8s-operator-common-cmms60/entandoplugins/other-name-cmms60 HTTP/1.1 and responded: HTTP/1.1 200 OK
Sep 09, 2020 7:53:27 AM okhttp3.mockwebserver.MockWebServer$3 processOneRequest
INFO: MockWebServer[56775] received request: GET /api/v1/namespaces/entando-k8s-operator-common-cmms60/persistentvolumeclaims/other-name-cmms60-db-pvc HTTP/1.1 and responded: HTTP/1.1 200 OK
Sep 09, 2020 7:53:27 AM okhttp3.mockwebserver.MockWebServer$3 processOneRequest
INFO: MockWebServer[56775] received request: GET /apis/entando.org/v1/namespaces/entando-k8s-operator-common-cmms60/entandoplugins/other-name-cmms60 HTTP/1.1 and responded: HTTP/1.1 200 OK
Sep 09, 2020 7:53:27 AM okhttp3.mockwebserver.MockWebServer$3 processOneRequest
INFO: MockWebServer[56775] received request: GET /apis/entando.org/v1/namespaces/entando-k8s-operator-common-cmms60/entandoplugins/other-name-cmms60 HTTP/1.1 and responded: HTTP/1.1 200 OK
Sep 09, 2020 7:53:27 AM okhttp3.mockwebserver.MockWebServer$3 processOneRequest
INFO: MockWebServer[56775] received request: GET /apis/entando.org/v1/namespaces/entando-k8s-operator-common-cmms60/entandoplugins/other-name-cmms60 HTTP/1.1 and responded: HTTP/1.1 200 OK
Sep 09, 2020 7:53:27 AM okhttp3.mockwebserver.MockWebServer$3 processOneRequest
INFO: MockWebServer[56775] received request: GET /apis/entando.org/v1/namespaces/entando-k8s-operator-common-cmms60/entandoplugins/other-name-cmms60 HTTP/1.1 and responded: HTTP/1.1 200 OK
Sep 09, 2020 7:53:27 AM okhttp3.mockwebserver.MockWebServer$3 processOneRequest
INFO: MockWebServer[56775] received request: PATCH /apis/entando.org/v1/namespaces/entando-k8s-operator-common-cmms60/entandoplugins/other-name-cmms60 HTTP/1.1 and responded: HTTP/1.1 202 OK
Sep 09, 2020 7:53:28 AM okhttp3.mockwebserver.MockWebServer$3 processOneRequest
INFO: MockWebServer[56775] received request: GET /api/v1/namespaces/entando-k8s-operator-common-cmms60/secrets/entando-default-ca-secret HTTP/1.1 and responded: HTTP/1.1 200 OK
Sep 09, 2020 7:53:28 AM okhttp3.mockwebserver.MockWebServer$3 processOneRequest
INFO: MockWebServer[56775] received request: GET /apis/entando.org/v1/namespaces/entando-k8s-operator-common-cmms60/entandoplugins/other-name-cmms60 HTTP/1.1 and responded: HTTP/1.1 200 OK
Sep 09, 2020 7:53:28 AM okhttp3.mockwebserver.MockWebServer$3 processOneRequest
INFO: MockWebServer[56775] received request: POST /api/v1/namespaces/entando-k8s-operator-common-cmms60/secrets HTTP/1.1 and responded: HTTP/1.1 202 OK
Sep 09, 2020 7:53:28 AM okhttp3.mockwebserver.MockWebServer$3 processOneRequest
INFO: MockWebServer[56775] received request: GET /api/v1/namespaces/entando-k8s-operator-common-cmms60/services/other-name-cmms60-db-service HTTP/1.1 and responded: HTTP/1.1 404 Client Error
Sep 09, 2020 7:53:28 AM okhttp3.mockwebserver.MockWebServer$3 processOneRequest
INFO: MockWebServer[56775] received request: GET /apis/entando.org/v1/namespaces/entando-k8s-operator-common-cmms60/entandoplugins/other-name-cmms60 HTTP/1.1 and responded: HTTP/1.1 200 OK
Sep 09, 2020 7:53:28 AM okhttp3.mockwebserver.MockWebServer$3 processOneRequest
INFO: MockWebServer[56775] received request: POST /api/v1/namespaces/entando-k8s-operator-common-cmms60/services HTTP/1.1 and responded: HTTP/1.1 202 OK
Sep 09, 2020 7:53:28 AM okhttp3.mockwebserver.MockWebServer$3 processOneRequest
INFO: MockWebServer[56775] received request: GET /api/v1/namespaces/entando-k8s-operator-common-cmms60/services/other-name-cmms60-db-service HTTP/1.1 and responded: HTTP/1.1 200 OK
Sep 09, 2020 7:53:28 AM okhttp3.mockwebserver.MockWebServer$3 processOneRequest
INFO: MockWebServer[56775] received request: GET /apis/entando.org/v1/namespaces/entando-k8s-operator-common-cmms60/entandoplugins/other-name-cmms60 HTTP/1.1 and responded: HTTP/1.1 200 OK
Sep 09, 2020 7:53:28 AM okhttp3.mockwebserver.MockWebServer$3 processOneRequest
INFO: MockWebServer[56775] received request: GET /apis/entando.org/v1/namespaces/entando-k8s-operator-common-cmms60/entandoplugins/other-name-cmms60 HTTP/1.1 and responded: HTTP/1.1 200 OK
Sep 09, 2020 7:53:28 AM okhttp3.mockwebserver.MockWebServer$3 processOneRequest
INFO: MockWebServer[56775] received request: GET /apis/entando.org/v1/namespaces/entando-k8s-operator-common-cmms60/entandoplugins/other-name-cmms60 HTTP/1.1 and responded: HTTP/1.1 200 OK
Sep 09, 2020 7:53:28 AM okhttp3.mockwebserver.MockWebServer$3 processOneRequest
INFO: MockWebServer[56775] received request: GET /apis/entando.org/v1/namespaces/entando-k8s-operator-common-cmms60/entandoplugins/other-name-cmms60 HTTP/1.1 and responded: HTTP/1.1 200 OK
Sep 09, 2020 7:53:28 AM okhttp3.mockwebserver.MockWebServer$3 processOneRequest
INFO: MockWebServer[56775] received request: PATCH /apis/entando.org/v1/namespaces/entando-k8s-operator-common-cmms60/entandoplugins/other-name-cmms60 HTTP/1.1 and responded: HTTP/1.1 202 OK
Sep 09, 2020 7:53:28 AM okhttp3.mockwebserver.MockWebServer$3 processOneRequest
INFO: MockWebServer[56775] received request: GET /apis/entando.org/v1/namespaces/entando-k8s-operator-common-cmms60/entandoplugins/other-name-cmms60 HTTP/1.1 and responded: HTTP/1.1 200 OK
Sep 09, 2020 7:53:28 AM okhttp3.mockwebserver.MockWebServer$3 processOneRequest
INFO: MockWebServer[56775] received request: GET /apis/apps/v1/namespaces/entando-k8s-operator-common-cmms60/deployments/other-name-cmms60-db-deployment HTTP/1.1 and responded: HTTP/1.1 404 Client Error
Sep 09, 2020 7:53:28 AM okhttp3.mockwebserver.MockWebServer$3 processOneRequest
INFO: MockWebServer[56775] received request: GET /apis/extensions/v1beta1/namespaces/entando-k8s-operator-common-cmms60/deployments/other-name-cmms60-db-deployment HTTP/1.1 and responded: HTTP/1.1 404 Client Error
Sep 09, 2020 7:53:28 AM okhttp3.mockwebserver.MockWebServer$3 processOneRequest
INFO: MockWebServer[56775] received request: GET /apis/entando.org/v1/namespaces/entando-k8s-operator-common-cmms60/entandoplugins/other-name-cmms60 HTTP/1.1 and responded: HTTP/1.1 200 OK
Sep 09, 2020 7:53:28 AM okhttp3.mockwebserver.MockWebServer$3 processOneRequest
INFO: MockWebServer[56775] received request: POST /apis/apps/v1/namespaces/entando-k8s-operator-common-cmms60/deployments HTTP/1.1 and responded: HTTP/1.1 202 OK
Sep 09, 2020 7:53:28 AM okhttp3.mockwebserver.MockWebServer$3 processOneRequest
INFO: MockWebServer[56775] received request: GET /apis/entando.org/v1/namespaces/entando-k8s-operator-common-cmms60/entandoplugins/other-name-cmms60 HTTP/1.1 and responded: HTTP/1.1 200 OK
Sep 09, 2020 7:53:28 AM okhttp3.mockwebserver.MockWebServer$3 processOneRequest
INFO: MockWebServer[56775] received request: GET /apis/apps/v1/namespaces/entando-k8s-operator-common-cmms60/deployments/other-name-cmms60-db-deployment HTTP/1.1 and responded: HTTP/1.1 200 OK
Sep 09, 2020 7:53:29 AM okhttp3.mockwebserver.MockWebServer$3 processOneRequest
INFO: MockWebServer[56775] received request: GET /apis/entando.org/v1/namespaces/entando-k8s-operator-common-cmms60/entandoplugins/other-name-cmms60 HTTP/1.1 and responded: HTTP/1.1 200 OK
Sep 09, 2020 7:53:29 AM okhttp3.mockwebserver.MockWebServer$3 processOneRequest
INFO: MockWebServer[56775] received request: GET /apis/entando.org/v1/namespaces/entando-k8s-operator-common-cmms60/entandoplugins/other-name-cmms60 HTTP/1.1 and responded: HTTP/1.1 200 OK
Sep 09, 2020 7:53:29 AM okhttp3.mockwebserver.MockWebServer$3 processOneRequest
INFO: MockWebServer[56775] received request: GET /apis/entando.org/v1/namespaces/entando-k8s-operator-common-cmms60/entandoplugins/other-name-cmms60 HTTP/1.1 and responded: HTTP/1.1 200 OK
Sep 09, 2020 7:53:29 AM okhttp3.mockwebserver.MockWebServer$3 processOneRequest
INFO: MockWebServer[56775] received request: PATCH /apis/entando.org/v1/namespaces/entando-k8s-operator-common-cmms60/entandoplugins/other-name-cmms60 HTTP/1.1 and responded: HTTP/1.1 202 OK
Sep 09, 2020 7:53:29 AM okhttp3.mockwebserver.MockWebServer$3 processOneRequest
INFO: MockWebServer[56775] received request: GET /apis/entando.org/v1/namespaces/entando-k8s-operator-common-cmms60/entandoplugins/other-name-cmms60 HTTP/1.1 and responded: HTTP/1.1 200 OK
Sep 09, 2020 7:53:29 AM okhttp3.mockwebserver.MockWebServer$3 processOneRequest
INFO: MockWebServer[56775] received request: GET /api/v1/namespaces/entando-k8s-operator-common-cmms60/pods?labelSelector=deployment%3Dother-name-cmms60-db&watch=true HTTP/1.1 and responded: HTTP/1.1 200 OK
Sep 09, 2020 7:53:29 AM okhttp3.mockwebserver.MockWebServer$3 processOneRequest
INFO: MockWebServer[56775] received request: GET /apis/apps/v1/namespaces/entando-k8s-operator-common-cmms60/deployments/other-name-cmms60-db-deployment HTTP/1.1 and responded: HTTP/1.1 200 OK
Sep 09, 2020 7:53:29 AM okhttp3.mockwebserver.MockWebServer$3 processOneRequest
INFO: MockWebServer[56775] received request: GET /apis/entando.org/v1/namespaces/entando-k8s-operator-common-cmms60/entandoplugins/other-name-cmms60 HTTP/1.1 and responded: HTTP/1.1 200 OK
Sep 09, 2020 7:53:29 AM okhttp3.mockwebserver.MockWebServer$3 processOneRequest
INFO: MockWebServer[56775] received request: GET /api/v1/namespaces/entando-k8s-operator-common-cmms60/pods?labelSelector=deployment%3Dother-name-cmms60-db&watch=true HTTP/1.1 and responded: HTTP/1.1 200 OK
Sep 09, 2020 7:53:29 AM okhttp3.mockwebserver.MockWebServer$3 processOneRequest
INFO: MockWebServer[56775] received request: GET /apis/entando.org/v1/namespaces/entando-k8s-operator-common-cmms60/entandoplugins/other-name-cmms60 HTTP/1.1 and responded: HTTP/1.1 200 OK
Sep 09, 2020 7:53:29 AM io.fabric8.kubernetes.client.dsl.internal.WatchHTTPManager$1 onResponse
INFO: Watch terminated unexpectedly. reason: \n not found: limit=46 content=7b2261706956657273696f6e223a227631222c226b696e64223a224c69737422â€¦
Sep 09, 2020 7:53:29 AM io.fabric8.kubernetes.client.dsl.internal.WatchHTTPManager scheduleReconnect
WARN: Ignoring error for already closed/closing connection
Sep 09, 2020 7:53:29 AM okhttp3.mockwebserver.MockWebServer$3 processOneRequest
INFO: MockWebServer[56775] received request: GET /apis/entando.org/v1/namespaces/entando-k8s-operator-common-cmms60/entandoplugins/other-name-cmms60 HTTP/1.1 and responded: HTTP/1.1 200 OK
Sep 09, 2020 7:53:29 AM okhttp3.mockwebserver.MockWebServer$3 processOneRequest
INFO: MockWebServer[56775] received request: GET /apis/entando.org/v1/namespaces/entando-k8s-operator-common-cmms60/entandoplugins/other-name-cmms60 HTTP/1.1 and responded: HTTP/1.1 200 OK
Sep 09, 2020 7:53:29 AM okhttp3.mockwebserver.MockWebServer$3 processOneRequest
INFO: MockWebServer[56775] received request: PATCH /apis/entando.org/v1/namespaces/entando-k8s-operator-common-cmms60/entandoplugins/other-name-cmms60 HTTP/1.1 and responded: HTTP/1.1 202 OK
Sep 09, 2020 7:53:29 AM okhttp3.mockwebserver.MockWebServer$3 processOneRequest
INFO: MockWebServer[56775] received request: GET /api/v1/namespaces/test/secrets/keycloak-*****-secret HTTP/1.1 and responded: HTTP/1.1 200 OK
Sep 09, 2020 7:53:29 AM okhttp3.mockwebserver.MockWebServer$3 processOneRequest
INFO: MockWebServer[56775] received request: GET /apis/entando.org/v1/namespaces/entando-k8s-operator-common-cmms60/entandoplugins/other-name-cmms60 HTTP/1.1 and responded: HTTP/1.1 200 OK
Sep 09, 2020 7:53:29 AM okhttp3.mockwebserver.MockWebServer$3 processOneRequest
INFO: MockWebServer[56775] received request: GET /api/v1/namespaces/entando/configmaps/entando-docker-image-info-v6.1 HTTP/1.1 and responded: HTTP/1.1 404 Client Error
Sep 09, 2020 7:53:29 AM okhttp3.mockwebserver.MockWebServer$3 processOneRequest
INFO: MockWebServer[56775] received request: POST /api/v1/namespaces/entando-k8s-operator-common-cmms60/secrets HTTP/1.1 and responded: HTTP/1.1 202 OK
Sep 09, 2020 7:53:29 AM okhttp3.mockwebserver.MockWebServer$3 processOneRequest
INFO: MockWebServer[56775] received request: GET /apis/entando.org/v1/namespaces/entando-k8s-operator-common-cmms60/entandoplugins/other-name-cmms60 HTTP/1.1 and responded: HTTP/1.1 200 OK
Sep 09, 2020 7:53:30 AM okhttp3.mockwebserver.MockWebServer$3 processOneRequest
INFO: MockWebServer[56775] received request: POST /api/v1/namespaces/entando-k8s-operator-common-cmms60/pods HTTP/1.1 and responded: HTTP/1.1 202 OK
Sep 09, 2020 7:53:30 AM okhttp3.mockwebserver.MockWebServer$3 processOneRequest
INFO: MockWebServer[56775] received request: GET /apis/entando.org/v1/namespaces/entando-k8s-operator-common-cmms60/entandoplugins/other-name-cmms60 HTTP/1.1 and responded: HTTP/1.1 200 OK
Sep 09, 2020 7:53:30 AM okhttp3.mockwebserver.MockWebServer$3 processOneRequest
INFO: MockWebServer[56775] received request: GET /api/v1/namespaces/entando-k8s-operator-common-cmms60/pods?fieldSelector=metadata.name%3Dother-name-cmms60-db-preparation-job-c908e79b-e&watch=true HTTP/1.1 and responded: HTTP/1.1 200 OK
Sep 09, 2020 7:53:30 AM okhttp3.mockwebserver.MockWebServer$3 processOneRequest
INFO: MockWebServer[56775] received request: GET /api/v1/namespaces/entando-k8s-operator-common-cmms60/pods?labelSelector=dbJob%3Dother-name-cmms60-db-preparation-job HTTP/1.1 and responded: HTTP/1.1 200 OK
Sep 09, 2020 7:53:30 AM okhttp3.mockwebserver.MockWebServer$3 processOneRequest
INFO: MockWebServer[56775] received request: GET /api/v1/namespaces/entando-k8s-operator-common-cmms60/pods?fieldSelector=metadata.name%3Dother-name-cmms60-db-preparation-job-c908e79b-e&watch=true HTTP/1.1 and responded: HTTP/1.1 200 OK
Sep 09, 2020 7:53:30 AM io.fabric8.kubernetes.client.dsl.internal.WatchHTTPManager$1 onResponse
INFO: Watch terminated unexpectedly. reason: \n not found: limit=4219 content=7b2261706956657273696f6e223a227631222c226b696e64223a224c69737422â€¦
Sep 09, 2020 7:53:30 AM io.fabric8.kubernetes.client.dsl.internal.WatchHTTPManager scheduleReconnect
WARN: Ignoring error for already closed/closing connection
Sep 09, 2020 7:53:30 AM okhttp3.mockwebserver.MockWebServer$3 processOneRequest
INFO: MockWebServer[56775] received request: GET /apis/entando.org/v1/namespaces/entando-k8s-operator-common-cmms60/entandoplugins/other-name-cmms60 HTTP/1.1 and responded: HTTP/1.1 200 OK
Sep 09, 2020 7:53:30 AM okhttp3.mockwebserver.MockWebServer$3 processOneRequest
INFO: MockWebServer[56775] received request: GET /apis/entando.org/v1/namespaces/entando-k8s-operator-common-cmms60/entandoplugins/other-name-cmms60 HTTP/1.1 and responded: HTTP/1.1 200 OK
Sep 09, 2020 7:53:30 AM okhttp3.mockwebserver.MockWebServer$3 processOneRequest
INFO: MockWebServer[56775] received request: GET /apis/entando.org/v1/namespaces/entando-k8s-operator-common-cmms60/entandoplugins/other-name-cmms60 HTTP/1.1 and responded: HTTP/1.1 200 OK
Sep 09, 2020 7:53:30 AM okhttp3.mockwebserver.MockWebServer$3 processOneRequest
INFO: MockWebServer[56775] received request: PATCH /apis/entando.org/v1/namespaces/entando-k8s-operator-common-cmms60/entandoplugins/other-name-cmms60 HTTP/1.1 and responded: HTTP/1.1 202 OK
Sep 09, 2020 7:53:30 AM okhttp3.mockwebserver.MockWebServer$3 processOneRequest
INFO: MockWebServer[56775] received request: GET /apis/entando.org/v1/namespaces/entando-k8s-operator-common-cmms60/entandoplugins/other-name-cmms60 HTTP/1.1 and responded: HTTP/1.1 200 OK
Sep 09, 2020 7:53:30 AM okhttp3.mockwebserver.MockWebServer$3 processOneRequest
INFO: MockWebServer[56775] received request: GET /api/v1/namespaces/entando-k8s-operator-common-cmms60/persistentvolumeclaims/other-name-cmms60-server-pvc HTTP/1.1 and responded: HTTP/1.1 404 Client Error
Sep 09, 2020 7:53:30 AM okhttp3.mockwebserver.MockWebServer$3 processOneRequest
INFO: MockWebServer[56775] received request: GET /apis/entando.org/v1/namespaces/entando-k8s-operator-common-cmms60/entandoplugins/other-name-cmms60 HTTP/1.1 and responded: HTTP/1.1 200 OK
Sep 09, 2020 7:53:30 AM okhttp3.mockwebserver.MockWebServer$3 processOneRequest
INFO: MockWebServer[56775] received request: POST /api/v1/namespaces/entando-k8s-operator-common-cmms60/persistentvolumeclaims HTTP/1.1 and responded: HTTP/1.1 202 OK
Sep 09, 2020 7:53:30 AM okhttp3.mockwebserver.MockWebServer$3 processOneRequest
INFO: MockWebServer[56775] received request: GET /api/v1/namespaces/entando-k8s-operator-common-cmms60/persistentvolumeclaims/other-name-cmms60-server-pvc HTTP/1.1 and responded: HTTP/1.1 200 OK
Sep 09, 2020 7:53:30 AM okhttp3.mockwebserver.MockWebServer$3 processOneRequest
INFO: MockWebServer[56775] received request: GET /apis/entando.org/v1/namespaces/entando-k8s-operator-common-cmms60/entandoplugins/other-name-cmms60 HTTP/1.1 and responded: HTTP/1.1 200 OK
Sep 09, 2020 7:53:30 AM okhttp3.mockwebserver.MockWebServer$3 processOneRequest
INFO: MockWebServer[56775] received request: GET /apis/entando.org/v1/namespaces/entando-k8s-operator-common-cmms60/entandoplugins/other-name-cmms60 HTTP/1.1 and responded: HTTP/1.1 200 OK
Sep 09, 2020 7:53:30 AM okhttp3.mockwebserver.MockWebServer$3 processOneRequest
INFO: MockWebServer[56775] received request: GET /apis/entando.org/v1/namespaces/entando-k8s-operator-common-cmms60/entandoplugins/other-name-cmms60 HTTP/1.1 and responded: HTTP/1.1 200 OK
Sep 09, 2020 7:53:30 AM okhttp3.mockwebserver.MockWebServer$3 processOneRequest
INFO: MockWebServer[56775] received request: GET /apis/entando.org/v1/namespaces/entando-k8s-operator-common-cmms60/entandoplugins/other-name-cmms60 HTTP/1.1 and responded: HTTP/1.1 200 OK
Sep 09, 2020 7:53:30 AM okhttp3.mockwebserver.MockWebServer$3 processOneRequest
INFO: MockWebServer[56775] received request: PATCH /apis/entando.org/v1/namespaces/entando-k8s-operator-common-cmms60/entandoplugins/other-name-cmms60 HTTP/1.1 and responded: HTTP/1.1 202 OK
Sep 09, 2020 7:53:30 AM okhttp3.mockwebserver.MockWebServer$3 processOneRequest
INFO: MockWebServer[56775] received request: GET /apis/entando.org/v1/namespaces/entando-k8s-operator-common-cmms60/entandoplugins/other-name-cmms60 HTTP/1.1 and responded: HTTP/1.1 200 OK
Sep 09, 2020 7:53:30 AM okhttp3.mockwebserver.MockWebServer$3 processOneRequest
INFO: MockWebServer[56775] received request: GET /api/v1/namespaces/entando-k8s-operator-common-cmms60/secrets/entando-default-ca-secret HTTP/1.1 and responded: HTTP/1.1 200 OK
Sep 09, 2020 7:53:31 AM okhttp3.mockwebserver.MockWebServer$3 processOneRequest
INFO: MockWebServer[56775] received request: POST /api/v1/namespaces/entando-k8s-operator-common-cmms60/secrets HTTP/1.1 and responded: HTTP/1.1 202 OK
Sep 09, 2020 7:53:31 AM okhttp3.mockwebserver.MockWebServer$3 processOneRequest
INFO: MockWebServer[56775] received request: GET /api/v1/namespaces/entando-k8s-operator-common-cmms60/serviceaccounts/plugin HTTP/1.1 and responded: HTTP/1.1 200 OK
Sep 09, 2020 7:53:31 AM okhttp3.mockwebserver.MockWebServer$3 processOneRequest
INFO: MockWebServer[56775] received request: GET /apis/entando.org/v1/namespaces/entando-k8s-operator-common-cmms60/entandoplugins/other-name-cmms60 HTTP/1.1 and responded: HTTP/1.1 200 OK
Sep 09, 2020 7:53:31 AM okhttp3.mockwebserver.MockWebServer$3 processOneRequest
INFO: MockWebServer[56775] received request: GET /apis/rbac.authorization.k8s.io/v1/namespaces/entando-k8s-operator-common-cmms60/roles/plugin HTTP/1.1 and responded: HTTP/1.1 200 OK
Sep 09, 2020 7:53:31 AM okhttp3.mockwebserver.MockWebServer$3 processOneRequest
INFO: MockWebServer[56775] received request: GET /apis/entando.org/v1/namespaces/entando-k8s-operator-common-cmms60/entandoplugins/other-name-cmms60 HTTP/1.1 and responded: HTTP/1.1 200 OK
Sep 09, 2020 7:53:31 AM okhttp3.mockwebserver.MockWebServer$3 processOneRequest
INFO: MockWebServer[56775] received request: GET /apis/rbac.authorization.k8s.io/v1/namespaces/entando-k8s-operator-common-cmms60/rolebindings/plugin-rolebinding HTTP/1.1 and responded: HTTP/1.1 200 OK
Sep 09, 2020 7:53:31 AM okhttp3.mockwebserver.MockWebServer$3 processOneRequest
INFO: MockWebServer[56775] received request: GET /api/v1/namespaces/entando-k8s-operator-common-cmms60/services/other-name-cmms60-server-service HTTP/1.1 and responded: HTTP/1.1 404 Client Error
Sep 09, 2020 7:53:31 AM okhttp3.mockwebserver.MockWebServer$3 processOneRequest
INFO: MockWebServer[56775] received request: GET /apis/entando.org/v1/namespaces/entando-k8s-operator-common-cmms60/entandoplugins/other-name-cmms60 HTTP/1.1 and responded: HTTP/1.1 200 OK
Sep 09, 2020 7:53:31 AM okhttp3.mockwebserver.MockWebServer$3 processOneRequest
INFO: MockWebServer[56775] received request: POST /api/v1/namespaces/entando-k8s-operator-common-cmms60/services HTTP/1.1 and responded: HTTP/1.1 202 OK
Sep 09, 2020 7:53:31 AM okhttp3.mockwebserver.MockWebServer$3 processOneRequest
INFO: MockWebServer[56775] received request: GET /api/v1/namespaces/entando-k8s-operator-common-cmms60/services/other-name-cmms60-server-service HTTP/1.1 and responded: HTTP/1.1 200 OK
Sep 09, 2020 7:53:31 AM okhttp3.mockwebserver.MockWebServer$3 processOneRequest
INFO: MockWebServer[56775] received request: GET /apis/entando.org/v1/namespaces/entando-k8s-operator-common-cmms60/entandoplugins/other-name-cmms60 HTTP/1.1 and responded: HTTP/1.1 200 OK
Sep 09, 2020 7:53:31 AM okhttp3.mockwebserver.MockWebServer$3 processOneRequest
INFO: MockWebServer[56775] received request: GET /apis/entando.org/v1/namespaces/entando-k8s-operator-common-cmms60/entandoplugins/other-name-cmms60 HTTP/1.1 and responded: HTTP/1.1 200 OK
Sep 09, 2020 7:53:31 AM okhttp3.mockwebserver.MockWebServer$3 processOneRequest
INFO: MockWebServer[56775] received request: GET /apis/entando.org/v1/namespaces/entando-k8s-operator-common-cmms60/entandoplugins/other-name-cmms60 HTTP/1.1 and responded: HTTP/1.1 200 OK
Sep 09, 2020 7:53:31 AM okhttp3.mockwebserver.MockWebServer$3 processOneRequest
INFO: MockWebServer[56775] received request: GET /apis/entando.org/v1/namespaces/entando-k8s-operator-common-cmms60/entandoplugins/other-name-cmms60 HTTP/1.1 and responded: HTTP/1.1 200 OK
Sep 09, 2020 7:53:31 AM okhttp3.mockwebserver.MockWebServer$3 processOneRequest
INFO: MockWebServer[56775] received request: PATCH /apis/entando.org/v1/namespaces/entando-k8s-operator-common-cmms60/entandoplugins/other-name-cmms60 HTTP/1.1 and responded: HTTP/1.1 202 OK
Sep 09, 2020 7:53:31 AM okhttp3.mockwebserver.MockWebServer$3 processOneRequest
INFO: MockWebServer[56775] received request: GET /apis/entando.org/v1/namespaces/entando-k8s-operator-common-cmms60/entandoplugins/other-name-cmms60 HTTP/1.1 and responded: HTTP/1.1 200 OK
Sep 09, 2020 7:53:31 AM okhttp3.mockwebserver.MockWebServer$3 processOneRequest
INFO: MockWebServer[56775] received request: GET /apis/extensions/v1beta1/namespaces/entando-k8s-operator-common-cmms60/ingresses/sample-name-cmms60-ingress HTTP/1.1 and responded: HTTP/1.1 200 OK
Sep 09, 2020 7:53:31 AM okhttp3.mockwebserver.MockWebServer$3 processOneRequest
INFO: MockWebServer[56775] received request: GET /apis/extensions/v1beta1/namespaces/entando-k8s-operator-common-cmms60/ingresses/sample-name-cmms60-ingress HTTP/1.1 and responded: HTTP/1.1 200 OK
Sep 09, 2020 7:53:31 AM okhttp3.mockwebserver.MockWebServer$3 processOneRequest
INFO: MockWebServer[56775] received request: GET /apis/entando.org/v1/namespaces/entando-k8s-operator-common-cmms60/entandoplugins/other-name-cmms60 HTTP/1.1 and responded: HTTP/1.1 200 OK
Sep 09, 2020 7:53:32 AM okhttp3.mockwebserver.MockWebServer$3 processOneRequest
INFO: MockWebServer[56775] received request: GET /apis/extensions/v1beta1/namespaces/entando-k8s-operator-common-cmms60/ingresses/sample-name-cmms60-ingress HTTP/1.1 and responded: HTTP/1.1 200 OK
Sep 09, 2020 7:53:32 AM okhttp3.mockwebserver.MockWebServer$3 processOneRequest
INFO: MockWebServer[56775] received request: PATCH /apis/extensions/v1beta1/namespaces/entando-k8s-operator-common-cmms60/ingresses/sample-name-cmms60-ingress HTTP/1.1 and responded: HTTP/1.1 202 OK
Sep 09, 2020 7:53:32 AM okhttp3.mockwebserver.MockWebServer$3 processOneRequest
INFO: MockWebServer[56775] received request: GET /apis/entando.org/v1/namespaces/entando-k8s-operator-common-cmms60/entandoplugins/other-name-cmms60 HTTP/1.1 and responded: HTTP/1.1 200 OK
Sep 09, 2020 7:53:32 AM okhttp3.mockwebserver.MockWebServer$3 processOneRequest
INFO: MockWebServer[56775] received request: GET /apis/extensions/v1beta1/namespaces/entando-k8s-operator-common-cmms60/ingresses/sample-name-cmms60-ingress HTTP/1.1 and responded: HTTP/1.1 200 OK
Sep 09, 2020 7:53:32 AM okhttp3.mockwebserver.MockWebServer$3 processOneRequest
INFO: MockWebServer[56775] received request: GET /apis/entando.org/v1/namespaces/entando-k8s-operator-common-cmms60/entandoplugins/other-name-cmms60 HTTP/1.1 and responded: HTTP/1.1 200 OK
Sep 09, 2020 7:53:32 AM okhttp3.mockwebserver.MockWebServer$3 processOneRequest
INFO: MockWebServer[56775] received request: GET /apis/extensions/v1beta1/namespaces/entando-k8s-operator-common-cmms60/ingresses/sample-name-cmms60-ingress HTTP/1.1 and responded: HTTP/1.1 200 OK
Sep 09, 2020 7:53:32 AM okhttp3.mockwebserver.MockWebServer$3 processOneRequest
INFO: MockWebServer[56775] received request: GET /apis/entando.org/v1/namespaces/entando-k8s-operator-common-cmms60/entandoplugins/other-name-cmms60 HTTP/1.1 and responded: HTTP/1.1 200 OK
Sep 09, 2020 7:53:32 AM okhttp3.mockwebserver.MockWebServer$3 processOneRequest
INFO: MockWebServer[56775] received request: GET /apis/entando.org/v1/namespaces/entando-k8s-operator-common-cmms60/entandoplugins/other-name-cmms60 HTTP/1.1 and responded: HTTP/1.1 200 OK
Sep 09, 2020 7:53:32 AM okhttp3.mockwebserver.MockWebServer$3 processOneRequest
INFO: MockWebServer[56775] received request: GET /apis/entando.org/v1/namespaces/entando-k8s-operator-common-cmms60/entandoplugins/other-name-cmms60 HTTP/1.1 and responded: HTTP/1.1 200 OK
Sep 09, 2020 7:53:32 AM okhttp3.mockwebserver.MockWebServer$3 processOneRequest
INFO: MockWebServer[56775] received request: PATCH /apis/entando.org/v1/namespaces/entando-k8s-operator-common-cmms60/entandoplugins/other-name-cmms60 HTTP/1.1 and responded: HTTP/1.1 202 OK
Sep 09, 2020 7:53:32 AM okhttp3.mockwebserver.MockWebServer$3 processOneRequest
INFO: MockWebServer[56775] received request: GET /apis/entando.org/v1/namespaces/entando-k8s-operator-common-cmms60/entandoplugins/other-name-cmms60 HTTP/1.1 and responded: HTTP/1.1 200 OK
Sep 09, 2020 7:53:32 AM okhttp3.mockwebserver.MockWebServer$3 processOneRequest
INFO: MockWebServer[56775] received request: GET /apis/apps/v1/namespaces/entando-k8s-operator-common-cmms60/deployments/other-name-cmms60-server-deployment HTTP/1.1 and responded: HTTP/1.1 404 Client Error
Sep 09, 2020 7:53:32 AM okhttp3.mockwebserver.MockWebServer$3 processOneRequest
INFO: MockWebServer[56775] received request: GET /apis/entando.org/v1/namespaces/entando-k8s-operator-common-cmms60/entandoplugins/other-name-cmms60 HTTP/1.1 and responded: HTTP/1.1 200 OK
Sep 09, 2020 7:53:32 AM okhttp3.mockwebserver.MockWebServer$3 processOneRequest
INFO: MockWebServer[56775] received request: GET /apis/extensions/v1beta1/namespaces/entando-k8s-operator-common-cmms60/deployments/other-name-cmms60-server-deployment HTTP/1.1 and responded: HTTP/1.1 404 Client Error
Sep 09, 2020 7:53:32 AM okhttp3.mockwebserver.MockWebServer$3 processOneRequest
INFO: MockWebServer[56775] received request: POST /apis/apps/v1/namespaces/entando-k8s-operator-common-cmms60/deployments HTTP/1.1 and responded: HTTP/1.1 202 OK
Sep 09, 2020 7:53:32 AM okhttp3.mockwebserver.MockWebServer$3 processOneRequest
INFO: MockWebServer[56775] received request: GET /apis/entando.org/v1/namespaces/entando-k8s-operator-common-cmms60/entandoplugins/other-name-cmms60 HTTP/1.1 and responded: HTTP/1.1 200 OK
Sep 09, 2020 7:53:32 AM okhttp3.mockwebserver.MockWebServer$3 processOneRequest
INFO: MockWebServer[56775] received request: GET /apis/apps/v1/namespaces/entando-k8s-operator-common-cmms60/deployments/other-name-cmms60-server-deployment HTTP/1.1 and responded: HTTP/1.1 200 OK
Sep 09, 2020 7:53:32 AM okhttp3.mockwebserver.MockWebServer$3 processOneRequest
INFO: MockWebServer[56775] received request: GET /apis/entando.org/v1/namespaces/entando-k8s-operator-common-cmms60/entandoplugins/other-name-cmms60 HTTP/1.1 and responded: HTTP/1.1 200 OK
Sep 09, 2020 7:53:33 AM okhttp3.mockwebserver.MockWebServer$3 processOneRequest
INFO: MockWebServer[56775] received request: GET /apis/entando.org/v1/namespaces/entando-k8s-operator-common-cmms60/entandoplugins/other-name-cmms60 HTTP/1.1 and responded: HTTP/1.1 200 OK
Sep 09, 2020 7:53:33 AM okhttp3.mockwebserver.MockWebServer$3 processOneRequest
INFO: MockWebServer[56775] received request: GET /apis/entando.org/v1/namespaces/entando-k8s-operator-common-cmms60/entandoplugins/other-name-cmms60 HTTP/1.1 and responded: HTTP/1.1 200 OK
Sep 09, 2020 7:53:33 AM okhttp3.mockwebserver.MockWebServer$3 processOneRequest
INFO: MockWebServer[56775] received request: PATCH /apis/entando.org/v1/namespaces/entando-k8s-operator-common-cmms60/entandoplugins/other-name-cmms60 HTTP/1.1 and responded: HTTP/1.1 202 OK
Sep 09, 2020 7:53:33 AM okhttp3.mockwebserver.MockWebServer$3 processOneRequest
INFO: MockWebServer[56775] received request: GET /apis/entando.org/v1/namespaces/entando-k8s-operator-common-cmms60/entandoplugins/other-name-cmms60 HTTP/1.1 and responded: HTTP/1.1 200 OK
Sep 09, 2020 7:53:33 AM okhttp3.mockwebserver.MockWebServer$3 processOneRequest
INFO: MockWebServer[56775] received request: GET /api/v1/namespaces/entando-k8s-operator-common-cmms60/pods?labelSelector=deployment%3Dother-name-cmms60-server&watch=true HTTP/1.1 and responded: HTTP/1.1 200 OK
Sep 09, 2020 7:53:33 AM okhttp3.mockwebserver.MockWebServer$3 processOneRequest
INFO: MockWebServer[56775] received request: GET /apis/apps/v1/namespaces/entando-k8s-operator-common-cmms60/deployments/other-name-cmms60-server-deployment HTTP/1.1 and responded: HTTP/1.1 200 OK
Sep 09, 2020 7:53:33 AM okhttp3.mockwebserver.MockWebServer$3 processOneRequest
INFO: MockWebServer[56775] received request: GET /apis/entando.org/v1/namespaces/entando-k8s-operator-common-cmms60/entandoplugins/other-name-cmms60 HTTP/1.1 and responded: HTTP/1.1 200 OK
Sep 09, 2020 7:53:33 AM okhttp3.mockwebserver.MockWebServer$3 processOneRequest
INFO: MockWebServer[56775] received request: GET /api/v1/namespaces/entando-k8s-operator-common-cmms60/pods?labelSelector=deployment%3Dother-name-cmms60-server&watch=true HTTP/1.1 and responded: HTTP/1.1 200 OK
Sep 09, 2020 7:53:33 AM okhttp3.mockwebserver.MockWebServer$3 processOneRequest
INFO: MockWebServer[56775] received request: GET /apis/entando.org/v1/namespaces/entando-k8s-operator-common-cmms60/entandoplugins/other-name-cmms60 HTTP/1.1 and responded: HTTP/1.1 200 OK
Sep 09, 2020 7:53:33 AM io.fabric8.kubernetes.client.dsl.internal.WatchHTTPManager$1 onResponse
INFO: Watch terminated unexpectedly. reason: \n not found: limit=46 content=7b2261706956657273696f6e223a227631222c226b696e64223a224c69737422â€¦
Sep 09, 2020 7:53:33 AM io.fabric8.kubernetes.client.dsl.internal.WatchHTTPManager scheduleReconnect
WARN: Ignoring error for already closed/closing connection
Sep 09, 2020 7:53:33 AM okhttp3.mockwebserver.MockWebServer$3 processOneRequest
INFO: MockWebServer[56775] received request: GET /apis/entando.org/v1/namespaces/entando-k8s-operator-common-cmms60/entandoplugins/other-name-cmms60 HTTP/1.1 and responded: HTTP/1.1 200 OK
Sep 09, 2020 7:53:33 AM okhttp3.mockwebserver.MockWebServer$3 processOneRequest
INFO: MockWebServer[56775] received request: GET /apis/entando.org/v1/namespaces/entando-k8s-operator-common-cmms60/entandoplugins/other-name-cmms60 HTTP/1.1 and responded: HTTP/1.1 200 OK
Sep 09, 2020 7:53:33 AM okhttp3.mockwebserver.MockWebServer$3 processOneRequest
INFO: MockWebServer[56775] received request: PATCH /apis/entando.org/v1/namespaces/entando-k8s-operator-common-cmms60/entandoplugins/other-name-cmms60 HTTP/1.1 and responded: HTTP/1.1 202 OK
Sep 09, 2020 7:53:33 AM okhttp3.mockwebserver.MockWebServer$3 processOneRequest
INFO: MockWebServer[56775] received request: GET /apis/entando.org/v1/namespaces/entando-k8s-operator-common-cmms60/entandoplugins/other-name-cmms60 HTTP/1.1 and responded: HTTP/1.1 200 OK
Sep 09, 2020 7:53:33 AM okhttp3.mockwebserver.MockWebServer$3 processOneRequest
INFO: MockWebServer[56775] received request: GET /apis/entando.org/v1/namespaces/entando-k8s-operator-common-cmms60/entandoplugins/other-name-cmms60 HTTP/1.1 and responded: HTTP/1.1 200 OK
Sep 09, 2020 7:53:33 AM okhttp3.mockwebserver.MockWebServer$3 processOneRequest
INFO: MockWebServer[56775] received request: GET /apis/entando.org/v1/namespaces/entando-k8s-operator-common-cmms60/entandoplugins/other-name-cmms60 HTTP/1.1 and responded: HTTP/1.1 200 OK
Sep 09, 2020 7:53:33 AM okhttp3.mockwebserver.MockWebServer$3 processOneRequest
INFO: MockWebServer[56775] received request: GET /apis/entando.org/v1/namespaces/entando-k8s-operator-common-cmms60/entandoplugins/other-name-cmms60 HTTP/1.1 and responded: HTTP/1.1 200 OK
Sep 09, 2020 7:53:33 AM okhttp3.mockwebserver.MockWebServer$3 processOneRequest
INFO: MockWebServer[56775] received request: PATCH /apis/entando.org/v1/namespaces/entando-k8s-operator-common-cmms60/entandoplugins/other-name-cmms60 HTTP/1.1 and responded: HTTP/1.1 202 OK
Sep 09, 2020 7:53:33 AM okhttp3.mockwebserver.MockWebServer$3 processOneRequest
INFO: MockWebServer[56775] received request: GET /apis/entando.org/v1/namespaces/entando-k8s-operator-common-cmms60/entandoplugins/other-name-cmms60 HTTP/1.1 and responded: HTTP/1.1 200 OK
Sep 09, 2020 7:53:33 AM okhttp3.mockwebserver.MockWebServer$3 processOneRequest
INFO: MockWebServer[56775] received request: GET /apis/entando.org/v1/namespaces/entando-k8s-operator-common-cmms60/entandoplugins/other-name-cmms60 HTTP/1.1 and responded: HTTP/1.1 200 OK
Sep 09, 2020 7:53:33 AM okhttp3.mockwebserver.MockWebServer$3 processOneRequest
INFO: MockWebServer[56775] received request: PATCH /apis/entando.org/v1/namespaces/entando-k8s-operator-common-cmms60/entandoplugins/other-name-cmms60 HTTP/1.1 and responded: HTTP/1.1 202 OK
Sep 09, 2020 7:53:33 AM okhttp3.mockwebserver.MockWebServer$3 processOneRequest
INFO: MockWebServer[56775] received request: GET /apis/entando.org/v1/namespaces/entando-k8s-operator-common-cmms60/entandoplugins/other-name-cmms60 HTTP/1.1 and responded: HTTP/1.1 200 OK
Sep 09, 2020 7:53:33 AM okhttp3.mockwebserver.MockWebServer$3 processOneRequest
INFO: MockWebServer[56775] received request: GET /apis/apps/v1/namespaces/entando-k8s-operator-common-cmms60/deployments/other-name-cmms60-server-deployment HTTP/1.1 and responded: HTTP/1.1 200 OK
Sep 09, 2020 7:53:34 AM okhttp3.mockwebserver.MockWebServer$3 processOneRequest
INFO: MockWebServer[56775] received request: GET /api/v1/namespaces/entando-k8s-operator-common-cmms60/secrets/other-name-cmms60-db-secret HTTP/1.1 and responded: HTTP/1.1 200 OK
Sep 09, 2020 7:53:34 AM okhttp3.mockwebserver.MockWebServer$3 processOneRequest
INFO: MockWebServer[56775] received request: GET /api/v1/namespaces/entando-k8s-operator-common-cmms60/secrets/other-name-cmms60-db-secret HTTP/1.1 and responded: HTTP/1.1 200 OK
Sep 09, 2020 7:53:34 AM okhttp3.mockwebserver.MockWebServer$3 processOneRequest
INFO: MockWebServer[56775] received request: GET /api/v1/namespaces/entando-k8s-operator-common-cmms60/secrets/entando-default-ca-secret HTTP/1.1 and responded: HTTP/1.1 200 OK
Sep 09, 2020 7:53:34 AM okhttp3.mockwebserver.MockWebServer$3 processOneRequest
INFO: MockWebServer[56775] received request: GET /api/v1/namespaces/entando-k8s-operator-common-cmms60/secrets/other-name-cmms60-*****-secret HTTP/1.1 and responded: HTTP/1.1 200 OK
Sep 09, 2020 7:53:34 AM okhttp3.mockwebserver.MockWebServer$3 processOneRequest
INFO: MockWebServer[56775] received request: GET /api/v1/namespaces/entando-k8s-operator-common-cmms60/secrets/other-name-cmms60-*****-secret HTTP/1.1 and responded: HTTP/1.1 200 OK
Sep 09, 2020 7:53:34 AM okhttp3.mockwebserver.MockWebServer$3 processOneRequest
INFO: MockWebServer[56775] received request: GET /api/v1/namespaces/entando-k8s-operator-common-cmms60/secrets/other-name-cmms60-db-secret HTTP/1.1 and responded: HTTP/1.1 200 OK
Sep 09, 2020 7:53:34 AM okhttp3.mockwebserver.MockWebServer$3 processOneRequest
INFO: MockWebServer[56775] received request: GET /api/v1/namespaces/entando-k8s-operator-common-cmms60/secrets/other-name-cmms60-db-secret HTTP/1.1 and responded: HTTP/1.1 200 OK
Sep 09, 2020 7:53:34 AM okhttp3.mockwebserver.MockWebServer$3 processOneRequest
INFO: MockWebServer[56775] received request: GET /api/v1/namespaces/entando-k8s-operator-common-cmms60/persistentvolumeclaims/other-name-cmms60-server-pvc HTTP/1.1 and responded: HTTP/1.1 200 OK
Sep 09, 2020 7:53:34 AM okhttp3.mockwebserver.MockWebServer$3 processOneRequest
INFO: MockWebServer[56775] received request: GET /api/v1/namespaces/entando-k8s-operator-common-cmms60/secrets/entando-default-ca-secret HTTP/1.1 and responded: HTTP/1.1 200 OK
Sep 09, 2020 7:53:34 AM okhttp3.mockwebserver.MockWebServer$3 processOneRequest
INFO: MockWebServer[56775] received request: GET /apis/apps/v1/namespaces/entando-k8s-operator-common-cmms60/deployments/other-name-cmms60-db-deployment HTTP/1.1 and responded: HTTP/1.1 200 OK
Sep 09, 2020 7:53:34 AM okhttp3.mockwebserver.MockWebServer$3 processOneRequest
INFO: MockWebServer[56775] received request: GET /apis/extensions/v1beta1/namespaces/entando-k8s-operator-common-cmms60/ingresses/sample-name-cmms60-ingress HTTP/1.1 and responded: HTTP/1.1 200 OK
Sep 09, 2020 7:53:34 AM okhttp3.mockwebserver.MockWebServer$2 acceptConnections
INFO: MockWebServer[56775] done accepting connections: Socket closed
[INFO] Tests run: 2, Failures: 0, Errors: 0, Skipped: 0, Time elapsed: 34.854 s - in org.entando.kubernetes.controller.inprocesstest.PublicIngressingMockServerTest
[INFO] Running org.entando.kubernetes.controller.inprocesstest.SpringBootContainerMockClientTest
Sep 09, 2020 7:53:35 AM okhttp3.mockwebserver.MockWebServer$2 e**cute
INFO: MockWebServer[38190] starting to accept connections
[INFO] Tests run: 1, Failures: 0, Errors: 0, Skipped: 0, Time elapsed: 0.723 s - in org.entando.kubernetes.controller.inprocesstest.SpringBootContainerMockClientTest
[INFO] Running org.entando.kubernetes.controller.inprocesstest.DefaultClientTest
Sep 09, 2020 7:53:35 AM okhttp3.mockwebserver.MockWebServer$3 processOneRequest
INFO: MockWebServer[38190] received request: POST /apis/extensions/v1beta1/namespaces/my-namespace/ingresses HTTP/1.1 and responded: HTTP/1.1 202 OK
Sep 09, 2020 7:53:35 AM okhttp3.mockwebserver.MockWebServer$3 processOneRequest
INFO: MockWebServer[38190] received request: GET /apis/extensions/v1beta1/namespaces/my-namespace/ingresses/my-ingress HTTP/1.1 and responded: HTTP/1.1 200 OK
Sep 09, 2020 7:53:35 AM okhttp3.mockwebserver.MockWebServer$3 processOneRequest
INFO: MockWebServer[38190] received request: GET /apis/extensions/v1beta1/namespaces/my-namespace/ingresses/my-ingress HTTP/1.1 and responded: HTTP/1.1 200 OK
Sep 09, 2020 7:53:35 AM okhttp3.mockwebserver.MockWebServer$3 processOneRequest
INFO: MockWebServer[38190] received request: PATCH /apis/extensions/v1beta1/namespaces/my-namespace/ingresses/my-ingress HTTP/1.1 and responded: HTTP/1.1 202 OK
Sep 09, 2020 7:53:36 AM okhttp3.mockwebserver.MockWebServer$2 acceptConnections
INFO: MockWebServer[38190] done accepting connections: Socket closed
[INFO] Tests run: 1, Failures: 0, Errors: 0, Skipped: 0, Time elapsed: 0.418 s - in org.entando.kubernetes.controller.inprocesstest.DefaultClientTest
[INFO] Running org.entando.kubernetes.controller.inprocesstest.ContainerUsingExternalDatabaseMockClientTest
[INFO] Tests run: 1, Failures: 0, Errors: 0, Skipped: 0, Time elapsed: 0.648 s - in org.entando.kubernetes.controller.inprocesstest.ContainerUsingExternalDatabaseMockClientTest
[INFO] Running org.entando.kubernetes.controller.inprocesstest.legacy.DeployExampleServiceOnExternalDatabaseTest
[INFO] Tests run: 2, Failures: 0, Errors: 0, Skipped: 0, Time elapsed: 0.925 s - in org.entando.kubernetes.controller.inprocesstest.legacy.DeployExampleServiceOnExternalDatabaseTest
[INFO] Running org.entando.kubernetes.controller.inprocesstest.legacy.DeployDatabaseTest
[INFO] Tests run: 5, Failures: 0, Errors: 0, Skipped: 0, Time elapsed: 2.04 s - in org.entando.kubernetes.controller.inprocesstest.legacy.DeployDatabaseTest
[INFO] Running org.entando.kubernetes.controller.inprocesstest.legacy.DeployExampleServiceTest
[INFO] Tests run: 6, Failures: 0, Errors: 0, Skipped: 0, Time elapsed: 5.306 s - in org.entando.kubernetes.controller.inprocesstest.legacy.DeployExampleServiceTest
[INFO] Running org.entando.kubernetes.controller.integrationtest.podwaiters.PodWaiterTest
MODIFIED:PodStatus(conditions=[PodCondition(lastProbeTime=null, lastTransitionTime=null, message=null, reason=null, status=True, type=PodScheduled, additionalProperties={})], containerStatuses=[ContainerStatus(containerID=null, image=null, imageID=null, lastState=null, name=null, ready=null, restartCount=null, started=null, state=ContainerState(running=null, terminated=null, waiting=null, additionalProperties={}), additionalProperties={})], ephemeralContainerStatuses=[], hostIP=null, initContainerStatuses=[ContainerStatus(containerID=null, image=null, imageID=null, lastState=null, name=null, ready=null, restartCount=null, started=null, state=ContainerState(running=null, terminated=null, waiting=null, additionalProperties={}), additionalProperties={})], message=null, nominatedNodeName=null, phase=Running, podIP=null, podIPs=[], qosClass=null, reason=null, startTime=null, additionalProperties={})
MODIFIED:PodStatus(conditions=[PodCondition(lastProbeTime=null, lastTransitionTime=null, message=null, reason=null, status=True, type=Ready, additionalProperties={}), PodCondition(lastProbeTime=null, lastTransitionTime=null, message=null, reason=null, status=True, type=ContainersReady, additionalProperties={})], containerStatuses=[ContainerStatus(containerID=null, image=null, imageID=null, lastState=null, name=null, ready=null, restartCount=null, started=null, state=ContainerState(running=null, terminated=null, waiting=null, additionalProperties={}), additionalProperties={})], ephemeralContainerStatuses=[], hostIP=null, initContainerStatuses=[ContainerStatus(containerID=null, image=null, imageID=null, lastState=null, name=null, ready=null, restartCount=null, started=null, state=ContainerState(running=null, terminated=null, waiting=null, additionalProperties={}), additionalProperties={})], message=null, nominatedNodeName=null, phase=Succeeded, podIP=null, podIPs=[], qosClass=null, reason=null, startTime=null, additionalProperties={})
Finished: foefie-faffie
MODIFIED:PodStatus(conditions=[PodCondition(lastProbeTime=null, lastTransitionTime=null, message=null, reason=null, status=True, type=PodScheduled, additionalProperties={})], containerStatuses=[ContainerStatus(containerID=null, image=null, imageID=null, lastState=null, name=null, ready=null, restartCount=null, started=null, state=ContainerState(running=null, terminated=null, waiting=null, additionalProperties={}), additionalProperties={})], ephemeralContainerStatuses=[], hostIP=null, initContainerStatuses=[ContainerStatus(containerID=null, image=null, imageID=null, lastState=null, name=null, ready=null, restartCount=null, started=null, state=ContainerState(running=null, terminated=null, waiting=null, additionalProperties={}), additionalProperties={})], message=null, nominatedNodeName=null, phase=Running, podIP=null, podIPs=[], qosClass=null, reason=null, startTime=null, additionalProperties={})
Finished: foefie-faffie
MODIFIED:PodStatus(conditions=[PodCondition(lastProbeTime=null, lastTransitionTime=null, message=null, reason=null, status=True, type=Ready, additionalProperties={}), PodCondition(lastProbeTime=null, lastTransitionTime=null, message=null, reason=null, status=True, type=ContainersReady, additionalProperties={})], containerStatuses=[ContainerStatus(containerID=null, image=null, imageID=null, lastState=null, name=null, ready=null, restartCount=null, started=null, state=ContainerState(running=null, terminated=null, waiting=null, additionalProperties={}), additionalProperties={})], ephemeralContainerStatuses=[], hostIP=null, initContainerStatuses=[ContainerStatus(containerID=null, image=null, imageID=null, lastState=null, name=null, ready=null, restartCount=null, started=null, state=ContainerState(running=null, terminated=null, waiting=null, additionalProperties={}), additionalProperties={})], message=null, nominatedNodeName=null, phase=Running, podIP=null, podIPs=[], qosClass=null, reason=null, startTime=null, additionalProperties={})
ERROR:PodStatus(conditions=[PodCondition(lastProbeTime=null, lastTransitionTime=null, message=null, reason=null, status=True, type=PodScheduled, additionalProperties={})], containerStatuses=[ContainerStatus(containerID=null, image=null, imageID=null, lastState=null, name=null, ready=null, restartCount=null, started=null, state=ContainerState(running=null, terminated=null, waiting=null, additionalProperties={}), additionalProperties={})], ephemeralContainerStatuses=[], hostIP=null, initContainerStatuses=[ContainerStatus(containerID=null, image=null, imageID=null, lastState=null, name=null, ready=null, restartCount=null, started=null, state=ContainerState(running=null, terminated=null, waiting=null, additionalProperties={}), additionalProperties={})], message=null, nominatedNodeName=null, phase=Failed, podIP=null, podIPs=[], qosClass=null, reason=Error, startTime=null, additionalProperties={})
Finished: foefie-faffie
MODIFIED:PodStatus(conditions=[PodCondition(lastProbeTime=null, lastTransitionTime=null, message=null, reason=null, status=True, type=PodScheduled, additionalProperties={})], containerStatuses=[ContainerStatus(containerID=null, image=null, imageID=null, lastState=null, name=null, ready=null, restartCount=null, started=null, state=ContainerState(running=null, terminated=null, waiting=null, additionalProperties={}), additionalProperties={})], ephemeralContainerStatuses=[], hostIP=null, initContainerStatuses=[ContainerStatus(containerID=null, image=null, imageID=null, lastState=null, name=null, ready=null, restartCount=null, started=null, state=ContainerState(running=null, terminated=null, waiting=null, additionalProperties={}), additionalProperties={})], message=null, nominatedNodeName=null, phase=Running, podIP=null, podIPs=[], qosClass=null, reason=null, startTime=null, additionalProperties={})
MODIFIED:PodStatus(conditions=[PodCondition(lastProbeTime=null, lastTransitionTime=null, message=null, reason=null, status=True, type=Ready, additionalProperties={}), PodCondition(lastProbeTime=null, lastTransitionTime=null, message=null, reason=null, status=True, type=ContainersReady, additionalProperties={})], containerStatuses=[ContainerStatus(containerID=null, image=null, imageID=null, lastState=null, name=null, ready=null, restartCount=null, started=null, state=ContainerState(running=null, terminated=null, waiting=null, additionalProperties={}), additionalProperties={})], ephemeralContainerStatuses=[], hostIP=null, initContainerStatuses=[ContainerStatus(containerID=null, image=null, imageID=null, lastState=null, name=null, ready=null, restartCount=null, started=null, state=ContainerState(running=null, terminated=null, waiting=null, additionalProperties={}), additionalProperties={})], message=null, nominatedNodeName=null, phase=Running, podIP=null, podIPs=[], qosClass=null, reason=null, startTime=null, additionalProperties={})
Finished: foefie-faffie
MODIFIED:PodStatus(conditions=[PodCondition(lastProbeTime=null, lastTransitionTime=null, message=null, reason=null, status=True, type=Ready, additionalProperties={}), PodCondition(lastProbeTime=null, lastTransitionTime=null, message=null, reason=null, status=True, type=ContainersReady, additionalProperties={})], containerStatuses=[ContainerStatus(containerID=null, image=null, imageID=null, lastState=null, name=null, ready=null, restartCount=null, started=null, state=ContainerState(running=null, terminated=null, waiting=null, additionalProperties={}), additionalProperties={})], ephemeralContainerStatuses=[], hostIP=null, initContainerStatuses=[ContainerStatus(containerID=null, image=null, imageID=null, lastState=null, name=null, ready=null, restartCount=null, started=null, state=ContainerState(running=null, terminated=null, waiting=null, additionalProperties={}), additionalProperties={})], message=null, nominatedNodeName=null, phase=Running, podIP=null, podIPs=[], qosClass=null, reason=null, startTime=null, additionalProperties={})
Finished: foefie-faffie
MODIFIED:PodStatus(conditions=[PodCondition(lastProbeTime=null, lastTransitionTime=null, message=null, reason=null, status=True, type=PodScheduled, additionalProperties={})], containerStatuses=[ContainerStatus(containerID=null, image=null, imageID=null, lastState=null, name=null, ready=null, restartCount=null, started=null, state=ContainerState(running=null, terminated=null, waiting=null, additionalProperties={}), additionalProperties={})], ephemeralContainerStatuses=[], hostIP=null, initContainerStatuses=[ContainerStatus(containerID=null, image=null, imageID=null, lastState=null, name=null, ready=null, restartCount=null, started=null, state=ContainerState(running=null, terminated=null, waiting=null, additionalProperties={}), additionalProperties={})], message=null, nominatedNodeName=null, phase=Running, podIP=null, podIPs=[], qosClass=null, reason=null, startTime=null, additionalProperties={})
Finished: foefie-faffie
MODIFIED:PodStatus(conditions=[PodCondition(lastProbeTime=null, lastTransitionTime=null, message=null, reason=null, status=True, type=Ready, additionalProperties={}), PodCondition(lastProbeTime=null, lastTransitionTime=null, message=null, reason=null, status=True, type=ContainersReady, additionalProperties={})], containerStatuses=[ContainerStatus(containerID=null, image=null, imageID=null, lastState=null, name=null, ready=null, restartCount=null, started=null, state=ContainerState(running=null, terminated=null, waiting=null, additionalProperties={}), additionalProperties={})], ephemeralContainerStatuses=[], hostIP=null, initContainerStatuses=[ContainerStatus(containerID=null, image=null, imageID=null, lastState=null, name=null, ready=null, restartCount=null, started=null, state=ContainerState(running=null, terminated=null, waiting=null, additionalProperties={}), additionalProperties={})], message=null, nominatedNodeName=null, phase=Succeeded, podIP=null, podIPs=[], qosClass=null, reason=null, startTime=null, additionalProperties={})
Finished: foefie-faffie
[INFO] Tests run: 8, Failures: 0, Errors: 0, Skipped: 0, Time elapsed: 1.727 s - in org.entando.kubernetes.controller.integrationtest.podwaiters.PodWaiterTest
[INFO] Running org.entando.kubernetes.controller.integrationtest.AddExampleWithEmbeddedDatabaseTest
!!!!!!!On EntandoKeycloakServer add!!!!!!!!!
ADDED:PodStatus(conditions=[PodCondition(lastProbeTime=null, lastTransitionTime=2020-09-09T07:53:52Z, message=null, reason=null, status=True, type=PodScheduled, additionalProperties={})], containerStatuses=[], ephemeralContainerStatuses=[], hostIP=null, initContainerStatuses=[], message=null, nominatedNodeName=null, phase=Pending, podIP=null, podIPs=[], qosClass=Burstable, reason=null, startTime=null, additionalProperties={})
MODIFIED:PodStatus(conditions=[PodCondition(lastProbeTime=null, lastTransitionTime=2020-09-09T07:53:52Z, message=null, reason=null, status=True, type=Initialized, additionalProperties={}), PodCondition(lastProbeTime=null, lastTransitionTime=2020-09-09T07:53:52Z, message=containers with unready status: [db-container], reason=ContainersNotReady, status=False, type=Ready, additionalProperties={}), PodCondition(lastProbeTime=null, lastTransitionTime=null, message=containers with unready status: [db-container], reason=ContainersNotReady, status=False, type=ContainersReady, additionalProperties={}), PodCondition(lastProbeTime=null, lastTransitionTime=2020-09-09T07:53:52Z, message=null, reason=null, status=True, type=PodScheduled, additionalProperties={})], containerStatuses=[ContainerStatus(containerID=docker://37ad2491d588ec6063b200512034d95c3615db25caf05a5e107de776e2765d06, image=docker.io/entando/********ql-96-centos7:latest, imageID=docker-pullable://docker.io/centos/********ql-96-centos7@sha256:f574a3f9048a68c9e1e7277009bc1123f81bdbffd1e15f875d84bbb30ff7d62a, lastState=ContainerState(running=null, terminated=null, waiting=null, additionalProperties={}), name=db-container, ready=false, restartCount=0, started=null, state=ContainerState(running=ContainerStateRunning(startedAt=2020-09-09T07:54:07Z, additionalProperties={}), terminated=null, waiting=null, additionalProperties={}), additionalProperties={})], ephemeralContainerStatuses=[], hostIP=54.36.53.206, initContainerStatuses=[], message=null, nominatedNodeName=null, phase=Running, podIP=10.128.0.74, podIPs=[], qosClass=Burstable, reason=null, startTime=2020-09-09T07:53:52Z, additionalProperties={})
MODIFIED:PodStatus(conditions=[PodCondition(lastProbeTime=null, lastTransitionTime=2020-09-09T07:53:52Z, message=null, reason=null, status=True, type=Initialized, additionalProperties={}), PodCondition(lastProbeTime=null, lastTransitionTime=2020-09-09T07:54:19Z, message=null, reason=null, status=True, type=Ready, additionalProperties={}), PodCondition(lastProbeTime=null, lastTransitionTime=null, message=null, reason=null, status=True, type=ContainersReady, additionalProperties={}), PodCondition(lastProbeTime=null, lastTransitionTime=2020-09-09T07:53:52Z, message=null, reason=null, status=True, type=PodScheduled, additionalProperties={})], containerStatuses=[ContainerStatus(containerID=docker://37ad2491d588ec6063b200512034d95c3615db25caf05a5e107de776e2765d06, image=docker.io/entando/********ql-96-centos7:latest, imageID=docker-pullable://docker.io/centos/********ql-96-centos7@sha256:f574a3f9048a68c9e1e7277009bc1123f81bdbffd1e15f875d84bbb30ff7d62a, lastState=ContainerState(running=null, terminated=null, waiting=null, additionalProperties={}), name=db-container, ready=true, restartCount=0, started=null, state=ContainerState(running=ContainerStateRunning(startedAt=2020-09-09T07:54:07Z, additionalProperties={}), terminated=null, waiting=null, additionalProperties={}), additionalProperties={})], ephemeralContainerStatuses=[], hostIP=54.36.53.206, initContainerStatuses=[], message=null, nominatedNodeName=null, phase=Running, podIP=10.128.0.74, podIPs=[], qosClass=Burstable, reason=null, startTime=2020-09-09T07:53:52Z, additionalProperties={})
Finished: test-keycloak-cmms60-db-deployment-6b5fcb4bc6-lmsvl
ADDED:PodStatus(conditions=[PodCondition(lastProbeTime=null, lastTransitionTime=2020-09-09T07:54:33Z, message=null, reason=null, status=True, type=PodScheduled, additionalProperties={})], containerStatuses=[], ephemeralContainerStatuses=[], hostIP=null, initContainerStatuses=[], message=null, nominatedNodeName=null, phase=Pending, podIP=null, podIPs=[], qosClass=BestEffort, reason=null, startTime=null, additionalProperties={})
Sep 09, 2020 7:54:51 AM io.fabric8.kubernetes.client.dsl.internal.WatchConnectionManager$1 onFailure
WARN: E**c Failure
java.net.SocketTimeoutException: sent ping but didn't receive pong within 30000ms (after 0 successful ping/pongs)
	at okhttp3.internal.ws.RealWebSocket.writePingFrame(RealWebSocket.java:546)
	at okhttp3.internal.ws.RealWebSocket$PingRunnable.run(RealWebSocket.java:530)
	at java.base/java.util.concurrent.E**cutors$RunnableAdapter.call(E**cutors.java:515)
	at java.base/java.util.concurrent.FutureTask.runAndReset(FutureTask.java:305)
	at java.base/java.util.concurrent.ScheduledThreadPoolE**cutor$ScheduledFutureTask.run(ScheduledThreadPoolE**cutor.java:305)
	at java.base/java.util.concurrent.ThreadPoolE**cutor.runWorker(ThreadPoolE**cutor.java:1128)
	at java.base/java.util.concurrent.ThreadPoolE**cutor$Worker.run(ThreadPoolE**cutor.java:628)
	at java.base/java.lang.Thread.run(Thread.java:834)

MODIFIED:PodStatus(conditions=[PodCondition(lastProbeTime=null, lastTransitionTime=2020-09-09T07:54:46Z, message=containers with incomplete status: [test-keycloak-cmms60-db-schema-creation-job], reason=ContainersNotInitialized, status=False, type=Initialized, additionalProperties={}), PodCondition(lastProbeTime=null, lastTransitionTime=2020-09-09T07:54:46Z, message=containers with unready status: [dummy], reason=ContainersNotReady, status=False, type=Ready, additionalProperties={}), PodCondition(lastProbeTime=null, lastTransitionTime=null, message=containers with unready status: [dummy], reason=ContainersNotReady, status=False, type=ContainersReady, additionalProperties={}), PodCondition(lastProbeTime=null, lastTransitionTime=2020-09-09T07:54:33Z, message=null, reason=null, status=True, type=PodScheduled, additionalProperties={})], containerStatuses=[ContainerStatus(containerID=null, image=docker.io/entando/busybox:latest, imageID=, lastState=ContainerState(running=null, terminated=null, waiting=null, additionalProperties={}), name=dummy, ready=false, restartCount=0, started=null, state=ContainerState(running=null, terminated=null, waiting=ContainerStateWaiting(message=null, reason=PodInitializing, additionalProperties={}), additionalProperties={}), additionalProperties={})], ephemeralContainerStatuses=[], hostIP=54.36.53.206, initContainerStatuses=[ContainerStatus(containerID=null, image=docker.io/entando/entando-k8s-dbjob:6.1.4, imageID=, lastState=ContainerState(running=null, terminated=null, waiting=null, additionalProperties={}), name=test-keycloak-cmms60-db-schema-creation-job, ready=false, restartCount=0, started=null, state=ContainerState(running=null, terminated=null, waiting=ContainerStateWaiting(message=null, reason=PodInitializing, additionalProperties={}), additionalProperties={}), additionalProperties={})], message=null, nominatedNodeName=null, phase=Pending, podIP=null, podIPs=[], qosClass=BestEffort, reason=null, startTime=2020-09-09T07:54:46Z, additionalProperties={})
MODIFIED:PodStatus(conditions=[PodCondition(lastProbeTime=null, lastTransitionTime=2020-09-09T07:55:50Z, message=null, reason=null, status=True, type=Initialized, additionalProperties={}), PodCondition(lastProbeTime=null, lastTransitionTime=2020-09-09T07:54:46Z, message=containers with unready status: [dummy], reason=ContainersNotReady, status=False, type=Ready, additionalProperties={}), PodCondition(lastProbeTime=null, lastTransitionTime=null, message=containers with unready status: [dummy], reason=ContainersNotReady, status=False, type=ContainersReady, additionalProperties={}), PodCondition(lastProbeTime=null, lastTransitionTime=2020-09-09T07:54:33Z, message=null, reason=null, status=True, type=PodScheduled, additionalProperties={})], containerStatuses=[ContainerStatus(containerID=null, image=docker.io/entando/busybox:latest, imageID=, lastState=ContainerState(running=null, terminated=null, waiting=null, additionalProperties={}), name=dummy, ready=false, restartCount=0, started=null, state=ContainerState(running=null, terminated=null, waiting=ContainerStateWaiting(message=null, reason=PodInitializing, additionalProperties={}), additionalProperties={}), additionalProperties={})], ephemeralContainerStatuses=[], hostIP=54.36.53.206, initContainerStatuses=[ContainerStatus(containerID=docker://39fe8250d14bf31bd20303f26ab13f01aef1b5963e38bc708933a4f043bdd80a, image=docker.io/entando/entando-k8s-dbjob:6.1.4, imageID=docker-pullable://docker.io/entando/entando-k8s-dbjob@sha256:a571dc5f4f72668359ed7de82b06347ef103e91ac3fc9e381259fdfff417506a, lastState=ContainerState(running=null, terminated=null, waiting=null, additionalProperties={}), name=test-keycloak-cmms60-db-schema-creation-job, ready=true, restartCount=0, started=null, state=ContainerState(running=null, terminated=ContainerStateTerminated(containerID=docker://39fe8250d14bf31bd20303f26ab13f01aef1b5963e38bc708933a4f043bdd80a, exitCode=0, finishedAt=2020-09-09T07:55:49Z, message=null, reason=Completed, signal=null, startedAt=2020-09-09T07:55:47Z, additionalProperties={}), waiting=null, additionalProperties={}), additionalProperties={})], message=null, nominatedNodeName=null, phase=Pending, podIP=10.128.0.80, podIPs=[], qosClass=BestEffort, reason=null, startTime=2020-09-09T07:54:46Z, additionalProperties={})
MODIFIED:PodStatus(conditions=[PodCondition(lastProbeTime=null, lastTransitionTime=2020-09-09T07:55:50Z, message=null, reason=PodCompleted, status=True, type=Initialized, additionalProperties={}), PodCondition(lastProbeTime=null, lastTransitionTime=2020-09-09T07:54:46Z, message=null, reason=PodCompleted, status=False, type=Ready, additionalProperties={}), PodCondition(lastProbeTime=null, lastTransitionTime=null, message=null, reason=PodCompleted, status=False, type=ContainersReady, additionalProperties={}), PodCondition(lastProbeTime=null, lastTransitionTime=2020-09-09T07:54:33Z, message=null, reason=null, status=True, type=PodScheduled, additionalProperties={})], containerStatuses=[ContainerStatus(containerID=docker://15c8907d2640f15e7fdcc83952d33f3e3d72ee510aefaf77f8e2c1a49589011e, image=docker.io/entando/busybox:latest, imageID=docker-pullable://docker.io/entando/busybox@sha256:400ee2ed939df769d4681023810d2e4fb9479b8401d97003c710d0e20f7c49c6, lastState=ContainerState(running=null, terminated=null, waiting=null, additionalProperties={}), name=dummy, ready=false, restartCount=0, started=null, state=ContainerState(running=null, terminated=ContainerStateTerminated(containerID=docker://15c8907d2640f15e7fdcc83952d33f3e3d72ee510aefaf77f8e2c1a49589011e, exitCode=0, finishedAt=2020-09-09T07:55:52Z, message=null, reason=Completed, signal=null, startedAt=2020-09-09T07:55:52Z, additionalProperties={}), waiting=null, additionalProperties={}), additionalProperties={})], ephemeralContainerStatuses=[], hostIP=54.36.53.206, initContainerStatuses=[ContainerStatus(containerID=docker://39fe8250d14bf31bd20303f26ab13f01aef1b5963e38bc708933a4f043bdd80a, image=docker.io/entando/entando-k8s-dbjob:6.1.4, imageID=docker-pullable://docker.io/entando/entando-k8s-dbjob@sha256:a571dc5f4f72668359ed7de82b06347ef103e91ac3fc9e381259fdfff417506a, lastState=ContainerState(running=null, terminated=null, waiting=null, additionalProperties={}), name=test-keycloak-cmms60-db-schema-creation-job, ready=true, restartCount=0, started=null, state=ContainerState(running=null, terminated=ContainerStateTerminated(containerID=docker://39fe8250d14bf31bd20303f26ab13f01aef1b5963e38bc708933a4f043bdd80a, exitCode=0, finishedAt=2020-09-09T07:55:49Z, message=null, reason=Completed, signal=null, startedAt=2020-09-09T07:55:47Z, additionalProperties={}), waiting=null, additionalProperties={}), additionalProperties={})], message=null, nominatedNodeName=null, phase=Succeeded, podIP=10.128.0.80, podIPs=[], qosClass=BestEffort, reason=null, startTime=2020-09-09T07:54:46Z, additionalProperties={})
Finished: test-keycloak-cmms60-db-preparation-job-826128fb-3
ADDED:PodStatus(conditions=[PodCondition(lastProbeTime=null, lastTransitionTime=2020-09-09T07:56:07Z, message=null, reason=null, status=True, type=PodScheduled, additionalProperties={})], containerStatuses=[], ephemeralContainerStatuses=[], hostIP=null, initContainerStatuses=[], message=null, nominatedNodeName=null, phase=Pending, podIP=null, podIPs=[], qosClass=Burstable, reason=null, startTime=null, additionalProperties={})
MODIFIED:PodStatus(conditions=[PodCondition(lastProbeTime=null, lastTransitionTime=2020-09-09T07:56:07Z, message=null, reason=null, status=True, type=Initialized, additionalProperties={}), PodCondition(lastProbeTime=null, lastTransitionTime=2020-09-09T07:56:07Z, message=containers with unready status: [server-container], reason=ContainersNotReady, status=False, type=Ready, additionalProperties={}), PodCondition(lastProbeTime=null, lastTransitionTime=null, message=containers with unready status: [server-container], reason=ContainersNotReady, status=False, type=ContainersReady, additionalProperties={}), PodCondition(lastProbeTime=null, lastTransitionTime=2020-09-09T07:56:07Z, message=null, reason=null, status=True, type=PodScheduled, additionalProperties={})], containerStatuses=[ContainerStatus(containerID=null, image=docker.io/entando/entando-keycloak:6.1.2, imageID=, lastState=ContainerState(running=null, terminated=null, waiting=null, additionalProperties={}), name=server-container, ready=false, restartCount=0, started=null, state=ContainerState(running=null, terminated=null, waiting=ContainerStateWaiting(message=null, reason=ContainerCreating, additionalProperties={}), additionalProperties={}), additionalProperties={})], ephemeralContainerStatuses=[], hostIP=54.36.53.206, initContainerStatuses=[], message=null, nominatedNodeName=null, phase=Pending, podIP=null, podIPs=[], qosClass=Burstable, reason=null, startTime=2020-09-09T07:56:07Z, additionalProperties={})
MODIFIED:PodStatus(conditions=[PodCondition(lastProbeTime=null, lastTransitionTime=2020-09-09T07:56:07Z, message=null, reason=null, status=True, type=Initialized, additionalProperties={}), PodCondition(lastProbeTime=null, lastTransitionTime=2020-09-09T07:56:07Z, message=containers with unready status: [server-container], reason=ContainersNotReady, status=False, type=Ready, additionalProperties={}), PodCondition(lastProbeTime=null, lastTransitionTime=null, message=containers with unready status: [server-container], reason=ContainersNotReady, status=False, type=ContainersReady, additionalProperties={}), PodCondition(lastProbeTime=null, lastTransitionTime=2020-09-09T07:56:07Z, message=null, reason=null, status=True, type=PodScheduled, additionalProperties={})], containerStatuses=[ContainerStatus(containerID=docker://5b1c593187c1b35e6c2d4912f374a4042c91287608a3b5721055479e19360a1b, image=docker.io/entando/entando-keycloak:6.1.2, imageID=docker-pullable://docker.io/entando/entando-keycloak@sha256:a21877431e78b5e0eae9b174d41b29c144e3e9151ee7efb357e032b36782b561, lastState=ContainerState(running=null, terminated=null, waiting=null, additionalProperties={}), name=server-container, ready=false, restartCount=0, started=null, state=ContainerState(running=ContainerStateRunning(startedAt=2020-09-09T07:56:14Z, additionalProperties={}), terminated=null, waiting=null, additionalProperties={}), additionalProperties={})], ephemeralContainerStatuses=[], hostIP=54.36.53.206, initContainerStatuses=[], message=null, nominatedNodeName=null, phase=Running, podIP=10.128.0.82, podIPs=[], qosClass=Burstable, reason=null, startTime=2020-09-09T07:56:07Z, additionalProperties={})
MODIFIED:PodStatus(conditions=[PodCondition(lastProbeTime=null, lastTransitionTime=2020-09-09T07:56:07Z, message=null, reason=null, status=True, type=Initialized, additionalProperties={}), PodCondition(lastProbeTime=null, lastTransitionTime=2020-09-09T07:57:19Z, message=null, reason=null, status=True, type=Ready, additionalProperties={}), PodCondition(lastProbeTime=null, lastTransitionTime=null, message=null, reason=null, status=True, type=ContainersReady, additionalProperties={}), PodCondition(lastProbeTime=null, lastTransitionTime=2020-09-09T07:56:07Z, message=null, reason=null, status=True, type=PodScheduled, additionalProperties={})], containerStatuses=[ContainerStatus(containerID=docker://5b1c593187c1b35e6c2d4912f374a4042c91287608a3b5721055479e19360a1b, image=docker.io/entando/entando-keycloak:6.1.2, imageID=docker-pullable://docker.io/entando/entando-keycloak@sha256:a21877431e78b5e0eae9b174d41b29c144e3e9151ee7efb357e032b36782b561, lastState=ContainerState(running=null, terminated=null, waiting=null, additionalProperties={}), name=server-container, ready=true, restartCount=0, started=null, state=ContainerState(running=ContainerStateRunning(startedAt=2020-09-09T07:56:14Z, additionalProperties={}), terminated=null, waiting=null, additionalProperties={}), additionalProperties={})], ephemeralContainerStatuses=[], hostIP=54.36.53.206, initContainerStatuses=[], message=null, nominatedNodeName=null, phase=Running, podIP=10.128.0.82, podIPs=[], qosClass=Burstable, reason=null, startTime=2020-09-09T07:56:07Z, additionalProperties={})
Finished: test-keycloak-cmms60-server-deployment-568bb477bc-24s24
200:OK
Reducing logger: io.fabric8.kubernetes.client.dsl.internal.WatchConnectionManager
[INFO] Tests run: 1, Failures: 0, Errors: 0, Skipped: 0, Time elapsed: 214.424 s - in org.entando.kubernetes.controller.integrationtest.AddExampleWithEmbeddedDatabaseTest
[INFO] Running org.entando.kubernetes.controller.integrationtest.KeycloakClientTest
Sep 09, 2020 7:57:22 AM org.entando.kubernetes.controller.integrationtest.support.DeletionWaiter lambda$deleteSingleItem$2
WARNING: Deleting deployments  entando-k8s-operator-common-cmms60/test-keycloak-cmms60-db-deployment to zero
Sep 09, 2020 7:57:22 AM org.entando.kubernetes.controller.integrationtest.support.DeletionWaiter lambda$deleteSingleItem$2
WARNING: Deleting deployments  entando-k8s-operator-common-cmms60/test-keycloak-cmms60-db-deployment
Sep 09, 2020 7:57:22 AM org.entando.kubernetes.controller.integrationtest.support.DeletionWaiter lambda$deleteSingleItem$2
WARNING: Deleting deployments  entando-k8s-operator-common-cmms60/test-keycloak-cmms60-server-deployment to zero
Sep 09, 2020 7:57:22 AM org.entando.kubernetes.controller.integrationtest.support.DeletionWaiter lambda$deleteSingleItem$2
WARNING: Deleting deployments  entando-k8s-operator-common-cmms60/test-keycloak-cmms60-server-deployment
Sep 09, 2020 7:57:23 AM org.entando.kubernetes.controller.integrationtest.support.DeletionWaiter lambda$deleteSingleItem$2
WARNING: Deleting pods  entando-k8s-operator-common-cmms60/test-keycloak-cmms60-db-deployment-6b5fcb4bc6-lmsvl
Sep 09, 2020 7:57:23 AM org.entando.kubernetes.controller.integrationtest.support.DeletionWaiter lambda$deleteSingleItem$2
WARNING: Deleting pods  entando-k8s-operator-common-cmms60/test-keycloak-cmms60-db-preparation-job-826128fb-3
Sep 09, 2020 7:57:23 AM org.entando.kubernetes.controller.integrationtest.support.DeletionWaiter lambda$deleteSingleItem$2
WARNING: Deleting pods  entando-k8s-operator-common-cmms60/test-keycloak-cmms60-server-deployment-568bb477bc-24s24
Sep 09, 2020 7:58:42 AM org.apache.http.impl.e**cchain.RetryE**c e**cute
INFO: I/O exception (org.apache.http.NoHttpResponseException) caught when processing request to {}->http://test-kc.*************:80: The target server failed to respond
Sep 09, 2020 7:58:42 AM org.apache.http.impl.e**cchain.RetryE**c e**cute
INFO: Retrying request to {}->http://test-kc.*************:80
[ERROR] Tests run: 3, Failures: 0, Errors: 3, Skipped: 0, Time elapsed: 86.276 s <<< FAILURE! - in org.entando.kubernetes.controller.integrationtest.KeycloakClientTest
[ERROR] testPrepareClientWithPermissions  Time elapsed: 83.618 s  <<< ERROR!
javax.ws.rs.ServiceUnavailableException: HTTP 503 Service Unavailable
	at org.entando.kubernetes.controller.integrationtest.KeycloakClientTest.testPrepareClientWithPermissions(KeycloakClientTest.java:146)

[ERROR] testEnsureRealm  Time elapsed: 0.022 s  <<< ERROR!
javax.ws.rs.ServiceUnavailableException: HTTP 503 Service Unavailable
	at org.entando.kubernetes.controller.integrationtest.KeycloakClientTest.testEnsureRealm(KeycloakClientTest.java:103)

[ERROR] testCreatePublicClient  Time elapsed: 0.028 s  <<< ERROR!
javax.ws.rs.ServiceUnavailableException: HTTP 503 Service Unavailable
	at org.entando.kubernetes.controller.integrationtest.KeycloakClientTest.testCreatePublicClient(KeycloakClientTest.java:119)

[INFO] 
[INFO] Results:
[INFO] 
[ERROR] Errors: 
[ERROR]   KeycloakClientTest.testCreatePublicClient:119 Â» ServiceUnavailable HTTP 503 Se...
[ERROR]   KeycloakClientTest.testEnsureRealm:103 Â» ServiceUnavailable HTTP 503 Service U...
[ERROR]   KeycloakClientTest.testPrepareClientWithPermissions:146 Â» ServiceUnavailable H...
[INFO] 
[ERROR] Tests run: 42, Failures: 0, Errors: 3, Skipped: 0
[INFO] 
[INFO] 
[INFO] ------------------------------------------------------------------------
[INFO] Skipping Entando K8S Operator Common Library
[INFO] This project has been banned from the build due to previous failures.
[INFO] ------------------------------------------------------------------------
[INFO] ------------------------------------------------------------------------
[INFO] BUILD FAILURE
[INFO] ------------------------------------------------------------------------
[INFO] Total time:  06:28 min
[INFO] Finished at: 2020-09-09T07:58:47Z
[INFO] ------------------------------------------------------------------------
[ERROR] Failed to e**cute goal org.apache.maven.plugins:maven-surefire-plugin:3.0.0-M1:test (default-test) on project entando-k8s-operator-common: There are test failures.
[ERROR] 
[ERROR] Please refer to /workspace/source/target/surefire-reports for the individual test results.
[ERROR] Please refer to dump files (if any exist) [date].dump, [date]-***Run[N].dump and [date].dumpstream.
[ERROR] -> [Help 1]
[ERROR] 
[ERROR] To see the full stack trace of the errors, re-run Maven with the -e switch.
[ERROR] Re-run Maven using the -X switch to enable full debug logging.
[ERROR] 
[ERROR] For more information about the errors and possible solutions, please read the following articles:
[ERROR] [Help 1] http://cwiki.apache.org/confluence/display/MAVEN/MojoFailureException
shallow cloning https://github.com/entando-k8s/devops-results.git branch gh-pages
ran git init in /tmp/jenkins-x-collect956129619
ran git add remote origin https://github.com/entando-k8s/devops-results.git in /tmp/jenkins-x-collect956129619
ran git fetch origin --depth=1 gh-pages in dir /tmp/jenkins-x-collect956129619
Publishing https://raw.githubusercontent.com/entando-k8s/devops-results/gh-pages/entando-k8s-operator-common/master/checkstyle.html
Publishing https://raw.githubusercontent.com/entando-k8s/devops-results/gh-pages/entando-k8s-operator-common/master/checkstyle.rss
Publishing https://raw.githubusercontent.com/entando-k8s/devops-results/gh-pages/entando-k8s-operator-common/master/images/rss.png
stashed: https://raw.githubusercontent.com/entando-k8s/devops-results/gh-pages/entando-k8s-operator-common/master/checkstyle.html
stashed: https://raw.githubusercontent.com/entando-k8s/devops-results/gh-pages/entando-k8s-operator-common/master/checkstyle.rss
stashed: https://raw.githubusercontent.com/entando-k8s/devops-results/gh-pages/entando-k8s-operator-common/master/images/rss.png
Pre-deployment tests failed for entando-k8s-operator-common-master.
OWASP has found dependencies with vulnerabilities for entando-k8s-operator-common-master.
The following checks failed: for entando-k8s-operator-common-master : Pre-deployment tests; OWASP Maven Dependency Check; 
[31m
Pipeline failed on stage 'from-build-pack' : container 'step-build-mvn-deploy-release'. The execution of the pipeline has stopped.[0m
