
Showing logs for build [32mentando-k8s-entando-k8s-operato-7cvgn-63[0m stage [32mfrom-build-pack[0m and container [32mstep-credential-initializer-xlkgr[0m
{"level":"warn","ts":1600409440.181948,"logger":"fallback-logger","caller":"logging/config.go:69","msg":"Fetch GitHub commit ID from kodata failed: \"ref: refs/heads/0.8.0-**-support-backwards-incompats\" is not a valid GitHub commit ID"}
{"level":"info","ts":1600409440.184681,"logger":"fallback-logger","caller":"creds-init/main.go:40","msg":"Credentials initialized."}

Showing logs for build [32mentando-k8s-entando-k8s-operato-7cvgn-63[0m stage [32mfrom-build-pack[0m and container [32mstep-working-dir-initializer-9ddxb[0m
{"level":"warn","ts":1600409444.2998648,"logger":"fallback-logger","caller":"logging/config.go:69","msg":"Fetch GitHub commit ID from kodata failed: open /var/run/ko/HEAD: no such file or directory"}
{"level":"info","ts":1600409444.3071005,"logger":"fallback-logger","caller":"bash/main.go:64","msg":"Successfully e**cuted command \"sh -c mkdir -p /workspace/source\"; output "}

Showing logs for build [32mentando-k8s-entando-k8s-operato-7cvgn-63[0m stage [32mfrom-build-pack[0m and container [32mstep-place-tools[0m

Showing logs for build [32mentando-k8s-entando-k8s-operato-7cvgn-63[0m stage [32mfrom-build-pack[0m and container [32mstep-git-source-entando-k8s-entando-k8s-operato-trss2[0m
{"level":"warn","ts":1600409466.869701,"logger":"fallback-logger","caller":"logging/config.go:69","msg":"Fetch GitHub commit ID from kodata failed: \"ref: refs/heads/0.8.0-**-support-backwards-incompats\" is not a valid GitHub commit ID"}
{"level":"info","ts":1600409468.5817783,"logger":"fallback-logger","caller":"git/git.go:103","msg":"Successfully cloned https://github.com/entando-k8s/entando-k8s-operator-common.git @ v6.2.13 in path /workspace/source"}

Showing logs for build [32mentando-k8s-entando-k8s-operato-7cvgn-63[0m stage [32mfrom-build-pack[0m and container [32mstep-git-merge[0m
Using SHAs from PULL_REFS=master:3466b4d1cf0808367e2761a58dde1fba190fc094
WARNING: no SHAs to merge, falling back to initial cloned commit

Showing logs for build [32mentando-k8s-entando-k8s-operato-7cvgn-63[0m stage [32mfrom-build-pack[0m and container [32mstep-setup-jx-git-credentials[0m
Generated Git credentials file /workspace/xdg_config/git/credentials

Showing logs for build [32mentando-k8s-entando-k8s-operato-7cvgn-63[0m stage [32mfrom-build-pack[0m and container [32mstep-build-fetch-history-for-sonar[0m
From https://github.com/entando-k8s/entando-k8s-operator-common
 * [new branch]      ENG-1205_no_get_secret_access -> origin/ENG-1205_no_get_secret_access
 * [new branch]      ENG-673-gke-ingress -> origin/ENG-673-gke-ingress
 * [new branch]      master              -> origin/master
 * [new branch]      optional-finalizers -> origin/optional-finalizers
 * [new tag]         v6.2.13             -> v6.2.13
 * [new tag]         finalizers          -> finalizers
 * [new tag]         spock-spike         -> spock-spike

Showing logs for build [32mentando-k8s-entando-k8s-operato-7cvgn-63[0m stage [32mfrom-build-pack[0m and container [32mstep-build-mvn-deploy-release[0m
Picked up _JAVA_OPTIONS: -XX:+UnlockExperimentalVMOptions -Dsun.zip.disableMemoryMapping=true -XX:+UseParallelGC -XX:MinHeapFreeRatio=5 -XX:MaxHeapFreeRatio=10 -XX:GCTimeRatio=4 -XX:AdaptiveSizePolicyWeight=90 -Xms10m -Xmx8000m
[INFO] Scanning for projects...
[INFO] 
[INFO] --------------< org.entando:entando-k8s-operator-common >---------------
[INFO] Building Entando K8S Operator Common Library 6.2.13
[INFO] --------------------------------[ jar ]---------------------------------
[INFO] 
[INFO] --- maven-clean-plugin:2.5:clean (default-clean) @ entando-k8s-operator-common ---
[INFO] 
[INFO] --- maven-checkstyle-plugin:3.1.1:check (validate) @ entando-k8s-operator-common ---
[INFO] Starting audit...
Audit done.
[INFO] You have 0 Checkstyle violations.
[INFO] 
[INFO] --- maven-checkstyle-plugin:3.1.1:checkstyle (validate) @ entando-k8s-operator-common ---
[INFO] Starting audit...
Audit done.
[INFO] 
[INFO] --- jacoco-maven-plugin:0.8.5:prepare-agent (prepare-agent) @ entando-k8s-operator-common ---
[INFO] argLine set to -javaagent:/home/jenkins/.mvnrepository/org/jacoco/org.jacoco.agent/0.8.5/org.jacoco.agent-0.8.5-runtime.jar=destfile=/workspace/source/target/jacoco.e**c
[INFO] 
[INFO] --- maven-resources-plugin:2.6:resources (default-resources) @ entando-k8s-operator-common ---
[INFO] Using 'UTF-8' encoding to copy filtered resources.
[INFO] Copying 14 resources
[INFO] 
[INFO] --- maven-compiler-plugin:3.8.1:compile (default-compile) @ entando-k8s-operator-common ---
[INFO] Changes detected - recompiling the module!
[INFO] Compiling 97 source files to /workspace/source/target/classes
[INFO] 
[INFO] --- maven-resources-plugin:2.6:testResources (default-testResources) @ entando-k8s-operator-common ---
[INFO] Using 'UTF-8' encoding to copy filtered resources.
[INFO] Copying 7 resources
[INFO] 
[INFO] --- maven-compiler-plugin:3.8.1:testCompile (default-testCompile) @ entando-k8s-operator-common ---
[INFO] Changes detected - recompiling the module!
[INFO] Compiling 88 source files to /workspace/source/target/test-classes
[INFO] /workspace/source/src/test/java/org/entando/kubernetes/controller/inprocesstest/k8sclientdouble/PodClientDouble.java: /workspace/source/src/test/java/org/entando/kubernetes/controller/inprocesstest/k8sclientdouble/PodClientDouble.java uses or overrides a deprecated API.
[INFO] /workspace/source/src/test/java/org/entando/kubernetes/controller/inprocesstest/k8sclientdouble/PodClientDouble.java: Recompile with -Xlint:deprecation for details.
[INFO] 
[INFO] --- maven-surefire-plugin:3.0.0-M1:test (default-test) @ entando-k8s-operator-common ---
[INFO] 
[INFO] -------------------------------------------------------
[INFO]  T E S T S
[INFO] -------------------------------------------------------
[INFO] Running org.entando.kubernetes.controller.inprocesstest.ControllerE**cutorMockServerTest
Sep 18, 2020 6:11:52 AM okhttp3.mockwebserver.MockWebServer$2 e**cute
INFO: MockWebServer[32984] starting to accept connections
Sep 18, 2020 6:11:52 AM okhttp3.mockwebserver.MockWebServer$3 processOneRequest
INFO: MockWebServer[32984] received request: GET /api/v1/namespaces/entando/configmaps/entando-docker-image-info-v6.1 HTTP/1.1 and responded: HTTP/1.1 404 Client Error
Sep 18, 2020 6:11:53 AM okhttp3.mockwebserver.MockWebServer$3 processOneRequest
INFO: MockWebServer[32984] received request: GET /api/v1/namespaces/test/secrets/my-keycloak-controller-ca-cert-secret HTTP/1.1 and responded: HTTP/1.1 404 Client Error
Sep 18, 2020 6:11:53 AM okhttp3.mockwebserver.MockWebServer$3 processOneRequest
INFO: MockWebServer[32984] received request: POST /api/v1/namespaces/test/secrets HTTP/1.1 and responded: HTTP/1.1 202 OK
Sep 18, 2020 6:11:53 AM okhttp3.mockwebserver.MockWebServer$3 processOneRequest
INFO: MockWebServer[32984] received request: POST /api/v1/namespaces/entando-k8s-operator-common-cmms63/pods HTTP/1.1 and responded: HTTP/1.1 202 OK
Sep 18, 2020 6:11:53 AM okhttp3.mockwebserver.MockWebServer$3 processOneRequest
INFO: MockWebServer[32984] received request: GET /api/v1/namespaces/entando-k8s-operator-common-cmms63/pods?labelSelector=EntandoKeycloakServer%3Dmy-keycloak HTTP/1.1 and responded: HTTP/1.1 200 OK
Sep 18, 2020 6:11:53 AM okhttp3.mockwebserver.MockWebServer$3 processOneRequest
INFO: MockWebServer[32984] received request: GET /api/v1/namespaces/entando-k8s-operator-common-cmms63/pods?fieldSelector=metadata.name%3Dmy-keycloak-deployer-boo3f6noo3&watch=true HTTP/1.1 and responded: HTTP/1.1 200 OK
Sep 18, 2020 6:11:54 AM okhttp3.mockwebserver.MockWebServer$2 acceptConnections
INFO: MockWebServer[32984] done accepting connections: Socket closed
Sep 18, 2020 6:11:54 AM okhttp3.mockwebserver.MockWebServer$3 e**cute
INFO: MockWebServer[32984] connection from /127.0.0.1 failed: java.net.SocketException: Connection or outbound has closed
Sep 18, 2020 6:11:54 AM io.fabric8.kubernetes.client.dsl.internal.WatchHTTPManager$1 onFailure
INFO: Watch connection failed. reason: Canceled
Sep 18, 2020 6:11:54 AM io.fabric8.kubernetes.client.dsl.internal.WatchHTTPManager scheduleReconnect
WARN: Ignoring error for already closed/closing connection
Sep 18, 2020 6:11:54 AM okhttp3.mockwebserver.MockWebServer$2 e**cute
INFO: MockWebServer[39236] starting to accept connections
Sep 18, 2020 6:11:54 AM okhttp3.mockwebserver.MockWebServer$3 processOneRequest
INFO: MockWebServer[39236] received request: GET /api/v1/namespaces/entando/configmaps/entando-docker-image-info-v6.1 HTTP/1.1 and responded: HTTP/1.1 404 Client Error
Sep 18, 2020 6:11:54 AM okhttp3.mockwebserver.MockWebServer$3 processOneRequest
INFO: MockWebServer[39236] received request: GET /api/v1/namespaces/test/secrets/my-keycloak-controller-ca-cert-secret HTTP/1.1 and responded: HTTP/1.1 404 Client Error
Sep 18, 2020 6:11:54 AM okhttp3.mockwebserver.MockWebServer$3 processOneRequest
INFO: MockWebServer[39236] received request: POST /api/v1/namespaces/test/secrets HTTP/1.1 and responded: HTTP/1.1 202 OK
Sep 18, 2020 6:11:54 AM okhttp3.mockwebserver.MockWebServer$3 processOneRequest
INFO: MockWebServer[39236] received request: POST /api/v1/namespaces/entando-k8s-operator-common-cmms63/pods HTTP/1.1 and responded: HTTP/1.1 202 OK
Sep 18, 2020 6:11:54 AM okhttp3.mockwebserver.MockWebServer$3 processOneRequest
INFO: MockWebServer[39236] received request: GET /api/v1/namespaces/entando-k8s-operator-common-cmms63/pods?labelSelector=EntandoKeycloakServer%3Dmy-keycloak&watch=true HTTP/1.1 and responded: HTTP/1.1 200 OK
Sep 18, 2020 6:11:54 AM okhttp3.mockwebserver.MockWebServer$3 processOneRequest
INFO: MockWebServer[39236] received request: GET /api/v1/namespaces/entando-k8s-operator-common-cmms63/pods?labelSelector=EntandoKeycloakServer%3Dmy-keycloak HTTP/1.1 and responded: HTTP/1.1 200 OK
Sep 18, 2020 6:11:54 AM okhttp3.mockwebserver.MockWebServer$2 acceptConnections
INFO: MockWebServer[39236] done accepting connections: Socket closed
Sep 18, 2020 6:11:54 AM okhttp3.mockwebserver.MockWebServer$3 e**cute
INFO: MockWebServer[39236] connection from /127.0.0.1 failed: java.net.SocketException: Connection or outbound has closed
Sep 18, 2020 6:11:54 AM io.fabric8.kubernetes.client.dsl.internal.WatchHTTPManager$1 onFailure
INFO: Watch connection failed. reason: Canceled
Sep 18, 2020 6:11:54 AM io.fabric8.kubernetes.client.dsl.internal.WatchHTTPManager scheduleReconnect
WARN: Ignoring error for already closed/closing connection
[INFO] Tests run: 2, Failures: 0, Errors: 0, Skipped: 0, Time elapsed: 3.553 s - in org.entando.kubernetes.controller.inprocesstest.ControllerE**cutorMockServerTest
[INFO] Running org.entando.kubernetes.controller.inprocesstest.ImageResolutionTest
[INFO] Tests run: 6, Failures: 0, Errors: 0, Skipped: 0, Time elapsed: 0.025 s - in org.entando.kubernetes.controller.inprocesstest.ImageResolutionTest
[INFO] Running org.entando.kubernetes.controller.inprocesstest.ControllerE**cutorMockClientTest
[INFO] Tests run: 2, Failures: 0, Errors: 0, Skipped: 0, Time elapsed: 1.625 s - in org.entando.kubernetes.controller.inprocesstest.ControllerE**cutorMockClientTest
[INFO] Running org.entando.kubernetes.controller.inprocesstest.PublicIngressingMockClientTest
[INFO] Tests run: 2, Failures: 0, Errors: 0, Skipped: 0, Time elapsed: 2.839 s - in org.entando.kubernetes.controller.inprocesstest.PublicIngressingMockClientTest
[INFO] Running org.entando.kubernetes.controller.inprocesstest.PublicIngressingMockServerTest
Sep 18, 2020 6:11:59 AM okhttp3.mockwebserver.MockWebServer$2 e**cute
INFO: MockWebServer[52807] starting to accept connections
Sep 18, 2020 6:11:59 AM okhttp3.mockwebserver.MockWebServer$3 processOneRequest
INFO: MockWebServer[52807] received request: GET /api/v1/namespaces/entando/configmaps/entando-docker-image-info-v6.1 HTTP/1.1 and responded: HTTP/1.1 404 Client Error
Sep 18, 2020 6:11:59 AM okhttp3.mockwebserver.MockWebServer$3 processOneRequest
INFO: MockWebServer[52807] received request: GET /api/v1/namespaces/test/secrets/keycloak-*****-secret HTTP/1.1 and responded: HTTP/1.1 404 Client Error
Sep 18, 2020 6:11:59 AM okhttp3.mockwebserver.MockWebServer$3 processOneRequest
INFO: MockWebServer[52807] received request: POST /api/v1/namespaces/test/secrets HTTP/1.1 and responded: HTTP/1.1 202 OK
Sep 18, 2020 6:11:59 AM okhttp3.mockwebserver.MockWebServer$3 processOneRequest
INFO: MockWebServer[52807] received request: GET /apis/apiextensions.k8s.io/v1beta1/customresourcedefinitions/entandoplugins.entando.org HTTP/1.1 and responded: HTTP/1.1 404 Client Error
Sep 18, 2020 6:11:59 AM okhttp3.mockwebserver.MockWebServer$3 processOneRequest
INFO: MockWebServer[52807] received request: POST /apis/apiextensions.k8s.io/v1beta1/customresourcedefinitions HTTP/1.1 and responded: HTTP/1.1 202 OK
Sep 18, 2020 6:11:59 AM okhttp3.mockwebserver.MockWebServer$3 processOneRequest
INFO: MockWebServer[52807] received request: GET /api/v1/namespaces/test HTTP/1.1 and responded: HTTP/1.1 404 Client Error
Sep 18, 2020 6:12:00 AM okhttp3.mockwebserver.MockWebServer$3 processOneRequest
INFO: MockWebServer[52807] received request: GET /apis/entando.org/v1/namespaces/default/entandoplugins HTTP/1.1 and responded: HTTP/1.1 200 OK
Sep 18, 2020 6:12:00 AM okhttp3.mockwebserver.MockWebServer$3 processOneRequest
INFO: MockWebServer[52807] received request: GET /api/v1/namespaces/test HTTP/1.1 and responded: HTTP/1.1 404 Client Error
Sep 18, 2020 6:12:00 AM okhttp3.mockwebserver.MockWebServer$3 processOneRequest
INFO: MockWebServer[52807] received request: GET /apis/entando.org/v1/namespaces/default/entandoplugins HTTP/1.1 and responded: HTTP/1.1 200 OK
Sep 18, 2020 6:12:00 AM okhttp3.mockwebserver.MockWebServer$3 processOneRequest
INFO: MockWebServer[52807] received request: GET /apis/entando.org/v1/namespaces/entando-k8s-operator-common-cmms63/entandoplugins/sample-name-cmms63 HTTP/1.1 and responded: HTTP/1.1 404 Client Error
Sep 18, 2020 6:12:00 AM okhttp3.mockwebserver.MockWebServer$3 processOneRequest
INFO: MockWebServer[52807] received request: GET /apis/entando.org/v1/namespaces/entando-k8s-operator-common-cmms63/entandoplugins/sample-name-cmms63 HTTP/1.1 and responded: HTTP/1.1 404 Client Error
Sep 18, 2020 6:12:00 AM okhttp3.mockwebserver.MockWebServer$3 processOneRequest
INFO: MockWebServer[52807] received request: POST /apis/entando.org/v1/namespaces/entando-k8s-operator-common-cmms63/entandoplugins HTTP/1.1 and responded: HTTP/1.1 202 OK
Sep 18, 2020 6:12:00 AM okhttp3.mockwebserver.MockWebServer$3 processOneRequest
INFO: MockWebServer[52807] received request: GET /apis/entando.org/v1/namespaces/entando-k8s-operator-common-cmms63/entandoplugins/sample-name-cmms63 HTTP/1.1 and responded: HTTP/1.1 200 OK
Sep 18, 2020 6:12:00 AM okhttp3.mockwebserver.MockWebServer$3 processOneRequest
INFO: MockWebServer[52807] received request: GET /apis/entando.org/v1/namespaces/entando-k8s-operator-common-cmms63/entandoplugins/sample-name-cmms63 HTTP/1.1 and responded: HTTP/1.1 200 OK
Sep 18, 2020 6:12:00 AM okhttp3.mockwebserver.MockWebServer$3 processOneRequest
INFO: MockWebServer[52807] received request: GET /apis/entando.org/v1/namespaces/entando-k8s-operator-common-cmms63/entandoplugins/sample-name-cmms63 HTTP/1.1 and responded: HTTP/1.1 200 OK
Sep 18, 2020 6:12:00 AM okhttp3.mockwebserver.MockWebServer$3 processOneRequest
INFO: MockWebServer[52807] received request: GET /apis/entando.org/v1/namespaces/entando-k8s-operator-common-cmms63/entandoplugins/sample-name-cmms63 HTTP/1.1 and responded: HTTP/1.1 200 OK
Sep 18, 2020 6:12:01 AM okhttp3.mockwebserver.MockWebServer$3 processOneRequest
INFO: MockWebServer[52807] received request: GET /apis/entando.org/v1/namespaces/entando-k8s-operator-common-cmms63/entandoplugins/sample-name-cmms63 HTTP/1.1 and responded: HTTP/1.1 200 OK
Sep 18, 2020 6:12:01 AM okhttp3.mockwebserver.MockWebServer$3 processOneRequest
INFO: MockWebServer[52807] received request: GET /apis/entando.org/v1/namespaces/entando-k8s-operator-common-cmms63/entandoplugins/sample-name-cmms63 HTTP/1.1 and responded: HTTP/1.1 200 OK
Sep 18, 2020 6:12:01 AM okhttp3.mockwebserver.MockWebServer$3 processOneRequest
INFO: MockWebServer[52807] received request: GET /apis/entando.org/v1/namespaces/entando-k8s-operator-common-cmms63/entandoplugins/sample-name-cmms63 HTTP/1.1 and responded: HTTP/1.1 200 OK
Sep 18, 2020 6:12:01 AM okhttp3.mockwebserver.MockWebServer$3 processOneRequest
INFO: MockWebServer[52807] received request: GET /apis/entando.org/v1/namespaces/entando-k8s-operator-common-cmms63/entandoplugins/sample-name-cmms63 HTTP/1.1 and responded: HTTP/1.1 200 OK
Sep 18, 2020 6:12:01 AM okhttp3.mockwebserver.MockWebServer$3 processOneRequest
INFO: MockWebServer[52807] received request: GET /apis/entando.org/v1/namespaces/entando-k8s-operator-common-cmms63/entandoplugins/sample-name-cmms63 HTTP/1.1 and responded: HTTP/1.1 200 OK
Sep 18, 2020 6:12:01 AM okhttp3.mockwebserver.MockWebServer$3 processOneRequest
INFO: MockWebServer[52807] received request: PATCH /apis/entando.org/v1/namespaces/entando-k8s-operator-common-cmms63/entandoplugins/sample-name-cmms63 HTTP/1.1 and responded: HTTP/1.1 202 OK
Sep 18, 2020 6:12:01 AM okhttp3.mockwebserver.MockWebServer$3 processOneRequest
INFO: MockWebServer[52807] received request: GET /apis/apiextensions.k8s.io/v1beta1/customresourcedefinitions/entandodatabaseservices.entando.org HTTP/1.1 and responded: HTTP/1.1 404 Client Error
Sep 18, 2020 6:12:01 AM okhttp3.mockwebserver.MockWebServer$3 processOneRequest
INFO: MockWebServer[52807] received request: GET /apis/entando.org/v1/namespaces/entando-k8s-operator-common-cmms63/entandoplugins/sample-name-cmms63 HTTP/1.1 and responded: HTTP/1.1 200 OK
Sep 18, 2020 6:12:01 AM okhttp3.mockwebserver.MockWebServer$3 processOneRequest
INFO: MockWebServer[52807] received request: POST /apis/apiextensions.k8s.io/v1beta1/customresourcedefinitions HTTP/1.1 and responded: HTTP/1.1 202 OK
Sep 18, 2020 6:12:01 AM okhttp3.mockwebserver.MockWebServer$3 processOneRequest
INFO: MockWebServer[52807] received request: GET /api/v1/namespaces/test HTTP/1.1 and responded: HTTP/1.1 404 Client Error
Sep 18, 2020 6:12:01 AM okhttp3.mockwebserver.MockWebServer$3 processOneRequest
INFO: MockWebServer[52807] received request: GET /apis/entando.org/v1/namespaces/default/entandodatabaseservices HTTP/1.1 and responded: HTTP/1.1 200 OK
Sep 18, 2020 6:12:01 AM okhttp3.mockwebserver.MockWebServer$3 processOneRequest
INFO: MockWebServer[52807] received request: GET /apis/entando.org/v1/namespaces/entando-k8s-operator-common-cmms63/entandoplugins/sample-name-cmms63 HTTP/1.1 and responded: HTTP/1.1 200 OK
Sep 18, 2020 6:12:01 AM okhttp3.mockwebserver.MockWebServer$3 processOneRequest
INFO: MockWebServer[52807] received request: GET /api/v1/namespaces/test HTTP/1.1 and responded: HTTP/1.1 404 Client Error
Sep 18, 2020 6:12:01 AM okhttp3.mockwebserver.MockWebServer$3 processOneRequest
INFO: MockWebServer[52807] received request: GET /apis/entando.org/v1/namespaces/default/entandodatabaseservices HTTP/1.1 and responded: HTTP/1.1 200 OK
Sep 18, 2020 6:12:01 AM okhttp3.mockwebserver.MockWebServer$3 processOneRequest
INFO: MockWebServer[52807] received request: GET /apis/entando.org/v1/namespaces/entando-k8s-operator-common-cmms63/entandodatabaseservices HTTP/1.1 and responded: HTTP/1.1 200 OK
Sep 18, 2020 6:12:01 AM okhttp3.mockwebserver.MockWebServer$3 processOneRequest
INFO: MockWebServer[52807] received request: GET /api/v1/namespaces/entando/configmaps/entando-docker-image-info-v6.1 HTTP/1.1 and responded: HTTP/1.1 404 Client Error
Sep 18, 2020 6:12:01 AM okhttp3.mockwebserver.MockWebServer$3 processOneRequest
INFO: MockWebServer[52807] received request: GET /apis/entando.org/v1/namespaces/entando-k8s-operator-common-cmms63/entandoplugins/sample-name-cmms63 HTTP/1.1 and responded: HTTP/1.1 200 OK
Sep 18, 2020 6:12:01 AM okhttp3.mockwebserver.MockWebServer$3 processOneRequest
INFO: MockWebServer[52807] received request: GET /api/v1/namespaces/entando-k8s-operator-common-cmms63/persistentvolumeclaims/sample-name-cmms63-db-pvc HTTP/1.1 and responded: HTTP/1.1 404 Client Error
Sep 18, 2020 6:12:01 AM okhttp3.mockwebserver.MockWebServer$3 processOneRequest
INFO: MockWebServer[52807] received request: GET /apis/entando.org/v1/namespaces/entando-k8s-operator-common-cmms63/entandoplugins/sample-name-cmms63 HTTP/1.1 and responded: HTTP/1.1 200 OK
Sep 18, 2020 6:12:02 AM okhttp3.mockwebserver.MockWebServer$3 processOneRequest
INFO: MockWebServer[52807] received request: POST /api/v1/namespaces/entando-k8s-operator-common-cmms63/persistentvolumeclaims HTTP/1.1 and responded: HTTP/1.1 202 OK
Sep 18, 2020 6:12:02 AM okhttp3.mockwebserver.MockWebServer$3 processOneRequest
INFO: MockWebServer[52807] received request: GET /api/v1/namespaces/entando-k8s-operator-common-cmms63/persistentvolumeclaims/sample-name-cmms63-db-pvc HTTP/1.1 and responded: HTTP/1.1 200 OK
Sep 18, 2020 6:12:02 AM okhttp3.mockwebserver.MockWebServer$3 processOneRequest
INFO: MockWebServer[52807] received request: GET /apis/entando.org/v1/namespaces/entando-k8s-operator-common-cmms63/entandoplugins/sample-name-cmms63 HTTP/1.1 and responded: HTTP/1.1 200 OK
Sep 18, 2020 6:12:02 AM okhttp3.mockwebserver.MockWebServer$3 processOneRequest
INFO: MockWebServer[52807] received request: GET /apis/entando.org/v1/namespaces/entando-k8s-operator-common-cmms63/entandoplugins/sample-name-cmms63 HTTP/1.1 and responded: HTTP/1.1 200 OK
Sep 18, 2020 6:12:02 AM okhttp3.mockwebserver.MockWebServer$3 processOneRequest
INFO: MockWebServer[52807] received request: GET /apis/entando.org/v1/namespaces/entando-k8s-operator-common-cmms63/entandoplugins/sample-name-cmms63 HTTP/1.1 and responded: HTTP/1.1 200 OK
Sep 18, 2020 6:12:02 AM okhttp3.mockwebserver.MockWebServer$3 processOneRequest
INFO: MockWebServer[52807] received request: GET /apis/entando.org/v1/namespaces/entando-k8s-operator-common-cmms63/entandoplugins/sample-name-cmms63 HTTP/1.1 and responded: HTTP/1.1 200 OK
Sep 18, 2020 6:12:02 AM okhttp3.mockwebserver.MockWebServer$3 processOneRequest
INFO: MockWebServer[52807] received request: PATCH /apis/entando.org/v1/namespaces/entando-k8s-operator-common-cmms63/entandoplugins/sample-name-cmms63 HTTP/1.1 and responded: HTTP/1.1 202 OK
Sep 18, 2020 6:12:02 AM okhttp3.mockwebserver.MockWebServer$3 processOneRequest
INFO: MockWebServer[52807] received request: GET /apis/entando.org/v1/namespaces/entando-k8s-operator-common-cmms63/entandoplugins/sample-name-cmms63 HTTP/1.1 and responded: HTTP/1.1 200 OK
Sep 18, 2020 6:12:02 AM okhttp3.mockwebserver.MockWebServer$3 processOneRequest
INFO: MockWebServer[52807] received request: POST /api/v1/namespaces/entando-k8s-operator-common-cmms63/secrets HTTP/1.1 and responded: HTTP/1.1 202 OK
Sep 18, 2020 6:12:02 AM okhttp3.mockwebserver.MockWebServer$3 processOneRequest
INFO: MockWebServer[52807] received request: GET /apis/entando.org/v1/namespaces/entando-k8s-operator-common-cmms63/entandoplugins/sample-name-cmms63 HTTP/1.1 and responded: HTTP/1.1 200 OK
Sep 18, 2020 6:12:02 AM okhttp3.mockwebserver.MockWebServer$3 processOneRequest
INFO: MockWebServer[52807] received request: POST /api/v1/namespaces/entando-k8s-operator-common-cmms63/secrets HTTP/1.1 and responded: HTTP/1.1 202 OK
Sep 18, 2020 6:12:02 AM okhttp3.mockwebserver.MockWebServer$3 processOneRequest
INFO: MockWebServer[52807] received request: GET /api/v1/namespaces/entando-k8s-operator-common-cmms63/services/sample-name-cmms63-db-service HTTP/1.1 and responded: HTTP/1.1 404 Client Error
Sep 18, 2020 6:12:02 AM okhttp3.mockwebserver.MockWebServer$3 processOneRequest
INFO: MockWebServer[52807] received request: GET /apis/entando.org/v1/namespaces/entando-k8s-operator-common-cmms63/entandoplugins/sample-name-cmms63 HTTP/1.1 and responded: HTTP/1.1 200 OK
Sep 18, 2020 6:12:02 AM okhttp3.mockwebserver.MockWebServer$3 processOneRequest
INFO: MockWebServer[52807] received request: POST /api/v1/namespaces/entando-k8s-operator-common-cmms63/services HTTP/1.1 and responded: HTTP/1.1 202 OK
Sep 18, 2020 6:12:02 AM okhttp3.mockwebserver.MockWebServer$3 processOneRequest
INFO: MockWebServer[52807] received request: GET /apis/entando.org/v1/namespaces/entando-k8s-operator-common-cmms63/entandoplugins/sample-name-cmms63 HTTP/1.1 and responded: HTTP/1.1 200 OK
Sep 18, 2020 6:12:02 AM okhttp3.mockwebserver.MockWebServer$3 processOneRequest
INFO: MockWebServer[52807] received request: GET /api/v1/namespaces/entando-k8s-operator-common-cmms63/services/sample-name-cmms63-db-service HTTP/1.1 and responded: HTTP/1.1 200 OK
Sep 18, 2020 6:12:02 AM okhttp3.mockwebserver.MockWebServer$3 processOneRequest
INFO: MockWebServer[52807] received request: GET /apis/entando.org/v1/namespaces/entando-k8s-operator-common-cmms63/entandoplugins/sample-name-cmms63 HTTP/1.1 and responded: HTTP/1.1 200 OK
Sep 18, 2020 6:12:02 AM okhttp3.mockwebserver.MockWebServer$3 processOneRequest
INFO: MockWebServer[52807] received request: GET /apis/entando.org/v1/namespaces/entando-k8s-operator-common-cmms63/entandoplugins/sample-name-cmms63 HTTP/1.1 and responded: HTTP/1.1 200 OK
Sep 18, 2020 6:12:03 AM okhttp3.mockwebserver.MockWebServer$3 processOneRequest
INFO: MockWebServer[52807] received request: GET /apis/entando.org/v1/namespaces/entando-k8s-operator-common-cmms63/entandoplugins/sample-name-cmms63 HTTP/1.1 and responded: HTTP/1.1 200 OK
Sep 18, 2020 6:12:03 AM okhttp3.mockwebserver.MockWebServer$3 processOneRequest
INFO: MockWebServer[52807] received request: PATCH /apis/entando.org/v1/namespaces/entando-k8s-operator-common-cmms63/entandoplugins/sample-name-cmms63 HTTP/1.1 and responded: HTTP/1.1 202 OK
Sep 18, 2020 6:12:03 AM okhttp3.mockwebserver.MockWebServer$3 processOneRequest
INFO: MockWebServer[52807] received request: GET /apis/entando.org/v1/namespaces/entando-k8s-operator-common-cmms63/entandoplugins/sample-name-cmms63 HTTP/1.1 and responded: HTTP/1.1 200 OK
Sep 18, 2020 6:12:03 AM okhttp3.mockwebserver.MockWebServer$3 processOneRequest
INFO: MockWebServer[52807] received request: GET /apis/apps/v1/namespaces/entando-k8s-operator-common-cmms63/deployments/sample-name-cmms63-db-deployment HTTP/1.1 and responded: HTTP/1.1 404 Client Error
Sep 18, 2020 6:12:03 AM okhttp3.mockwebserver.MockWebServer$3 processOneRequest
INFO: MockWebServer[52807] received request: GET /apis/extensions/v1beta1/namespaces/entando-k8s-operator-common-cmms63/deployments/sample-name-cmms63-db-deployment HTTP/1.1 and responded: HTTP/1.1 404 Client Error
Sep 18, 2020 6:12:03 AM okhttp3.mockwebserver.MockWebServer$3 processOneRequest
INFO: MockWebServer[52807] received request: GET /apis/entando.org/v1/namespaces/entando-k8s-operator-common-cmms63/entandoplugins/sample-name-cmms63 HTTP/1.1 and responded: HTTP/1.1 200 OK
Sep 18, 2020 6:12:03 AM okhttp3.mockwebserver.MockWebServer$3 processOneRequest
INFO: MockWebServer[52807] received request: POST /apis/apps/v1/namespaces/entando-k8s-operator-common-cmms63/deployments HTTP/1.1 and responded: HTTP/1.1 202 OK
Sep 18, 2020 6:12:03 AM okhttp3.mockwebserver.MockWebServer$3 processOneRequest
INFO: MockWebServer[52807] received request: GET /apis/entando.org/v1/namespaces/entando-k8s-operator-common-cmms63/entandoplugins/sample-name-cmms63 HTTP/1.1 and responded: HTTP/1.1 200 OK
Sep 18, 2020 6:12:03 AM okhttp3.mockwebserver.MockWebServer$3 processOneRequest
INFO: MockWebServer[52807] received request: GET /apis/apps/v1/namespaces/entando-k8s-operator-common-cmms63/deployments/sample-name-cmms63-db-deployment HTTP/1.1 and responded: HTTP/1.1 200 OK
Sep 18, 2020 6:12:03 AM okhttp3.mockwebserver.MockWebServer$3 processOneRequest
INFO: MockWebServer[52807] received request: GET /apis/entando.org/v1/namespaces/entando-k8s-operator-common-cmms63/entandoplugins/sample-name-cmms63 HTTP/1.1 and responded: HTTP/1.1 200 OK
Sep 18, 2020 6:12:03 AM okhttp3.mockwebserver.MockWebServer$3 processOneRequest
INFO: MockWebServer[52807] received request: GET /apis/entando.org/v1/namespaces/entando-k8s-operator-common-cmms63/entandoplugins/sample-name-cmms63 HTTP/1.1 and responded: HTTP/1.1 200 OK
Sep 18, 2020 6:12:03 AM okhttp3.mockwebserver.MockWebServer$3 processOneRequest
INFO: MockWebServer[52807] received request: GET /apis/entando.org/v1/namespaces/entando-k8s-operator-common-cmms63/entandoplugins/sample-name-cmms63 HTTP/1.1 and responded: HTTP/1.1 200 OK
Sep 18, 2020 6:12:03 AM okhttp3.mockwebserver.MockWebServer$3 processOneRequest
INFO: MockWebServer[52807] received request: GET /apis/entando.org/v1/namespaces/entando-k8s-operator-common-cmms63/entandoplugins/sample-name-cmms63 HTTP/1.1 and responded: HTTP/1.1 200 OK
Sep 18, 2020 6:12:03 AM okhttp3.mockwebserver.MockWebServer$3 processOneRequest
INFO: MockWebServer[52807] received request: PATCH /apis/entando.org/v1/namespaces/entando-k8s-operator-common-cmms63/entandoplugins/sample-name-cmms63 HTTP/1.1 and responded: HTTP/1.1 202 OK
Sep 18, 2020 6:12:03 AM okhttp3.mockwebserver.MockWebServer$3 processOneRequest
INFO: MockWebServer[52807] received request: GET /api/v1/namespaces/entando-k8s-operator-common-cmms63/pods?labelSelector=deployment%3Dsample-name-cmms63-db&watch=true HTTP/1.1 and responded: HTTP/1.1 200 OK
Sep 18, 2020 6:12:03 AM okhttp3.mockwebserver.MockWebServer$3 processOneRequest
INFO: MockWebServer[52807] received request: GET /apis/apps/v1/namespaces/entando-k8s-operator-common-cmms63/deployments/sample-name-cmms63-db-deployment HTTP/1.1 and responded: HTTP/1.1 200 OK
Sep 18, 2020 6:12:03 AM okhttp3.mockwebserver.MockWebServer$3 processOneRequest
INFO: MockWebServer[52807] received request: GET /apis/entando.org/v1/namespaces/entando-k8s-operator-common-cmms63/entandoplugins/sample-name-cmms63 HTTP/1.1 and responded: HTTP/1.1 200 OK
Sep 18, 2020 6:12:03 AM okhttp3.mockwebserver.MockWebServer$3 processOneRequest
INFO: MockWebServer[52807] received request: GET /api/v1/namespaces/entando-k8s-operator-common-cmms63/pods?labelSelector=deployment%3Dsample-name-cmms63-db&watch=true HTTP/1.1 and responded: HTTP/1.1 200 OK
Sep 18, 2020 6:12:03 AM okhttp3.mockwebserver.MockWebServer$3 processOneRequest
INFO: MockWebServer[52807] received request: GET /apis/entando.org/v1/namespaces/entando-k8s-operator-common-cmms63/entandoplugins/sample-name-cmms63 HTTP/1.1 and responded: HTTP/1.1 200 OK
Sep 18, 2020 6:12:03 AM io.fabric8.kubernetes.client.dsl.internal.WatchHTTPManager$1 onResponse
INFO: Watch terminated unexpectedly. reason: \n not found: limit=46 content=7b2261706956657273696f6e223a227631222c226b696e64223a224c69737422â€¦
Sep 18, 2020 6:12:03 AM io.fabric8.kubernetes.client.dsl.internal.WatchHTTPManager scheduleReconnect
WARN: Ignoring error for already closed/closing connection
Sep 18, 2020 6:12:04 AM okhttp3.mockwebserver.MockWebServer$3 processOneRequest
INFO: MockWebServer[52807] received request: GET /apis/entando.org/v1/namespaces/entando-k8s-operator-common-cmms63/entandoplugins/sample-name-cmms63 HTTP/1.1 and responded: HTTP/1.1 200 OK
Sep 18, 2020 6:12:04 AM okhttp3.mockwebserver.MockWebServer$3 processOneRequest
INFO: MockWebServer[52807] received request: GET /apis/entando.org/v1/namespaces/entando-k8s-operator-common-cmms63/entandoplugins/sample-name-cmms63 HTTP/1.1 and responded: HTTP/1.1 200 OK
Sep 18, 2020 6:12:04 AM okhttp3.mockwebserver.MockWebServer$3 processOneRequest
INFO: MockWebServer[52807] received request: PATCH /apis/entando.org/v1/namespaces/entando-k8s-operator-common-cmms63/entandoplugins/sample-name-cmms63 HTTP/1.1 and responded: HTTP/1.1 202 OK
Sep 18, 2020 6:12:04 AM okhttp3.mockwebserver.MockWebServer$3 processOneRequest
INFO: MockWebServer[52807] received request: GET /api/v1/namespaces/test/secrets/keycloak-*****-secret HTTP/1.1 and responded: HTTP/1.1 200 OK
Sep 18, 2020 6:12:04 AM okhttp3.mockwebserver.MockWebServer$3 processOneRequest
INFO: MockWebServer[52807] received request: GET /apis/entando.org/v1/namespaces/entando-k8s-operator-common-cmms63/entandoplugins/sample-name-cmms63 HTTP/1.1 and responded: HTTP/1.1 200 OK
Sep 18, 2020 6:12:04 AM okhttp3.mockwebserver.MockWebServer$3 processOneRequest
INFO: MockWebServer[52807] received request: GET /api/v1/namespaces/entando/configmaps/entando-docker-image-info-v6.1 HTTP/1.1 and responded: HTTP/1.1 404 Client Error
Sep 18, 2020 6:12:04 AM okhttp3.mockwebserver.MockWebServer$3 processOneRequest
INFO: MockWebServer[52807] received request: GET /apis/entando.org/v1/namespaces/entando-k8s-operator-common-cmms63/entandoplugins/sample-name-cmms63 HTTP/1.1 and responded: HTTP/1.1 200 OK
Sep 18, 2020 6:12:04 AM okhttp3.mockwebserver.MockWebServer$3 processOneRequest
INFO: MockWebServer[52807] received request: POST /api/v1/namespaces/entando-k8s-operator-common-cmms63/secrets HTTP/1.1 and responded: HTTP/1.1 202 OK
Sep 18, 2020 6:12:04 AM okhttp3.mockwebserver.MockWebServer$3 processOneRequest
INFO: MockWebServer[52807] received request: POST /api/v1/namespaces/entando-k8s-operator-common-cmms63/secrets HTTP/1.1 and responded: HTTP/1.1 202 OK
Sep 18, 2020 6:12:04 AM okhttp3.mockwebserver.MockWebServer$3 processOneRequest
INFO: MockWebServer[52807] received request: POST /api/v1/namespaces/entando-k8s-operator-common-cmms63/pods HTTP/1.1 and responded: HTTP/1.1 202 OK
Sep 18, 2020 6:12:04 AM okhttp3.mockwebserver.MockWebServer$3 processOneRequest
INFO: MockWebServer[52807] received request: GET /apis/entando.org/v1/namespaces/entando-k8s-operator-common-cmms63/entandoplugins/sample-name-cmms63 HTTP/1.1 and responded: HTTP/1.1 200 OK
Sep 18, 2020 6:12:04 AM okhttp3.mockwebserver.MockWebServer$3 processOneRequest
INFO: MockWebServer[52807] received request: GET /api/v1/namespaces/entando-k8s-operator-common-cmms63/pods?fieldSelector=metadata.name%3Dsample-name-cmms63-db-preparation-job-b5e543b7-1&watch=true HTTP/1.1 and responded: HTTP/1.1 200 OK
Sep 18, 2020 6:12:04 AM okhttp3.mockwebserver.MockWebServer$3 processOneRequest
INFO: MockWebServer[52807] received request: GET /api/v1/namespaces/entando-k8s-operator-common-cmms63/pods?labelSelector=dbJob%3Dsample-name-cmms63-db-preparation-job HTTP/1.1 and responded: HTTP/1.1 200 OK
Sep 18, 2020 6:12:04 AM okhttp3.mockwebserver.MockWebServer$3 processOneRequest
INFO: MockWebServer[52807] received request: GET /api/v1/namespaces/entando-k8s-operator-common-cmms63/pods?fieldSelector=metadata.name%3Dsample-name-cmms63-db-preparation-job-b5e543b7-1&watch=true HTTP/1.1 and responded: HTTP/1.1 200 OK
Sep 18, 2020 6:12:04 AM io.fabric8.kubernetes.client.dsl.internal.WatchHTTPManager$1 onResponse
INFO: Watch terminated unexpectedly. reason: \n not found: limit=2648 content=7b2261706956657273696f6e223a227631222c226b696e64223a224c69737422â€¦
Sep 18, 2020 6:12:04 AM io.fabric8.kubernetes.client.dsl.internal.WatchHTTPManager scheduleReconnect
WARN: Ignoring error for already closed/closing connection
Sep 18, 2020 6:12:04 AM okhttp3.mockwebserver.MockWebServer$3 processOneRequest
INFO: MockWebServer[52807] received request: GET /apis/entando.org/v1/namespaces/entando-k8s-operator-common-cmms63/entandoplugins/sample-name-cmms63 HTTP/1.1 and responded: HTTP/1.1 200 OK
Sep 18, 2020 6:12:04 AM okhttp3.mockwebserver.MockWebServer$3 processOneRequest
INFO: MockWebServer[52807] received request: GET /apis/entando.org/v1/namespaces/entando-k8s-operator-common-cmms63/entandoplugins/sample-name-cmms63 HTTP/1.1 and responded: HTTP/1.1 200 OK
Sep 18, 2020 6:12:04 AM okhttp3.mockwebserver.MockWebServer$3 processOneRequest
INFO: MockWebServer[52807] received request: GET /apis/entando.org/v1/namespaces/entando-k8s-operator-common-cmms63/entandoplugins/sample-name-cmms63 HTTP/1.1 and responded: HTTP/1.1 200 OK
Sep 18, 2020 6:12:04 AM okhttp3.mockwebserver.MockWebServer$3 processOneRequest
INFO: MockWebServer[52807] received request: GET /apis/entando.org/v1/namespaces/entando-k8s-operator-common-cmms63/entandoplugins/sample-name-cmms63 HTTP/1.1 and responded: HTTP/1.1 200 OK
Sep 18, 2020 6:12:04 AM okhttp3.mockwebserver.MockWebServer$3 processOneRequest
INFO: MockWebServer[52807] received request: PATCH /apis/entando.org/v1/namespaces/entando-k8s-operator-common-cmms63/entandoplugins/sample-name-cmms63 HTTP/1.1 and responded: HTTP/1.1 202 OK
Sep 18, 2020 6:12:04 AM okhttp3.mockwebserver.MockWebServer$3 processOneRequest
INFO: MockWebServer[52807] received request: GET /api/v1/namespaces/entando-k8s-operator-common-cmms63/persistentvolumeclaims/sample-name-cmms63-server-pvc HTTP/1.1 and responded: HTTP/1.1 404 Client Error
Sep 18, 2020 6:12:05 AM okhttp3.mockwebserver.MockWebServer$3 processOneRequest
INFO: MockWebServer[52807] received request: POST /api/v1/namespaces/entando-k8s-operator-common-cmms63/persistentvolumeclaims HTTP/1.1 and responded: HTTP/1.1 202 OK
Sep 18, 2020 6:12:05 AM okhttp3.mockwebserver.MockWebServer$3 processOneRequest
INFO: MockWebServer[52807] received request: GET /apis/entando.org/v1/namespaces/entando-k8s-operator-common-cmms63/entandoplugins/sample-name-cmms63 HTTP/1.1 and responded: HTTP/1.1 200 OK
Sep 18, 2020 6:12:05 AM okhttp3.mockwebserver.MockWebServer$3 processOneRequest
INFO: MockWebServer[52807] received request: GET /api/v1/namespaces/entando-k8s-operator-common-cmms63/persistentvolumeclaims/sample-name-cmms63-server-pvc HTTP/1.1 and responded: HTTP/1.1 200 OK
Sep 18, 2020 6:12:05 AM okhttp3.mockwebserver.MockWebServer$3 processOneRequest
INFO: MockWebServer[52807] received request: GET /api/v1/namespaces/entando-k8s-operator-common-cmms63/persistentvolumeclaims/sample-name-cmms63-server-pvc HTTP/1.1 and responded: HTTP/1.1 200 OK
Sep 18, 2020 6:12:05 AM okhttp3.mockwebserver.MockWebServer$3 processOneRequest
INFO: MockWebServer[52807] received request: GET /api/v1/namespaces/entando-k8s-operator-common-cmms63/persistentvolumeclaims/sample-name-cmms63-server-pvc HTTP/1.1 and responded: HTTP/1.1 200 OK
Sep 18, 2020 6:12:05 AM okhttp3.mockwebserver.MockWebServer$3 processOneRequest
INFO: MockWebServer[52807] received request: GET /apis/entando.org/v1/namespaces/entando-k8s-operator-common-cmms63/entandoplugins/sample-name-cmms63 HTTP/1.1 and responded: HTTP/1.1 200 OK
Sep 18, 2020 6:12:05 AM okhttp3.mockwebserver.MockWebServer$3 processOneRequest
INFO: MockWebServer[52807] received request: GET /apis/entando.org/v1/namespaces/entando-k8s-operator-common-cmms63/entandoplugins/sample-name-cmms63 HTTP/1.1 and responded: HTTP/1.1 200 OK
Sep 18, 2020 6:12:05 AM okhttp3.mockwebserver.MockWebServer$3 processOneRequest
INFO: MockWebServer[52807] received request: GET /apis/entando.org/v1/namespaces/entando-k8s-operator-common-cmms63/entandoplugins/sample-name-cmms63 HTTP/1.1 and responded: HTTP/1.1 200 OK
Sep 18, 2020 6:12:05 AM okhttp3.mockwebserver.MockWebServer$3 processOneRequest
INFO: MockWebServer[52807] received request: GET /apis/entando.org/v1/namespaces/entando-k8s-operator-common-cmms63/entandoplugins/sample-name-cmms63 HTTP/1.1 and responded: HTTP/1.1 200 OK
Sep 18, 2020 6:12:05 AM okhttp3.mockwebserver.MockWebServer$3 processOneRequest
INFO: MockWebServer[52807] received request: PATCH /apis/entando.org/v1/namespaces/entando-k8s-operator-common-cmms63/entandoplugins/sample-name-cmms63 HTTP/1.1 and responded: HTTP/1.1 202 OK
Sep 18, 2020 6:12:05 AM okhttp3.mockwebserver.MockWebServer$3 processOneRequest
INFO: MockWebServer[52807] received request: GET /apis/entando.org/v1/namespaces/entando-k8s-operator-common-cmms63/entandoplugins/sample-name-cmms63 HTTP/1.1 and responded: HTTP/1.1 200 OK
Sep 18, 2020 6:12:05 AM okhttp3.mockwebserver.MockWebServer$3 processOneRequest
INFO: MockWebServer[52807] received request: POST /api/v1/namespaces/entando-k8s-operator-common-cmms63/secrets HTTP/1.1 and responded: HTTP/1.1 202 OK
Sep 18, 2020 6:12:05 AM okhttp3.mockwebserver.MockWebServer$3 processOneRequest
INFO: MockWebServer[52807] received request: POST /api/v1/namespaces/entando-k8s-operator-common-cmms63/secrets HTTP/1.1 and responded: HTTP/1.1 202 OK
Sep 18, 2020 6:12:05 AM okhttp3.mockwebserver.MockWebServer$3 processOneRequest
INFO: MockWebServer[52807] received request: GET /apis/entando.org/v1/namespaces/entando-k8s-operator-common-cmms63/entandoplugins/sample-name-cmms63 HTTP/1.1 and responded: HTTP/1.1 200 OK
Sep 18, 2020 6:12:05 AM okhttp3.mockwebserver.MockWebServer$3 processOneRequest
INFO: MockWebServer[52807] received request: GET /api/v1/namespaces/entando-k8s-operator-common-cmms63/serviceaccounts/plugin HTTP/1.1 and responded: HTTP/1.1 404 Client Error
Sep 18, 2020 6:12:05 AM okhttp3.mockwebserver.MockWebServer$3 processOneRequest
INFO: MockWebServer[52807] received request: GET /apis/entando.org/v1/namespaces/entando-k8s-operator-common-cmms63/entandoplugins/sample-name-cmms63 HTTP/1.1 and responded: HTTP/1.1 200 OK
Sep 18, 2020 6:12:05 AM okhttp3.mockwebserver.MockWebServer$3 processOneRequest
INFO: MockWebServer[52807] received request: POST /api/v1/namespaces/entando-k8s-operator-common-cmms63/serviceaccounts HTTP/1.1 and responded: HTTP/1.1 202 OK
Sep 18, 2020 6:12:05 AM okhttp3.mockwebserver.MockWebServer$3 processOneRequest
INFO: MockWebServer[52807] received request: GET /apis/rbac.authorization.k8s.io/v1/namespaces/entando-k8s-operator-common-cmms63/roles/plugin HTTP/1.1 and responded: HTTP/1.1 404 Client Error
Sep 18, 2020 6:12:05 AM okhttp3.mockwebserver.MockWebServer$3 processOneRequest
INFO: MockWebServer[52807] received request: GET /apis/entando.org/v1/namespaces/entando-k8s-operator-common-cmms63/entandoplugins/sample-name-cmms63 HTTP/1.1 and responded: HTTP/1.1 200 OK
Sep 18, 2020 6:12:06 AM okhttp3.mockwebserver.MockWebServer$3 processOneRequest
INFO: MockWebServer[52807] received request: GET /apis/rbac.authorization.k8s.io/v1beta1/namespaces/entando-k8s-operator-common-cmms63/roles/plugin HTTP/1.1 and responded: HTTP/1.1 404 Client Error
Sep 18, 2020 6:12:06 AM okhttp3.mockwebserver.MockWebServer$3 processOneRequest
INFO: MockWebServer[52807] received request: GET /apis/entando.org/v1/namespaces/entando-k8s-operator-common-cmms63/entandoplugins/sample-name-cmms63 HTTP/1.1 and responded: HTTP/1.1 200 OK
Sep 18, 2020 6:12:06 AM okhttp3.mockwebserver.MockWebServer$3 processOneRequest
INFO: MockWebServer[52807] received request: POST /apis/rbac.authorization.k8s.io/v1/namespaces/entando-k8s-operator-common-cmms63/roles HTTP/1.1 and responded: HTTP/1.1 202 OK
Sep 18, 2020 6:12:06 AM okhttp3.mockwebserver.MockWebServer$3 processOneRequest
INFO: MockWebServer[52807] received request: GET /apis/rbac.authorization.k8s.io/v1/namespaces/entando-k8s-operator-common-cmms63/rolebindings/plugin-rolebinding HTTP/1.1 and responded: HTTP/1.1 404 Client Error
Sep 18, 2020 6:12:06 AM okhttp3.mockwebserver.MockWebServer$3 processOneRequest
INFO: MockWebServer[52807] received request: GET /apis/entando.org/v1/namespaces/entando-k8s-operator-common-cmms63/entandoplugins/sample-name-cmms63 HTTP/1.1 and responded: HTTP/1.1 200 OK
Sep 18, 2020 6:12:06 AM okhttp3.mockwebserver.MockWebServer$3 processOneRequest
INFO: MockWebServer[52807] received request: GET /apis/rbac.authorization.k8s.io/v1beta1/namespaces/entando-k8s-operator-common-cmms63/rolebindings/plugin-rolebinding HTTP/1.1 and responded: HTTP/1.1 404 Client Error
Sep 18, 2020 6:12:06 AM okhttp3.mockwebserver.MockWebServer$3 processOneRequest
INFO: MockWebServer[52807] received request: POST /apis/rbac.authorization.k8s.io/v1/namespaces/entando-k8s-operator-common-cmms63/rolebindings HTTP/1.1 and responded: HTTP/1.1 202 OK
Sep 18, 2020 6:12:06 AM okhttp3.mockwebserver.MockWebServer$3 processOneRequest
INFO: MockWebServer[52807] received request: GET /apis/entando.org/v1/namespaces/entando-k8s-operator-common-cmms63/entandoplugins/sample-name-cmms63 HTTP/1.1 and responded: HTTP/1.1 200 OK
Sep 18, 2020 6:12:06 AM okhttp3.mockwebserver.MockWebServer$3 processOneRequest
INFO: MockWebServer[52807] received request: GET /api/v1/namespaces/entando-k8s-operator-common-cmms63/services/sample-name-cmms63-server-service HTTP/1.1 and responded: HTTP/1.1 404 Client Error
Sep 18, 2020 6:12:06 AM okhttp3.mockwebserver.MockWebServer$3 processOneRequest
INFO: MockWebServer[52807] received request: GET /apis/entando.org/v1/namespaces/entando-k8s-operator-common-cmms63/entandoplugins/sample-name-cmms63 HTTP/1.1 and responded: HTTP/1.1 200 OK
Sep 18, 2020 6:12:06 AM okhttp3.mockwebserver.MockWebServer$3 processOneRequest
INFO: MockWebServer[52807] received request: POST /api/v1/namespaces/entando-k8s-operator-common-cmms63/services HTTP/1.1 and responded: HTTP/1.1 202 OK
Sep 18, 2020 6:12:06 AM okhttp3.mockwebserver.MockWebServer$3 processOneRequest
INFO: MockWebServer[52807] received request: GET /api/v1/namespaces/entando-k8s-operator-common-cmms63/services/sample-name-cmms63-server-service HTTP/1.1 and responded: HTTP/1.1 200 OK
Sep 18, 2020 6:12:06 AM okhttp3.mockwebserver.MockWebServer$3 processOneRequest
INFO: MockWebServer[52807] received request: GET /apis/entando.org/v1/namespaces/entando-k8s-operator-common-cmms63/entandoplugins/sample-name-cmms63 HTTP/1.1 and responded: HTTP/1.1 200 OK
Sep 18, 2020 6:12:06 AM okhttp3.mockwebserver.MockWebServer$3 processOneRequest
INFO: MockWebServer[52807] received request: GET /apis/entando.org/v1/namespaces/entando-k8s-operator-common-cmms63/entandoplugins/sample-name-cmms63 HTTP/1.1 and responded: HTTP/1.1 200 OK
Sep 18, 2020 6:12:06 AM okhttp3.mockwebserver.MockWebServer$3 processOneRequest
INFO: MockWebServer[52807] received request: GET /apis/entando.org/v1/namespaces/entando-k8s-operator-common-cmms63/entandoplugins/sample-name-cmms63 HTTP/1.1 and responded: HTTP/1.1 200 OK
Sep 18, 2020 6:12:06 AM okhttp3.mockwebserver.MockWebServer$3 processOneRequest
INFO: MockWebServer[52807] received request: GET /apis/entando.org/v1/namespaces/entando-k8s-operator-common-cmms63/entandoplugins/sample-name-cmms63 HTTP/1.1 and responded: HTTP/1.1 200 OK
Sep 18, 2020 6:12:06 AM okhttp3.mockwebserver.MockWebServer$3 processOneRequest
INFO: MockWebServer[52807] received request: PATCH /apis/entando.org/v1/namespaces/entando-k8s-operator-common-cmms63/entandoplugins/sample-name-cmms63 HTTP/1.1 and responded: HTTP/1.1 202 OK
Sep 18, 2020 6:12:06 AM io.fabric8.kubernetes.client.internal.VersionUsageUtils alert
WARN: The client is using resource type 'ingresses' with unstable version 'v1beta1'
Sep 18, 2020 6:12:06 AM okhttp3.mockwebserver.MockWebServer$3 processOneRequest
INFO: MockWebServer[52807] received request: GET /apis/entando.org/v1/namespaces/entando-k8s-operator-common-cmms63/entandoplugins/sample-name-cmms63 HTTP/1.1 and responded: HTTP/1.1 200 OK
Sep 18, 2020 6:12:07 AM okhttp3.mockwebserver.MockWebServer$3 processOneRequest
INFO: MockWebServer[52807] received request: GET /apis/extensions/v1beta1/namespaces/entando-k8s-operator-common-cmms63/ingresses/sample-name-cmms63-ingress HTTP/1.1 and responded: HTTP/1.1 404 Client Error
Sep 18, 2020 6:12:07 AM okhttp3.mockwebserver.MockWebServer$3 processOneRequest
INFO: MockWebServer[52807] received request: POST /apis/extensions/v1beta1/namespaces/entando-k8s-operator-common-cmms63/ingresses HTTP/1.1 and responded: HTTP/1.1 202 OK
Sep 18, 2020 6:12:07 AM okhttp3.mockwebserver.MockWebServer$3 processOneRequest
INFO: MockWebServer[52807] received request: GET /apis/extensions/v1beta1/namespaces/entando-k8s-operator-common-cmms63/ingresses/sample-name-cmms63-ingress HTTP/1.1 and responded: HTTP/1.1 200 OK
Sep 18, 2020 6:12:07 AM okhttp3.mockwebserver.MockWebServer$3 processOneRequest
INFO: MockWebServer[52807] received request: GET /apis/entando.org/v1/namespaces/entando-k8s-operator-common-cmms63/entandoplugins/sample-name-cmms63 HTTP/1.1 and responded: HTTP/1.1 200 OK
Sep 18, 2020 6:12:07 AM okhttp3.mockwebserver.MockWebServer$3 processOneRequest
INFO: MockWebServer[52807] received request: GET /apis/entando.org/v1/namespaces/entando-k8s-operator-common-cmms63/entandoplugins/sample-name-cmms63 HTTP/1.1 and responded: HTTP/1.1 200 OK
Sep 18, 2020 6:12:07 AM okhttp3.mockwebserver.MockWebServer$3 processOneRequest
INFO: MockWebServer[52807] received request: GET /apis/entando.org/v1/namespaces/entando-k8s-operator-common-cmms63/entandoplugins/sample-name-cmms63 HTTP/1.1 and responded: HTTP/1.1 200 OK
Sep 18, 2020 6:12:07 AM okhttp3.mockwebserver.MockWebServer$3 processOneRequest
INFO: MockWebServer[52807] received request: GET /apis/entando.org/v1/namespaces/entando-k8s-operator-common-cmms63/entandoplugins/sample-name-cmms63 HTTP/1.1 and responded: HTTP/1.1 200 OK
Sep 18, 2020 6:12:07 AM okhttp3.mockwebserver.MockWebServer$3 processOneRequest
INFO: MockWebServer[52807] received request: PATCH /apis/entando.org/v1/namespaces/entando-k8s-operator-common-cmms63/entandoplugins/sample-name-cmms63 HTTP/1.1 and responded: HTTP/1.1 202 OK
Sep 18, 2020 6:12:07 AM okhttp3.mockwebserver.MockWebServer$3 processOneRequest
INFO: MockWebServer[52807] received request: POST /api/v1/namespaces/entando-k8s-operator-common-cmms63/secrets HTTP/1.1 and responded: HTTP/1.1 202 OK
Sep 18, 2020 6:12:07 AM okhttp3.mockwebserver.MockWebServer$3 processOneRequest
INFO: MockWebServer[52807] received request: GET /apis/entando.org/v1/namespaces/entando-k8s-operator-common-cmms63/entandoplugins/sample-name-cmms63 HTTP/1.1 and responded: HTTP/1.1 200 OK
Sep 18, 2020 6:12:07 AM okhttp3.mockwebserver.MockWebServer$3 processOneRequest
INFO: MockWebServer[52807] received request: GET /apis/apps/v1/namespaces/entando-k8s-operator-common-cmms63/deployments/sample-name-cmms63-server-deployment HTTP/1.1 and responded: HTTP/1.1 404 Client Error
Sep 18, 2020 6:12:07 AM okhttp3.mockwebserver.MockWebServer$3 processOneRequest
INFO: MockWebServer[52807] received request: GET /apis/extensions/v1beta1/namespaces/entando-k8s-operator-common-cmms63/deployments/sample-name-cmms63-server-deployment HTTP/1.1 and responded: HTTP/1.1 404 Client Error
Sep 18, 2020 6:12:07 AM okhttp3.mockwebserver.MockWebServer$3 processOneRequest
INFO: MockWebServer[52807] received request: GET /apis/entando.org/v1/namespaces/entando-k8s-operator-common-cmms63/entandoplugins/sample-name-cmms63 HTTP/1.1 and responded: HTTP/1.1 200 OK
Sep 18, 2020 6:12:07 AM okhttp3.mockwebserver.MockWebServer$3 processOneRequest
INFO: MockWebServer[52807] received request: POST /apis/apps/v1/namespaces/entando-k8s-operator-common-cmms63/deployments HTTP/1.1 and responded: HTTP/1.1 202 OK
Sep 18, 2020 6:12:07 AM okhttp3.mockwebserver.MockWebServer$3 processOneRequest
INFO: MockWebServer[52807] received request: GET /apis/entando.org/v1/namespaces/entando-k8s-operator-common-cmms63/entandoplugins/sample-name-cmms63 HTTP/1.1 and responded: HTTP/1.1 200 OK
Sep 18, 2020 6:12:07 AM okhttp3.mockwebserver.MockWebServer$3 processOneRequest
INFO: MockWebServer[52807] received request: GET /apis/apps/v1/namespaces/entando-k8s-operator-common-cmms63/deployments/sample-name-cmms63-server-deployment HTTP/1.1 and responded: HTTP/1.1 200 OK
Sep 18, 2020 6:12:07 AM okhttp3.mockwebserver.MockWebServer$3 processOneRequest
INFO: MockWebServer[52807] received request: GET /apis/entando.org/v1/namespaces/entando-k8s-operator-common-cmms63/entandoplugins/sample-name-cmms63 HTTP/1.1 and responded: HTTP/1.1 200 OK
Sep 18, 2020 6:12:07 AM okhttp3.mockwebserver.MockWebServer$3 processOneRequest
INFO: MockWebServer[52807] received request: GET /apis/entando.org/v1/namespaces/entando-k8s-operator-common-cmms63/entandoplugins/sample-name-cmms63 HTTP/1.1 and responded: HTTP/1.1 200 OK
Sep 18, 2020 6:12:08 AM okhttp3.mockwebserver.MockWebServer$3 processOneRequest
INFO: MockWebServer[52807] received request: GET /apis/entando.org/v1/namespaces/entando-k8s-operator-common-cmms63/entandoplugins/sample-name-cmms63 HTTP/1.1 and responded: HTTP/1.1 200 OK
Sep 18, 2020 6:12:08 AM okhttp3.mockwebserver.MockWebServer$3 processOneRequest
INFO: MockWebServer[52807] received request: GET /apis/entando.org/v1/namespaces/entando-k8s-operator-common-cmms63/entandoplugins/sample-name-cmms63 HTTP/1.1 and responded: HTTP/1.1 200 OK
Sep 18, 2020 6:12:08 AM okhttp3.mockwebserver.MockWebServer$3 processOneRequest
INFO: MockWebServer[52807] received request: PATCH /apis/entando.org/v1/namespaces/entando-k8s-operator-common-cmms63/entandoplugins/sample-name-cmms63 HTTP/1.1 and responded: HTTP/1.1 202 OK
Sep 18, 2020 6:12:08 AM okhttp3.mockwebserver.MockWebServer$3 processOneRequest
INFO: MockWebServer[52807] received request: GET /api/v1/namespaces/entando-k8s-operator-common-cmms63/pods?labelSelector=deployment%3Dsample-name-cmms63-server&watch=true HTTP/1.1 and responded: HTTP/1.1 200 OK
Sep 18, 2020 6:12:08 AM okhttp3.mockwebserver.MockWebServer$3 processOneRequest
INFO: MockWebServer[52807] received request: GET /apis/apps/v1/namespaces/entando-k8s-operator-common-cmms63/deployments/sample-name-cmms63-server-deployment HTTP/1.1 and responded: HTTP/1.1 200 OK
Sep 18, 2020 6:12:08 AM okhttp3.mockwebserver.MockWebServer$3 processOneRequest
INFO: MockWebServer[52807] received request: GET /api/v1/namespaces/entando-k8s-operator-common-cmms63/pods?labelSelector=deployment%3Dsample-name-cmms63-server&watch=true HTTP/1.1 and responded: HTTP/1.1 200 OK
Sep 18, 2020 6:12:08 AM io.fabric8.kubernetes.client.dsl.internal.WatchHTTPManager$1 onResponse
INFO: Watch terminated unexpectedly. reason: \n not found: limit=46 content=7b2261706956657273696f6e223a227631222c226b696e64223a224c69737422â€¦
Sep 18, 2020 6:12:08 AM io.fabric8.kubernetes.client.dsl.internal.WatchHTTPManager scheduleReconnect
WARN: Ignoring error for already closed/closing connection
Sep 18, 2020 6:12:08 AM okhttp3.mockwebserver.MockWebServer$3 processOneRequest
INFO: MockWebServer[52807] received request: GET /apis/entando.org/v1/namespaces/entando-k8s-operator-common-cmms63/entandoplugins/sample-name-cmms63 HTTP/1.1 and responded: HTTP/1.1 200 OK
Sep 18, 2020 6:12:08 AM okhttp3.mockwebserver.MockWebServer$3 processOneRequest
INFO: MockWebServer[52807] received request: GET /apis/entando.org/v1/namespaces/entando-k8s-operator-common-cmms63/entandoplugins/sample-name-cmms63 HTTP/1.1 and responded: HTTP/1.1 200 OK
Sep 18, 2020 6:12:08 AM okhttp3.mockwebserver.MockWebServer$3 processOneRequest
INFO: MockWebServer[52807] received request: GET /apis/entando.org/v1/namespaces/entando-k8s-operator-common-cmms63/entandoplugins/sample-name-cmms63 HTTP/1.1 and responded: HTTP/1.1 200 OK
Sep 18, 2020 6:12:08 AM okhttp3.mockwebserver.MockWebServer$3 processOneRequest
INFO: MockWebServer[52807] received request: GET /apis/entando.org/v1/namespaces/entando-k8s-operator-common-cmms63/entandoplugins/sample-name-cmms63 HTTP/1.1 and responded: HTTP/1.1 200 OK
Sep 18, 2020 6:12:08 AM okhttp3.mockwebserver.MockWebServer$3 processOneRequest
INFO: MockWebServer[52807] received request: PATCH /apis/entando.org/v1/namespaces/entando-k8s-operator-common-cmms63/entandoplugins/sample-name-cmms63 HTTP/1.1 and responded: HTTP/1.1 202 OK
Sep 18, 2020 6:12:08 AM okhttp3.mockwebserver.MockWebServer$3 processOneRequest
INFO: MockWebServer[52807] received request: GET /apis/entando.org/v1/namespaces/entando-k8s-operator-common-cmms63/entandoplugins/sample-name-cmms63 HTTP/1.1 and responded: HTTP/1.1 200 OK
Sep 18, 2020 6:12:08 AM okhttp3.mockwebserver.MockWebServer$3 processOneRequest
INFO: MockWebServer[52807] received request: GET /apis/entando.org/v1/namespaces/entando-k8s-operator-common-cmms63/entandoplugins/sample-name-cmms63 HTTP/1.1 and responded: HTTP/1.1 200 OK
Sep 18, 2020 6:12:08 AM okhttp3.mockwebserver.MockWebServer$3 processOneRequest
INFO: MockWebServer[52807] received request: GET /apis/entando.org/v1/namespaces/entando-k8s-operator-common-cmms63/entandoplugins/sample-name-cmms63 HTTP/1.1 and responded: HTTP/1.1 200 OK
Sep 18, 2020 6:12:08 AM okhttp3.mockwebserver.MockWebServer$3 processOneRequest
INFO: MockWebServer[52807] received request: PATCH /apis/entando.org/v1/namespaces/entando-k8s-operator-common-cmms63/entandoplugins/sample-name-cmms63 HTTP/1.1 and responded: HTTP/1.1 202 OK
Sep 18, 2020 6:12:08 AM okhttp3.mockwebserver.MockWebServer$3 processOneRequest
INFO: MockWebServer[52807] received request: GET /apis/entando.org/v1/namespaces/entando-k8s-operator-common-cmms63/entandoplugins/sample-name-cmms63 HTTP/1.1 and responded: HTTP/1.1 200 OK
Sep 18, 2020 6:12:08 AM okhttp3.mockwebserver.MockWebServer$3 processOneRequest
INFO: MockWebServer[52807] received request: GET /apis/entando.org/v1/namespaces/entando-k8s-operator-common-cmms63/entandoplugins/sample-name-cmms63 HTTP/1.1 and responded: HTTP/1.1 200 OK
Sep 18, 2020 6:12:08 AM okhttp3.mockwebserver.MockWebServer$3 processOneRequest
INFO: MockWebServer[52807] received request: GET /apis/entando.org/v1/namespaces/entando-k8s-operator-common-cmms63/entandoplugins/sample-name-cmms63 HTTP/1.1 and responded: HTTP/1.1 200 OK
Sep 18, 2020 6:12:08 AM okhttp3.mockwebserver.MockWebServer$3 processOneRequest
INFO: MockWebServer[52807] received request: GET /apis/entando.org/v1/namespaces/entando-k8s-operator-common-cmms63/entandoplugins/sample-name-cmms63 HTTP/1.1 and responded: HTTP/1.1 200 OK
Sep 18, 2020 6:12:08 AM okhttp3.mockwebserver.MockWebServer$3 processOneRequest
INFO: MockWebServer[52807] received request: PATCH /apis/entando.org/v1/namespaces/entando-k8s-operator-common-cmms63/entandoplugins/sample-name-cmms63 HTTP/1.1 and responded: HTTP/1.1 202 OK
Sep 18, 2020 6:12:09 AM okhttp3.mockwebserver.MockWebServer$3 processOneRequest
INFO: MockWebServer[52807] received request: GET /apis/entando.org/v1/namespaces/entando-k8s-operator-common-cmms63/entandoplugins/sample-name-cmms63 HTTP/1.1 and responded: HTTP/1.1 200 OK
Sep 18, 2020 6:12:09 AM okhttp3.mockwebserver.MockWebServer$3 processOneRequest
INFO: MockWebServer[52807] received request: GET /apis/apps/v1/namespaces/entando-k8s-operator-common-cmms63/deployments/sample-name-cmms63-server-deployment HTTP/1.1 and responded: HTTP/1.1 200 OK
Sep 18, 2020 6:12:09 AM okhttp3.mockwebserver.MockWebServer$3 processOneRequest
INFO: MockWebServer[52807] received request: GET /api/v1/namespaces/entando-k8s-operator-common-cmms63/secrets/sample-name-cmms63-db-secret HTTP/1.1 and responded: HTTP/1.1 200 OK
Sep 18, 2020 6:12:09 AM okhttp3.mockwebserver.MockWebServer$3 processOneRequest
INFO: MockWebServer[52807] received request: GET /api/v1/namespaces/entando-k8s-operator-common-cmms63/secrets/sample-name-cmms63-db-secret HTTP/1.1 and responded: HTTP/1.1 200 OK
Sep 18, 2020 6:12:09 AM okhttp3.mockwebserver.MockWebServer$3 processOneRequest
INFO: MockWebServer[52807] received request: GET /api/v1/namespaces/entando-k8s-operator-common-cmms63/secrets/entando-default-ca-secret HTTP/1.1 and responded: HTTP/1.1 200 OK
Sep 18, 2020 6:12:09 AM okhttp3.mockwebserver.MockWebServer$3 processOneRequest
INFO: MockWebServer[52807] received request: GET /api/v1/namespaces/entando-k8s-operator-common-cmms63/secrets/sample-name-cmms63-*****-secret HTTP/1.1 and responded: HTTP/1.1 200 OK
Sep 18, 2020 6:12:09 AM okhttp3.mockwebserver.MockWebServer$3 processOneRequest
INFO: MockWebServer[52807] received request: GET /api/v1/namespaces/entando-k8s-operator-common-cmms63/secrets/sample-name-cmms63-*****-secret HTTP/1.1 and responded: HTTP/1.1 200 OK
Sep 18, 2020 6:12:09 AM okhttp3.mockwebserver.MockWebServer$3 processOneRequest
INFO: MockWebServer[52807] received request: GET /api/v1/namespaces/entando-k8s-operator-common-cmms63/secrets/sample-name-cmms63-db-secret HTTP/1.1 and responded: HTTP/1.1 200 OK
Sep 18, 2020 6:12:09 AM okhttp3.mockwebserver.MockWebServer$3 processOneRequest
INFO: MockWebServer[52807] received request: GET /api/v1/namespaces/entando-k8s-operator-common-cmms63/secrets/sample-name-cmms63-db-secret HTTP/1.1 and responded: HTTP/1.1 200 OK
Sep 18, 2020 6:12:09 AM okhttp3.mockwebserver.MockWebServer$3 processOneRequest
INFO: MockWebServer[52807] received request: GET /api/v1/namespaces/entando-k8s-operator-common-cmms63/secrets/some-client-secret HTTP/1.1 and responded: HTTP/1.1 200 OK
Sep 18, 2020 6:12:09 AM okhttp3.mockwebserver.MockWebServer$3 processOneRequest
INFO: MockWebServer[52807] received request: GET /api/v1/namespaces/entando-k8s-operator-common-cmms63/secrets/some-client-secret HTTP/1.1 and responded: HTTP/1.1 200 OK
Sep 18, 2020 6:12:09 AM okhttp3.mockwebserver.MockWebServer$3 processOneRequest
INFO: MockWebServer[52807] received request: GET /api/v1/namespaces/entando-k8s-operator-common-cmms63/secrets/sample-name-cmms63-db-secret HTTP/1.1 and responded: HTTP/1.1 200 OK
Sep 18, 2020 6:12:09 AM okhttp3.mockwebserver.MockWebServer$3 processOneRequest
INFO: MockWebServer[52807] received request: GET /api/v1/namespaces/entando-k8s-operator-common-cmms63/secrets/sample-name-cmms63-db-secret HTTP/1.1 and responded: HTTP/1.1 200 OK
Sep 18, 2020 6:12:10 AM okhttp3.mockwebserver.MockWebServer$3 processOneRequest
INFO: MockWebServer[52807] received request: GET /api/v1/namespaces/entando-k8s-operator-common-cmms63/secrets/entando-default-ca-secret HTTP/1.1 and responded: HTTP/1.1 200 OK
Sep 18, 2020 6:12:10 AM okhttp3.mockwebserver.MockWebServer$3 processOneRequest
INFO: MockWebServer[52807] received request: GET /api/v1/namespaces/entando-k8s-operator-common-cmms63/secrets/sample-name-cmms63-*****-secret HTTP/1.1 and responded: HTTP/1.1 200 OK
Sep 18, 2020 6:12:10 AM okhttp3.mockwebserver.MockWebServer$3 processOneRequest
INFO: MockWebServer[52807] received request: GET /api/v1/namespaces/entando-k8s-operator-common-cmms63/secrets/sample-name-cmms63-*****-secret HTTP/1.1 and responded: HTTP/1.1 200 OK
Sep 18, 2020 6:12:10 AM okhttp3.mockwebserver.MockWebServer$3 processOneRequest
INFO: MockWebServer[52807] received request: GET /api/v1/namespaces/entando-k8s-operator-common-cmms63/secrets/sample-name-cmms63-db-secret HTTP/1.1 and responded: HTTP/1.1 200 OK
Sep 18, 2020 6:12:10 AM okhttp3.mockwebserver.MockWebServer$3 processOneRequest
INFO: MockWebServer[52807] received request: GET /api/v1/namespaces/entando-k8s-operator-common-cmms63/secrets/sample-name-cmms63-db-secret HTTP/1.1 and responded: HTTP/1.1 200 OK
Sep 18, 2020 6:12:10 AM okhttp3.mockwebserver.MockWebServer$3 processOneRequest
INFO: MockWebServer[52807] received request: GET /api/v1/namespaces/entando-k8s-operator-common-cmms63/persistentvolumeclaims/sample-name-cmms63-server-pvc HTTP/1.1 and responded: HTTP/1.1 200 OK
Sep 18, 2020 6:12:10 AM okhttp3.mockwebserver.MockWebServer$3 processOneRequest
INFO: MockWebServer[52807] received request: GET /api/v1/namespaces/entando-k8s-operator-common-cmms63/persistentvolumeclaims/sample-name-cmms63-server-pvc HTTP/1.1 and responded: HTTP/1.1 200 OK
Sep 18, 2020 6:12:10 AM okhttp3.mockwebserver.MockWebServer$3 processOneRequest
INFO: MockWebServer[52807] received request: GET /api/v1/namespaces/entando-k8s-operator-common-cmms63/secrets/entando-default-ca-secret HTTP/1.1 and responded: HTTP/1.1 200 OK
Sep 18, 2020 6:12:10 AM okhttp3.mockwebserver.MockWebServer$3 processOneRequest
INFO: MockWebServer[52807] received request: GET /apis/apps/v1/namespaces/entando-k8s-operator-common-cmms63/deployments/sample-name-cmms63-db-deployment HTTP/1.1 and responded: HTTP/1.1 200 OK
Sep 18, 2020 6:12:10 AM okhttp3.mockwebserver.MockWebServer$3 processOneRequest
INFO: MockWebServer[52807] received request: GET /apis/extensions/v1beta1/namespaces/entando-k8s-operator-common-cmms63/ingresses/sample-name-cmms63-ingress HTTP/1.1 and responded: HTTP/1.1 200 OK
Sep 18, 2020 6:12:10 AM okhttp3.mockwebserver.MockWebServer$2 acceptConnections
INFO: MockWebServer[52807] done accepting connections: Socket closed
Sep 18, 2020 6:12:10 AM okhttp3.mockwebserver.MockWebServer$2 e**cute
INFO: MockWebServer[55291] starting to accept connections
Sep 18, 2020 6:12:10 AM okhttp3.mockwebserver.MockWebServer$3 processOneRequest
INFO: MockWebServer[55291] received request: GET /api/v1/namespaces/entando/configmaps/entando-docker-image-info-v6.1 HTTP/1.1 and responded: HTTP/1.1 404 Client Error
Sep 18, 2020 6:12:11 AM okhttp3.mockwebserver.MockWebServer$3 processOneRequest
INFO: MockWebServer[55291] received request: GET /api/v1/namespaces/test/secrets/keycloak-*****-secret HTTP/1.1 and responded: HTTP/1.1 404 Client Error
Sep 18, 2020 6:12:11 AM okhttp3.mockwebserver.MockWebServer$3 processOneRequest
INFO: MockWebServer[55291] received request: POST /api/v1/namespaces/test/secrets HTTP/1.1 and responded: HTTP/1.1 202 OK
Sep 18, 2020 6:12:11 AM okhttp3.mockwebserver.MockWebServer$3 processOneRequest
INFO: MockWebServer[55291] received request: GET /api/v1/namespaces/test HTTP/1.1 and responded: HTTP/1.1 404 Client Error
Sep 18, 2020 6:12:11 AM okhttp3.mockwebserver.MockWebServer$3 processOneRequest
INFO: MockWebServer[55291] received request: GET /apis/entando.org/v1/namespaces/default/entandoplugins HTTP/1.1 and responded: HTTP/1.1 200 OK
Sep 18, 2020 6:12:11 AM okhttp3.mockwebserver.MockWebServer$3 processOneRequest
INFO: MockWebServer[55291] received request: GET /api/v1/namespaces/test HTTP/1.1 and responded: HTTP/1.1 404 Client Error
Sep 18, 2020 6:12:11 AM okhttp3.mockwebserver.MockWebServer$3 processOneRequest
INFO: MockWebServer[55291] received request: GET /apis/entando.org/v1/namespaces/default/entandoplugins HTTP/1.1 and responded: HTTP/1.1 200 OK
Sep 18, 2020 6:12:11 AM okhttp3.mockwebserver.MockWebServer$3 processOneRequest
INFO: MockWebServer[55291] received request: GET /apis/entando.org/v1/namespaces/entando-k8s-operator-common-cmms63/entandoplugins/sample-name-cmms63 HTTP/1.1 and responded: HTTP/1.1 404 Client Error
Sep 18, 2020 6:12:11 AM okhttp3.mockwebserver.MockWebServer$3 processOneRequest
INFO: MockWebServer[55291] received request: GET /apis/entando.org/v1/namespaces/entando-k8s-operator-common-cmms63/entandoplugins/sample-name-cmms63 HTTP/1.1 and responded: HTTP/1.1 404 Client Error
Sep 18, 2020 6:12:11 AM okhttp3.mockwebserver.MockWebServer$3 processOneRequest
INFO: MockWebServer[55291] received request: POST /apis/entando.org/v1/namespaces/entando-k8s-operator-common-cmms63/entandoplugins HTTP/1.1 and responded: HTTP/1.1 202 OK
Sep 18, 2020 6:12:11 AM okhttp3.mockwebserver.MockWebServer$3 processOneRequest
INFO: MockWebServer[55291] received request: GET /apis/entando.org/v1/namespaces/entando-k8s-operator-common-cmms63/entandoplugins/sample-name-cmms63 HTTP/1.1 and responded: HTTP/1.1 200 OK
Sep 18, 2020 6:12:11 AM okhttp3.mockwebserver.MockWebServer$3 processOneRequest
INFO: MockWebServer[55291] received request: GET /apis/entando.org/v1/namespaces/entando-k8s-operator-common-cmms63/entandoplugins/sample-name-cmms63 HTTP/1.1 and responded: HTTP/1.1 200 OK
Sep 18, 2020 6:12:11 AM okhttp3.mockwebserver.MockWebServer$3 processOneRequest
INFO: MockWebServer[55291] received request: GET /apis/entando.org/v1/namespaces/entando-k8s-operator-common-cmms63/entandoplugins/sample-name-cmms63 HTTP/1.1 and responded: HTTP/1.1 200 OK
Sep 18, 2020 6:12:12 AM okhttp3.mockwebserver.MockWebServer$3 processOneRequest
INFO: MockWebServer[55291] received request: GET /apis/entando.org/v1/namespaces/entando-k8s-operator-common-cmms63/entandoplugins/sample-name-cmms63 HTTP/1.1 and responded: HTTP/1.1 200 OK
Sep 18, 2020 6:12:12 AM okhttp3.mockwebserver.MockWebServer$3 processOneRequest
INFO: MockWebServer[55291] received request: GET /apis/entando.org/v1/namespaces/entando-k8s-operator-common-cmms63/entandoplugins/sample-name-cmms63 HTTP/1.1 and responded: HTTP/1.1 200 OK
Sep 18, 2020 6:12:12 AM okhttp3.mockwebserver.MockWebServer$3 processOneRequest
INFO: MockWebServer[55291] received request: GET /apis/entando.org/v1/namespaces/entando-k8s-operator-common-cmms63/entandoplugins/sample-name-cmms63 HTTP/1.1 and responded: HTTP/1.1 200 OK
Sep 18, 2020 6:12:12 AM okhttp3.mockwebserver.MockWebServer$3 processOneRequest
INFO: MockWebServer[55291] received request: GET /apis/entando.org/v1/namespaces/entando-k8s-operator-common-cmms63/entandoplugins/sample-name-cmms63 HTTP/1.1 and responded: HTTP/1.1 200 OK
Sep 18, 2020 6:12:12 AM okhttp3.mockwebserver.MockWebServer$3 processOneRequest
INFO: MockWebServer[55291] received request: GET /apis/entando.org/v1/namespaces/entando-k8s-operator-common-cmms63/entandoplugins/sample-name-cmms63 HTTP/1.1 and responded: HTTP/1.1 200 OK
Sep 18, 2020 6:12:12 AM okhttp3.mockwebserver.MockWebServer$3 processOneRequest
INFO: MockWebServer[55291] received request: PATCH /apis/entando.org/v1/namespaces/entando-k8s-operator-common-cmms63/entandoplugins/sample-name-cmms63 HTTP/1.1 and responded: HTTP/1.1 202 OK
Sep 18, 2020 6:12:12 AM okhttp3.mockwebserver.MockWebServer$3 processOneRequest
INFO: MockWebServer[55291] received request: GET /api/v1/namespaces/test HTTP/1.1 and responded: HTTP/1.1 404 Client Error
Sep 18, 2020 6:12:12 AM okhttp3.mockwebserver.MockWebServer$3 processOneRequest
INFO: MockWebServer[55291] received request: GET /apis/entando.org/v1/namespaces/entando-k8s-operator-common-cmms63/entandoplugins/sample-name-cmms63 HTTP/1.1 and responded: HTTP/1.1 200 OK
Sep 18, 2020 6:12:12 AM okhttp3.mockwebserver.MockWebServer$3 processOneRequest
INFO: MockWebServer[55291] received request: GET /apis/entando.org/v1/namespaces/default/entandodatabaseservices HTTP/1.1 and responded: HTTP/1.1 200 OK
Sep 18, 2020 6:12:12 AM okhttp3.mockwebserver.MockWebServer$3 processOneRequest
INFO: MockWebServer[55291] received request: GET /api/v1/namespaces/test HTTP/1.1 and responded: HTTP/1.1 404 Client Error
Sep 18, 2020 6:12:12 AM okhttp3.mockwebserver.MockWebServer$3 processOneRequest
INFO: MockWebServer[55291] received request: GET /apis/entando.org/v1/namespaces/entando-k8s-operator-common-cmms63/entandoplugins/sample-name-cmms63 HTTP/1.1 and responded: HTTP/1.1 200 OK
Sep 18, 2020 6:12:12 AM okhttp3.mockwebserver.MockWebServer$3 processOneRequest
INFO: MockWebServer[55291] received request: GET /apis/entando.org/v1/namespaces/default/entandodatabaseservices HTTP/1.1 and responded: HTTP/1.1 200 OK
Sep 18, 2020 6:12:12 AM okhttp3.mockwebserver.MockWebServer$3 processOneRequest
INFO: MockWebServer[55291] received request: GET /apis/entando.org/v1/namespaces/entando-k8s-operator-common-cmms63/entandoplugins/sample-name-cmms63 HTTP/1.1 and responded: HTTP/1.1 200 OK
Sep 18, 2020 6:12:12 AM okhttp3.mockwebserver.MockWebServer$3 processOneRequest
INFO: MockWebServer[55291] received request: GET /apis/entando.org/v1/namespaces/entando-k8s-operator-common-cmms63/entandodatabaseservices HTTP/1.1 and responded: HTTP/1.1 200 OK
Sep 18, 2020 6:12:12 AM okhttp3.mockwebserver.MockWebServer$3 processOneRequest
INFO: MockWebServer[55291] received request: GET /api/v1/namespaces/entando/configmaps/entando-docker-image-info-v6.1 HTTP/1.1 and responded: HTTP/1.1 404 Client Error
Sep 18, 2020 6:12:12 AM okhttp3.mockwebserver.MockWebServer$3 processOneRequest
INFO: MockWebServer[55291] received request: GET /apis/entando.org/v1/namespaces/entando-k8s-operator-common-cmms63/entandoplugins/sample-name-cmms63 HTTP/1.1 and responded: HTTP/1.1 200 OK
Sep 18, 2020 6:12:12 AM okhttp3.mockwebserver.MockWebServer$3 processOneRequest
INFO: MockWebServer[55291] received request: GET /api/v1/namespaces/entando-k8s-operator-common-cmms63/persistentvolumeclaims/sample-name-cmms63-db-pvc HTTP/1.1 and responded: HTTP/1.1 404 Client Error
Sep 18, 2020 6:12:12 AM okhttp3.mockwebserver.MockWebServer$3 processOneRequest
INFO: MockWebServer[55291] received request: POST /api/v1/namespaces/entando-k8s-operator-common-cmms63/persistentvolumeclaims HTTP/1.1 and responded: HTTP/1.1 202 OK
Sep 18, 2020 6:12:13 AM okhttp3.mockwebserver.MockWebServer$3 processOneRequest
INFO: MockWebServer[55291] received request: GET /apis/entando.org/v1/namespaces/entando-k8s-operator-common-cmms63/entandoplugins/sample-name-cmms63 HTTP/1.1 and responded: HTTP/1.1 200 OK
Sep 18, 2020 6:12:13 AM okhttp3.mockwebserver.MockWebServer$3 processOneRequest
INFO: MockWebServer[55291] received request: GET /api/v1/namespaces/entando-k8s-operator-common-cmms63/persistentvolumeclaims/sample-name-cmms63-db-pvc HTTP/1.1 and responded: HTTP/1.1 200 OK
Sep 18, 2020 6:12:13 AM okhttp3.mockwebserver.MockWebServer$3 processOneRequest
INFO: MockWebServer[55291] received request: GET /apis/entando.org/v1/namespaces/entando-k8s-operator-common-cmms63/entandoplugins/sample-name-cmms63 HTTP/1.1 and responded: HTTP/1.1 200 OK
Sep 18, 2020 6:12:13 AM okhttp3.mockwebserver.MockWebServer$3 processOneRequest
INFO: MockWebServer[55291] received request: GET /apis/entando.org/v1/namespaces/entando-k8s-operator-common-cmms63/entandoplugins/sample-name-cmms63 HTTP/1.1 and responded: HTTP/1.1 200 OK
Sep 18, 2020 6:12:13 AM okhttp3.mockwebserver.MockWebServer$3 processOneRequest
INFO: MockWebServer[55291] received request: GET /apis/entando.org/v1/namespaces/entando-k8s-operator-common-cmms63/entandoplugins/sample-name-cmms63 HTTP/1.1 and responded: HTTP/1.1 200 OK
Sep 18, 2020 6:12:13 AM okhttp3.mockwebserver.MockWebServer$3 processOneRequest
INFO: MockWebServer[55291] received request: GET /apis/entando.org/v1/namespaces/entando-k8s-operator-common-cmms63/entandoplugins/sample-name-cmms63 HTTP/1.1 and responded: HTTP/1.1 200 OK
Sep 18, 2020 6:12:13 AM okhttp3.mockwebserver.MockWebServer$3 processOneRequest
INFO: MockWebServer[55291] received request: PATCH /apis/entando.org/v1/namespaces/entando-k8s-operator-common-cmms63/entandoplugins/sample-name-cmms63 HTTP/1.1 and responded: HTTP/1.1 202 OK
Sep 18, 2020 6:12:13 AM okhttp3.mockwebserver.MockWebServer$3 processOneRequest
INFO: MockWebServer[55291] received request: POST /api/v1/namespaces/entando-k8s-operator-common-cmms63/secrets HTTP/1.1 and responded: HTTP/1.1 202 OK
Sep 18, 2020 6:12:13 AM okhttp3.mockwebserver.MockWebServer$3 processOneRequest
INFO: MockWebServer[55291] received request: GET /apis/entando.org/v1/namespaces/entando-k8s-operator-common-cmms63/entandoplugins/sample-name-cmms63 HTTP/1.1 and responded: HTTP/1.1 200 OK
Sep 18, 2020 6:12:13 AM okhttp3.mockwebserver.MockWebServer$3 processOneRequest
INFO: MockWebServer[55291] received request: POST /api/v1/namespaces/entando-k8s-operator-common-cmms63/secrets HTTP/1.1 and responded: HTTP/1.1 202 OK
Sep 18, 2020 6:12:13 AM okhttp3.mockwebserver.MockWebServer$3 processOneRequest
INFO: MockWebServer[55291] received request: GET /apis/entando.org/v1/namespaces/entando-k8s-operator-common-cmms63/entandoplugins/sample-name-cmms63 HTTP/1.1 and responded: HTTP/1.1 200 OK
Sep 18, 2020 6:12:13 AM okhttp3.mockwebserver.MockWebServer$3 processOneRequest
INFO: MockWebServer[55291] received request: GET /api/v1/namespaces/entando-k8s-operator-common-cmms63/services/sample-name-cmms63-db-service HTTP/1.1 and responded: HTTP/1.1 404 Client Error
Sep 18, 2020 6:12:13 AM okhttp3.mockwebserver.MockWebServer$3 processOneRequest
INFO: MockWebServer[55291] received request: POST /api/v1/namespaces/entando-k8s-operator-common-cmms63/services HTTP/1.1 and responded: HTTP/1.1 202 OK
Sep 18, 2020 6:12:13 AM okhttp3.mockwebserver.MockWebServer$3 processOneRequest
INFO: MockWebServer[55291] received request: GET /api/v1/namespaces/entando-k8s-operator-common-cmms63/services/sample-name-cmms63-db-service HTTP/1.1 and responded: HTTP/1.1 200 OK
Sep 18, 2020 6:12:13 AM okhttp3.mockwebserver.MockWebServer$3 processOneRequest
INFO: MockWebServer[55291] received request: GET /apis/entando.org/v1/namespaces/entando-k8s-operator-common-cmms63/entandoplugins/sample-name-cmms63 HTTP/1.1 and responded: HTTP/1.1 200 OK
Sep 18, 2020 6:12:13 AM okhttp3.mockwebserver.MockWebServer$3 processOneRequest
INFO: MockWebServer[55291] received request: GET /apis/entando.org/v1/namespaces/entando-k8s-operator-common-cmms63/entandoplugins/sample-name-cmms63 HTTP/1.1 and responded: HTTP/1.1 200 OK
Sep 18, 2020 6:12:13 AM okhttp3.mockwebserver.MockWebServer$3 processOneRequest
INFO: MockWebServer[55291] received request: GET /apis/entando.org/v1/namespaces/entando-k8s-operator-common-cmms63/entandoplugins/sample-name-cmms63 HTTP/1.1 and responded: HTTP/1.1 200 OK
Sep 18, 2020 6:12:13 AM okhttp3.mockwebserver.MockWebServer$3 processOneRequest
INFO: MockWebServer[55291] received request: GET /apis/entando.org/v1/namespaces/entando-k8s-operator-common-cmms63/entandoplugins/sample-name-cmms63 HTTP/1.1 and responded: HTTP/1.1 200 OK
Sep 18, 2020 6:12:13 AM okhttp3.mockwebserver.MockWebServer$3 processOneRequest
INFO: MockWebServer[55291] received request: PATCH /apis/entando.org/v1/namespaces/entando-k8s-operator-common-cmms63/entandoplugins/sample-name-cmms63 HTTP/1.1 and responded: HTTP/1.1 202 OK
Sep 18, 2020 6:12:14 AM okhttp3.mockwebserver.MockWebServer$3 processOneRequest
INFO: MockWebServer[55291] received request: GET /apis/apps/v1/namespaces/entando-k8s-operator-common-cmms63/deployments/sample-name-cmms63-db-deployment HTTP/1.1 and responded: HTTP/1.1 404 Client Error
Sep 18, 2020 6:12:14 AM okhttp3.mockwebserver.MockWebServer$3 processOneRequest
INFO: MockWebServer[55291] received request: GET /apis/entando.org/v1/namespaces/entando-k8s-operator-common-cmms63/entandoplugins/sample-name-cmms63 HTTP/1.1 and responded: HTTP/1.1 200 OK
Sep 18, 2020 6:12:14 AM okhttp3.mockwebserver.MockWebServer$3 processOneRequest
INFO: MockWebServer[55291] received request: GET /apis/extensions/v1beta1/namespaces/entando-k8s-operator-common-cmms63/deployments/sample-name-cmms63-db-deployment HTTP/1.1 and responded: HTTP/1.1 404 Client Error
Sep 18, 2020 6:12:14 AM okhttp3.mockwebserver.MockWebServer$3 processOneRequest
INFO: MockWebServer[55291] received request: POST /apis/apps/v1/namespaces/entando-k8s-operator-common-cmms63/deployments HTTP/1.1 and responded: HTTP/1.1 202 OK
Sep 18, 2020 6:12:14 AM okhttp3.mockwebserver.MockWebServer$3 processOneRequest
INFO: MockWebServer[55291] received request: GET /apis/entando.org/v1/namespaces/entando-k8s-operator-common-cmms63/entandoplugins/sample-name-cmms63 HTTP/1.1 and responded: HTTP/1.1 200 OK
Sep 18, 2020 6:12:14 AM okhttp3.mockwebserver.MockWebServer$3 processOneRequest
INFO: MockWebServer[55291] received request: GET /apis/apps/v1/namespaces/entando-k8s-operator-common-cmms63/deployments/sample-name-cmms63-db-deployment HTTP/1.1 and responded: HTTP/1.1 200 OK
Sep 18, 2020 6:12:14 AM okhttp3.mockwebserver.MockWebServer$3 processOneRequest
INFO: MockWebServer[55291] received request: GET /apis/entando.org/v1/namespaces/entando-k8s-operator-common-cmms63/entandoplugins/sample-name-cmms63 HTTP/1.1 and responded: HTTP/1.1 200 OK
Sep 18, 2020 6:12:14 AM okhttp3.mockwebserver.MockWebServer$3 processOneRequest
INFO: MockWebServer[55291] received request: GET /apis/entando.org/v1/namespaces/entando-k8s-operator-common-cmms63/entandoplugins/sample-name-cmms63 HTTP/1.1 and responded: HTTP/1.1 200 OK
Sep 18, 2020 6:12:14 AM okhttp3.mockwebserver.MockWebServer$3 processOneRequest
INFO: MockWebServer[55291] received request: GET /apis/entando.org/v1/namespaces/entando-k8s-operator-common-cmms63/entandoplugins/sample-name-cmms63 HTTP/1.1 and responded: HTTP/1.1 200 OK
Sep 18, 2020 6:12:14 AM okhttp3.mockwebserver.MockWebServer$3 processOneRequest
INFO: MockWebServer[55291] received request: GET /apis/entando.org/v1/namespaces/entando-k8s-operator-common-cmms63/entandoplugins/sample-name-cmms63 HTTP/1.1 and responded: HTTP/1.1 200 OK
Sep 18, 2020 6:12:14 AM okhttp3.mockwebserver.MockWebServer$3 processOneRequest
INFO: MockWebServer[55291] received request: PATCH /apis/entando.org/v1/namespaces/entando-k8s-operator-common-cmms63/entandoplugins/sample-name-cmms63 HTTP/1.1 and responded: HTTP/1.1 202 OK
Sep 18, 2020 6:12:14 AM okhttp3.mockwebserver.MockWebServer$3 processOneRequest
INFO: MockWebServer[55291] received request: GET /api/v1/namespaces/entando-k8s-operator-common-cmms63/pods?labelSelector=deployment%3Dsample-name-cmms63-db&watch=true HTTP/1.1 and responded: HTTP/1.1 200 OK
Sep 18, 2020 6:12:14 AM okhttp3.mockwebserver.MockWebServer$3 processOneRequest
INFO: MockWebServer[55291] received request: GET /apis/entando.org/v1/namespaces/entando-k8s-operator-common-cmms63/entandoplugins/sample-name-cmms63 HTTP/1.1 and responded: HTTP/1.1 200 OK
Sep 18, 2020 6:12:14 AM okhttp3.mockwebserver.MockWebServer$3 processOneRequest
INFO: MockWebServer[55291] received request: GET /api/v1/namespaces/entando-k8s-operator-common-cmms63/pods?labelSelector=deployment%3Dsample-name-cmms63-db&watch=true HTTP/1.1 and responded: HTTP/1.1 200 OK
Sep 18, 2020 6:12:14 AM okhttp3.mockwebserver.MockWebServer$3 processOneRequest
INFO: MockWebServer[55291] received request: GET /apis/apps/v1/namespaces/entando-k8s-operator-common-cmms63/deployments/sample-name-cmms63-db-deployment HTTP/1.1 and responded: HTTP/1.1 200 OK
Sep 18, 2020 6:12:14 AM io.fabric8.kubernetes.client.dsl.internal.WatchHTTPManager$1 onResponse
INFO: Watch terminated unexpectedly. reason: \n not found: limit=46 content=7b2261706956657273696f6e223a227631222c226b696e64223a224c69737422â€¦
Sep 18, 2020 6:12:14 AM io.fabric8.kubernetes.client.dsl.internal.WatchHTTPManager scheduleReconnect
WARN: Ignoring error for already closed/closing connection
Sep 18, 2020 6:12:14 AM okhttp3.mockwebserver.MockWebServer$3 processOneRequest
INFO: MockWebServer[55291] received request: GET /apis/entando.org/v1/namespaces/entando-k8s-operator-common-cmms63/entandoplugins/sample-name-cmms63 HTTP/1.1 and responded: HTTP/1.1 200 OK
Sep 18, 2020 6:12:14 AM okhttp3.mockwebserver.MockWebServer$3 processOneRequest
INFO: MockWebServer[55291] received request: GET /apis/entando.org/v1/namespaces/entando-k8s-operator-common-cmms63/entandoplugins/sample-name-cmms63 HTTP/1.1 and responded: HTTP/1.1 200 OK
Sep 18, 2020 6:12:14 AM okhttp3.mockwebserver.MockWebServer$3 processOneRequest
INFO: MockWebServer[55291] received request: GET /apis/entando.org/v1/namespaces/entando-k8s-operator-common-cmms63/entandoplugins/sample-name-cmms63 HTTP/1.1 and responded: HTTP/1.1 200 OK
Sep 18, 2020 6:12:14 AM okhttp3.mockwebserver.MockWebServer$3 processOneRequest
INFO: MockWebServer[55291] received request: PATCH /apis/entando.org/v1/namespaces/entando-k8s-operator-common-cmms63/entandoplugins/sample-name-cmms63 HTTP/1.1 and responded: HTTP/1.1 202 OK
Sep 18, 2020 6:12:14 AM okhttp3.mockwebserver.MockWebServer$3 processOneRequest
INFO: MockWebServer[55291] received request: GET /apis/entando.org/v1/namespaces/entando-k8s-operator-common-cmms63/entandoplugins/sample-name-cmms63 HTTP/1.1 and responded: HTTP/1.1 200 OK
Sep 18, 2020 6:12:15 AM okhttp3.mockwebserver.MockWebServer$3 processOneRequest
INFO: MockWebServer[55291] received request: GET /api/v1/namespaces/test/secrets/keycloak-*****-secret HTTP/1.1 and responded: HTTP/1.1 200 OK
Sep 18, 2020 6:12:15 AM okhttp3.mockwebserver.MockWebServer$3 processOneRequest
INFO: MockWebServer[55291] received request: GET /apis/entando.org/v1/namespaces/entando-k8s-operator-common-cmms63/entandoplugins/sample-name-cmms63 HTTP/1.1 and responded: HTTP/1.1 200 OK
Sep 18, 2020 6:12:15 AM okhttp3.mockwebserver.MockWebServer$3 processOneRequest
INFO: MockWebServer[55291] received request: GET /api/v1/namespaces/entando/configmaps/entando-docker-image-info-v6.1 HTTP/1.1 and responded: HTTP/1.1 404 Client Error
Sep 18, 2020 6:12:15 AM okhttp3.mockwebserver.MockWebServer$3 processOneRequest
INFO: MockWebServer[55291] received request: POST /api/v1/namespaces/entando-k8s-operator-common-cmms63/secrets HTTP/1.1 and responded: HTTP/1.1 202 OK
Sep 18, 2020 6:12:15 AM okhttp3.mockwebserver.MockWebServer$3 processOneRequest
INFO: MockWebServer[55291] received request: GET /apis/entando.org/v1/namespaces/entando-k8s-operator-common-cmms63/entandoplugins/sample-name-cmms63 HTTP/1.1 and responded: HTTP/1.1 200 OK
Sep 18, 2020 6:12:15 AM okhttp3.mockwebserver.MockWebServer$3 processOneRequest
INFO: MockWebServer[55291] received request: POST /api/v1/namespaces/entando-k8s-operator-common-cmms63/secrets HTTP/1.1 and responded: HTTP/1.1 202 OK
Sep 18, 2020 6:12:15 AM okhttp3.mockwebserver.MockWebServer$3 processOneRequest
INFO: MockWebServer[55291] received request: POST /api/v1/namespaces/entando-k8s-operator-common-cmms63/pods HTTP/1.1 and responded: HTTP/1.1 202 OK
Sep 18, 2020 6:12:15 AM okhttp3.mockwebserver.MockWebServer$3 processOneRequest
INFO: MockWebServer[55291] received request: GET /apis/entando.org/v1/namespaces/entando-k8s-operator-common-cmms63/entandoplugins/sample-name-cmms63 HTTP/1.1 and responded: HTTP/1.1 200 OK
Sep 18, 2020 6:12:15 AM okhttp3.mockwebserver.MockWebServer$3 processOneRequest
INFO: MockWebServer[55291] received request: GET /api/v1/namespaces/entando-k8s-operator-common-cmms63/pods?fieldSelector=metadata.name%3Dsample-name-cmms63-db-preparation-job-2d29f839-4&watch=true HTTP/1.1 and responded: HTTP/1.1 200 OK
Sep 18, 2020 6:12:15 AM okhttp3.mockwebserver.MockWebServer$3 processOneRequest
INFO: MockWebServer[55291] received request: GET /api/v1/namespaces/entando-k8s-operator-common-cmms63/pods?labelSelector=dbJob%3Dsample-name-cmms63-db-preparation-job HTTP/1.1 and responded: HTTP/1.1 200 OK
Sep 18, 2020 6:12:15 AM okhttp3.mockwebserver.MockWebServer$3 processOneRequest
INFO: MockWebServer[55291] received request: GET /apis/entando.org/v1/namespaces/entando-k8s-operator-common-cmms63/entandoplugins/sample-name-cmms63 HTTP/1.1 and responded: HTTP/1.1 200 OK
Sep 18, 2020 6:12:15 AM okhttp3.mockwebserver.MockWebServer$3 processOneRequest
INFO: MockWebServer[55291] received request: GET /api/v1/namespaces/entando-k8s-operator-common-cmms63/pods?fieldSelector=metadata.name%3Dsample-name-cmms63-db-preparation-job-2d29f839-4&watch=true HTTP/1.1 and responded: HTTP/1.1 200 OK
Sep 18, 2020 6:12:15 AM okhttp3.mockwebserver.MockWebServer$3 processOneRequest
INFO: MockWebServer[55291] received request: GET /apis/entando.org/v1/namespaces/entando-k8s-operator-common-cmms63/entandoplugins/sample-name-cmms63 HTTP/1.1 and responded: HTTP/1.1 200 OK
Sep 18, 2020 6:12:15 AM io.fabric8.kubernetes.client.dsl.internal.WatchHTTPManager$1 onResponse
INFO: Watch terminated unexpectedly. reason: \n not found: limit=2648 content=7b2261706956657273696f6e223a227631222c226b696e64223a224c69737422â€¦
Sep 18, 2020 6:12:15 AM io.fabric8.kubernetes.client.dsl.internal.WatchHTTPManager scheduleReconnect
WARN: Ignoring error for already closed/closing connection
Sep 18, 2020 6:12:15 AM okhttp3.mockwebserver.MockWebServer$3 processOneRequest
INFO: MockWebServer[55291] received request: GET /apis/entando.org/v1/namespaces/entando-k8s-operator-common-cmms63/entandoplugins/sample-name-cmms63 HTTP/1.1 and responded: HTTP/1.1 200 OK
Sep 18, 2020 6:12:15 AM okhttp3.mockwebserver.MockWebServer$3 processOneRequest
INFO: MockWebServer[55291] received request: PATCH /apis/entando.org/v1/namespaces/entando-k8s-operator-common-cmms63/entandoplugins/sample-name-cmms63 HTTP/1.1 and responded: HTTP/1.1 202 OK
Sep 18, 2020 6:12:15 AM okhttp3.mockwebserver.MockWebServer$3 processOneRequest
INFO: MockWebServer[55291] received request: GET /apis/entando.org/v1/namespaces/entando-k8s-operator-common-cmms63/entandoplugins/sample-name-cmms63 HTTP/1.1 and responded: HTTP/1.1 200 OK
Sep 18, 2020 6:12:15 AM okhttp3.mockwebserver.MockWebServer$3 processOneRequest
INFO: MockWebServer[55291] received request: GET /api/v1/namespaces/entando-k8s-operator-common-cmms63/persistentvolumeclaims/sample-name-cmms63-server-pvc HTTP/1.1 and responded: HTTP/1.1 404 Client Error
Sep 18, 2020 6:12:15 AM okhttp3.mockwebserver.MockWebServer$3 processOneRequest
INFO: MockWebServer[55291] received request: POST /api/v1/namespaces/entando-k8s-operator-common-cmms63/persistentvolumeclaims HTTP/1.1 and responded: HTTP/1.1 202 OK
Sep 18, 2020 6:12:15 AM okhttp3.mockwebserver.MockWebServer$3 processOneRequest
INFO: MockWebServer[55291] received request: GET /apis/entando.org/v1/namespaces/entando-k8s-operator-common-cmms63/entandoplugins/sample-name-cmms63 HTTP/1.1 and responded: HTTP/1.1 200 OK
Sep 18, 2020 6:12:15 AM okhttp3.mockwebserver.MockWebServer$3 processOneRequest
INFO: MockWebServer[55291] received request: GET /api/v1/namespaces/entando-k8s-operator-common-cmms63/persistentvolumeclaims/sample-name-cmms63-server-pvc HTTP/1.1 and responded: HTTP/1.1 200 OK
Sep 18, 2020 6:12:16 AM okhttp3.mockwebserver.MockWebServer$3 processOneRequest
INFO: MockWebServer[55291] received request: GET /api/v1/namespaces/entando-k8s-operator-common-cmms63/persistentvolumeclaims/sample-name-cmms63-server-pvc HTTP/1.1 and responded: HTTP/1.1 200 OK
Sep 18, 2020 6:12:16 AM okhttp3.mockwebserver.MockWebServer$3 processOneRequest
INFO: MockWebServer[55291] received request: GET /apis/entando.org/v1/namespaces/entando-k8s-operator-common-cmms63/entandoplugins/sample-name-cmms63 HTTP/1.1 and responded: HTTP/1.1 200 OK
Sep 18, 2020 6:12:16 AM okhttp3.mockwebserver.MockWebServer$3 processOneRequest
INFO: MockWebServer[55291] received request: GET /api/v1/namespaces/entando-k8s-operator-common-cmms63/persistentvolumeclaims/sample-name-cmms63-server-pvc HTTP/1.1 and responded: HTTP/1.1 200 OK
Sep 18, 2020 6:12:16 AM okhttp3.mockwebserver.MockWebServer$3 processOneRequest
INFO: MockWebServer[55291] received request: GET /apis/entando.org/v1/namespaces/entando-k8s-operator-common-cmms63/entandoplugins/sample-name-cmms63 HTTP/1.1 and responded: HTTP/1.1 200 OK
Sep 18, 2020 6:12:16 AM okhttp3.mockwebserver.MockWebServer$3 processOneRequest
INFO: MockWebServer[55291] received request: GET /apis/entando.org/v1/namespaces/entando-k8s-operator-common-cmms63/entandoplugins/sample-name-cmms63 HTTP/1.1 and responded: HTTP/1.1 200 OK
Sep 18, 2020 6:12:16 AM okhttp3.mockwebserver.MockWebServer$3 processOneRequest
INFO: MockWebServer[55291] received request: GET /apis/entando.org/v1/namespaces/entando-k8s-operator-common-cmms63/entandoplugins/sample-name-cmms63 HTTP/1.1 and responded: HTTP/1.1 200 OK
Sep 18, 2020 6:12:16 AM okhttp3.mockwebserver.MockWebServer$3 processOneRequest
INFO: MockWebServer[55291] received request: GET /apis/entando.org/v1/namespaces/entando-k8s-operator-common-cmms63/entandoplugins/sample-name-cmms63 HTTP/1.1 and responded: HTTP/1.1 200 OK
Sep 18, 2020 6:12:16 AM okhttp3.mockwebserver.MockWebServer$3 processOneRequest
INFO: MockWebServer[55291] received request: PATCH /apis/entando.org/v1/namespaces/entando-k8s-operator-common-cmms63/entandoplugins/sample-name-cmms63 HTTP/1.1 and responded: HTTP/1.1 202 OK
Sep 18, 2020 6:12:16 AM okhttp3.mockwebserver.MockWebServer$3 processOneRequest
INFO: MockWebServer[55291] received request: POST /api/v1/namespaces/entando-k8s-operator-common-cmms63/secrets HTTP/1.1 and responded: HTTP/1.1 202 OK
Sep 18, 2020 6:12:16 AM okhttp3.mockwebserver.MockWebServer$3 processOneRequest
INFO: MockWebServer[55291] received request: GET /apis/entando.org/v1/namespaces/entando-k8s-operator-common-cmms63/entandoplugins/sample-name-cmms63 HTTP/1.1 and responded: HTTP/1.1 200 OK
Sep 18, 2020 6:12:16 AM okhttp3.mockwebserver.MockWebServer$3 processOneRequest
INFO: MockWebServer[55291] received request: POST /api/v1/namespaces/entando-k8s-operator-common-cmms63/secrets HTTP/1.1 and responded: HTTP/1.1 202 OK
Sep 18, 2020 6:12:16 AM okhttp3.mockwebserver.MockWebServer$3 processOneRequest
INFO: MockWebServer[55291] received request: GET /api/v1/namespaces/entando-k8s-operator-common-cmms63/serviceaccounts/plugin HTTP/1.1 and responded: HTTP/1.1 404 Client Error
Sep 18, 2020 6:12:16 AM okhttp3.mockwebserver.MockWebServer$3 processOneRequest
INFO: MockWebServer[55291] received request: GET /apis/entando.org/v1/namespaces/entando-k8s-operator-common-cmms63/entandoplugins/sample-name-cmms63 HTTP/1.1 and responded: HTTP/1.1 200 OK
Sep 18, 2020 6:12:16 AM okhttp3.mockwebserver.MockWebServer$3 processOneRequest
INFO: MockWebServer[55291] received request: POST /api/v1/namespaces/entando-k8s-operator-common-cmms63/serviceaccounts HTTP/1.1 and responded: HTTP/1.1 202 OK
Sep 18, 2020 6:12:16 AM okhttp3.mockwebserver.MockWebServer$3 processOneRequest
INFO: MockWebServer[55291] received request: GET /apis/rbac.authorization.k8s.io/v1/namespaces/entando-k8s-operator-common-cmms63/roles/plugin HTTP/1.1 and responded: HTTP/1.1 404 Client Error
Sep 18, 2020 6:12:16 AM okhttp3.mockwebserver.MockWebServer$3 processOneRequest
INFO: MockWebServer[55291] received request: GET /apis/entando.org/v1/namespaces/entando-k8s-operator-common-cmms63/entandoplugins/sample-name-cmms63 HTTP/1.1 and responded: HTTP/1.1 200 OK
Sep 18, 2020 6:12:16 AM okhttp3.mockwebserver.MockWebServer$3 processOneRequest
INFO: MockWebServer[55291] received request: GET /apis/rbac.authorization.k8s.io/v1beta1/namespaces/entando-k8s-operator-common-cmms63/roles/plugin HTTP/1.1 and responded: HTTP/1.1 404 Client Error
Sep 18, 2020 6:12:16 AM okhttp3.mockwebserver.MockWebServer$3 processOneRequest
INFO: MockWebServer[55291] received request: POST /apis/rbac.authorization.k8s.io/v1/namespaces/entando-k8s-operator-common-cmms63/roles HTTP/1.1 and responded: HTTP/1.1 202 OK
Sep 18, 2020 6:12:16 AM okhttp3.mockwebserver.MockWebServer$3 processOneRequest
INFO: MockWebServer[55291] received request: GET /apis/entando.org/v1/namespaces/entando-k8s-operator-common-cmms63/entandoplugins/sample-name-cmms63 HTTP/1.1 and responded: HTTP/1.1 200 OK
Sep 18, 2020 6:12:17 AM okhttp3.mockwebserver.MockWebServer$3 processOneRequest
INFO: MockWebServer[55291] received request: GET /apis/rbac.authorization.k8s.io/v1/namespaces/entando-k8s-operator-common-cmms63/rolebindings/plugin-rolebinding HTTP/1.1 and responded: HTTP/1.1 404 Client Error
Sep 18, 2020 6:12:17 AM okhttp3.mockwebserver.MockWebServer$3 processOneRequest
INFO: MockWebServer[55291] received request: GET /apis/entando.org/v1/namespaces/entando-k8s-operator-common-cmms63/entandoplugins/sample-name-cmms63 HTTP/1.1 and responded: HTTP/1.1 200 OK
Sep 18, 2020 6:12:17 AM okhttp3.mockwebserver.MockWebServer$3 processOneRequest
INFO: MockWebServer[55291] received request: GET /apis/rbac.authorization.k8s.io/v1beta1/namespaces/entando-k8s-operator-common-cmms63/rolebindings/plugin-rolebinding HTTP/1.1 and responded: HTTP/1.1 404 Client Error
Sep 18, 2020 6:12:17 AM okhttp3.mockwebserver.MockWebServer$3 processOneRequest
INFO: MockWebServer[55291] received request: POST /apis/rbac.authorization.k8s.io/v1/namespaces/entando-k8s-operator-common-cmms63/rolebindings HTTP/1.1 and responded: HTTP/1.1 202 OK
Sep 18, 2020 6:12:17 AM okhttp3.mockwebserver.MockWebServer$3 processOneRequest
INFO: MockWebServer[55291] received request: GET /apis/entando.org/v1/namespaces/entando-k8s-operator-common-cmms63/entandoplugins/sample-name-cmms63 HTTP/1.1 and responded: HTTP/1.1 200 OK
Sep 18, 2020 6:12:17 AM okhttp3.mockwebserver.MockWebServer$3 processOneRequest
INFO: MockWebServer[55291] received request: GET /api/v1/namespaces/entando-k8s-operator-common-cmms63/services/sample-name-cmms63-server-service HTTP/1.1 and responded: HTTP/1.1 404 Client Error
Sep 18, 2020 6:12:17 AM okhttp3.mockwebserver.MockWebServer$3 processOneRequest
INFO: MockWebServer[55291] received request: POST /api/v1/namespaces/entando-k8s-operator-common-cmms63/services HTTP/1.1 and responded: HTTP/1.1 202 OK
Sep 18, 2020 6:12:17 AM okhttp3.mockwebserver.MockWebServer$3 processOneRequest
INFO: MockWebServer[55291] received request: GET /apis/entando.org/v1/namespaces/entando-k8s-operator-common-cmms63/entandoplugins/sample-name-cmms63 HTTP/1.1 and responded: HTTP/1.1 200 OK
Sep 18, 2020 6:12:17 AM okhttp3.mockwebserver.MockWebServer$3 processOneRequest
INFO: MockWebServer[55291] received request: GET /api/v1/namespaces/entando-k8s-operator-common-cmms63/services/sample-name-cmms63-server-service HTTP/1.1 and responded: HTTP/1.1 200 OK
Sep 18, 2020 6:12:17 AM okhttp3.mockwebserver.MockWebServer$3 processOneRequest
INFO: MockWebServer[55291] received request: GET /apis/entando.org/v1/namespaces/entando-k8s-operator-common-cmms63/entandoplugins/sample-name-cmms63 HTTP/1.1 and responded: HTTP/1.1 200 OK
Sep 18, 2020 6:12:17 AM okhttp3.mockwebserver.MockWebServer$3 processOneRequest
INFO: MockWebServer[55291] received request: GET /apis/entando.org/v1/namespaces/entando-k8s-operator-common-cmms63/entandoplugins/sample-name-cmms63 HTTP/1.1 and responded: HTTP/1.1 200 OK
Sep 18, 2020 6:12:17 AM okhttp3.mockwebserver.MockWebServer$3 processOneRequest
INFO: MockWebServer[55291] received request: GET /apis/entando.org/v1/namespaces/entando-k8s-operator-common-cmms63/entandoplugins/sample-name-cmms63 HTTP/1.1 and responded: HTTP/1.1 200 OK
Sep 18, 2020 6:12:17 AM okhttp3.mockwebserver.MockWebServer$3 processOneRequest
INFO: MockWebServer[55291] received request: GET /apis/entando.org/v1/namespaces/entando-k8s-operator-common-cmms63/entandoplugins/sample-name-cmms63 HTTP/1.1 and responded: HTTP/1.1 200 OK
Sep 18, 2020 6:12:17 AM okhttp3.mockwebserver.MockWebServer$3 processOneRequest
INFO: MockWebServer[55291] received request: PATCH /apis/entando.org/v1/namespaces/entando-k8s-operator-common-cmms63/entandoplugins/sample-name-cmms63 HTTP/1.1 and responded: HTTP/1.1 202 OK
Sep 18, 2020 6:12:17 AM okhttp3.mockwebserver.MockWebServer$3 processOneRequest
INFO: MockWebServer[55291] received request: GET /apis/extensions/v1beta1/namespaces/entando-k8s-operator-common-cmms63/ingresses/sample-name-cmms63-ingress HTTP/1.1 and responded: HTTP/1.1 404 Client Error
Sep 18, 2020 6:12:17 AM okhttp3.mockwebserver.MockWebServer$3 processOneRequest
INFO: MockWebServer[55291] received request: GET /apis/entando.org/v1/namespaces/entando-k8s-operator-common-cmms63/entandoplugins/sample-name-cmms63 HTTP/1.1 and responded: HTTP/1.1 200 OK
Sep 18, 2020 6:12:17 AM okhttp3.mockwebserver.MockWebServer$3 processOneRequest
INFO: MockWebServer[55291] received request: POST /apis/extensions/v1beta1/namespaces/entando-k8s-operator-common-cmms63/ingresses HTTP/1.1 and responded: HTTP/1.1 202 OK
Sep 18, 2020 6:12:17 AM okhttp3.mockwebserver.MockWebServer$3 processOneRequest
INFO: MockWebServer[55291] received request: GET /apis/extensions/v1beta1/namespaces/entando-k8s-operator-common-cmms63/ingresses/sample-name-cmms63-ingress HTTP/1.1 and responded: HTTP/1.1 200 OK
Sep 18, 2020 6:12:17 AM okhttp3.mockwebserver.MockWebServer$3 processOneRequest
INFO: MockWebServer[55291] received request: GET /apis/entando.org/v1/namespaces/entando-k8s-operator-common-cmms63/entandoplugins/sample-name-cmms63 HTTP/1.1 and responded: HTTP/1.1 200 OK
Sep 18, 2020 6:12:18 AM okhttp3.mockwebserver.MockWebServer$3 processOneRequest
INFO: MockWebServer[55291] received request: GET /apis/entando.org/v1/namespaces/entando-k8s-operator-common-cmms63/entandoplugins/sample-name-cmms63 HTTP/1.1 and responded: HTTP/1.1 200 OK
Sep 18, 2020 6:12:18 AM okhttp3.mockwebserver.MockWebServer$3 processOneRequest
INFO: MockWebServer[55291] received request: GET /apis/entando.org/v1/namespaces/entando-k8s-operator-common-cmms63/entandoplugins/sample-name-cmms63 HTTP/1.1 and responded: HTTP/1.1 200 OK
Sep 18, 2020 6:12:18 AM okhttp3.mockwebserver.MockWebServer$3 processOneRequest
INFO: MockWebServer[55291] received request: GET /apis/entando.org/v1/namespaces/entando-k8s-operator-common-cmms63/entandoplugins/sample-name-cmms63 HTTP/1.1 and responded: HTTP/1.1 200 OK
Sep 18, 2020 6:12:18 AM okhttp3.mockwebserver.MockWebServer$3 processOneRequest
INFO: MockWebServer[55291] received request: PATCH /apis/entando.org/v1/namespaces/entando-k8s-operator-common-cmms63/entandoplugins/sample-name-cmms63 HTTP/1.1 and responded: HTTP/1.1 202 OK
Sep 18, 2020 6:12:18 AM okhttp3.mockwebserver.MockWebServer$3 processOneRequest
INFO: MockWebServer[55291] received request: GET /apis/entando.org/v1/namespaces/entando-k8s-operator-common-cmms63/entandoplugins/sample-name-cmms63 HTTP/1.1 and responded: HTTP/1.1 200 OK
Sep 18, 2020 6:12:18 AM okhttp3.mockwebserver.MockWebServer$3 processOneRequest
INFO: MockWebServer[55291] received request: POST /api/v1/namespaces/entando-k8s-operator-common-cmms63/secrets HTTP/1.1 and responded: HTTP/1.1 202 OK
Sep 18, 2020 6:12:18 AM okhttp3.mockwebserver.MockWebServer$3 processOneRequest
INFO: MockWebServer[55291] received request: GET /apis/entando.org/v1/namespaces/entando-k8s-operator-common-cmms63/entandoplugins/sample-name-cmms63 HTTP/1.1 and responded: HTTP/1.1 200 OK
Sep 18, 2020 6:12:18 AM okhttp3.mockwebserver.MockWebServer$3 processOneRequest
INFO: MockWebServer[55291] received request: GET /apis/apps/v1/namespaces/entando-k8s-operator-common-cmms63/deployments/sample-name-cmms63-server-deployment HTTP/1.1 and responded: HTTP/1.1 404 Client Error
Sep 18, 2020 6:12:18 AM okhttp3.mockwebserver.MockWebServer$3 processOneRequest
INFO: MockWebServer[55291] received request: GET /apis/extensions/v1beta1/namespaces/entando-k8s-operator-common-cmms63/deployments/sample-name-cmms63-server-deployment HTTP/1.1 and responded: HTTP/1.1 404 Client Error
Sep 18, 2020 6:12:18 AM okhttp3.mockwebserver.MockWebServer$3 processOneRequest
INFO: MockWebServer[55291] received request: GET /apis/entando.org/v1/namespaces/entando-k8s-operator-common-cmms63/entandoplugins/sample-name-cmms63 HTTP/1.1 and responded: HTTP/1.1 200 OK
Sep 18, 2020 6:12:18 AM okhttp3.mockwebserver.MockWebServer$3 processOneRequest
INFO: MockWebServer[55291] received request: POST /apis/apps/v1/namespaces/entando-k8s-operator-common-cmms63/deployments HTTP/1.1 and responded: HTTP/1.1 202 OK
Sep 18, 2020 6:12:18 AM okhttp3.mockwebserver.MockWebServer$3 processOneRequest
INFO: MockWebServer[55291] received request: GET /apis/apps/v1/namespaces/entando-k8s-operator-common-cmms63/deployments/sample-name-cmms63-server-deployment HTTP/1.1 and responded: HTTP/1.1 200 OK
Sep 18, 2020 6:12:18 AM okhttp3.mockwebserver.MockWebServer$3 processOneRequest
INFO: MockWebServer[55291] received request: GET /apis/entando.org/v1/namespaces/entando-k8s-operator-common-cmms63/entandoplugins/sample-name-cmms63 HTTP/1.1 and responded: HTTP/1.1 200 OK
Sep 18, 2020 6:12:18 AM okhttp3.mockwebserver.MockWebServer$3 processOneRequest
INFO: MockWebServer[55291] received request: GET /apis/entando.org/v1/namespaces/entando-k8s-operator-common-cmms63/entandoplugins/sample-name-cmms63 HTTP/1.1 and responded: HTTP/1.1 200 OK
Sep 18, 2020 6:12:18 AM okhttp3.mockwebserver.MockWebServer$3 processOneRequest
INFO: MockWebServer[55291] received request: GET /apis/entando.org/v1/namespaces/entando-k8s-operator-common-cmms63/entandoplugins/sample-name-cmms63 HTTP/1.1 and responded: HTTP/1.1 200 OK
Sep 18, 2020 6:12:18 AM okhttp3.mockwebserver.MockWebServer$3 processOneRequest
INFO: MockWebServer[55291] received request: GET /apis/entando.org/v1/namespaces/entando-k8s-operator-common-cmms63/entandoplugins/sample-name-cmms63 HTTP/1.1 and responded: HTTP/1.1 200 OK
Sep 18, 2020 6:12:18 AM okhttp3.mockwebserver.MockWebServer$3 processOneRequest
INFO: MockWebServer[55291] received request: PATCH /apis/entando.org/v1/namespaces/entando-k8s-operator-common-cmms63/entandoplugins/sample-name-cmms63 HTTP/1.1 and responded: HTTP/1.1 202 OK
Sep 18, 2020 6:12:18 AM okhttp3.mockwebserver.MockWebServer$3 processOneRequest
INFO: MockWebServer[55291] received request: GET /apis/entando.org/v1/namespaces/entando-k8s-operator-common-cmms63/entandoplugins/sample-name-cmms63 HTTP/1.1 and responded: HTTP/1.1 200 OK
Sep 18, 2020 6:12:18 AM okhttp3.mockwebserver.MockWebServer$3 processOneRequest
INFO: MockWebServer[55291] received request: GET /api/v1/namespaces/entando-k8s-operator-common-cmms63/pods?labelSelector=deployment%3Dsample-name-cmms63-server&watch=true HTTP/1.1 and responded: HTTP/1.1 200 OK
Sep 18, 2020 6:12:19 AM okhttp3.mockwebserver.MockWebServer$3 processOneRequest
INFO: MockWebServer[55291] received request: GET /apis/apps/v1/namespaces/entando-k8s-operator-common-cmms63/deployments/sample-name-cmms63-server-deployment HTTP/1.1 and responded: HTTP/1.1 200 OK
Sep 18, 2020 6:12:19 AM okhttp3.mockwebserver.MockWebServer$3 processOneRequest
INFO: MockWebServer[55291] received request: GET /api/v1/namespaces/entando-k8s-operator-common-cmms63/pods?labelSelector=deployment%3Dsample-name-cmms63-server&watch=true HTTP/1.1 and responded: HTTP/1.1 200 OK
Sep 18, 2020 6:12:19 AM okhttp3.mockwebserver.MockWebServer$3 processOneRequest
INFO: MockWebServer[55291] received request: GET /apis/entando.org/v1/namespaces/entando-k8s-operator-common-cmms63/entandoplugins/sample-name-cmms63 HTTP/1.1 and responded: HTTP/1.1 200 OK
Sep 18, 2020 6:12:19 AM okhttp3.mockwebserver.MockWebServer$3 processOneRequest
INFO: MockWebServer[55291] received request: GET /apis/entando.org/v1/namespaces/entando-k8s-operator-common-cmms63/entandoplugins/sample-name-cmms63 HTTP/1.1 and responded: HTTP/1.1 200 OK
Sep 18, 2020 6:12:19 AM io.fabric8.kubernetes.client.dsl.internal.WatchHTTPManager$1 onResponse
INFO: Watch terminated unexpectedly. reason: \n not found: limit=46 content=7b2261706956657273696f6e223a227631222c226b696e64223a224c69737422â€¦
Sep 18, 2020 6:12:19 AM io.fabric8.kubernetes.client.dsl.internal.WatchHTTPManager scheduleReconnect
WARN: Ignoring error for already closed/closing connection
Sep 18, 2020 6:12:19 AM okhttp3.mockwebserver.MockWebServer$3 processOneRequest
INFO: MockWebServer[55291] received request: GET /apis/entando.org/v1/namespaces/entando-k8s-operator-common-cmms63/entandoplugins/sample-name-cmms63 HTTP/1.1 and responded: HTTP/1.1 200 OK
Sep 18, 2020 6:12:19 AM okhttp3.mockwebserver.MockWebServer$3 processOneRequest
INFO: MockWebServer[55291] received request: PATCH /apis/entando.org/v1/namespaces/entando-k8s-operator-common-cmms63/entandoplugins/sample-name-cmms63 HTTP/1.1 and responded: HTTP/1.1 202 OK
Sep 18, 2020 6:12:19 AM okhttp3.mockwebserver.MockWebServer$3 processOneRequest
INFO: MockWebServer[55291] received request: GET /apis/entando.org/v1/namespaces/entando-k8s-operator-common-cmms63/entandoplugins/sample-name-cmms63 HTTP/1.1 and responded: HTTP/1.1 200 OK
Sep 18, 2020 6:12:19 AM okhttp3.mockwebserver.MockWebServer$3 processOneRequest
INFO: MockWebServer[55291] received request: GET /apis/entando.org/v1/namespaces/entando-k8s-operator-common-cmms63/entandoplugins/sample-name-cmms63 HTTP/1.1 and responded: HTTP/1.1 200 OK
Sep 18, 2020 6:12:19 AM okhttp3.mockwebserver.MockWebServer$3 processOneRequest
INFO: MockWebServer[55291] received request: GET /apis/entando.org/v1/namespaces/entando-k8s-operator-common-cmms63/entandoplugins/sample-name-cmms63 HTTP/1.1 and responded: HTTP/1.1 200 OK
Sep 18, 2020 6:12:19 AM okhttp3.mockwebserver.MockWebServer$3 processOneRequest
INFO: MockWebServer[55291] received request: GET /apis/entando.org/v1/namespaces/entando-k8s-operator-common-cmms63/entandoplugins/sample-name-cmms63 HTTP/1.1 and responded: HTTP/1.1 200 OK
Sep 18, 2020 6:12:19 AM okhttp3.mockwebserver.MockWebServer$3 processOneRequest
INFO: MockWebServer[55291] received request: PATCH /apis/entando.org/v1/namespaces/entando-k8s-operator-common-cmms63/entandoplugins/sample-name-cmms63 HTTP/1.1 and responded: HTTP/1.1 202 OK
Sep 18, 2020 6:12:19 AM okhttp3.mockwebserver.MockWebServer$3 processOneRequest
INFO: MockWebServer[55291] received request: GET /apis/entando.org/v1/namespaces/entando-k8s-operator-common-cmms63/entandoplugins/sample-name-cmms63 HTTP/1.1 and responded: HTTP/1.1 200 OK
Sep 18, 2020 6:12:19 AM okhttp3.mockwebserver.MockWebServer$3 processOneRequest
INFO: MockWebServer[55291] received request: GET /apis/entando.org/v1/namespaces/entando-k8s-operator-common-cmms63/entandoplugins/sample-name-cmms63 HTTP/1.1 and responded: HTTP/1.1 200 OK
Sep 18, 2020 6:12:19 AM okhttp3.mockwebserver.MockWebServer$3 processOneRequest
INFO: MockWebServer[55291] received request: GET /apis/entando.org/v1/namespaces/entando-k8s-operator-common-cmms63/entandoplugins/sample-name-cmms63 HTTP/1.1 and responded: HTTP/1.1 200 OK
Sep 18, 2020 6:12:19 AM okhttp3.mockwebserver.MockWebServer$3 processOneRequest
INFO: MockWebServer[55291] received request: PATCH /apis/entando.org/v1/namespaces/entando-k8s-operator-common-cmms63/entandoplugins/sample-name-cmms63 HTTP/1.1 and responded: HTTP/1.1 202 OK
Sep 18, 2020 6:12:19 AM okhttp3.mockwebserver.MockWebServer$3 processOneRequest
INFO: MockWebServer[55291] received request: GET /apis/entando.org/v1/namespaces/entando-k8s-operator-common-cmms63/entandoplugins/sample-name-cmms63 HTTP/1.1 and responded: HTTP/1.1 200 OK
Sep 18, 2020 6:12:19 AM okhttp3.mockwebserver.MockWebServer$3 processOneRequest
INFO: MockWebServer[55291] received request: GET /apis/apps/v1/namespaces/entando-k8s-operator-common-cmms63/deployments/sample-name-cmms63-server-deployment HTTP/1.1 and responded: HTTP/1.1 200 OK
Sep 18, 2020 6:12:19 AM okhttp3.mockwebserver.MockWebServer$3 processOneRequest
INFO: MockWebServer[55291] received request: GET /api/v1/namespaces/entando-k8s-operator-common-cmms63/secrets/sample-name-cmms63-db-secret HTTP/1.1 and responded: HTTP/1.1 200 OK
Sep 18, 2020 6:12:19 AM okhttp3.mockwebserver.MockWebServer$3 processOneRequest
INFO: MockWebServer[55291] received request: GET /api/v1/namespaces/entando-k8s-operator-common-cmms63/secrets/sample-name-cmms63-db-secret HTTP/1.1 and responded: HTTP/1.1 200 OK
Sep 18, 2020 6:12:19 AM okhttp3.mockwebserver.MockWebServer$3 processOneRequest
INFO: MockWebServer[55291] received request: GET /api/v1/namespaces/entando-k8s-operator-common-cmms63/secrets/entando-default-ca-secret HTTP/1.1 and responded: HTTP/1.1 200 OK
Sep 18, 2020 6:12:20 AM okhttp3.mockwebserver.MockWebServer$3 processOneRequest
INFO: MockWebServer[55291] received request: GET /api/v1/namespaces/entando-k8s-operator-common-cmms63/secrets/sample-name-cmms63-*****-secret HTTP/1.1 and responded: HTTP/1.1 200 OK
Sep 18, 2020 6:12:20 AM okhttp3.mockwebserver.MockWebServer$3 processOneRequest
INFO: MockWebServer[55291] received request: GET /api/v1/namespaces/entando-k8s-operator-common-cmms63/secrets/sample-name-cmms63-*****-secret HTTP/1.1 and responded: HTTP/1.1 200 OK
Sep 18, 2020 6:12:20 AM okhttp3.mockwebserver.MockWebServer$3 processOneRequest
INFO: MockWebServer[55291] received request: GET /api/v1/namespaces/entando-k8s-operator-common-cmms63/secrets/sample-name-cmms63-db-secret HTTP/1.1 and responded: HTTP/1.1 200 OK
Sep 18, 2020 6:12:20 AM okhttp3.mockwebserver.MockWebServer$3 processOneRequest
INFO: MockWebServer[55291] received request: GET /api/v1/namespaces/entando-k8s-operator-common-cmms63/secrets/sample-name-cmms63-db-secret HTTP/1.1 and responded: HTTP/1.1 200 OK
Sep 18, 2020 6:12:20 AM okhttp3.mockwebserver.MockWebServer$3 processOneRequest
INFO: MockWebServer[55291] received request: GET /api/v1/namespaces/entando-k8s-operator-common-cmms63/secrets/some-client-secret HTTP/1.1 and responded: HTTP/1.1 200 OK
Sep 18, 2020 6:12:20 AM okhttp3.mockwebserver.MockWebServer$3 processOneRequest
INFO: MockWebServer[55291] received request: GET /api/v1/namespaces/entando-k8s-operator-common-cmms63/secrets/some-client-secret HTTP/1.1 and responded: HTTP/1.1 200 OK
Sep 18, 2020 6:12:20 AM okhttp3.mockwebserver.MockWebServer$3 processOneRequest
INFO: MockWebServer[55291] received request: GET /api/v1/namespaces/entando-k8s-operator-common-cmms63/secrets/sample-name-cmms63-db-secret HTTP/1.1 and responded: HTTP/1.1 200 OK
Sep 18, 2020 6:12:20 AM okhttp3.mockwebserver.MockWebServer$3 processOneRequest
INFO: MockWebServer[55291] received request: GET /api/v1/namespaces/entando-k8s-operator-common-cmms63/secrets/sample-name-cmms63-db-secret HTTP/1.1 and responded: HTTP/1.1 200 OK
Sep 18, 2020 6:12:20 AM okhttp3.mockwebserver.MockWebServer$3 processOneRequest
INFO: MockWebServer[55291] received request: GET /api/v1/namespaces/entando-k8s-operator-common-cmms63/secrets/entando-default-ca-secret HTTP/1.1 and responded: HTTP/1.1 200 OK
Sep 18, 2020 6:12:20 AM okhttp3.mockwebserver.MockWebServer$3 processOneRequest
INFO: MockWebServer[55291] received request: GET /api/v1/namespaces/entando-k8s-operator-common-cmms63/secrets/sample-name-cmms63-*****-secret HTTP/1.1 and responded: HTTP/1.1 200 OK
Sep 18, 2020 6:12:20 AM okhttp3.mockwebserver.MockWebServer$3 processOneRequest
INFO: MockWebServer[55291] received request: GET /api/v1/namespaces/entando-k8s-operator-common-cmms63/secrets/sample-name-cmms63-*****-secret HTTP/1.1 and responded: HTTP/1.1 200 OK
Sep 18, 2020 6:12:20 AM okhttp3.mockwebserver.MockWebServer$3 processOneRequest
INFO: MockWebServer[55291] received request: GET /api/v1/namespaces/entando-k8s-operator-common-cmms63/secrets/sample-name-cmms63-db-secret HTTP/1.1 and responded: HTTP/1.1 200 OK
Sep 18, 2020 6:12:21 AM okhttp3.mockwebserver.MockWebServer$3 processOneRequest
INFO: MockWebServer[55291] received request: GET /api/v1/namespaces/entando-k8s-operator-common-cmms63/secrets/sample-name-cmms63-db-secret HTTP/1.1 and responded: HTTP/1.1 200 OK
Sep 18, 2020 6:12:21 AM okhttp3.mockwebserver.MockWebServer$3 processOneRequest
INFO: MockWebServer[55291] received request: GET /api/v1/namespaces/entando-k8s-operator-common-cmms63/persistentvolumeclaims/sample-name-cmms63-server-pvc HTTP/1.1 and responded: HTTP/1.1 200 OK
Sep 18, 2020 6:12:21 AM okhttp3.mockwebserver.MockWebServer$3 processOneRequest
INFO: MockWebServer[55291] received request: GET /api/v1/namespaces/entando-k8s-operator-common-cmms63/persistentvolumeclaims/sample-name-cmms63-server-pvc HTTP/1.1 and responded: HTTP/1.1 200 OK
Sep 18, 2020 6:12:21 AM okhttp3.mockwebserver.MockWebServer$3 processOneRequest
INFO: MockWebServer[55291] received request: GET /api/v1/namespaces/entando-k8s-operator-common-cmms63/secrets/entando-default-ca-secret HTTP/1.1 and responded: HTTP/1.1 200 OK
Sep 18, 2020 6:12:21 AM okhttp3.mockwebserver.MockWebServer$3 processOneRequest
INFO: MockWebServer[55291] received request: GET /apis/apps/v1/namespaces/entando-k8s-operator-common-cmms63/deployments/sample-name-cmms63-db-deployment HTTP/1.1 and responded: HTTP/1.1 200 OK
Sep 18, 2020 6:12:21 AM okhttp3.mockwebserver.MockWebServer$3 processOneRequest
INFO: MockWebServer[55291] received request: GET /apis/extensions/v1beta1/namespaces/entando-k8s-operator-common-cmms63/ingresses/sample-name-cmms63-ingress HTTP/1.1 and responded: HTTP/1.1 200 OK
Sep 18, 2020 6:12:21 AM okhttp3.mockwebserver.MockWebServer$3 processOneRequest
INFO: MockWebServer[55291] received request: GET /api/v1/namespaces/entando/configmaps/entando-docker-image-info-v6.1 HTTP/1.1 and responded: HTTP/1.1 404 Client Error
Sep 18, 2020 6:12:21 AM okhttp3.mockwebserver.MockWebServer$3 processOneRequest
INFO: MockWebServer[55291] received request: GET /apis/entando.org/v1/namespaces/entando-k8s-operator-common-cmms63/entandoplugins/other-name-cmms63 HTTP/1.1 and responded: HTTP/1.1 404 Client Error
Sep 18, 2020 6:12:21 AM okhttp3.mockwebserver.MockWebServer$3 processOneRequest
INFO: MockWebServer[55291] received request: POST /apis/entando.org/v1/namespaces/entando-k8s-operator-common-cmms63/entandoplugins HTTP/1.1 and responded: HTTP/1.1 202 OK
Sep 18, 2020 6:12:21 AM okhttp3.mockwebserver.MockWebServer$3 processOneRequest
INFO: MockWebServer[55291] received request: GET /apis/entando.org/v1/namespaces/entando-k8s-operator-common-cmms63/entandoplugins/other-name-cmms63 HTTP/1.1 and responded: HTTP/1.1 200 OK
Sep 18, 2020 6:12:21 AM okhttp3.mockwebserver.MockWebServer$3 processOneRequest
INFO: MockWebServer[55291] received request: GET /apis/entando.org/v1/namespaces/entando-k8s-operator-common-cmms63/entandoplugins/other-name-cmms63 HTTP/1.1 and responded: HTTP/1.1 200 OK
Sep 18, 2020 6:12:22 AM okhttp3.mockwebserver.MockWebServer$3 processOneRequest
INFO: MockWebServer[55291] received request: GET /apis/entando.org/v1/namespaces/entando-k8s-operator-common-cmms63/entandoplugins/other-name-cmms63 HTTP/1.1 and responded: HTTP/1.1 200 OK
Sep 18, 2020 6:12:22 AM okhttp3.mockwebserver.MockWebServer$3 processOneRequest
INFO: MockWebServer[55291] received request: GET /apis/entando.org/v1/namespaces/entando-k8s-operator-common-cmms63/entandoplugins/other-name-cmms63 HTTP/1.1 and responded: HTTP/1.1 200 OK
Sep 18, 2020 6:12:22 AM okhttp3.mockwebserver.MockWebServer$3 processOneRequest
INFO: MockWebServer[55291] received request: GET /apis/entando.org/v1/namespaces/entando-k8s-operator-common-cmms63/entandoplugins/other-name-cmms63 HTTP/1.1 and responded: HTTP/1.1 200 OK
Sep 18, 2020 6:12:22 AM okhttp3.mockwebserver.MockWebServer$3 processOneRequest
INFO: MockWebServer[55291] received request: GET /apis/entando.org/v1/namespaces/entando-k8s-operator-common-cmms63/entandoplugins/other-name-cmms63 HTTP/1.1 and responded: HTTP/1.1 200 OK
Sep 18, 2020 6:12:22 AM okhttp3.mockwebserver.MockWebServer$3 processOneRequest
INFO: MockWebServer[55291] received request: GET /apis/entando.org/v1/namespaces/entando-k8s-operator-common-cmms63/entandoplugins/other-name-cmms63 HTTP/1.1 and responded: HTTP/1.1 200 OK
Sep 18, 2020 6:12:22 AM okhttp3.mockwebserver.MockWebServer$3 processOneRequest
INFO: MockWebServer[55291] received request: GET /apis/entando.org/v1/namespaces/entando-k8s-operator-common-cmms63/entandoplugins/other-name-cmms63 HTTP/1.1 and responded: HTTP/1.1 200 OK
Sep 18, 2020 6:12:22 AM okhttp3.mockwebserver.MockWebServer$3 processOneRequest
INFO: MockWebServer[55291] received request: GET /apis/entando.org/v1/namespaces/entando-k8s-operator-common-cmms63/entandoplugins/other-name-cmms63 HTTP/1.1 and responded: HTTP/1.1 200 OK
Sep 18, 2020 6:12:22 AM okhttp3.mockwebserver.MockWebServer$3 processOneRequest
INFO: MockWebServer[55291] received request: PATCH /apis/entando.org/v1/namespaces/entando-k8s-operator-common-cmms63/entandoplugins/other-name-cmms63 HTTP/1.1 and responded: HTTP/1.1 202 OK
Sep 18, 2020 6:12:22 AM okhttp3.mockwebserver.MockWebServer$3 processOneRequest
INFO: MockWebServer[55291] received request: GET /apis/entando.org/v1/namespaces/entando-k8s-operator-common-cmms63/entandodatabaseservices HTTP/1.1 and responded: HTTP/1.1 200 OK
Sep 18, 2020 6:12:22 AM okhttp3.mockwebserver.MockWebServer$3 processOneRequest
INFO: MockWebServer[55291] received request: GET /apis/entando.org/v1/namespaces/entando-k8s-operator-common-cmms63/entandoplugins/other-name-cmms63 HTTP/1.1 and responded: HTTP/1.1 200 OK
Sep 18, 2020 6:12:22 AM okhttp3.mockwebserver.MockWebServer$3 processOneRequest
INFO: MockWebServer[55291] received request: GET /api/v1/namespaces/entando/configmaps/entando-docker-image-info-v6.1 HTTP/1.1 and responded: HTTP/1.1 404 Client Error
Sep 18, 2020 6:12:22 AM okhttp3.mockwebserver.MockWebServer$3 processOneRequest
INFO: MockWebServer[55291] received request: GET /api/v1/namespaces/entando-k8s-operator-common-cmms63/persistentvolumeclaims/other-name-cmms63-db-pvc HTTP/1.1 and responded: HTTP/1.1 404 Client Error
Sep 18, 2020 6:12:22 AM okhttp3.mockwebserver.MockWebServer$3 processOneRequest
INFO: MockWebServer[55291] received request: GET /apis/entando.org/v1/namespaces/entando-k8s-operator-common-cmms63/entandoplugins/other-name-cmms63 HTTP/1.1 and responded: HTTP/1.1 200 OK
Sep 18, 2020 6:12:22 AM okhttp3.mockwebserver.MockWebServer$3 processOneRequest
INFO: MockWebServer[55291] received request: POST /api/v1/namespaces/entando-k8s-operator-common-cmms63/persistentvolumeclaims HTTP/1.1 and responded: HTTP/1.1 202 OK
Sep 18, 2020 6:12:22 AM okhttp3.mockwebserver.MockWebServer$3 processOneRequest
INFO: MockWebServer[55291] received request: GET /apis/entando.org/v1/namespaces/entando-k8s-operator-common-cmms63/entandoplugins/other-name-cmms63 HTTP/1.1 and responded: HTTP/1.1 200 OK
Sep 18, 2020 6:12:22 AM okhttp3.mockwebserver.MockWebServer$3 processOneRequest
INFO: MockWebServer[55291] received request: GET /api/v1/namespaces/entando-k8s-operator-common-cmms63/persistentvolumeclaims/other-name-cmms63-db-pvc HTTP/1.1 and responded: HTTP/1.1 200 OK
Sep 18, 2020 6:12:23 AM okhttp3.mockwebserver.MockWebServer$3 processOneRequest
INFO: MockWebServer[55291] received request: GET /apis/entando.org/v1/namespaces/entando-k8s-operator-common-cmms63/entandoplugins/other-name-cmms63 HTTP/1.1 and responded: HTTP/1.1 200 OK
Sep 18, 2020 6:12:23 AM okhttp3.mockwebserver.MockWebServer$3 processOneRequest
INFO: MockWebServer[55291] received request: GET /apis/entando.org/v1/namespaces/entando-k8s-operator-common-cmms63/entandoplugins/other-name-cmms63 HTTP/1.1 and responded: HTTP/1.1 200 OK
Sep 18, 2020 6:12:23 AM okhttp3.mockwebserver.MockWebServer$3 processOneRequest
INFO: MockWebServer[55291] received request: GET /apis/entando.org/v1/namespaces/entando-k8s-operator-common-cmms63/entandoplugins/other-name-cmms63 HTTP/1.1 and responded: HTTP/1.1 200 OK
Sep 18, 2020 6:12:23 AM okhttp3.mockwebserver.MockWebServer$3 processOneRequest
INFO: MockWebServer[55291] received request: PATCH /apis/entando.org/v1/namespaces/entando-k8s-operator-common-cmms63/entandoplugins/other-name-cmms63 HTTP/1.1 and responded: HTTP/1.1 202 OK
Sep 18, 2020 6:12:23 AM okhttp3.mockwebserver.MockWebServer$3 processOneRequest
INFO: MockWebServer[55291] received request: GET /apis/entando.org/v1/namespaces/entando-k8s-operator-common-cmms63/entandoplugins/other-name-cmms63 HTTP/1.1 and responded: HTTP/1.1 200 OK
Sep 18, 2020 6:12:23 AM okhttp3.mockwebserver.MockWebServer$3 processOneRequest
INFO: MockWebServer[55291] received request: POST /api/v1/namespaces/entando-k8s-operator-common-cmms63/secrets HTTP/1.1 and responded: HTTP/1.1 202 OK
Sep 18, 2020 6:12:23 AM okhttp3.mockwebserver.MockWebServer$3 processOneRequest
INFO: MockWebServer[55291] received request: GET /apis/entando.org/v1/namespaces/entando-k8s-operator-common-cmms63/entandoplugins/other-name-cmms63 HTTP/1.1 and responded: HTTP/1.1 200 OK
Sep 18, 2020 6:12:23 AM okhttp3.mockwebserver.MockWebServer$3 processOneRequest
INFO: MockWebServer[55291] received request: POST /api/v1/namespaces/entando-k8s-operator-common-cmms63/secrets HTTP/1.1 and responded: HTTP/1.1 202 OK
Sep 18, 2020 6:12:23 AM okhttp3.mockwebserver.MockWebServer$3 processOneRequest
INFO: MockWebServer[55291] received request: GET /api/v1/namespaces/entando-k8s-operator-common-cmms63/services/other-name-cmms63-db-service HTTP/1.1 and responded: HTTP/1.1 404 Client Error
Sep 18, 2020 6:12:23 AM okhttp3.mockwebserver.MockWebServer$3 processOneRequest
INFO: MockWebServer[55291] received request: GET /apis/entando.org/v1/namespaces/entando-k8s-operator-common-cmms63/entandoplugins/other-name-cmms63 HTTP/1.1 and responded: HTTP/1.1 200 OK
Sep 18, 2020 6:12:23 AM okhttp3.mockwebserver.MockWebServer$3 processOneRequest
INFO: MockWebServer[55291] received request: POST /api/v1/namespaces/entando-k8s-operator-common-cmms63/services HTTP/1.1 and responded: HTTP/1.1 202 OK
Sep 18, 2020 6:12:23 AM okhttp3.mockwebserver.MockWebServer$3 processOneRequest
INFO: MockWebServer[55291] received request: GET /api/v1/namespaces/entando-k8s-operator-common-cmms63/services/other-name-cmms63-db-service HTTP/1.1 and responded: HTTP/1.1 200 OK
Sep 18, 2020 6:12:23 AM okhttp3.mockwebserver.MockWebServer$3 processOneRequest
INFO: MockWebServer[55291] received request: GET /apis/entando.org/v1/namespaces/entando-k8s-operator-common-cmms63/entandoplugins/other-name-cmms63 HTTP/1.1 and responded: HTTP/1.1 200 OK
Sep 18, 2020 6:12:23 AM okhttp3.mockwebserver.MockWebServer$3 processOneRequest
INFO: MockWebServer[55291] received request: GET /apis/entando.org/v1/namespaces/entando-k8s-operator-common-cmms63/entandoplugins/other-name-cmms63 HTTP/1.1 and responded: HTTP/1.1 200 OK
Sep 18, 2020 6:12:23 AM okhttp3.mockwebserver.MockWebServer$3 processOneRequest
INFO: MockWebServer[55291] received request: GET /apis/entando.org/v1/namespaces/entando-k8s-operator-common-cmms63/entandoplugins/other-name-cmms63 HTTP/1.1 and responded: HTTP/1.1 200 OK
Sep 18, 2020 6:12:23 AM okhttp3.mockwebserver.MockWebServer$3 processOneRequest
INFO: MockWebServer[55291] received request: GET /apis/entando.org/v1/namespaces/entando-k8s-operator-common-cmms63/entandoplugins/other-name-cmms63 HTTP/1.1 and responded: HTTP/1.1 200 OK
Sep 18, 2020 6:12:23 AM okhttp3.mockwebserver.MockWebServer$3 processOneRequest
INFO: MockWebServer[55291] received request: PATCH /apis/entando.org/v1/namespaces/entando-k8s-operator-common-cmms63/entandoplugins/other-name-cmms63 HTTP/1.1 and responded: HTTP/1.1 202 OK
Sep 18, 2020 6:12:23 AM okhttp3.mockwebserver.MockWebServer$3 processOneRequest
INFO: MockWebServer[55291] received request: GET /apis/entando.org/v1/namespaces/entando-k8s-operator-common-cmms63/entandoplugins/other-name-cmms63 HTTP/1.1 and responded: HTTP/1.1 200 OK
Sep 18, 2020 6:12:24 AM okhttp3.mockwebserver.MockWebServer$3 processOneRequest
INFO: MockWebServer[55291] received request: GET /apis/apps/v1/namespaces/entando-k8s-operator-common-cmms63/deployments/other-name-cmms63-db-deployment HTTP/1.1 and responded: HTTP/1.1 404 Client Error
Sep 18, 2020 6:12:24 AM okhttp3.mockwebserver.MockWebServer$3 processOneRequest
INFO: MockWebServer[55291] received request: GET /apis/extensions/v1beta1/namespaces/entando-k8s-operator-common-cmms63/deployments/other-name-cmms63-db-deployment HTTP/1.1 and responded: HTTP/1.1 404 Client Error
Sep 18, 2020 6:12:24 AM okhttp3.mockwebserver.MockWebServer$3 processOneRequest
INFO: MockWebServer[55291] received request: GET /apis/entando.org/v1/namespaces/entando-k8s-operator-common-cmms63/entandoplugins/other-name-cmms63 HTTP/1.1 and responded: HTTP/1.1 200 OK
Sep 18, 2020 6:12:24 AM okhttp3.mockwebserver.MockWebServer$3 processOneRequest
INFO: MockWebServer[55291] received request: POST /apis/apps/v1/namespaces/entando-k8s-operator-common-cmms63/deployments HTTP/1.1 and responded: HTTP/1.1 202 OK
Sep 18, 2020 6:12:24 AM okhttp3.mockwebserver.MockWebServer$3 processOneRequest
INFO: MockWebServer[55291] received request: GET /apis/apps/v1/namespaces/entando-k8s-operator-common-cmms63/deployments/other-name-cmms63-db-deployment HTTP/1.1 and responded: HTTP/1.1 200 OK
Sep 18, 2020 6:12:24 AM okhttp3.mockwebserver.MockWebServer$3 processOneRequest
INFO: MockWebServer[55291] received request: GET /apis/entando.org/v1/namespaces/entando-k8s-operator-common-cmms63/entandoplugins/other-name-cmms63 HTTP/1.1 and responded: HTTP/1.1 200 OK
Sep 18, 2020 6:12:24 AM okhttp3.mockwebserver.MockWebServer$3 processOneRequest
INFO: MockWebServer[55291] received request: GET /apis/entando.org/v1/namespaces/entando-k8s-operator-common-cmms63/entandoplugins/other-name-cmms63 HTTP/1.1 and responded: HTTP/1.1 200 OK
Sep 18, 2020 6:12:24 AM okhttp3.mockwebserver.MockWebServer$3 processOneRequest
INFO: MockWebServer[55291] received request: GET /apis/entando.org/v1/namespaces/entando-k8s-operator-common-cmms63/entandoplugins/other-name-cmms63 HTTP/1.1 and responded: HTTP/1.1 200 OK
Sep 18, 2020 6:12:24 AM okhttp3.mockwebserver.MockWebServer$3 processOneRequest
INFO: MockWebServer[55291] received request: GET /apis/entando.org/v1/namespaces/entando-k8s-operator-common-cmms63/entandoplugins/other-name-cmms63 HTTP/1.1 and responded: HTTP/1.1 200 OK
Sep 18, 2020 6:12:24 AM okhttp3.mockwebserver.MockWebServer$3 processOneRequest
INFO: MockWebServer[55291] received request: PATCH /apis/entando.org/v1/namespaces/entando-k8s-operator-common-cmms63/entandoplugins/other-name-cmms63 HTTP/1.1 and responded: HTTP/1.1 202 OK
Sep 18, 2020 6:12:24 AM okhttp3.mockwebserver.MockWebServer$3 processOneRequest
INFO: MockWebServer[55291] received request: GET /apis/entando.org/v1/namespaces/entando-k8s-operator-common-cmms63/entandoplugins/other-name-cmms63 HTTP/1.1 and responded: HTTP/1.1 200 OK
Sep 18, 2020 6:12:24 AM okhttp3.mockwebserver.MockWebServer$3 processOneRequest
INFO: MockWebServer[55291] received request: GET /api/v1/namespaces/entando-k8s-operator-common-cmms63/pods?labelSelector=deployment%3Dother-name-cmms63-db&watch=true HTTP/1.1 and responded: HTTP/1.1 200 OK
Sep 18, 2020 6:12:24 AM okhttp3.mockwebserver.MockWebServer$3 processOneRequest
INFO: MockWebServer[55291] received request: GET /api/v1/namespaces/entando-k8s-operator-common-cmms63/pods?labelSelector=deployment%3Dother-name-cmms63-db&watch=true HTTP/1.1 and responded: HTTP/1.1 200 OK
Sep 18, 2020 6:12:24 AM okhttp3.mockwebserver.MockWebServer$3 processOneRequest
INFO: MockWebServer[55291] received request: GET /apis/entando.org/v1/namespaces/entando-k8s-operator-common-cmms63/entandoplugins/other-name-cmms63 HTTP/1.1 and responded: HTTP/1.1 200 OK
Sep 18, 2020 6:12:24 AM okhttp3.mockwebserver.MockWebServer$3 processOneRequest
INFO: MockWebServer[55291] received request: GET /apis/apps/v1/namespaces/entando-k8s-operator-common-cmms63/deployments/other-name-cmms63-db-deployment HTTP/1.1 and responded: HTTP/1.1 200 OK
Sep 18, 2020 6:12:24 AM io.fabric8.kubernetes.client.dsl.internal.WatchHTTPManager$1 onResponse
INFO: Watch terminated unexpectedly. reason: \n not found: limit=46 content=7b2261706956657273696f6e223a227631222c226b696e64223a224c69737422â€¦
Sep 18, 2020 6:12:24 AM io.fabric8.kubernetes.client.dsl.internal.WatchHTTPManager scheduleReconnect
WARN: Ignoring error for already closed/closing connection
Sep 18, 2020 6:12:24 AM okhttp3.mockwebserver.MockWebServer$3 processOneRequest
INFO: MockWebServer[55291] received request: GET /apis/entando.org/v1/namespaces/entando-k8s-operator-common-cmms63/entandoplugins/other-name-cmms63 HTTP/1.1 and responded: HTTP/1.1 200 OK
Sep 18, 2020 6:12:24 AM okhttp3.mockwebserver.MockWebServer$3 processOneRequest
INFO: MockWebServer[55291] received request: GET /apis/entando.org/v1/namespaces/entando-k8s-operator-common-cmms63/entandoplugins/other-name-cmms63 HTTP/1.1 and responded: HTTP/1.1 200 OK
Sep 18, 2020 6:12:24 AM okhttp3.mockwebserver.MockWebServer$3 processOneRequest
INFO: MockWebServer[55291] received request: GET /apis/entando.org/v1/namespaces/entando-k8s-operator-common-cmms63/entandoplugins/other-name-cmms63 HTTP/1.1 and responded: HTTP/1.1 200 OK
Sep 18, 2020 6:12:24 AM okhttp3.mockwebserver.MockWebServer$3 processOneRequest
INFO: MockWebServer[55291] received request: PATCH /apis/entando.org/v1/namespaces/entando-k8s-operator-common-cmms63/entandoplugins/other-name-cmms63 HTTP/1.1 and responded: HTTP/1.1 202 OK
Sep 18, 2020 6:12:24 AM okhttp3.mockwebserver.MockWebServer$3 processOneRequest
INFO: MockWebServer[55291] received request: GET /api/v1/namespaces/test/secrets/keycloak-*****-secret HTTP/1.1 and responded: HTTP/1.1 200 OK
Sep 18, 2020 6:12:25 AM okhttp3.mockwebserver.MockWebServer$3 processOneRequest
INFO: MockWebServer[55291] received request: GET /apis/entando.org/v1/namespaces/entando-k8s-operator-common-cmms63/entandoplugins/other-name-cmms63 HTTP/1.1 and responded: HTTP/1.1 200 OK
Sep 18, 2020 6:12:25 AM okhttp3.mockwebserver.MockWebServer$3 processOneRequest
INFO: MockWebServer[55291] received request: GET /api/v1/namespaces/entando/configmaps/entando-docker-image-info-v6.1 HTTP/1.1 and responded: HTTP/1.1 404 Client Error
Sep 18, 2020 6:12:25 AM okhttp3.mockwebserver.MockWebServer$3 processOneRequest
INFO: MockWebServer[55291] received request: POST /api/v1/namespaces/entando-k8s-operator-common-cmms63/secrets HTTP/1.1 and responded: HTTP/1.1 202 OK
Sep 18, 2020 6:12:25 AM okhttp3.mockwebserver.MockWebServer$3 processOneRequest
INFO: MockWebServer[55291] received request: GET /apis/entando.org/v1/namespaces/entando-k8s-operator-common-cmms63/entandoplugins/other-name-cmms63 HTTP/1.1 and responded: HTTP/1.1 200 OK
Sep 18, 2020 6:12:25 AM okhttp3.mockwebserver.MockWebServer$3 processOneRequest
INFO: MockWebServer[55291] received request: POST /api/v1/namespaces/entando-k8s-operator-common-cmms63/pods HTTP/1.1 and responded: HTTP/1.1 202 OK
Sep 18, 2020 6:12:25 AM okhttp3.mockwebserver.MockWebServer$3 processOneRequest
INFO: MockWebServer[55291] received request: GET /api/v1/namespaces/entando-k8s-operator-common-cmms63/pods?fieldSelector=metadata.name%3Dother-name-cmms63-db-preparation-job-29598921-5&watch=true HTTP/1.1 and responded: HTTP/1.1 200 OK
Sep 18, 2020 6:12:25 AM okhttp3.mockwebserver.MockWebServer$3 processOneRequest
INFO: MockWebServer[55291] received request: GET /apis/entando.org/v1/namespaces/entando-k8s-operator-common-cmms63/entandoplugins/other-name-cmms63 HTTP/1.1 and responded: HTTP/1.1 200 OK
Sep 18, 2020 6:12:25 AM okhttp3.mockwebserver.MockWebServer$3 processOneRequest
INFO: MockWebServer[55291] received request: GET /api/v1/namespaces/entando-k8s-operator-common-cmms63/pods?labelSelector=dbJob%3Dother-name-cmms63-db-preparation-job HTTP/1.1 and responded: HTTP/1.1 200 OK
Sep 18, 2020 6:12:25 AM okhttp3.mockwebserver.MockWebServer$3 processOneRequest
INFO: MockWebServer[55291] received request: GET /api/v1/namespaces/entando-k8s-operator-common-cmms63/pods?fieldSelector=metadata.name%3Dother-name-cmms63-db-preparation-job-29598921-5&watch=true HTTP/1.1 and responded: HTTP/1.1 200 OK
Sep 18, 2020 6:12:25 AM okhttp3.mockwebserver.MockWebServer$3 processOneRequest
INFO: MockWebServer[55291] received request: GET /apis/entando.org/v1/namespaces/entando-k8s-operator-common-cmms63/entandoplugins/other-name-cmms63 HTTP/1.1 and responded: HTTP/1.1 200 OK
Sep 18, 2020 6:12:25 AM io.fabric8.kubernetes.client.dsl.internal.WatchHTTPManager$1 onResponse
INFO: Watch terminated unexpectedly. reason: \n not found: limit=4219 content=7b2261706956657273696f6e223a227631222c226b696e64223a224c69737422â€¦
Sep 18, 2020 6:12:25 AM io.fabric8.kubernetes.client.dsl.internal.WatchHTTPManager scheduleReconnect
WARN: Ignoring error for already closed/closing connection
Sep 18, 2020 6:12:25 AM okhttp3.mockwebserver.MockWebServer$3 processOneRequest
INFO: MockWebServer[55291] received request: GET /apis/entando.org/v1/namespaces/entando-k8s-operator-common-cmms63/entandoplugins/other-name-cmms63 HTTP/1.1 and responded: HTTP/1.1 200 OK
Sep 18, 2020 6:12:25 AM okhttp3.mockwebserver.MockWebServer$3 processOneRequest
INFO: MockWebServer[55291] received request: GET /apis/entando.org/v1/namespaces/entando-k8s-operator-common-cmms63/entandoplugins/other-name-cmms63 HTTP/1.1 and responded: HTTP/1.1 200 OK
Sep 18, 2020 6:12:25 AM okhttp3.mockwebserver.MockWebServer$3 processOneRequest
INFO: MockWebServer[55291] received request: PATCH /apis/entando.org/v1/namespaces/entando-k8s-operator-common-cmms63/entandoplugins/other-name-cmms63 HTTP/1.1 and responded: HTTP/1.1 202 OK
Sep 18, 2020 6:12:25 AM okhttp3.mockwebserver.MockWebServer$3 processOneRequest
INFO: MockWebServer[55291] received request: GET /apis/entando.org/v1/namespaces/entando-k8s-operator-common-cmms63/entandoplugins/other-name-cmms63 HTTP/1.1 and responded: HTTP/1.1 200 OK
Sep 18, 2020 6:12:25 AM okhttp3.mockwebserver.MockWebServer$3 processOneRequest
INFO: MockWebServer[55291] received request: GET /api/v1/namespaces/entando-k8s-operator-common-cmms63/persistentvolumeclaims/other-name-cmms63-server-pvc HTTP/1.1 and responded: HTTP/1.1 404 Client Error
Sep 18, 2020 6:12:25 AM okhttp3.mockwebserver.MockWebServer$3 processOneRequest
INFO: MockWebServer[55291] received request: POST /api/v1/namespaces/entando-k8s-operator-common-cmms63/persistentvolumeclaims HTTP/1.1 and responded: HTTP/1.1 202 OK
Sep 18, 2020 6:12:25 AM okhttp3.mockwebserver.MockWebServer$3 processOneRequest
INFO: MockWebServer[55291] received request: GET /apis/entando.org/v1/namespaces/entando-k8s-operator-common-cmms63/entandoplugins/other-name-cmms63 HTTP/1.1 and responded: HTTP/1.1 200 OK
Sep 18, 2020 6:12:25 AM okhttp3.mockwebserver.MockWebServer$3 processOneRequest
INFO: MockWebServer[55291] received request: GET /api/v1/namespaces/entando-k8s-operator-common-cmms63/persistentvolumeclaims/other-name-cmms63-server-pvc HTTP/1.1 and responded: HTTP/1.1 200 OK
Sep 18, 2020 6:12:25 AM okhttp3.mockwebserver.MockWebServer$3 processOneRequest
INFO: MockWebServer[55291] received request: GET /apis/entando.org/v1/namespaces/entando-k8s-operator-common-cmms63/entandoplugins/other-name-cmms63 HTTP/1.1 and responded: HTTP/1.1 200 OK
Sep 18, 2020 6:12:25 AM okhttp3.mockwebserver.MockWebServer$3 processOneRequest
INFO: MockWebServer[55291] received request: GET /apis/entando.org/v1/namespaces/entando-k8s-operator-common-cmms63/entandoplugins/other-name-cmms63 HTTP/1.1 and responded: HTTP/1.1 200 OK
Sep 18, 2020 6:12:26 AM okhttp3.mockwebserver.MockWebServer$3 processOneRequest
INFO: MockWebServer[55291] received request: GET /apis/entando.org/v1/namespaces/entando-k8s-operator-common-cmms63/entandoplugins/other-name-cmms63 HTTP/1.1 and responded: HTTP/1.1 200 OK
Sep 18, 2020 6:12:26 AM okhttp3.mockwebserver.MockWebServer$3 processOneRequest
INFO: MockWebServer[55291] received request: GET /apis/entando.org/v1/namespaces/entando-k8s-operator-common-cmms63/entandoplugins/other-name-cmms63 HTTP/1.1 and responded: HTTP/1.1 200 OK
Sep 18, 2020 6:12:26 AM okhttp3.mockwebserver.MockWebServer$3 processOneRequest
INFO: MockWebServer[55291] received request: PATCH /apis/entando.org/v1/namespaces/entando-k8s-operator-common-cmms63/entandoplugins/other-name-cmms63 HTTP/1.1 and responded: HTTP/1.1 202 OK
Sep 18, 2020 6:12:26 AM okhttp3.mockwebserver.MockWebServer$3 processOneRequest
INFO: MockWebServer[55291] received request: GET /apis/entando.org/v1/namespaces/entando-k8s-operator-common-cmms63/entandoplugins/other-name-cmms63 HTTP/1.1 and responded: HTTP/1.1 200 OK
Sep 18, 2020 6:12:26 AM okhttp3.mockwebserver.MockWebServer$3 processOneRequest
INFO: MockWebServer[55291] received request: POST /api/v1/namespaces/entando-k8s-operator-common-cmms63/secrets HTTP/1.1 and responded: HTTP/1.1 202 OK
Sep 18, 2020 6:12:26 AM okhttp3.mockwebserver.MockWebServer$3 processOneRequest
INFO: MockWebServer[55291] received request: POST /api/v1/namespaces/entando-k8s-operator-common-cmms63/secrets HTTP/1.1 and responded: HTTP/1.1 202 OK
Sep 18, 2020 6:12:26 AM okhttp3.mockwebserver.MockWebServer$3 processOneRequest
INFO: MockWebServer[55291] received request: GET /api/v1/namespaces/entando-k8s-operator-common-cmms63/serviceaccounts/plugin HTTP/1.1 and responded: HTTP/1.1 200 OK
Sep 18, 2020 6:12:26 AM okhttp3.mockwebserver.MockWebServer$3 processOneRequest
INFO: MockWebServer[55291] received request: GET /apis/entando.org/v1/namespaces/entando-k8s-operator-common-cmms63/entandoplugins/other-name-cmms63 HTTP/1.1 and responded: HTTP/1.1 200 OK
Sep 18, 2020 6:12:26 AM okhttp3.mockwebserver.MockWebServer$3 processOneRequest
INFO: MockWebServer[55291] received request: GET /apis/rbac.authorization.k8s.io/v1/namespaces/entando-k8s-operator-common-cmms63/roles/plugin HTTP/1.1 and responded: HTTP/1.1 200 OK
Sep 18, 2020 6:12:26 AM okhttp3.mockwebserver.MockWebServer$3 processOneRequest
INFO: MockWebServer[55291] received request: GET /apis/entando.org/v1/namespaces/entando-k8s-operator-common-cmms63/entandoplugins/other-name-cmms63 HTTP/1.1 and responded: HTTP/1.1 200 OK
Sep 18, 2020 6:12:26 AM okhttp3.mockwebserver.MockWebServer$3 processOneRequest
INFO: MockWebServer[55291] received request: GET /apis/rbac.authorization.k8s.io/v1/namespaces/entando-k8s-operator-common-cmms63/rolebindings/plugin-rolebinding HTTP/1.1 and responded: HTTP/1.1 200 OK
Sep 18, 2020 6:12:26 AM okhttp3.mockwebserver.MockWebServer$3 processOneRequest
INFO: MockWebServer[55291] received request: GET /api/v1/namespaces/entando-k8s-operator-common-cmms63/services/other-name-cmms63-server-service HTTP/1.1 and responded: HTTP/1.1 404 Client Error
Sep 18, 2020 6:12:26 AM okhttp3.mockwebserver.MockWebServer$3 processOneRequest
INFO: MockWebServer[55291] received request: GET /apis/entando.org/v1/namespaces/entando-k8s-operator-common-cmms63/entandoplugins/other-name-cmms63 HTTP/1.1 and responded: HTTP/1.1 200 OK
Sep 18, 2020 6:12:26 AM okhttp3.mockwebserver.MockWebServer$3 processOneRequest
INFO: MockWebServer[55291] received request: POST /api/v1/namespaces/entando-k8s-operator-common-cmms63/services HTTP/1.1 and responded: HTTP/1.1 202 OK
Sep 18, 2020 6:12:26 AM okhttp3.mockwebserver.MockWebServer$3 processOneRequest
INFO: MockWebServer[55291] received request: GET /api/v1/namespaces/entando-k8s-operator-common-cmms63/services/other-name-cmms63-server-service HTTP/1.1 and responded: HTTP/1.1 200 OK
Sep 18, 2020 6:12:26 AM okhttp3.mockwebserver.MockWebServer$3 processOneRequest
INFO: MockWebServer[55291] received request: GET /apis/entando.org/v1/namespaces/entando-k8s-operator-common-cmms63/entandoplugins/other-name-cmms63 HTTP/1.1 and responded: HTTP/1.1 200 OK
Sep 18, 2020 6:12:26 AM okhttp3.mockwebserver.MockWebServer$3 processOneRequest
INFO: MockWebServer[55291] received request: GET /apis/entando.org/v1/namespaces/entando-k8s-operator-common-cmms63/entandoplugins/other-name-cmms63 HTTP/1.1 and responded: HTTP/1.1 200 OK
Sep 18, 2020 6:12:26 AM okhttp3.mockwebserver.MockWebServer$3 processOneRequest
INFO: MockWebServer[55291] received request: GET /apis/entando.org/v1/namespaces/entando-k8s-operator-common-cmms63/entandoplugins/other-name-cmms63 HTTP/1.1 and responded: HTTP/1.1 200 OK
Sep 18, 2020 6:12:26 AM okhttp3.mockwebserver.MockWebServer$3 processOneRequest
INFO: MockWebServer[55291] received request: GET /apis/entando.org/v1/namespaces/entando-k8s-operator-common-cmms63/entandoplugins/other-name-cmms63 HTTP/1.1 and responded: HTTP/1.1 200 OK
Sep 18, 2020 6:12:27 AM okhttp3.mockwebserver.MockWebServer$3 processOneRequest
INFO: MockWebServer[55291] received request: PATCH /apis/entando.org/v1/namespaces/entando-k8s-operator-common-cmms63/entandoplugins/other-name-cmms63 HTTP/1.1 and responded: HTTP/1.1 202 OK
Sep 18, 2020 6:12:27 AM okhttp3.mockwebserver.MockWebServer$3 processOneRequest
INFO: MockWebServer[55291] received request: GET /apis/entando.org/v1/namespaces/entando-k8s-operator-common-cmms63/entandoplugins/other-name-cmms63 HTTP/1.1 and responded: HTTP/1.1 200 OK
Sep 18, 2020 6:12:27 AM okhttp3.mockwebserver.MockWebServer$3 processOneRequest
INFO: MockWebServer[55291] received request: GET /apis/extensions/v1beta1/namespaces/entando-k8s-operator-common-cmms63/ingresses/sample-name-cmms63-ingress HTTP/1.1 and responded: HTTP/1.1 200 OK
Sep 18, 2020 6:12:27 AM okhttp3.mockwebserver.MockWebServer$3 processOneRequest
INFO: MockWebServer[55291] received request: GET /apis/extensions/v1beta1/namespaces/entando-k8s-operator-common-cmms63/ingresses/sample-name-cmms63-ingress HTTP/1.1 and responded: HTTP/1.1 200 OK
Sep 18, 2020 6:12:27 AM okhttp3.mockwebserver.MockWebServer$3 processOneRequest
INFO: MockWebServer[55291] received request: GET /apis/entando.org/v1/namespaces/entando-k8s-operator-common-cmms63/entandoplugins/other-name-cmms63 HTTP/1.1 and responded: HTTP/1.1 200 OK
Sep 18, 2020 6:12:27 AM okhttp3.mockwebserver.MockWebServer$3 processOneRequest
INFO: MockWebServer[55291] received request: GET /apis/extensions/v1beta1/namespaces/entando-k8s-operator-common-cmms63/ingresses/sample-name-cmms63-ingress HTTP/1.1 and responded: HTTP/1.1 200 OK
Sep 18, 2020 6:12:27 AM okhttp3.mockwebserver.MockWebServer$3 processOneRequest
INFO: MockWebServer[55291] received request: GET /apis/entando.org/v1/namespaces/entando-k8s-operator-common-cmms63/entandoplugins/other-name-cmms63 HTTP/1.1 and responded: HTTP/1.1 200 OK
Sep 18, 2020 6:12:27 AM okhttp3.mockwebserver.MockWebServer$3 processOneRequest
INFO: MockWebServer[55291] received request: PATCH /apis/extensions/v1beta1/namespaces/entando-k8s-operator-common-cmms63/ingresses/sample-name-cmms63-ingress HTTP/1.1 and responded: HTTP/1.1 202 OK
Sep 18, 2020 6:12:27 AM okhttp3.mockwebserver.MockWebServer$3 processOneRequest
INFO: MockWebServer[55291] received request: GET /apis/extensions/v1beta1/namespaces/entando-k8s-operator-common-cmms63/ingresses/sample-name-cmms63-ingress HTTP/1.1 and responded: HTTP/1.1 200 OK
Sep 18, 2020 6:12:27 AM okhttp3.mockwebserver.MockWebServer$3 processOneRequest
INFO: MockWebServer[55291] received request: GET /apis/extensions/v1beta1/namespaces/entando-k8s-operator-common-cmms63/ingresses/sample-name-cmms63-ingress HTTP/1.1 and responded: HTTP/1.1 200 OK
Sep 18, 2020 6:12:27 AM okhttp3.mockwebserver.MockWebServer$3 processOneRequest
INFO: MockWebServer[55291] received request: GET /apis/entando.org/v1/namespaces/entando-k8s-operator-common-cmms63/entandoplugins/other-name-cmms63 HTTP/1.1 and responded: HTTP/1.1 200 OK
Sep 18, 2020 6:12:27 AM okhttp3.mockwebserver.MockWebServer$3 processOneRequest
INFO: MockWebServer[55291] received request: GET /apis/entando.org/v1/namespaces/entando-k8s-operator-common-cmms63/entandoplugins/other-name-cmms63 HTTP/1.1 and responded: HTTP/1.1 200 OK
Sep 18, 2020 6:12:27 AM okhttp3.mockwebserver.MockWebServer$3 processOneRequest
INFO: MockWebServer[55291] received request: GET /apis/entando.org/v1/namespaces/entando-k8s-operator-common-cmms63/entandoplugins/other-name-cmms63 HTTP/1.1 and responded: HTTP/1.1 200 OK
Sep 18, 2020 6:12:27 AM okhttp3.mockwebserver.MockWebServer$3 processOneRequest
INFO: MockWebServer[55291] received request: GET /apis/entando.org/v1/namespaces/entando-k8s-operator-common-cmms63/entandoplugins/other-name-cmms63 HTTP/1.1 and responded: HTTP/1.1 200 OK
Sep 18, 2020 6:12:27 AM okhttp3.mockwebserver.MockWebServer$3 processOneRequest
INFO: MockWebServer[55291] received request: PATCH /apis/entando.org/v1/namespaces/entando-k8s-operator-common-cmms63/entandoplugins/other-name-cmms63 HTTP/1.1 and responded: HTTP/1.1 202 OK
Sep 18, 2020 6:12:27 AM okhttp3.mockwebserver.MockWebServer$3 processOneRequest
INFO: MockWebServer[55291] received request: GET /apis/apps/v1/namespaces/entando-k8s-operator-common-cmms63/deployments/other-name-cmms63-server-deployment HTTP/1.1 and responded: HTTP/1.1 404 Client Error
Sep 18, 2020 6:12:27 AM okhttp3.mockwebserver.MockWebServer$3 processOneRequest
INFO: MockWebServer[55291] received request: GET /apis/entando.org/v1/namespaces/entando-k8s-operator-common-cmms63/entandoplugins/other-name-cmms63 HTTP/1.1 and responded: HTTP/1.1 200 OK
Sep 18, 2020 6:12:27 AM okhttp3.mockwebserver.MockWebServer$3 processOneRequest
INFO: MockWebServer[55291] received request: GET /apis/extensions/v1beta1/namespaces/entando-k8s-operator-common-cmms63/deployments/other-name-cmms63-server-deployment HTTP/1.1 and responded: HTTP/1.1 404 Client Error
Sep 18, 2020 6:12:28 AM okhttp3.mockwebserver.MockWebServer$3 processOneRequest
INFO: MockWebServer[55291] received request: POST /apis/apps/v1/namespaces/entando-k8s-operator-common-cmms63/deployments HTTP/1.1 and responded: HTTP/1.1 202 OK
Sep 18, 2020 6:12:28 AM okhttp3.mockwebserver.MockWebServer$3 processOneRequest
INFO: MockWebServer[55291] received request: GET /apis/entando.org/v1/namespaces/entando-k8s-operator-common-cmms63/entandoplugins/other-name-cmms63 HTTP/1.1 and responded: HTTP/1.1 200 OK
Sep 18, 2020 6:12:28 AM okhttp3.mockwebserver.MockWebServer$3 processOneRequest
INFO: MockWebServer[55291] received request: GET /apis/apps/v1/namespaces/entando-k8s-operator-common-cmms63/deployments/other-name-cmms63-server-deployment HTTP/1.1 and responded: HTTP/1.1 200 OK
Sep 18, 2020 6:12:28 AM okhttp3.mockwebserver.MockWebServer$3 processOneRequest
INFO: MockWebServer[55291] received request: GET /apis/entando.org/v1/namespaces/entando-k8s-operator-common-cmms63/entandoplugins/other-name-cmms63 HTTP/1.1 and responded: HTTP/1.1 200 OK
Sep 18, 2020 6:12:28 AM okhttp3.mockwebserver.MockWebServer$3 processOneRequest
INFO: MockWebServer[55291] received request: GET /apis/entando.org/v1/namespaces/entando-k8s-operator-common-cmms63/entandoplugins/other-name-cmms63 HTTP/1.1 and responded: HTTP/1.1 200 OK
Sep 18, 2020 6:12:28 AM okhttp3.mockwebserver.MockWebServer$3 processOneRequest
INFO: MockWebServer[55291] received request: GET /apis/entando.org/v1/namespaces/entando-k8s-operator-common-cmms63/entandoplugins/other-name-cmms63 HTTP/1.1 and responded: HTTP/1.1 200 OK
Sep 18, 2020 6:12:28 AM okhttp3.mockwebserver.MockWebServer$3 processOneRequest
INFO: MockWebServer[55291] received request: GET /apis/entando.org/v1/namespaces/entando-k8s-operator-common-cmms63/entandoplugins/other-name-cmms63 HTTP/1.1 and responded: HTTP/1.1 200 OK
Sep 18, 2020 6:12:28 AM okhttp3.mockwebserver.MockWebServer$3 processOneRequest
INFO: MockWebServer[55291] received request: PATCH /apis/entando.org/v1/namespaces/entando-k8s-operator-common-cmms63/entandoplugins/other-name-cmms63 HTTP/1.1 and responded: HTTP/1.1 202 OK
Sep 18, 2020 6:12:28 AM okhttp3.mockwebserver.MockWebServer$3 processOneRequest
INFO: MockWebServer[55291] received request: GET /api/v1/namespaces/entando-k8s-operator-common-cmms63/pods?labelSelector=deployment%3Dother-name-cmms63-server&watch=true HTTP/1.1 and responded: HTTP/1.1 200 OK
Sep 18, 2020 6:12:28 AM okhttp3.mockwebserver.MockWebServer$3 processOneRequest
INFO: MockWebServer[55291] received request: GET /apis/entando.org/v1/namespaces/entando-k8s-operator-common-cmms63/entandoplugins/other-name-cmms63 HTTP/1.1 and responded: HTTP/1.1 200 OK
Sep 18, 2020 6:12:28 AM okhttp3.mockwebserver.MockWebServer$3 processOneRequest
INFO: MockWebServer[55291] received request: GET /apis/apps/v1/namespaces/entando-k8s-operator-common-cmms63/deployments/other-name-cmms63-server-deployment HTTP/1.1 and responded: HTTP/1.1 200 OK
Sep 18, 2020 6:12:28 AM okhttp3.mockwebserver.MockWebServer$3 processOneRequest
INFO: MockWebServer[55291] received request: GET /api/v1/namespaces/entando-k8s-operator-common-cmms63/pods?labelSelector=deployment%3Dother-name-cmms63-server&watch=true HTTP/1.1 and responded: HTTP/1.1 200 OK
Sep 18, 2020 6:12:28 AM okhttp3.mockwebserver.MockWebServer$3 processOneRequest
INFO: MockWebServer[55291] received request: GET /apis/entando.org/v1/namespaces/entando-k8s-operator-common-cmms63/entandoplugins/other-name-cmms63 HTTP/1.1 and responded: HTTP/1.1 200 OK
Sep 18, 2020 6:12:28 AM io.fabric8.kubernetes.client.dsl.internal.WatchHTTPManager$1 onResponse
INFO: Watch terminated unexpectedly. reason: \n not found: limit=46 content=7b2261706956657273696f6e223a227631222c226b696e64223a224c69737422â€¦
Sep 18, 2020 6:12:28 AM io.fabric8.kubernetes.client.dsl.internal.WatchHTTPManager scheduleReconnect
WARN: Ignoring error for already closed/closing connection
Sep 18, 2020 6:12:28 AM okhttp3.mockwebserver.MockWebServer$3 processOneRequest
INFO: MockWebServer[55291] received request: GET /apis/entando.org/v1/namespaces/entando-k8s-operator-common-cmms63/entandoplugins/other-name-cmms63 HTTP/1.1 and responded: HTTP/1.1 200 OK
Sep 18, 2020 6:12:28 AM okhttp3.mockwebserver.MockWebServer$3 processOneRequest
INFO: MockWebServer[55291] received request: GET /apis/entando.org/v1/namespaces/entando-k8s-operator-common-cmms63/entandoplugins/other-name-cmms63 HTTP/1.1 and responded: HTTP/1.1 200 OK
Sep 18, 2020 6:12:28 AM okhttp3.mockwebserver.MockWebServer$3 processOneRequest
INFO: MockWebServer[55291] received request: PATCH /apis/entando.org/v1/namespaces/entando-k8s-operator-common-cmms63/entandoplugins/other-name-cmms63 HTTP/1.1 and responded: HTTP/1.1 202 OK
Sep 18, 2020 6:12:28 AM okhttp3.mockwebserver.MockWebServer$3 processOneRequest
INFO: MockWebServer[55291] received request: GET /apis/entando.org/v1/namespaces/entando-k8s-operator-common-cmms63/entandoplugins/other-name-cmms63 HTTP/1.1 and responded: HTTP/1.1 200 OK
Sep 18, 2020 6:12:28 AM okhttp3.mockwebserver.MockWebServer$3 processOneRequest
INFO: MockWebServer[55291] received request: GET /apis/entando.org/v1/namespaces/entando-k8s-operator-common-cmms63/entandoplugins/other-name-cmms63 HTTP/1.1 and responded: HTTP/1.1 200 OK
Sep 18, 2020 6:12:28 AM okhttp3.mockwebserver.MockWebServer$3 processOneRequest
INFO: MockWebServer[55291] received request: GET /apis/entando.org/v1/namespaces/entando-k8s-operator-common-cmms63/entandoplugins/other-name-cmms63 HTTP/1.1 and responded: HTTP/1.1 200 OK
Sep 18, 2020 6:12:28 AM okhttp3.mockwebserver.MockWebServer$3 processOneRequest
INFO: MockWebServer[55291] received request: PATCH /apis/entando.org/v1/namespaces/entando-k8s-operator-common-cmms63/entandoplugins/other-name-cmms63 HTTP/1.1 and responded: HTTP/1.1 202 OK
Sep 18, 2020 6:12:28 AM okhttp3.mockwebserver.MockWebServer$3 processOneRequest
INFO: MockWebServer[55291] received request: GET /apis/entando.org/v1/namespaces/entando-k8s-operator-common-cmms63/entandoplugins/other-name-cmms63 HTTP/1.1 and responded: HTTP/1.1 200 OK
Sep 18, 2020 6:12:29 AM okhttp3.mockwebserver.MockWebServer$3 processOneRequest
INFO: MockWebServer[55291] received request: GET /apis/entando.org/v1/namespaces/entando-k8s-operator-common-cmms63/entandoplugins/other-name-cmms63 HTTP/1.1 and responded: HTTP/1.1 200 OK
Sep 18, 2020 6:12:29 AM okhttp3.mockwebserver.MockWebServer$3 processOneRequest
INFO: MockWebServer[55291] received request: GET /apis/entando.org/v1/namespaces/entando-k8s-operator-common-cmms63/entandoplugins/other-name-cmms63 HTTP/1.1 and responded: HTTP/1.1 200 OK
Sep 18, 2020 6:12:29 AM okhttp3.mockwebserver.MockWebServer$3 processOneRequest
INFO: MockWebServer[55291] received request: GET /apis/entando.org/v1/namespaces/entando-k8s-operator-common-cmms63/entandoplugins/other-name-cmms63 HTTP/1.1 and responded: HTTP/1.1 200 OK
Sep 18, 2020 6:12:29 AM okhttp3.mockwebserver.MockWebServer$3 processOneRequest
INFO: MockWebServer[55291] received request: PATCH /apis/entando.org/v1/namespaces/entando-k8s-operator-common-cmms63/entandoplugins/other-name-cmms63 HTTP/1.1 and responded: HTTP/1.1 202 OK
Sep 18, 2020 6:12:29 AM okhttp3.mockwebserver.MockWebServer$3 processOneRequest
INFO: MockWebServer[55291] received request: GET /apis/entando.org/v1/namespaces/entando-k8s-operator-common-cmms63/entandoplugins/other-name-cmms63 HTTP/1.1 and responded: HTTP/1.1 200 OK
Sep 18, 2020 6:12:29 AM okhttp3.mockwebserver.MockWebServer$3 processOneRequest
INFO: MockWebServer[55291] received request: GET /apis/apps/v1/namespaces/entando-k8s-operator-common-cmms63/deployments/other-name-cmms63-server-deployment HTTP/1.1 and responded: HTTP/1.1 200 OK
Sep 18, 2020 6:12:29 AM okhttp3.mockwebserver.MockWebServer$3 processOneRequest
INFO: MockWebServer[55291] received request: GET /api/v1/namespaces/entando-k8s-operator-common-cmms63/secrets/other-name-cmms63-db-secret HTTP/1.1 and responded: HTTP/1.1 200 OK
Sep 18, 2020 6:12:29 AM okhttp3.mockwebserver.MockWebServer$3 processOneRequest
INFO: MockWebServer[55291] received request: GET /api/v1/namespaces/entando-k8s-operator-common-cmms63/secrets/other-name-cmms63-db-secret HTTP/1.1 and responded: HTTP/1.1 200 OK
Sep 18, 2020 6:12:29 AM okhttp3.mockwebserver.MockWebServer$3 processOneRequest
INFO: MockWebServer[55291] received request: GET /api/v1/namespaces/entando-k8s-operator-common-cmms63/secrets/entando-default-ca-secret HTTP/1.1 and responded: HTTP/1.1 200 OK
Sep 18, 2020 6:12:29 AM okhttp3.mockwebserver.MockWebServer$3 processOneRequest
INFO: MockWebServer[55291] received request: GET /api/v1/namespaces/entando-k8s-operator-common-cmms63/secrets/other-name-cmms63-*****-secret HTTP/1.1 and responded: HTTP/1.1 200 OK
Sep 18, 2020 6:12:29 AM okhttp3.mockwebserver.MockWebServer$3 processOneRequest
INFO: MockWebServer[55291] received request: GET /api/v1/namespaces/entando-k8s-operator-common-cmms63/secrets/other-name-cmms63-*****-secret HTTP/1.1 and responded: HTTP/1.1 200 OK
Sep 18, 2020 6:12:29 AM okhttp3.mockwebserver.MockWebServer$3 processOneRequest
INFO: MockWebServer[55291] received request: GET /api/v1/namespaces/entando-k8s-operator-common-cmms63/secrets/other-name-cmms63-db-secret HTTP/1.1 and responded: HTTP/1.1 200 OK
Sep 18, 2020 6:12:29 AM okhttp3.mockwebserver.MockWebServer$3 processOneRequest
INFO: MockWebServer[55291] received request: GET /api/v1/namespaces/entando-k8s-operator-common-cmms63/secrets/other-name-cmms63-db-secret HTTP/1.1 and responded: HTTP/1.1 200 OK
Sep 18, 2020 6:12:30 AM okhttp3.mockwebserver.MockWebServer$3 processOneRequest
INFO: MockWebServer[55291] received request: GET /api/v1/namespaces/entando-k8s-operator-common-cmms63/persistentvolumeclaims/other-name-cmms63-server-pvc HTTP/1.1 and responded: HTTP/1.1 200 OK
Sep 18, 2020 6:12:30 AM okhttp3.mockwebserver.MockWebServer$3 processOneRequest
INFO: MockWebServer[55291] received request: GET /api/v1/namespaces/entando-k8s-operator-common-cmms63/secrets/entando-default-ca-secret HTTP/1.1 and responded: HTTP/1.1 200 OK
Sep 18, 2020 6:12:30 AM okhttp3.mockwebserver.MockWebServer$3 processOneRequest
INFO: MockWebServer[55291] received request: GET /apis/apps/v1/namespaces/entando-k8s-operator-common-cmms63/deployments/other-name-cmms63-db-deployment HTTP/1.1 and responded: HTTP/1.1 200 OK
Sep 18, 2020 6:12:30 AM okhttp3.mockwebserver.MockWebServer$3 processOneRequest
INFO: MockWebServer[55291] received request: GET /apis/extensions/v1beta1/namespaces/entando-k8s-operator-common-cmms63/ingresses/sample-name-cmms63-ingress HTTP/1.1 and responded: HTTP/1.1 200 OK
Sep 18, 2020 6:12:30 AM okhttp3.mockwebserver.MockWebServer$2 acceptConnections
INFO: MockWebServer[55291] done accepting connections: Socket closed
[INFO] Tests run: 2, Failures: 0, Errors: 0, Skipped: 0, Time elapsed: 31.068 s - in org.entando.kubernetes.controller.inprocesstest.PublicIngressingMockServerTest
[INFO] Running org.entando.kubernetes.controller.inprocesstest.SpringBootContainerMockClientTest
[INFO] Tests run: 1, Failures: 0, Errors: 0, Skipped: 0, Time elapsed: 0.835 s - in org.entando.kubernetes.controller.inprocesstest.SpringBootContainerMockClientTest
[INFO] Running org.entando.kubernetes.controller.inprocesstest.DefaultClientTest
Sep 18, 2020 6:12:31 AM okhttp3.mockwebserver.MockWebServer$2 e**cute
INFO: MockWebServer[39162] starting to accept connections
Sep 18, 2020 6:12:31 AM okhttp3.mockwebserver.MockWebServer$3 processOneRequest
INFO: MockWebServer[39162] received request: POST /apis/extensions/v1beta1/namespaces/my-namespace/ingresses HTTP/1.1 and responded: HTTP/1.1 202 OK
Sep 18, 2020 6:12:31 AM okhttp3.mockwebserver.MockWebServer$3 processOneRequest
INFO: MockWebServer[39162] received request: GET /apis/extensions/v1beta1/namespaces/my-namespace/ingresses/my-ingress HTTP/1.1 and responded: HTTP/1.1 200 OK
Sep 18, 2020 6:12:31 AM okhttp3.mockwebserver.MockWebServer$3 processOneRequest
INFO: MockWebServer[39162] received request: GET /apis/extensions/v1beta1/namespaces/my-namespace/ingresses/my-ingress HTTP/1.1 and responded: HTTP/1.1 200 OK
Sep 18, 2020 6:12:31 AM okhttp3.mockwebserver.MockWebServer$3 processOneRequest
INFO: MockWebServer[39162] received request: PATCH /apis/extensions/v1beta1/namespaces/my-namespace/ingresses/my-ingress HTTP/1.1 and responded: HTTP/1.1 202 OK
Sep 18, 2020 6:12:31 AM okhttp3.mockwebserver.MockWebServer$2 acceptConnections
INFO: MockWebServer[39162] done accepting connections: Socket closed
[INFO] Tests run: 1, Failures: 0, Errors: 0, Skipped: 0, Time elapsed: 0.41 s - in org.entando.kubernetes.controller.inprocesstest.DefaultClientTest
[INFO] Running org.entando.kubernetes.controller.inprocesstest.ContainerUsingExternalDatabaseMockClientTest
[INFO] Tests run: 1, Failures: 0, Errors: 0, Skipped: 0, Time elapsed: 0.801 s - in org.entando.kubernetes.controller.inprocesstest.ContainerUsingExternalDatabaseMockClientTest
[INFO] Running org.entando.kubernetes.controller.inprocesstest.legacy.DeployExampleServiceOnExternalDatabaseTest
[INFO] Tests run: 2, Failures: 0, Errors: 0, Skipped: 0, Time elapsed: 1.045 s - in org.entando.kubernetes.controller.inprocesstest.legacy.DeployExampleServiceOnExternalDatabaseTest
[INFO] Running org.entando.kubernetes.controller.inprocesstest.legacy.DeployDatabaseTest
[INFO] Tests run: 5, Failures: 0, Errors: 0, Skipped: 0, Time elapsed: 2.434 s - in org.entando.kubernetes.controller.inprocesstest.legacy.DeployDatabaseTest
[INFO] Running org.entando.kubernetes.controller.inprocesstest.legacy.DeployExampleServiceTest
[INFO] Tests run: 6, Failures: 0, Errors: 0, Skipped: 0, Time elapsed: 6.055 s - in org.entando.kubernetes.controller.inprocesstest.legacy.DeployExampleServiceTest
[INFO] Running org.entando.kubernetes.controller.integrationtest.podwaiters.PodWaiterTest
MODIFIED:PodStatus(conditions=[PodCondition(lastProbeTime=null, lastTransitionTime=null, message=null, reason=null, status=True, type=PodScheduled, additionalProperties={})], containerStatuses=[ContainerStatus(containerID=null, image=null, imageID=null, lastState=null, name=null, ready=null, restartCount=null, started=null, state=ContainerState(running=null, terminated=null, waiting=null, additionalProperties={}), additionalProperties={})], ephemeralContainerStatuses=[], hostIP=null, initContainerStatuses=[ContainerStatus(containerID=null, image=null, imageID=null, lastState=null, name=null, ready=null, restartCount=null, started=null, state=ContainerState(running=null, terminated=null, waiting=null, additionalProperties={}), additionalProperties={})], message=null, nominatedNodeName=null, phase=Running, podIP=null, podIPs=[], qosClass=null, reason=null, startTime=null, additionalProperties={})
MODIFIED:PodStatus(conditions=[PodCondition(lastProbeTime=null, lastTransitionTime=null, message=null, reason=null, status=True, type=Ready, additionalProperties={}), PodCondition(lastProbeTime=null, lastTransitionTime=null, message=null, reason=null, status=True, type=ContainersReady, additionalProperties={})], containerStatuses=[ContainerStatus(containerID=null, image=null, imageID=null, lastState=null, name=null, ready=null, restartCount=null, started=null, state=ContainerState(running=null, terminated=null, waiting=null, additionalProperties={}), additionalProperties={})], ephemeralContainerStatuses=[], hostIP=null, initContainerStatuses=[ContainerStatus(containerID=null, image=null, imageID=null, lastState=null, name=null, ready=null, restartCount=null, started=null, state=ContainerState(running=null, terminated=null, waiting=null, additionalProperties={}), additionalProperties={})], message=null, nominatedNodeName=null, phase=Succeeded, podIP=null, podIPs=[], qosClass=null, reason=null, startTime=null, additionalProperties={})
Finished: foefie-faffie
MODIFIED:PodStatus(conditions=[PodCondition(lastProbeTime=null, lastTransitionTime=null, message=null, reason=null, status=True, type=PodScheduled, additionalProperties={})], containerStatuses=[ContainerStatus(containerID=null, image=null, imageID=null, lastState=null, name=null, ready=null, restartCount=null, started=null, state=ContainerState(running=null, terminated=null, waiting=null, additionalProperties={}), additionalProperties={})], ephemeralContainerStatuses=[], hostIP=null, initContainerStatuses=[ContainerStatus(containerID=null, image=null, imageID=null, lastState=null, name=null, ready=null, restartCount=null, started=null, state=ContainerState(running=null, terminated=null, waiting=null, additionalProperties={}), additionalProperties={})], message=null, nominatedNodeName=null, phase=Running, podIP=null, podIPs=[], qosClass=null, reason=null, startTime=null, additionalProperties={})
Finished: foefie-faffie
MODIFIED:PodStatus(conditions=[PodCondition(lastProbeTime=null, lastTransitionTime=null, message=null, reason=null, status=True, type=Ready, additionalProperties={}), PodCondition(lastProbeTime=null, lastTransitionTime=null, message=null, reason=null, status=True, type=ContainersReady, additionalProperties={})], containerStatuses=[ContainerStatus(containerID=null, image=null, imageID=null, lastState=null, name=null, ready=null, restartCount=null, started=null, state=ContainerState(running=null, terminated=null, waiting=null, additionalProperties={}), additionalProperties={})], ephemeralContainerStatuses=[], hostIP=null, initContainerStatuses=[ContainerStatus(containerID=null, image=null, imageID=null, lastState=null, name=null, ready=null, restartCount=null, started=null, state=ContainerState(running=null, terminated=null, waiting=null, additionalProperties={}), additionalProperties={})], message=null, nominatedNodeName=null, phase=Running, podIP=null, podIPs=[], qosClass=null, reason=null, startTime=null, additionalProperties={})
ERROR:PodStatus(conditions=[PodCondition(lastProbeTime=null, lastTransitionTime=null, message=null, reason=null, status=True, type=PodScheduled, additionalProperties={})], containerStatuses=[ContainerStatus(containerID=null, image=null, imageID=null, lastState=null, name=null, ready=null, restartCount=null, started=null, state=ContainerState(running=null, terminated=null, waiting=null, additionalProperties={}), additionalProperties={})], ephemeralContainerStatuses=[], hostIP=null, initContainerStatuses=[ContainerStatus(containerID=null, image=null, imageID=null, lastState=null, name=null, ready=null, restartCount=null, started=null, state=ContainerState(running=null, terminated=null, waiting=null, additionalProperties={}), additionalProperties={})], message=null, nominatedNodeName=null, phase=Failed, podIP=null, podIPs=[], qosClass=null, reason=Error, startTime=null, additionalProperties={})
Finished: foefie-faffie
MODIFIED:PodStatus(conditions=[PodCondition(lastProbeTime=null, lastTransitionTime=null, message=null, reason=null, status=True, type=PodScheduled, additionalProperties={})], containerStatuses=[ContainerStatus(containerID=null, image=null, imageID=null, lastState=null, name=null, ready=null, restartCount=null, started=null, state=ContainerState(running=null, terminated=null, waiting=null, additionalProperties={}), additionalProperties={})], ephemeralContainerStatuses=[], hostIP=null, initContainerStatuses=[ContainerStatus(containerID=null, image=null, imageID=null, lastState=null, name=null, ready=null, restartCount=null, started=null, state=ContainerState(running=null, terminated=null, waiting=null, additionalProperties={}), additionalProperties={})], message=null, nominatedNodeName=null, phase=Running, podIP=null, podIPs=[], qosClass=null, reason=null, startTime=null, additionalProperties={})
MODIFIED:PodStatus(conditions=[PodCondition(lastProbeTime=null, lastTransitionTime=null, message=null, reason=null, status=True, type=Ready, additionalProperties={}), PodCondition(lastProbeTime=null, lastTransitionTime=null, message=null, reason=null, status=True, type=ContainersReady, additionalProperties={})], containerStatuses=[ContainerStatus(containerID=null, image=null, imageID=null, lastState=null, name=null, ready=null, restartCount=null, started=null, state=ContainerState(running=null, terminated=null, waiting=null, additionalProperties={}), additionalProperties={})], ephemeralContainerStatuses=[], hostIP=null, initContainerStatuses=[ContainerStatus(containerID=null, image=null, imageID=null, lastState=null, name=null, ready=null, restartCount=null, started=null, state=ContainerState(running=null, terminated=null, waiting=null, additionalProperties={}), additionalProperties={})], message=null, nominatedNodeName=null, phase=Running, podIP=null, podIPs=[], qosClass=null, reason=null, startTime=null, additionalProperties={})
Finished: foefie-faffie
MODIFIED:PodStatus(conditions=[PodCondition(lastProbeTime=null, lastTransitionTime=null, message=null, reason=null, status=True, type=Ready, additionalProperties={}), PodCondition(lastProbeTime=null, lastTransitionTime=null, message=null, reason=null, status=True, type=ContainersReady, additionalProperties={})], containerStatuses=[ContainerStatus(containerID=null, image=null, imageID=null, lastState=null, name=null, ready=null, restartCount=null, started=null, state=ContainerState(running=null, terminated=null, waiting=null, additionalProperties={}), additionalProperties={})], ephemeralContainerStatuses=[], hostIP=null, initContainerStatuses=[ContainerStatus(containerID=null, image=null, imageID=null, lastState=null, name=null, ready=null, restartCount=null, started=null, state=ContainerState(running=null, terminated=null, waiting=null, additionalProperties={}), additionalProperties={})], message=null, nominatedNodeName=null, phase=Running, podIP=null, podIPs=[], qosClass=null, reason=null, startTime=null, additionalProperties={})
Finished: foefie-faffie
MODIFIED:PodStatus(conditions=[PodCondition(lastProbeTime=null, lastTransitionTime=null, message=null, reason=null, status=True, type=PodScheduled, additionalProperties={})], containerStatuses=[ContainerStatus(containerID=null, image=null, imageID=null, lastState=null, name=null, ready=null, restartCount=null, started=null, state=ContainerState(running=null, terminated=null, waiting=null, additionalProperties={}), additionalProperties={})], ephemeralContainerStatuses=[], hostIP=null, initContainerStatuses=[ContainerStatus(containerID=null, image=null, imageID=null, lastState=null, name=null, ready=null, restartCount=null, started=null, state=ContainerState(running=null, terminated=null, waiting=null, additionalProperties={}), additionalProperties={})], message=null, nominatedNodeName=null, phase=Running, podIP=null, podIPs=[], qosClass=null, reason=null, startTime=null, additionalProperties={})
Finished: foefie-faffie
MODIFIED:PodStatus(conditions=[PodCondition(lastProbeTime=null, lastTransitionTime=null, message=null, reason=null, status=True, type=Ready, additionalProperties={}), PodCondition(lastProbeTime=null, lastTransitionTime=null, message=null, reason=null, status=True, type=ContainersReady, additionalProperties={})], containerStatuses=[ContainerStatus(containerID=null, image=null, imageID=null, lastState=null, name=null, ready=null, restartCount=null, started=null, state=ContainerState(running=null, terminated=null, waiting=null, additionalProperties={}), additionalProperties={})], ephemeralContainerStatuses=[], hostIP=null, initContainerStatuses=[ContainerStatus(containerID=null, image=null, imageID=null, lastState=null, name=null, ready=null, restartCount=null, started=null, state=ContainerState(running=null, terminated=null, waiting=null, additionalProperties={}), additionalProperties={})], message=null, nominatedNodeName=null, phase=Succeeded, podIP=null, podIPs=[], qosClass=null, reason=null, startTime=null, additionalProperties={})
Finished: foefie-faffie
[INFO] Tests run: 8, Failures: 0, Errors: 0, Skipped: 0, Time elapsed: 1.748 s - in org.entando.kubernetes.controller.integrationtest.podwaiters.PodWaiterTest
[INFO] Running org.entando.kubernetes.controller.integrationtest.AddExampleWithEmbeddedDatabaseTest
!!!!!!!On EntandoKeycloakServer add!!!!!!!!!
ADDED:PodStatus(conditions=[PodCondition(lastProbeTime=null, lastTransitionTime=2020-09-18T06:12:49Z, message=null, reason=null, status=True, type=Initialized, additionalProperties={}), PodCondition(lastProbeTime=null, lastTransitionTime=2020-09-18T06:12:49Z, message=containers with unready status: [db-container], reason=ContainersNotReady, status=False, type=Ready, additionalProperties={}), PodCondition(lastProbeTime=null, lastTransitionTime=null, message=containers with unready status: [db-container], reason=ContainersNotReady, status=False, type=ContainersReady, additionalProperties={}), PodCondition(lastProbeTime=null, lastTransitionTime=2020-09-18T06:12:49Z, message=null, reason=null, status=True, type=PodScheduled, additionalProperties={})], containerStatuses=[ContainerStatus(containerID=null, image=docker.io/entando/********ql-96-centos7:latest, imageID=, lastState=ContainerState(running=null, terminated=null, waiting=null, additionalProperties={}), name=db-container, ready=false, restartCount=0, started=null, state=ContainerState(running=null, terminated=null, waiting=ContainerStateWaiting(message=null, reason=ContainerCreating, additionalProperties={}), additionalProperties={}), additionalProperties={})], ephemeralContainerStatuses=[], hostIP=54.36.53.206, initContainerStatuses=[], message=null, nominatedNodeName=null, phase=Pending, podIP=null, podIPs=[], qosClass=Burstable, reason=null, startTime=2020-09-18T06:12:49Z, additionalProperties={})
MODIFIED:PodStatus(conditions=[PodCondition(lastProbeTime=null, lastTransitionTime=2020-09-18T06:12:49Z, message=null, reason=null, status=True, type=Initialized, additionalProperties={}), PodCondition(lastProbeTime=null, lastTransitionTime=2020-09-18T06:12:49Z, message=containers with unready status: [db-container], reason=ContainersNotReady, status=False, type=Ready, additionalProperties={}), PodCondition(lastProbeTime=null, lastTransitionTime=null, message=containers with unready status: [db-container], reason=ContainersNotReady, status=False, type=ContainersReady, additionalProperties={}), PodCondition(lastProbeTime=null, lastTransitionTime=2020-09-18T06:12:49Z, message=null, reason=null, status=True, type=PodScheduled, additionalProperties={})], containerStatuses=[ContainerStatus(containerID=docker://fef8ffbfecbc7a2cde8bcf905489597eabba2d3260316626f8b4d6c19e51892e, image=docker.io/entando/********ql-96-centos7:latest, imageID=docker-pullable://docker.io/centos/********ql-96-centos7@sha256:f574a3f9048a68c9e1e7277009bc1123f81bdbffd1e15f875d84bbb30ff7d62a, lastState=ContainerState(running=null, terminated=null, waiting=null, additionalProperties={}), name=db-container, ready=false, restartCount=0, started=null, state=ContainerState(running=ContainerStateRunning(startedAt=2020-09-18T06:12:54Z, additionalProperties={}), terminated=null, waiting=null, additionalProperties={}), additionalProperties={})], ephemeralContainerStatuses=[], hostIP=54.36.53.206, initContainerStatuses=[], message=null, nominatedNodeName=null, phase=Running, podIP=10.128.0.252, podIPs=[], qosClass=Burstable, reason=null, startTime=2020-09-18T06:12:49Z, additionalProperties={})
MODIFIED:PodStatus(conditions=[PodCondition(lastProbeTime=null, lastTransitionTime=2020-09-18T06:12:49Z, message=null, reason=null, status=True, type=Initialized, additionalProperties={}), PodCondition(lastProbeTime=null, lastTransitionTime=2020-09-18T06:12:49Z, message=containers with unready status: [db-container], reason=ContainersNotReady, status=False, type=Ready, additionalProperties={}), PodCondition(lastProbeTime=null, lastTransitionTime=null, message=containers with unready status: [db-container], reason=ContainersNotReady, status=False, type=ContainersReady, additionalProperties={}), PodCondition(lastProbeTime=null, lastTransitionTime=2020-09-18T06:12:49Z, message=null, reason=null, status=True, type=PodScheduled, additionalProperties={})], containerStatuses=[ContainerStatus(containerID=docker://fef8ffbfecbc7a2cde8bcf905489597eabba2d3260316626f8b4d6c19e51892e, image=docker.io/entando/********ql-96-centos7:latest, imageID=docker-pullable://docker.io/centos/********ql-96-centos7@sha256:f574a3f9048a68c9e1e7277009bc1123f81bdbffd1e15f875d84bbb30ff7d62a, lastState=ContainerState(running=null, terminated=null, waiting=null, additionalProperties={}), name=db-container, ready=false, restartCount=0, started=null, state=ContainerState(running=null, terminated=ContainerStateTerminated(containerID=docker://fef8ffbfecbc7a2cde8bcf905489597eabba2d3260316626f8b4d6c19e51892e, exitCode=1, finishedAt=2020-09-18T06:13:03Z, message=null, reason=Error, signal=null, startedAt=2020-09-18T06:12:54Z, additionalProperties={}), waiting=null, additionalProperties={}), additionalProperties={})], ephemeralContainerStatuses=[], hostIP=54.36.53.206, initContainerStatuses=[], message=null, nominatedNodeName=null, phase=Running, podIP=10.128.0.252, podIPs=[], qosClass=Burstable, reason=null, startTime=2020-09-18T06:12:49Z, additionalProperties={})
Finished: test-keycloak-cmms63-db-deployment-84499d5f46-hgkq2
Sep 18, 2020 6:13:04 AM org.entando.kubernetes.controller.AbstractDbAwareController processAction
SEVERE: Unexpected exception occurred while adding EntandoKeycloakServer entando-k8s-operator-common-cmms63/test-keycloak-cmms63
org.entando.kubernetes.controller.EntandoControllerException: Database deployment failed
	at org.entando.kubernetes.controller.AbstractDbAwareController.prepareDatabaseService(AbstractDbAwareController.java:173)
	at org.entando.kubernetes.controller.common.examples.SampleController.synchronizeDeploymentState(SampleController.java:51)
	at org.entando.kubernetes.controller.AbstractDbAwareController.processAction(AbstractDbAwareController.java:146)
	at org.entando.kubernetes.controller.AbstractDbAwareController.processCommand(AbstractDbAwareController.java:128)
	at org.entando.kubernetes.controller.common.examples.SampleController.onStartup(SampleController.java:45)
	at org.entando.kubernetes.controller.integrationtest.support.ControllerStartupEventFiringListener$1.eventReceived(ControllerStartupEventFiringListener.java:62)
	at org.entando.kubernetes.controller.integrationtest.support.ControllerStartupEventFiringListener$1.eventReceived(ControllerStartupEventFiringListener.java:53)
	at io.fabric8.kubernetes.client.utils.WatcherToggle.eventReceived(WatcherToggle.java:49)
	at io.fabric8.kubernetes.client.dsl.internal.WatchConnectionManager$1.onMessage(WatchConnectionManager.java:241)
	at okhttp3.internal.ws.RealWebSocket.onReadMessage(RealWebSocket.java:323)
	at okhttp3.internal.ws.WebSocketReader.readMessageFrame(WebSocketReader.java:219)
	at okhttp3.internal.ws.WebSocketReader.processNextFrame(WebSocketReader.java:105)
	at okhttp3.internal.ws.RealWebSocket.loopReader(RealWebSocket.java:274)
	at okhttp3.internal.ws.RealWebSocket$2.onResponse(RealWebSocket.java:214)
	at okhttp3.RealCall$AsyncCall.e**cute(RealCall.java:206)
	at okhttp3.internal.NamedRunnable.run(NamedRunnable.java:32)
	at java.base/java.util.concurrent.ThreadPoolE**cutor.runWorker(ThreadPoolE**cutor.java:1128)
	at java.base/java.util.concurrent.ThreadPoolE**cutor$Worker.run(ThreadPoolE**cutor.java:628)
	at java.base/java.lang.Thread.run(Thread.java:834)

Reducing logger: io.fabric8.kubernetes.client.dsl.internal.WatchConnectionManager
[ERROR] Tests run: 1, Failures: 0, Errors: 1, Skipped: 0, Time elapsed: 20.595 s <<< FAILURE! - in org.entando.kubernetes.controller.integrationtest.AddExampleWithEmbeddedDatabaseTest
[ERROR] create  Time elapsed: 19.06 s  <<< ERROR!
java.lang.IllegalStateException: Error during COMPLETED
	at org.entando.kubernetes.controller.integrationtest.AddExampleWithEmbeddedDatabaseTest.create(AddExampleWithEmbeddedDatabaseTest.java:127)

[INFO] Running org.entando.kubernetes.controller.integrationtest.KeycloakClientTest
Sep 18, 2020 6:13:05 AM org.entando.kubernetes.controller.integrationtest.support.DeletionWaiter lambda$deleteSingleItem$2
WARNING: Deleting deployments  entando-k8s-operator-common-cmms63/test-keycloak-cmms63-db-deployment to zero
Sep 18, 2020 6:13:05 AM org.entando.kubernetes.controller.integrationtest.support.DeletionWaiter lambda$deleteSingleItem$2
WARNING: Deleting deployments  entando-k8s-operator-common-cmms63/test-keycloak-cmms63-db-deployment
Sep 18, 2020 6:13:05 AM org.entando.kubernetes.controller.integrationtest.support.DeletionWaiter lambda$deleteSingleItem$2
WARNING: Deleting pods  entando-k8s-operator-common-cmms63/test-keycloak-cmms63-db-deployment-84499d5f46-hgkq2
[INFO] Tests run: 3, Failures: 0, Errors: 0, Skipped: 0, Time elapsed: 81.736 s - in org.entando.kubernetes.controller.integrationtest.KeycloakClientTest
[INFO] 
[INFO] Results:
[INFO] 
[ERROR] Errors: 
[ERROR]   AddExampleWithEmbeddedDatabaseTest.create:127 Â» IllegalState Error during COMP...
[INFO] 
[ERROR] Tests run: 42, Failures: 0, Errors: 1, Skipped: 0
[INFO] 
[INFO] 
[INFO] ------------------------------------------------------------------------
[INFO] Skipping Entando K8S Operator Common Library
[INFO] This project has been banned from the build due to previous failures.
[INFO] ------------------------------------------------------------------------
[INFO] ------------------------------------------------------------------------
[INFO] BUILD FAILURE
[INFO] ------------------------------------------------------------------------
[INFO] Total time:  03:12 min
[INFO] Finished at: 2020-09-18T06:14:26Z
[INFO] ------------------------------------------------------------------------
[ERROR] Failed to e**cute goal org.apache.maven.plugins:maven-surefire-plugin:3.0.0-M1:test (default-test) on project entando-k8s-operator-common: There are test failures.
[ERROR] 
[ERROR] Please refer to /workspace/source/target/surefire-reports for the individual test results.
[ERROR] Please refer to dump files (if any exist) [date].dump, [date]-***Run[N].dump and [date].dumpstream.
[ERROR] -> [Help 1]
[ERROR] 
[ERROR] To see the full stack trace of the errors, re-run Maven with the -e switch.
[ERROR] Re-run Maven using the -X switch to enable full debug logging.
[ERROR] 
[ERROR] For more information about the errors and possible solutions, please read the following articles:
[ERROR] [Help 1] http://cwiki.apache.org/confluence/display/MAVEN/MojoFailureException
shallow cloning https://github.com/entando-k8s/devops-results.git branch gh-pages
ran git init in /tmp/jenkins-x-collect702411381
ran git add remote origin https://github.com/entando-k8s/devops-results.git in /tmp/jenkins-x-collect702411381
ran git fetch origin --depth=1 gh-pages in dir /tmp/jenkins-x-collect702411381
Publishing https://raw.githubusercontent.com/entando-k8s/devops-results/gh-pages/entando-k8s-operator-common/master/checkstyle.html
Publishing https://raw.githubusercontent.com/entando-k8s/devops-results/gh-pages/entando-k8s-operator-common/master/checkstyle.rss
Publishing https://raw.githubusercontent.com/entando-k8s/devops-results/gh-pages/entando-k8s-operator-common/master/images/rss.png
stashed: https://raw.githubusercontent.com/entando-k8s/devops-results/gh-pages/entando-k8s-operator-common/master/checkstyle.html
stashed: https://raw.githubusercontent.com/entando-k8s/devops-results/gh-pages/entando-k8s-operator-common/master/checkstyle.rss
stashed: https://raw.githubusercontent.com/entando-k8s/devops-results/gh-pages/entando-k8s-operator-common/master/images/rss.png
Pre-deployment tests failed for entando-k8s-operator-common-master.
OWASP has found dependencies with vulnerabilities for entando-k8s-operator-common-master.
The following checks failed: for entando-k8s-operator-common-master : Pre-deployment tests; OWASP Maven Dependency Check; 
[31m
Pipeline failed on stage 'from-build-pack' : container 'step-build-mvn-deploy-release'. The execution of the pipeline has stopped.[0m
