
Showing logs for build [32mentando-k8s-entando-k8s-operato-mb2pb-65[0m stage [32mfrom-build-pack[0m and container [32mstep-credential-initializer-4fg9z[0m
{"level":"warn","ts":1600433254.7783794,"logger":"fallback-logger","caller":"logging/config.go:69","msg":"Fetch GitHub commit ID from kodata failed: \"ref: refs/heads/0.8.0-**-support-backwards-incompats\" is not a valid GitHub commit ID"}
{"level":"info","ts":1600433254.78518,"logger":"fallback-logger","caller":"creds-init/main.go:40","msg":"Credentials initialized."}

Showing logs for build [32mentando-k8s-entando-k8s-operato-mb2pb-65[0m stage [32mfrom-build-pack[0m and container [32mstep-working-dir-initializer-7crdt[0m
{"level":"warn","ts":1600433256.975926,"logger":"fallback-logger","caller":"logging/config.go:69","msg":"Fetch GitHub commit ID from kodata failed: open /var/run/ko/HEAD: no such file or directory"}
{"level":"info","ts":1600433256.9945796,"logger":"fallback-logger","caller":"bash/main.go:64","msg":"Successfully e**cuted command \"sh -c mkdir -p /workspace/source\"; output "}

Showing logs for build [32mentando-k8s-entando-k8s-operato-mb2pb-65[0m stage [32mfrom-build-pack[0m and container [32mstep-place-tools[0m

Showing logs for build [32mentando-k8s-entando-k8s-operato-mb2pb-65[0m stage [32mfrom-build-pack[0m and container [32mstep-git-source-entando-k8s-entando-k8s-operato-f752w[0m
{"level":"warn","ts":1600433339.8465488,"logger":"fallback-logger","caller":"logging/config.go:69","msg":"Fetch GitHub commit ID from kodata failed: \"ref: refs/heads/0.8.0-**-support-backwards-incompats\" is not a valid GitHub commit ID"}
{"level":"info","ts":1600433341.5711734,"logger":"fallback-logger","caller":"git/git.go:103","msg":"Successfully cloned https://github.com/entando-k8s/entando-k8s-operator-common.git @ v6.2.15 in path /workspace/source"}

Showing logs for build [32mentando-k8s-entando-k8s-operato-mb2pb-65[0m stage [32mfrom-build-pack[0m and container [32mstep-git-merge[0m
Using SHAs from PULL_REFS=master:7f541dec419c57a9fe1c1aa5c2d2017e6a7d7e45
WARNING: no SHAs to merge, falling back to initial cloned commit

Showing logs for build [32mentando-k8s-entando-k8s-operato-mb2pb-65[0m stage [32mfrom-build-pack[0m and container [32mstep-setup-jx-git-credentials[0m
Generated Git credentials file /workspace/xdg_config/git/credentials

Showing logs for build [32mentando-k8s-entando-k8s-operato-mb2pb-65[0m stage [32mfrom-build-pack[0m and container [32mstep-build-fetch-history-for-sonar[0m
From https://github.com/entando-k8s/entando-k8s-operator-common
 * [new branch]      ENG-673-gke-ingress -> origin/ENG-673-gke-ingress
 * [new branch]      ENG-703-as-an-entando-developer-i-would-like-the-swagger-ui-enabled-by-default-so-i-can-more-easily-see-and-test-the-available-apis -> origin/ENG-703-as-an-entando-developer-i-would-like-the-swagger-ui-enabled-by-default-so-i-can-more-easily-see-and-test-the-available-apis
 * [new branch]      master              -> origin/master
 * [new branch]      optional-finalizers -> origin/optional-finalizers
 * [new tag]         v6.2.15             -> v6.2.15
 * [new tag]         finalizers          -> finalizers
 * [new tag]         spock-spike         -> spock-spike

Showing logs for build [32mentando-k8s-entando-k8s-operato-mb2pb-65[0m stage [32mfrom-build-pack[0m and container [32mstep-build-mvn-deploy-release[0m
Picked up _JAVA_OPTIONS: -XX:+UnlockExperimentalVMOptions -Dsun.zip.disableMemoryMapping=true -XX:+UseParallelGC -XX:MinHeapFreeRatio=5 -XX:MaxHeapFreeRatio=10 -XX:GCTimeRatio=4 -XX:AdaptiveSizePolicyWeight=90 -Xms10m -Xmx8000m
[INFO] Scanning for projects...
[INFO] 
[INFO] --------------< org.entando:entando-k8s-operator-common >---------------
[INFO] Building Entando K8S Operator Common Library 6.2.15
[INFO] --------------------------------[ jar ]---------------------------------
[INFO] 
[INFO] --- maven-clean-plugin:2.5:clean (default-clean) @ entando-k8s-operator-common ---
[INFO] 
[INFO] --- maven-checkstyle-plugin:3.1.1:check (validate) @ entando-k8s-operator-common ---
[INFO] Starting audit...
Audit done.
[INFO] You have 0 Checkstyle violations.
[INFO] 
[INFO] --- maven-checkstyle-plugin:3.1.1:checkstyle (validate) @ entando-k8s-operator-common ---
[INFO] Starting audit...
Audit done.
[INFO] 
[INFO] --- jacoco-maven-plugin:0.8.5:prepare-agent (prepare-agent) @ entando-k8s-operator-common ---
[INFO] argLine set to -javaagent:/home/jenkins/.mvnrepository/org/jacoco/org.jacoco.agent/0.8.5/org.jacoco.agent-0.8.5-runtime.jar=destfile=/workspace/source/target/jacoco.e**c
[INFO] 
[INFO] --- maven-resources-plugin:2.6:resources (default-resources) @ entando-k8s-operator-common ---
[INFO] Using 'UTF-8' encoding to copy filtered resources.
[INFO] Copying 14 resources
[INFO] 
[INFO] --- maven-compiler-plugin:3.8.1:compile (default-compile) @ entando-k8s-operator-common ---
[INFO] Changes detected - recompiling the module!
[INFO] Compiling 97 source files to /workspace/source/target/classes
[INFO] 
[INFO] --- maven-resources-plugin:2.6:testResources (default-testResources) @ entando-k8s-operator-common ---
[INFO] Using 'UTF-8' encoding to copy filtered resources.
[INFO] Copying 7 resources
[INFO] 
[INFO] --- maven-compiler-plugin:3.8.1:testCompile (default-testCompile) @ entando-k8s-operator-common ---
[INFO] Changes detected - recompiling the module!
[INFO] Compiling 88 source files to /workspace/source/target/test-classes
[INFO] /workspace/source/src/test/java/org/entando/kubernetes/controller/inprocesstest/k8sclientdouble/PodClientDouble.java: /workspace/source/src/test/java/org/entando/kubernetes/controller/inprocesstest/k8sclientdouble/PodClientDouble.java uses or overrides a deprecated API.
[INFO] /workspace/source/src/test/java/org/entando/kubernetes/controller/inprocesstest/k8sclientdouble/PodClientDouble.java: Recompile with -Xlint:deprecation for details.
[INFO] 
[INFO] --- maven-surefire-plugin:3.0.0-M1:test (default-test) @ entando-k8s-operator-common ---
[INFO] 
[INFO] -------------------------------------------------------
[INFO]  T E S T S
[INFO] -------------------------------------------------------
[INFO] Running org.entando.kubernetes.controller.inprocesstest.ControllerE**cutorMockServerTest
Sep 18, 2020 12:49:51 PM okhttp3.mockwebserver.MockWebServer$2 e**cute
INFO: MockWebServer[53107] starting to accept connections
Sep 18, 2020 12:49:52 PM okhttp3.mockwebserver.MockWebServer$3 processOneRequest
INFO: MockWebServer[53107] received request: GET /api/v1/namespaces/entando/configmaps/entando-docker-image-info-v6.1 HTTP/1.1 and responded: HTTP/1.1 404 Client Error
Sep 18, 2020 12:49:52 PM okhttp3.mockwebserver.MockWebServer$3 processOneRequest
INFO: MockWebServer[53107] received request: GET /api/v1/namespaces/test/secrets/my-keycloak-controller-ca-cert-secret HTTP/1.1 and responded: HTTP/1.1 404 Client Error
Sep 18, 2020 12:49:52 PM okhttp3.mockwebserver.MockWebServer$3 processOneRequest
INFO: MockWebServer[53107] received request: POST /api/v1/namespaces/test/secrets HTTP/1.1 and responded: HTTP/1.1 202 OK
Sep 18, 2020 12:49:53 PM okhttp3.mockwebserver.MockWebServer$3 processOneRequest
INFO: MockWebServer[53107] received request: POST /api/v1/namespaces/entando-k8s-operator-common-cmms65/pods HTTP/1.1 and responded: HTTP/1.1 202 OK
Sep 18, 2020 12:49:53 PM okhttp3.mockwebserver.MockWebServer$3 processOneRequest
INFO: MockWebServer[53107] received request: GET /api/v1/namespaces/entando-k8s-operator-common-cmms65/pods?fieldSelector=metadata.name%3Dmy-keycloak-deployer-j9xtildsly&watch=true HTTP/1.1 and responded: HTTP/1.1 200 OK
Sep 18, 2020 12:49:53 PM okhttp3.mockwebserver.MockWebServer$3 processOneRequest
INFO: MockWebServer[53107] received request: GET /api/v1/namespaces/entando-k8s-operator-common-cmms65/pods?labelSelector=EntandoKeycloakServer%3Dmy-keycloak HTTP/1.1 and responded: HTTP/1.1 200 OK
Sep 18, 2020 12:49:53 PM okhttp3.mockwebserver.MockWebServer$3 processOneRequest
INFO: MockWebServer[53107] received request: GET /api/v1/namespaces/entando-k8s-operator-common-cmms65/pods?fieldSelector=metadata.name%3Dmy-keycloak-deployer-j9xtildsly&watch=true HTTP/1.1 and responded: HTTP/1.1 200 OK
Sep 18, 2020 12:49:53 PM io.fabric8.kubernetes.client.dsl.internal.WatchHTTPManager$1 onResponse
INFO: Watch terminated unexpectedly. reason: \n not found: limit=1184 content=7b2261706956657273696f6e223a227631222c226b696e64223a224c69737422â€¦
Sep 18, 2020 12:49:54 PM okhttp3.mockwebserver.MockWebServer$2 acceptConnections
INFO: MockWebServer[53107] done accepting connections: Socket closed
Sep 18, 2020 12:49:54 PM okhttp3.mockwebserver.MockWebServer$3 e**cute
INFO: MockWebServer[53107] connection from /127.0.0.1 failed: java.net.SocketException: Connection or outbound has closed
Sep 18, 2020 12:49:54 PM io.fabric8.kubernetes.client.dsl.internal.WatchHTTPManager$1 onFailure
INFO: Watch connection failed. reason: Canceled
Sep 18, 2020 12:49:54 PM io.fabric8.kubernetes.client.dsl.internal.WatchHTTPManager scheduleReconnect
WARN: Ignoring error for already closed/closing connection
Sep 18, 2020 12:49:54 PM okhttp3.mockwebserver.MockWebServer$2 e**cute
INFO: MockWebServer[56655] starting to accept connections
Sep 18, 2020 12:49:54 PM okhttp3.mockwebserver.MockWebServer$3 processOneRequest
INFO: MockWebServer[56655] received request: GET /api/v1/namespaces/entando/configmaps/entando-docker-image-info-v6.1 HTTP/1.1 and responded: HTTP/1.1 404 Client Error
Sep 18, 2020 12:49:54 PM okhttp3.mockwebserver.MockWebServer$3 processOneRequest
INFO: MockWebServer[56655] received request: GET /api/v1/namespaces/test/secrets/my-keycloak-controller-ca-cert-secret HTTP/1.1 and responded: HTTP/1.1 404 Client Error
Sep 18, 2020 12:49:54 PM okhttp3.mockwebserver.MockWebServer$3 processOneRequest
INFO: MockWebServer[56655] received request: POST /api/v1/namespaces/test/secrets HTTP/1.1 and responded: HTTP/1.1 202 OK
Sep 18, 2020 12:49:54 PM okhttp3.mockwebserver.MockWebServer$3 processOneRequest
INFO: MockWebServer[56655] received request: POST /api/v1/namespaces/entando-k8s-operator-common-cmms65/pods HTTP/1.1 and responded: HTTP/1.1 202 OK
Sep 18, 2020 12:49:54 PM okhttp3.mockwebserver.MockWebServer$3 processOneRequest
INFO: MockWebServer[56655] received request: GET /api/v1/namespaces/entando-k8s-operator-common-cmms65/pods?labelSelector=EntandoKeycloakServer%3Dmy-keycloak&watch=true HTTP/1.1 and responded: HTTP/1.1 200 OK
Sep 18, 2020 12:49:54 PM okhttp3.mockwebserver.MockWebServer$3 processOneRequest
INFO: MockWebServer[56655] received request: GET /api/v1/namespaces/entando-k8s-operator-common-cmms65/pods?labelSelector=EntandoKeycloakServer%3Dmy-keycloak HTTP/1.1 and responded: HTTP/1.1 200 OK
Sep 18, 2020 12:49:54 PM okhttp3.mockwebserver.MockWebServer$3 processOneRequest
INFO: MockWebServer[56655] received request: GET /api/v1/namespaces/entando-k8s-operator-common-cmms65/pods?labelSelector=EntandoKeycloakServer%3Dmy-keycloak&watch=true HTTP/1.1 and responded: HTTP/1.1 200 OK
Sep 18, 2020 12:49:54 PM okhttp3.mockwebserver.MockWebServer$2 acceptConnections
INFO: MockWebServer[56655] done accepting connections: Socket closed
Sep 18, 2020 12:49:54 PM io.fabric8.kubernetes.client.dsl.internal.WatchHTTPManager$1 onFailure
INFO: Watch connection failed. reason: Canceled
Sep 18, 2020 12:49:54 PM io.fabric8.kubernetes.client.dsl.internal.WatchHTTPManager scheduleReconnect
WARN: Ignoring error for already closed/closing connection
[INFO] Tests run: 2, Failures: 0, Errors: 0, Skipped: 0, Time elapsed: 4.641 s - in org.entando.kubernetes.controller.inprocesstest.ControllerE**cutorMockServerTest
[INFO] Running org.entando.kubernetes.controller.inprocesstest.ImageResolutionTest
[INFO] Tests run: 6, Failures: 0, Errors: 0, Skipped: 0, Time elapsed: 0.009 s - in org.entando.kubernetes.controller.inprocesstest.ImageResolutionTest
[INFO] Running org.entando.kubernetes.controller.inprocesstest.ControllerE**cutorMockClientTest
[INFO] Tests run: 2, Failures: 0, Errors: 0, Skipped: 0, Time elapsed: 1.643 s - in org.entando.kubernetes.controller.inprocesstest.ControllerE**cutorMockClientTest
[INFO] Running org.entando.kubernetes.controller.inprocesstest.PublicIngressingMockClientTest
[INFO] Tests run: 2, Failures: 0, Errors: 0, Skipped: 0, Time elapsed: 2.449 s - in org.entando.kubernetes.controller.inprocesstest.PublicIngressingMockClientTest
[INFO] Running org.entando.kubernetes.controller.inprocesstest.PublicIngressingMockServerTest
Sep 18, 2020 12:49:59 PM okhttp3.mockwebserver.MockWebServer$2 e**cute
INFO: MockWebServer[56015] starting to accept connections
Sep 18, 2020 12:49:59 PM okhttp3.mockwebserver.MockWebServer$3 processOneRequest
INFO: MockWebServer[56015] received request: GET /api/v1/namespaces/entando/configmaps/entando-docker-image-info-v6.1 HTTP/1.1 and responded: HTTP/1.1 404 Client Error
Sep 18, 2020 12:49:59 PM okhttp3.mockwebserver.MockWebServer$3 processOneRequest
INFO: MockWebServer[56015] received request: GET /api/v1/namespaces/test/secrets/keycloak-*****-secret HTTP/1.1 and responded: HTTP/1.1 404 Client Error
Sep 18, 2020 12:49:59 PM okhttp3.mockwebserver.MockWebServer$3 processOneRequest
INFO: MockWebServer[56015] received request: POST /api/v1/namespaces/test/secrets HTTP/1.1 and responded: HTTP/1.1 202 OK
Sep 18, 2020 12:49:59 PM okhttp3.mockwebserver.MockWebServer$3 processOneRequest
INFO: MockWebServer[56015] received request: GET /apis/apiextensions.k8s.io/v1beta1/customresourcedefinitions/entandoplugins.entando.org HTTP/1.1 and responded: HTTP/1.1 404 Client Error
Sep 18, 2020 12:49:59 PM okhttp3.mockwebserver.MockWebServer$3 processOneRequest
INFO: MockWebServer[56015] received request: POST /apis/apiextensions.k8s.io/v1beta1/customresourcedefinitions HTTP/1.1 and responded: HTTP/1.1 202 OK
Sep 18, 2020 12:49:59 PM okhttp3.mockwebserver.MockWebServer$3 processOneRequest
INFO: MockWebServer[56015] received request: GET /api/v1/namespaces/test HTTP/1.1 and responded: HTTP/1.1 404 Client Error
Sep 18, 2020 12:49:59 PM okhttp3.mockwebserver.MockWebServer$3 processOneRequest
INFO: MockWebServer[56015] received request: GET /apis/entando.org/v1/namespaces/default/entandoplugins HTTP/1.1 and responded: HTTP/1.1 200 OK
Sep 18, 2020 12:49:59 PM okhttp3.mockwebserver.MockWebServer$3 processOneRequest
INFO: MockWebServer[56015] received request: GET /api/v1/namespaces/test HTTP/1.1 and responded: HTTP/1.1 404 Client Error
Sep 18, 2020 12:50:00 PM okhttp3.mockwebserver.MockWebServer$3 processOneRequest
INFO: MockWebServer[56015] received request: GET /apis/entando.org/v1/namespaces/default/entandoplugins HTTP/1.1 and responded: HTTP/1.1 200 OK
Sep 18, 2020 12:50:00 PM okhttp3.mockwebserver.MockWebServer$3 processOneRequest
INFO: MockWebServer[56015] received request: GET /apis/entando.org/v1/namespaces/entando-k8s-operator-common-cmms65/entandoplugins/sample-name-cmms65 HTTP/1.1 and responded: HTTP/1.1 404 Client Error
Sep 18, 2020 12:50:00 PM okhttp3.mockwebserver.MockWebServer$3 processOneRequest
INFO: MockWebServer[56015] received request: GET /apis/entando.org/v1/namespaces/entando-k8s-operator-common-cmms65/entandoplugins/sample-name-cmms65 HTTP/1.1 and responded: HTTP/1.1 404 Client Error
Sep 18, 2020 12:50:00 PM okhttp3.mockwebserver.MockWebServer$3 processOneRequest
INFO: MockWebServer[56015] received request: POST /apis/entando.org/v1/namespaces/entando-k8s-operator-common-cmms65/entandoplugins HTTP/1.1 and responded: HTTP/1.1 202 OK
Sep 18, 2020 12:50:00 PM okhttp3.mockwebserver.MockWebServer$3 processOneRequest
INFO: MockWebServer[56015] received request: GET /apis/entando.org/v1/namespaces/entando-k8s-operator-common-cmms65/entandoplugins/sample-name-cmms65 HTTP/1.1 and responded: HTTP/1.1 200 OK
Sep 18, 2020 12:50:00 PM okhttp3.mockwebserver.MockWebServer$3 processOneRequest
INFO: MockWebServer[56015] received request: GET /apis/entando.org/v1/namespaces/entando-k8s-operator-common-cmms65/entandoplugins/sample-name-cmms65 HTTP/1.1 and responded: HTTP/1.1 200 OK
Sep 18, 2020 12:50:00 PM okhttp3.mockwebserver.MockWebServer$3 processOneRequest
INFO: MockWebServer[56015] received request: GET /apis/entando.org/v1/namespaces/entando-k8s-operator-common-cmms65/entandoplugins/sample-name-cmms65 HTTP/1.1 and responded: HTTP/1.1 200 OK
Sep 18, 2020 12:50:00 PM okhttp3.mockwebserver.MockWebServer$3 processOneRequest
INFO: MockWebServer[56015] received request: GET /apis/entando.org/v1/namespaces/entando-k8s-operator-common-cmms65/entandoplugins/sample-name-cmms65 HTTP/1.1 and responded: HTTP/1.1 200 OK
Sep 18, 2020 12:50:00 PM okhttp3.mockwebserver.MockWebServer$3 processOneRequest
INFO: MockWebServer[56015] received request: GET /apis/entando.org/v1/namespaces/entando-k8s-operator-common-cmms65/entandoplugins/sample-name-cmms65 HTTP/1.1 and responded: HTTP/1.1 200 OK
Sep 18, 2020 12:50:00 PM okhttp3.mockwebserver.MockWebServer$3 processOneRequest
INFO: MockWebServer[56015] received request: GET /apis/entando.org/v1/namespaces/entando-k8s-operator-common-cmms65/entandoplugins/sample-name-cmms65 HTTP/1.1 and responded: HTTP/1.1 200 OK
Sep 18, 2020 12:50:00 PM okhttp3.mockwebserver.MockWebServer$3 processOneRequest
INFO: MockWebServer[56015] received request: GET /apis/entando.org/v1/namespaces/entando-k8s-operator-common-cmms65/entandoplugins/sample-name-cmms65 HTTP/1.1 and responded: HTTP/1.1 200 OK
Sep 18, 2020 12:50:00 PM okhttp3.mockwebserver.MockWebServer$3 processOneRequest
INFO: MockWebServer[56015] received request: GET /apis/entando.org/v1/namespaces/entando-k8s-operator-common-cmms65/entandoplugins/sample-name-cmms65 HTTP/1.1 and responded: HTTP/1.1 200 OK
Sep 18, 2020 12:50:01 PM okhttp3.mockwebserver.MockWebServer$3 processOneRequest
INFO: MockWebServer[56015] received request: PATCH /apis/entando.org/v1/namespaces/entando-k8s-operator-common-cmms65/entandoplugins/sample-name-cmms65 HTTP/1.1 and responded: HTTP/1.1 202 OK
Sep 18, 2020 12:50:01 PM okhttp3.mockwebserver.MockWebServer$3 processOneRequest
INFO: MockWebServer[56015] received request: GET /apis/entando.org/v1/namespaces/entando-k8s-operator-common-cmms65/entandoplugins/sample-name-cmms65 HTTP/1.1 and responded: HTTP/1.1 200 OK
Sep 18, 2020 12:50:01 PM okhttp3.mockwebserver.MockWebServer$3 processOneRequest
INFO: MockWebServer[56015] received request: GET /apis/apiextensions.k8s.io/v1beta1/customresourcedefinitions/entandodatabaseservices.entando.org HTTP/1.1 and responded: HTTP/1.1 404 Client Error
Sep 18, 2020 12:50:01 PM okhttp3.mockwebserver.MockWebServer$3 processOneRequest
INFO: MockWebServer[56015] received request: POST /apis/apiextensions.k8s.io/v1beta1/customresourcedefinitions HTTP/1.1 and responded: HTTP/1.1 202 OK
Sep 18, 2020 12:50:01 PM okhttp3.mockwebserver.MockWebServer$3 processOneRequest
INFO: MockWebServer[56015] received request: GET /apis/entando.org/v1/namespaces/entando-k8s-operator-common-cmms65/entandoplugins/sample-name-cmms65 HTTP/1.1 and responded: HTTP/1.1 200 OK
Sep 18, 2020 12:50:01 PM okhttp3.mockwebserver.MockWebServer$3 processOneRequest
INFO: MockWebServer[56015] received request: GET /api/v1/namespaces/test HTTP/1.1 and responded: HTTP/1.1 404 Client Error
Sep 18, 2020 12:50:01 PM okhttp3.mockwebserver.MockWebServer$3 processOneRequest
INFO: MockWebServer[56015] received request: GET /apis/entando.org/v1/namespaces/default/entandodatabaseservices HTTP/1.1 and responded: HTTP/1.1 200 OK
Sep 18, 2020 12:50:01 PM okhttp3.mockwebserver.MockWebServer$3 processOneRequest
INFO: MockWebServer[56015] received request: GET /apis/entando.org/v1/namespaces/entando-k8s-operator-common-cmms65/entandoplugins/sample-name-cmms65 HTTP/1.1 and responded: HTTP/1.1 200 OK
Sep 18, 2020 12:50:01 PM okhttp3.mockwebserver.MockWebServer$3 processOneRequest
INFO: MockWebServer[56015] received request: GET /api/v1/namespaces/test HTTP/1.1 and responded: HTTP/1.1 404 Client Error
Sep 18, 2020 12:50:01 PM okhttp3.mockwebserver.MockWebServer$3 processOneRequest
INFO: MockWebServer[56015] received request: GET /apis/entando.org/v1/namespaces/entando-k8s-operator-common-cmms65/entandoplugins/sample-name-cmms65 HTTP/1.1 and responded: HTTP/1.1 200 OK
Sep 18, 2020 12:50:01 PM okhttp3.mockwebserver.MockWebServer$3 processOneRequest
INFO: MockWebServer[56015] received request: GET /apis/entando.org/v1/namespaces/default/entandodatabaseservices HTTP/1.1 and responded: HTTP/1.1 200 OK
Sep 18, 2020 12:50:01 PM okhttp3.mockwebserver.MockWebServer$3 processOneRequest
INFO: MockWebServer[56015] received request: GET /apis/entando.org/v1/namespaces/entando-k8s-operator-common-cmms65/entandodatabaseservices HTTP/1.1 and responded: HTTP/1.1 200 OK
Sep 18, 2020 12:50:01 PM okhttp3.mockwebserver.MockWebServer$3 processOneRequest
INFO: MockWebServer[56015] received request: GET /apis/entando.org/v1/namespaces/entando-k8s-operator-common-cmms65/entandoplugins/sample-name-cmms65 HTTP/1.1 and responded: HTTP/1.1 200 OK
Sep 18, 2020 12:50:01 PM okhttp3.mockwebserver.MockWebServer$3 processOneRequest
INFO: MockWebServer[56015] received request: GET /api/v1/namespaces/entando/configmaps/entando-docker-image-info-v6.1 HTTP/1.1 and responded: HTTP/1.1 404 Client Error
Sep 18, 2020 12:50:01 PM okhttp3.mockwebserver.MockWebServer$3 processOneRequest
INFO: MockWebServer[56015] received request: GET /api/v1/namespaces/entando-k8s-operator-common-cmms65/persistentvolumeclaims/sample-name-cmms65-db-pvc HTTP/1.1 and responded: HTTP/1.1 404 Client Error
Sep 18, 2020 12:50:01 PM okhttp3.mockwebserver.MockWebServer$3 processOneRequest
INFO: MockWebServer[56015] received request: GET /apis/entando.org/v1/namespaces/entando-k8s-operator-common-cmms65/entandoplugins/sample-name-cmms65 HTTP/1.1 and responded: HTTP/1.1 200 OK
Sep 18, 2020 12:50:01 PM okhttp3.mockwebserver.MockWebServer$3 processOneRequest
INFO: MockWebServer[56015] received request: POST /api/v1/namespaces/entando-k8s-operator-common-cmms65/persistentvolumeclaims HTTP/1.1 and responded: HTTP/1.1 202 OK
Sep 18, 2020 12:50:01 PM okhttp3.mockwebserver.MockWebServer$3 processOneRequest
INFO: MockWebServer[56015] received request: GET /apis/entando.org/v1/namespaces/entando-k8s-operator-common-cmms65/entandoplugins/sample-name-cmms65 HTTP/1.1 and responded: HTTP/1.1 200 OK
Sep 18, 2020 12:50:02 PM okhttp3.mockwebserver.MockWebServer$3 processOneRequest
INFO: MockWebServer[56015] received request: GET /api/v1/namespaces/entando-k8s-operator-common-cmms65/persistentvolumeclaims/sample-name-cmms65-db-pvc HTTP/1.1 and responded: HTTP/1.1 200 OK
Sep 18, 2020 12:50:02 PM okhttp3.mockwebserver.MockWebServer$3 processOneRequest
INFO: MockWebServer[56015] received request: GET /apis/entando.org/v1/namespaces/entando-k8s-operator-common-cmms65/entandoplugins/sample-name-cmms65 HTTP/1.1 and responded: HTTP/1.1 200 OK
Sep 18, 2020 12:50:02 PM okhttp3.mockwebserver.MockWebServer$3 processOneRequest
INFO: MockWebServer[56015] received request: GET /apis/entando.org/v1/namespaces/entando-k8s-operator-common-cmms65/entandoplugins/sample-name-cmms65 HTTP/1.1 and responded: HTTP/1.1 200 OK
Sep 18, 2020 12:50:02 PM okhttp3.mockwebserver.MockWebServer$3 processOneRequest
INFO: MockWebServer[56015] received request: GET /apis/entando.org/v1/namespaces/entando-k8s-operator-common-cmms65/entandoplugins/sample-name-cmms65 HTTP/1.1 and responded: HTTP/1.1 200 OK
Sep 18, 2020 12:50:02 PM okhttp3.mockwebserver.MockWebServer$3 processOneRequest
INFO: MockWebServer[56015] received request: GET /apis/entando.org/v1/namespaces/entando-k8s-operator-common-cmms65/entandoplugins/sample-name-cmms65 HTTP/1.1 and responded: HTTP/1.1 200 OK
Sep 18, 2020 12:50:02 PM okhttp3.mockwebserver.MockWebServer$3 processOneRequest
INFO: MockWebServer[56015] received request: PATCH /apis/entando.org/v1/namespaces/entando-k8s-operator-common-cmms65/entandoplugins/sample-name-cmms65 HTTP/1.1 and responded: HTTP/1.1 202 OK
Sep 18, 2020 12:50:02 PM okhttp3.mockwebserver.MockWebServer$3 processOneRequest
INFO: MockWebServer[56015] received request: POST /api/v1/namespaces/entando-k8s-operator-common-cmms65/secrets HTTP/1.1 and responded: HTTP/1.1 202 OK
Sep 18, 2020 12:50:02 PM okhttp3.mockwebserver.MockWebServer$3 processOneRequest
INFO: MockWebServer[56015] received request: GET /apis/entando.org/v1/namespaces/entando-k8s-operator-common-cmms65/entandoplugins/sample-name-cmms65 HTTP/1.1 and responded: HTTP/1.1 200 OK
Sep 18, 2020 12:50:02 PM okhttp3.mockwebserver.MockWebServer$3 processOneRequest
INFO: MockWebServer[56015] received request: POST /api/v1/namespaces/entando-k8s-operator-common-cmms65/secrets HTTP/1.1 and responded: HTTP/1.1 202 OK
Sep 18, 2020 12:50:02 PM okhttp3.mockwebserver.MockWebServer$3 processOneRequest
INFO: MockWebServer[56015] received request: GET /api/v1/namespaces/entando-k8s-operator-common-cmms65/services/sample-name-cmms65-db-service HTTP/1.1 and responded: HTTP/1.1 404 Client Error
Sep 18, 2020 12:50:02 PM okhttp3.mockwebserver.MockWebServer$3 processOneRequest
INFO: MockWebServer[56015] received request: GET /apis/entando.org/v1/namespaces/entando-k8s-operator-common-cmms65/entandoplugins/sample-name-cmms65 HTTP/1.1 and responded: HTTP/1.1 200 OK
Sep 18, 2020 12:50:02 PM okhttp3.mockwebserver.MockWebServer$3 processOneRequest
INFO: MockWebServer[56015] received request: POST /api/v1/namespaces/entando-k8s-operator-common-cmms65/services HTTP/1.1 and responded: HTTP/1.1 202 OK
Sep 18, 2020 12:50:02 PM okhttp3.mockwebserver.MockWebServer$3 processOneRequest
INFO: MockWebServer[56015] received request: GET /apis/entando.org/v1/namespaces/entando-k8s-operator-common-cmms65/entandoplugins/sample-name-cmms65 HTTP/1.1 and responded: HTTP/1.1 200 OK
Sep 18, 2020 12:50:02 PM okhttp3.mockwebserver.MockWebServer$3 processOneRequest
INFO: MockWebServer[56015] received request: GET /api/v1/namespaces/entando-k8s-operator-common-cmms65/services/sample-name-cmms65-db-service HTTP/1.1 and responded: HTTP/1.1 200 OK
Sep 18, 2020 12:50:02 PM okhttp3.mockwebserver.MockWebServer$3 processOneRequest
INFO: MockWebServer[56015] received request: GET /apis/entando.org/v1/namespaces/entando-k8s-operator-common-cmms65/entandoplugins/sample-name-cmms65 HTTP/1.1 and responded: HTTP/1.1 200 OK
Sep 18, 2020 12:50:02 PM okhttp3.mockwebserver.MockWebServer$3 processOneRequest
INFO: MockWebServer[56015] received request: GET /apis/entando.org/v1/namespaces/entando-k8s-operator-common-cmms65/entandoplugins/sample-name-cmms65 HTTP/1.1 and responded: HTTP/1.1 200 OK
Sep 18, 2020 12:50:02 PM okhttp3.mockwebserver.MockWebServer$3 processOneRequest
INFO: MockWebServer[56015] received request: GET /apis/entando.org/v1/namespaces/entando-k8s-operator-common-cmms65/entandoplugins/sample-name-cmms65 HTTP/1.1 and responded: HTTP/1.1 200 OK
Sep 18, 2020 12:50:03 PM okhttp3.mockwebserver.MockWebServer$3 processOneRequest
INFO: MockWebServer[56015] received request: PATCH /apis/entando.org/v1/namespaces/entando-k8s-operator-common-cmms65/entandoplugins/sample-name-cmms65 HTTP/1.1 and responded: HTTP/1.1 202 OK
Sep 18, 2020 12:50:03 PM okhttp3.mockwebserver.MockWebServer$3 processOneRequest
INFO: MockWebServer[56015] received request: GET /apis/entando.org/v1/namespaces/entando-k8s-operator-common-cmms65/entandoplugins/sample-name-cmms65 HTTP/1.1 and responded: HTTP/1.1 200 OK
Sep 18, 2020 12:50:03 PM okhttp3.mockwebserver.MockWebServer$3 processOneRequest
INFO: MockWebServer[56015] received request: GET /apis/entando.org/v1/namespaces/entando-k8s-operator-common-cmms65/entandoplugins/sample-name-cmms65 HTTP/1.1 and responded: HTTP/1.1 200 OK
Sep 18, 2020 12:50:03 PM okhttp3.mockwebserver.MockWebServer$3 processOneRequest
INFO: MockWebServer[56015] received request: GET /apis/apps/v1/namespaces/entando-k8s-operator-common-cmms65/deployments/sample-name-cmms65-db-deployment HTTP/1.1 and responded: HTTP/1.1 404 Client Error
Sep 18, 2020 12:50:03 PM okhttp3.mockwebserver.MockWebServer$3 processOneRequest
INFO: MockWebServer[56015] received request: GET /apis/extensions/v1beta1/namespaces/entando-k8s-operator-common-cmms65/deployments/sample-name-cmms65-db-deployment HTTP/1.1 and responded: HTTP/1.1 404 Client Error
Sep 18, 2020 12:50:03 PM okhttp3.mockwebserver.MockWebServer$3 processOneRequest
INFO: MockWebServer[56015] received request: GET /apis/entando.org/v1/namespaces/entando-k8s-operator-common-cmms65/entandoplugins/sample-name-cmms65 HTTP/1.1 and responded: HTTP/1.1 200 OK
Sep 18, 2020 12:50:03 PM okhttp3.mockwebserver.MockWebServer$3 processOneRequest
INFO: MockWebServer[56015] received request: POST /apis/apps/v1/namespaces/entando-k8s-operator-common-cmms65/deployments HTTP/1.1 and responded: HTTP/1.1 202 OK
Sep 18, 2020 12:50:03 PM okhttp3.mockwebserver.MockWebServer$3 processOneRequest
INFO: MockWebServer[56015] received request: GET /apis/apps/v1/namespaces/entando-k8s-operator-common-cmms65/deployments/sample-name-cmms65-db-deployment HTTP/1.1 and responded: HTTP/1.1 200 OK
Sep 18, 2020 12:50:03 PM okhttp3.mockwebserver.MockWebServer$3 processOneRequest
INFO: MockWebServer[56015] received request: GET /apis/entando.org/v1/namespaces/entando-k8s-operator-common-cmms65/entandoplugins/sample-name-cmms65 HTTP/1.1 and responded: HTTP/1.1 200 OK
Sep 18, 2020 12:50:03 PM okhttp3.mockwebserver.MockWebServer$3 processOneRequest
INFO: MockWebServer[56015] received request: GET /apis/entando.org/v1/namespaces/entando-k8s-operator-common-cmms65/entandoplugins/sample-name-cmms65 HTTP/1.1 and responded: HTTP/1.1 200 OK
Sep 18, 2020 12:50:03 PM okhttp3.mockwebserver.MockWebServer$3 processOneRequest
INFO: MockWebServer[56015] received request: GET /apis/entando.org/v1/namespaces/entando-k8s-operator-common-cmms65/entandoplugins/sample-name-cmms65 HTTP/1.1 and responded: HTTP/1.1 200 OK
Sep 18, 2020 12:50:03 PM okhttp3.mockwebserver.MockWebServer$3 processOneRequest
INFO: MockWebServer[56015] received request: GET /apis/entando.org/v1/namespaces/entando-k8s-operator-common-cmms65/entandoplugins/sample-name-cmms65 HTTP/1.1 and responded: HTTP/1.1 200 OK
Sep 18, 2020 12:50:03 PM okhttp3.mockwebserver.MockWebServer$3 processOneRequest
INFO: MockWebServer[56015] received request: PATCH /apis/entando.org/v1/namespaces/entando-k8s-operator-common-cmms65/entandoplugins/sample-name-cmms65 HTTP/1.1 and responded: HTTP/1.1 202 OK
Sep 18, 2020 12:50:03 PM okhttp3.mockwebserver.MockWebServer$3 processOneRequest
INFO: MockWebServer[56015] received request: GET /apis/entando.org/v1/namespaces/entando-k8s-operator-common-cmms65/entandoplugins/sample-name-cmms65 HTTP/1.1 and responded: HTTP/1.1 200 OK
Sep 18, 2020 12:50:03 PM okhttp3.mockwebserver.MockWebServer$3 processOneRequest
INFO: MockWebServer[56015] received request: GET /api/v1/namespaces/entando-k8s-operator-common-cmms65/pods?labelSelector=deployment%3Dsample-name-cmms65-db&watch=true HTTP/1.1 and responded: HTTP/1.1 200 OK
Sep 18, 2020 12:50:03 PM okhttp3.mockwebserver.MockWebServer$3 processOneRequest
INFO: MockWebServer[56015] received request: GET /api/v1/namespaces/entando-k8s-operator-common-cmms65/pods?labelSelector=deployment%3Dsample-name-cmms65-db&watch=true HTTP/1.1 and responded: HTTP/1.1 200 OK
Sep 18, 2020 12:50:03 PM okhttp3.mockwebserver.MockWebServer$3 processOneRequest
INFO: MockWebServer[56015] received request: GET /apis/apps/v1/namespaces/entando-k8s-operator-common-cmms65/deployments/sample-name-cmms65-db-deployment HTTP/1.1 and responded: HTTP/1.1 200 OK
Sep 18, 2020 12:50:03 PM io.fabric8.kubernetes.client.dsl.internal.WatchHTTPManager$1 onResponse
INFO: Watch terminated unexpectedly. reason: \n not found: limit=46 content=7b2261706956657273696f6e223a227631222c226b696e64223a224c69737422â€¦
Sep 18, 2020 12:50:03 PM io.fabric8.kubernetes.client.dsl.internal.WatchHTTPManager scheduleReconnect
WARN: Ignoring error for already closed/closing connection
Sep 18, 2020 12:50:03 PM okhttp3.mockwebserver.MockWebServer$3 processOneRequest
INFO: MockWebServer[56015] received request: GET /apis/entando.org/v1/namespaces/entando-k8s-operator-common-cmms65/entandoplugins/sample-name-cmms65 HTTP/1.1 and responded: HTTP/1.1 200 OK
Sep 18, 2020 12:50:03 PM okhttp3.mockwebserver.MockWebServer$3 processOneRequest
INFO: MockWebServer[56015] received request: GET /apis/entando.org/v1/namespaces/entando-k8s-operator-common-cmms65/entandoplugins/sample-name-cmms65 HTTP/1.1 and responded: HTTP/1.1 200 OK
Sep 18, 2020 12:50:04 PM okhttp3.mockwebserver.MockWebServer$3 processOneRequest
INFO: MockWebServer[56015] received request: GET /apis/entando.org/v1/namespaces/entando-k8s-operator-common-cmms65/entandoplugins/sample-name-cmms65 HTTP/1.1 and responded: HTTP/1.1 200 OK
Sep 18, 2020 12:50:04 PM okhttp3.mockwebserver.MockWebServer$3 processOneRequest
INFO: MockWebServer[56015] received request: PATCH /apis/entando.org/v1/namespaces/entando-k8s-operator-common-cmms65/entandoplugins/sample-name-cmms65 HTTP/1.1 and responded: HTTP/1.1 202 OK
Sep 18, 2020 12:50:04 PM okhttp3.mockwebserver.MockWebServer$3 processOneRequest
INFO: MockWebServer[56015] received request: GET /apis/entando.org/v1/namespaces/entando-k8s-operator-common-cmms65/entandoplugins/sample-name-cmms65 HTTP/1.1 and responded: HTTP/1.1 200 OK
Sep 18, 2020 12:50:04 PM okhttp3.mockwebserver.MockWebServer$3 processOneRequest
INFO: MockWebServer[56015] received request: GET /api/v1/namespaces/test/secrets/keycloak-*****-secret HTTP/1.1 and responded: HTTP/1.1 200 OK
Sep 18, 2020 12:50:04 PM okhttp3.mockwebserver.MockWebServer$3 processOneRequest
INFO: MockWebServer[56015] received request: GET /api/v1/namespaces/entando/configmaps/entando-docker-image-info-v6.1 HTTP/1.1 and responded: HTTP/1.1 404 Client Error
Sep 18, 2020 12:50:04 PM okhttp3.mockwebserver.MockWebServer$3 processOneRequest
INFO: MockWebServer[56015] received request: GET /apis/entando.org/v1/namespaces/entando-k8s-operator-common-cmms65/entandoplugins/sample-name-cmms65 HTTP/1.1 and responded: HTTP/1.1 200 OK
Sep 18, 2020 12:50:04 PM okhttp3.mockwebserver.MockWebServer$3 processOneRequest
INFO: MockWebServer[56015] received request: POST /api/v1/namespaces/entando-k8s-operator-common-cmms65/secrets HTTP/1.1 and responded: HTTP/1.1 202 OK
Sep 18, 2020 12:50:04 PM okhttp3.mockwebserver.MockWebServer$3 processOneRequest
INFO: MockWebServer[56015] received request: GET /apis/entando.org/v1/namespaces/entando-k8s-operator-common-cmms65/entandoplugins/sample-name-cmms65 HTTP/1.1 and responded: HTTP/1.1 200 OK
Sep 18, 2020 12:50:04 PM okhttp3.mockwebserver.MockWebServer$3 processOneRequest
INFO: MockWebServer[56015] received request: POST /api/v1/namespaces/entando-k8s-operator-common-cmms65/secrets HTTP/1.1 and responded: HTTP/1.1 202 OK
Sep 18, 2020 12:50:04 PM okhttp3.mockwebserver.MockWebServer$3 processOneRequest
INFO: MockWebServer[56015] received request: POST /api/v1/namespaces/entando-k8s-operator-common-cmms65/pods HTTP/1.1 and responded: HTTP/1.1 202 OK
Sep 18, 2020 12:50:04 PM okhttp3.mockwebserver.MockWebServer$3 processOneRequest
INFO: MockWebServer[56015] received request: GET /apis/entando.org/v1/namespaces/entando-k8s-operator-common-cmms65/entandoplugins/sample-name-cmms65 HTTP/1.1 and responded: HTTP/1.1 200 OK
Sep 18, 2020 12:50:04 PM okhttp3.mockwebserver.MockWebServer$3 processOneRequest
INFO: MockWebServer[56015] received request: GET /api/v1/namespaces/entando-k8s-operator-common-cmms65/pods?fieldSelector=metadata.name%3Dsample-name-cmms65-db-preparation-job-5e3f2c56-3&watch=true HTTP/1.1 and responded: HTTP/1.1 200 OK
Sep 18, 2020 12:50:04 PM okhttp3.mockwebserver.MockWebServer$3 processOneRequest
INFO: MockWebServer[56015] received request: GET /api/v1/namespaces/entando-k8s-operator-common-cmms65/pods?labelSelector=dbJob%3Dsample-name-cmms65-db-preparation-job HTTP/1.1 and responded: HTTP/1.1 200 OK
Sep 18, 2020 12:50:04 PM okhttp3.mockwebserver.MockWebServer$3 processOneRequest
INFO: MockWebServer[56015] received request: GET /api/v1/namespaces/entando-k8s-operator-common-cmms65/pods?fieldSelector=metadata.name%3Dsample-name-cmms65-db-preparation-job-5e3f2c56-3&watch=true HTTP/1.1 and responded: HTTP/1.1 200 OK
Sep 18, 2020 12:50:04 PM okhttp3.mockwebserver.MockWebServer$3 processOneRequest
INFO: MockWebServer[56015] received request: GET /apis/entando.org/v1/namespaces/entando-k8s-operator-common-cmms65/entandoplugins/sample-name-cmms65 HTTP/1.1 and responded: HTTP/1.1 200 OK
Sep 18, 2020 12:50:04 PM okhttp3.mockwebserver.MockWebServer$3 processOneRequest
INFO: MockWebServer[56015] received request: GET /apis/entando.org/v1/namespaces/entando-k8s-operator-common-cmms65/entandoplugins/sample-name-cmms65 HTTP/1.1 and responded: HTTP/1.1 200 OK
Sep 18, 2020 12:50:04 PM io.fabric8.kubernetes.client.dsl.internal.WatchHTTPManager$1 onResponse
INFO: Watch terminated unexpectedly. reason: \n not found: limit=2648 content=7b2261706956657273696f6e223a227631222c226b696e64223a224c69737422â€¦
Sep 18, 2020 12:50:04 PM io.fabric8.kubernetes.client.dsl.internal.WatchHTTPManager scheduleReconnect
WARN: Ignoring error for already closed/closing connection
Sep 18, 2020 12:50:04 PM okhttp3.mockwebserver.MockWebServer$3 processOneRequest
INFO: MockWebServer[56015] received request: GET /apis/entando.org/v1/namespaces/entando-k8s-operator-common-cmms65/entandoplugins/sample-name-cmms65 HTTP/1.1 and responded: HTTP/1.1 200 OK
Sep 18, 2020 12:50:04 PM okhttp3.mockwebserver.MockWebServer$3 processOneRequest
INFO: MockWebServer[56015] received request: GET /apis/entando.org/v1/namespaces/entando-k8s-operator-common-cmms65/entandoplugins/sample-name-cmms65 HTTP/1.1 and responded: HTTP/1.1 200 OK
Sep 18, 2020 12:50:04 PM okhttp3.mockwebserver.MockWebServer$3 processOneRequest
INFO: MockWebServer[56015] received request: PATCH /apis/entando.org/v1/namespaces/entando-k8s-operator-common-cmms65/entandoplugins/sample-name-cmms65 HTTP/1.1 and responded: HTTP/1.1 202 OK
Sep 18, 2020 12:50:05 PM okhttp3.mockwebserver.MockWebServer$3 processOneRequest
INFO: MockWebServer[56015] received request: GET /apis/entando.org/v1/namespaces/entando-k8s-operator-common-cmms65/entandoplugins/sample-name-cmms65 HTTP/1.1 and responded: HTTP/1.1 200 OK
Sep 18, 2020 12:50:05 PM okhttp3.mockwebserver.MockWebServer$3 processOneRequest
INFO: MockWebServer[56015] received request: GET /api/v1/namespaces/entando-k8s-operator-common-cmms65/persistentvolumeclaims/sample-name-cmms65-server-pvc HTTP/1.1 and responded: HTTP/1.1 404 Client Error
Sep 18, 2020 12:50:05 PM okhttp3.mockwebserver.MockWebServer$3 processOneRequest
INFO: MockWebServer[56015] received request: POST /api/v1/namespaces/entando-k8s-operator-common-cmms65/persistentvolumeclaims HTTP/1.1 and responded: HTTP/1.1 202 OK
Sep 18, 2020 12:50:05 PM okhttp3.mockwebserver.MockWebServer$3 processOneRequest
INFO: MockWebServer[56015] received request: GET /apis/entando.org/v1/namespaces/entando-k8s-operator-common-cmms65/entandoplugins/sample-name-cmms65 HTTP/1.1 and responded: HTTP/1.1 200 OK
Sep 18, 2020 12:50:05 PM okhttp3.mockwebserver.MockWebServer$3 processOneRequest
INFO: MockWebServer[56015] received request: GET /api/v1/namespaces/entando-k8s-operator-common-cmms65/persistentvolumeclaims/sample-name-cmms65-server-pvc HTTP/1.1 and responded: HTTP/1.1 200 OK
Sep 18, 2020 12:50:05 PM okhttp3.mockwebserver.MockWebServer$3 processOneRequest
INFO: MockWebServer[56015] received request: GET /api/v1/namespaces/entando-k8s-operator-common-cmms65/persistentvolumeclaims/sample-name-cmms65-server-pvc HTTP/1.1 and responded: HTTP/1.1 200 OK
Sep 18, 2020 12:50:05 PM okhttp3.mockwebserver.MockWebServer$3 processOneRequest
INFO: MockWebServer[56015] received request: GET /apis/entando.org/v1/namespaces/entando-k8s-operator-common-cmms65/entandoplugins/sample-name-cmms65 HTTP/1.1 and responded: HTTP/1.1 200 OK
Sep 18, 2020 12:50:05 PM okhttp3.mockwebserver.MockWebServer$3 processOneRequest
INFO: MockWebServer[56015] received request: GET /api/v1/namespaces/entando-k8s-operator-common-cmms65/persistentvolumeclaims/sample-name-cmms65-server-pvc HTTP/1.1 and responded: HTTP/1.1 200 OK
Sep 18, 2020 12:50:05 PM okhttp3.mockwebserver.MockWebServer$3 processOneRequest
INFO: MockWebServer[56015] received request: GET /apis/entando.org/v1/namespaces/entando-k8s-operator-common-cmms65/entandoplugins/sample-name-cmms65 HTTP/1.1 and responded: HTTP/1.1 200 OK
Sep 18, 2020 12:50:05 PM okhttp3.mockwebserver.MockWebServer$3 processOneRequest
INFO: MockWebServer[56015] received request: GET /apis/entando.org/v1/namespaces/entando-k8s-operator-common-cmms65/entandoplugins/sample-name-cmms65 HTTP/1.1 and responded: HTTP/1.1 200 OK
Sep 18, 2020 12:50:05 PM okhttp3.mockwebserver.MockWebServer$3 processOneRequest
INFO: MockWebServer[56015] received request: GET /apis/entando.org/v1/namespaces/entando-k8s-operator-common-cmms65/entandoplugins/sample-name-cmms65 HTTP/1.1 and responded: HTTP/1.1 200 OK
Sep 18, 2020 12:50:05 PM okhttp3.mockwebserver.MockWebServer$3 processOneRequest
INFO: MockWebServer[56015] received request: GET /apis/entando.org/v1/namespaces/entando-k8s-operator-common-cmms65/entandoplugins/sample-name-cmms65 HTTP/1.1 and responded: HTTP/1.1 200 OK
Sep 18, 2020 12:50:05 PM okhttp3.mockwebserver.MockWebServer$3 processOneRequest
INFO: MockWebServer[56015] received request: PATCH /apis/entando.org/v1/namespaces/entando-k8s-operator-common-cmms65/entandoplugins/sample-name-cmms65 HTTP/1.1 and responded: HTTP/1.1 202 OK
Sep 18, 2020 12:50:05 PM okhttp3.mockwebserver.MockWebServer$3 processOneRequest
INFO: MockWebServer[56015] received request: POST /api/v1/namespaces/entando-k8s-operator-common-cmms65/secrets HTTP/1.1 and responded: HTTP/1.1 202 OK
Sep 18, 2020 12:50:05 PM okhttp3.mockwebserver.MockWebServer$3 processOneRequest
INFO: MockWebServer[56015] received request: POST /api/v1/namespaces/entando-k8s-operator-common-cmms65/secrets HTTP/1.1 and responded: HTTP/1.1 202 OK
Sep 18, 2020 12:50:05 PM okhttp3.mockwebserver.MockWebServer$3 processOneRequest
INFO: MockWebServer[56015] received request: GET /apis/entando.org/v1/namespaces/entando-k8s-operator-common-cmms65/entandoplugins/sample-name-cmms65 HTTP/1.1 and responded: HTTP/1.1 200 OK
Sep 18, 2020 12:50:05 PM okhttp3.mockwebserver.MockWebServer$3 processOneRequest
INFO: MockWebServer[56015] received request: GET /api/v1/namespaces/entando-k8s-operator-common-cmms65/serviceaccounts/plugin HTTP/1.1 and responded: HTTP/1.1 404 Client Error
Sep 18, 2020 12:50:05 PM okhttp3.mockwebserver.MockWebServer$3 processOneRequest
INFO: MockWebServer[56015] received request: POST /api/v1/namespaces/entando-k8s-operator-common-cmms65/serviceaccounts HTTP/1.1 and responded: HTTP/1.1 202 OK
Sep 18, 2020 12:50:05 PM okhttp3.mockwebserver.MockWebServer$3 processOneRequest
INFO: MockWebServer[56015] received request: GET /apis/entando.org/v1/namespaces/entando-k8s-operator-common-cmms65/entandoplugins/sample-name-cmms65 HTTP/1.1 and responded: HTTP/1.1 200 OK
Sep 18, 2020 12:50:06 PM okhttp3.mockwebserver.MockWebServer$3 processOneRequest
INFO: MockWebServer[56015] received request: GET /apis/rbac.authorization.k8s.io/v1/namespaces/entando-k8s-operator-common-cmms65/roles/plugin HTTP/1.1 and responded: HTTP/1.1 404 Client Error
Sep 18, 2020 12:50:06 PM okhttp3.mockwebserver.MockWebServer$3 processOneRequest
INFO: MockWebServer[56015] received request: GET /apis/rbac.authorization.k8s.io/v1beta1/namespaces/entando-k8s-operator-common-cmms65/roles/plugin HTTP/1.1 and responded: HTTP/1.1 404 Client Error
Sep 18, 2020 12:50:06 PM okhttp3.mockwebserver.MockWebServer$3 processOneRequest
INFO: MockWebServer[56015] received request: GET /apis/entando.org/v1/namespaces/entando-k8s-operator-common-cmms65/entandoplugins/sample-name-cmms65 HTTP/1.1 and responded: HTTP/1.1 200 OK
Sep 18, 2020 12:50:06 PM okhttp3.mockwebserver.MockWebServer$3 processOneRequest
INFO: MockWebServer[56015] received request: POST /apis/rbac.authorization.k8s.io/v1/namespaces/entando-k8s-operator-common-cmms65/roles HTTP/1.1 and responded: HTTP/1.1 202 OK
Sep 18, 2020 12:50:06 PM okhttp3.mockwebserver.MockWebServer$3 processOneRequest
INFO: MockWebServer[56015] received request: GET /apis/entando.org/v1/namespaces/entando-k8s-operator-common-cmms65/entandoplugins/sample-name-cmms65 HTTP/1.1 and responded: HTTP/1.1 200 OK
Sep 18, 2020 12:50:06 PM okhttp3.mockwebserver.MockWebServer$3 processOneRequest
INFO: MockWebServer[56015] received request: GET /apis/rbac.authorization.k8s.io/v1/namespaces/entando-k8s-operator-common-cmms65/rolebindings/plugin-rolebinding HTTP/1.1 and responded: HTTP/1.1 404 Client Error
Sep 18, 2020 12:50:06 PM okhttp3.mockwebserver.MockWebServer$3 processOneRequest
INFO: MockWebServer[56015] received request: GET /apis/rbac.authorization.k8s.io/v1beta1/namespaces/entando-k8s-operator-common-cmms65/rolebindings/plugin-rolebinding HTTP/1.1 and responded: HTTP/1.1 404 Client Error
Sep 18, 2020 12:50:06 PM okhttp3.mockwebserver.MockWebServer$3 processOneRequest
INFO: MockWebServer[56015] received request: GET /apis/entando.org/v1/namespaces/entando-k8s-operator-common-cmms65/entandoplugins/sample-name-cmms65 HTTP/1.1 and responded: HTTP/1.1 200 OK
Sep 18, 2020 12:50:06 PM okhttp3.mockwebserver.MockWebServer$3 processOneRequest
INFO: MockWebServer[56015] received request: POST /apis/rbac.authorization.k8s.io/v1/namespaces/entando-k8s-operator-common-cmms65/rolebindings HTTP/1.1 and responded: HTTP/1.1 202 OK
Sep 18, 2020 12:50:06 PM okhttp3.mockwebserver.MockWebServer$3 processOneRequest
INFO: MockWebServer[56015] received request: GET /api/v1/namespaces/entando-k8s-operator-common-cmms65/services/sample-name-cmms65-server-service HTTP/1.1 and responded: HTTP/1.1 404 Client Error
Sep 18, 2020 12:50:06 PM okhttp3.mockwebserver.MockWebServer$3 processOneRequest
INFO: MockWebServer[56015] received request: GET /apis/entando.org/v1/namespaces/entando-k8s-operator-common-cmms65/entandoplugins/sample-name-cmms65 HTTP/1.1 and responded: HTTP/1.1 200 OK
Sep 18, 2020 12:50:06 PM okhttp3.mockwebserver.MockWebServer$3 processOneRequest
INFO: MockWebServer[56015] received request: POST /api/v1/namespaces/entando-k8s-operator-common-cmms65/services HTTP/1.1 and responded: HTTP/1.1 202 OK
Sep 18, 2020 12:50:06 PM okhttp3.mockwebserver.MockWebServer$3 processOneRequest
INFO: MockWebServer[56015] received request: GET /apis/entando.org/v1/namespaces/entando-k8s-operator-common-cmms65/entandoplugins/sample-name-cmms65 HTTP/1.1 and responded: HTTP/1.1 200 OK
Sep 18, 2020 12:50:06 PM okhttp3.mockwebserver.MockWebServer$3 processOneRequest
INFO: MockWebServer[56015] received request: GET /api/v1/namespaces/entando-k8s-operator-common-cmms65/services/sample-name-cmms65-server-service HTTP/1.1 and responded: HTTP/1.1 200 OK
Sep 18, 2020 12:50:06 PM okhttp3.mockwebserver.MockWebServer$3 processOneRequest
INFO: MockWebServer[56015] received request: GET /apis/entando.org/v1/namespaces/entando-k8s-operator-common-cmms65/entandoplugins/sample-name-cmms65 HTTP/1.1 and responded: HTTP/1.1 200 OK
Sep 18, 2020 12:50:06 PM okhttp3.mockwebserver.MockWebServer$3 processOneRequest
INFO: MockWebServer[56015] received request: GET /apis/entando.org/v1/namespaces/entando-k8s-operator-common-cmms65/entandoplugins/sample-name-cmms65 HTTP/1.1 and responded: HTTP/1.1 200 OK
Sep 18, 2020 12:50:06 PM okhttp3.mockwebserver.MockWebServer$3 processOneRequest
INFO: MockWebServer[56015] received request: GET /apis/entando.org/v1/namespaces/entando-k8s-operator-common-cmms65/entandoplugins/sample-name-cmms65 HTTP/1.1 and responded: HTTP/1.1 200 OK
Sep 18, 2020 12:50:07 PM okhttp3.mockwebserver.MockWebServer$3 processOneRequest
INFO: MockWebServer[56015] received request: PATCH /apis/entando.org/v1/namespaces/entando-k8s-operator-common-cmms65/entandoplugins/sample-name-cmms65 HTTP/1.1 and responded: HTTP/1.1 202 OK
Sep 18, 2020 12:50:07 PM okhttp3.mockwebserver.MockWebServer$3 processOneRequest
INFO: MockWebServer[56015] received request: GET /apis/entando.org/v1/namespaces/entando-k8s-operator-common-cmms65/entandoplugins/sample-name-cmms65 HTTP/1.1 and responded: HTTP/1.1 200 OK
Sep 18, 2020 12:50:07 PM io.fabric8.kubernetes.client.internal.VersionUsageUtils alert
WARN: The client is using resource type 'ingresses' with unstable version 'v1beta1'
Sep 18, 2020 12:50:07 PM okhttp3.mockwebserver.MockWebServer$3 processOneRequest
INFO: MockWebServer[56015] received request: GET /apis/extensions/v1beta1/namespaces/entando-k8s-operator-common-cmms65/ingresses/sample-name-cmms65-ingress HTTP/1.1 and responded: HTTP/1.1 404 Client Error
Sep 18, 2020 12:50:07 PM okhttp3.mockwebserver.MockWebServer$3 processOneRequest
INFO: MockWebServer[56015] received request: GET /apis/entando.org/v1/namespaces/entando-k8s-operator-common-cmms65/entandoplugins/sample-name-cmms65 HTTP/1.1 and responded: HTTP/1.1 200 OK
Sep 18, 2020 12:50:07 PM okhttp3.mockwebserver.MockWebServer$3 processOneRequest
INFO: MockWebServer[56015] received request: POST /apis/extensions/v1beta1/namespaces/entando-k8s-operator-common-cmms65/ingresses HTTP/1.1 and responded: HTTP/1.1 202 OK
Sep 18, 2020 12:50:07 PM okhttp3.mockwebserver.MockWebServer$3 processOneRequest
INFO: MockWebServer[56015] received request: GET /apis/extensions/v1beta1/namespaces/entando-k8s-operator-common-cmms65/ingresses/sample-name-cmms65-ingress HTTP/1.1 and responded: HTTP/1.1 200 OK
Sep 18, 2020 12:50:07 PM okhttp3.mockwebserver.MockWebServer$3 processOneRequest
INFO: MockWebServer[56015] received request: GET /apis/entando.org/v1/namespaces/entando-k8s-operator-common-cmms65/entandoplugins/sample-name-cmms65 HTTP/1.1 and responded: HTTP/1.1 200 OK
Sep 18, 2020 12:50:07 PM okhttp3.mockwebserver.MockWebServer$3 processOneRequest
INFO: MockWebServer[56015] received request: GET /apis/entando.org/v1/namespaces/entando-k8s-operator-common-cmms65/entandoplugins/sample-name-cmms65 HTTP/1.1 and responded: HTTP/1.1 200 OK
Sep 18, 2020 12:50:07 PM okhttp3.mockwebserver.MockWebServer$3 processOneRequest
INFO: MockWebServer[56015] received request: GET /apis/entando.org/v1/namespaces/entando-k8s-operator-common-cmms65/entandoplugins/sample-name-cmms65 HTTP/1.1 and responded: HTTP/1.1 200 OK
Sep 18, 2020 12:50:07 PM okhttp3.mockwebserver.MockWebServer$3 processOneRequest
INFO: MockWebServer[56015] received request: PATCH /apis/entando.org/v1/namespaces/entando-k8s-operator-common-cmms65/entandoplugins/sample-name-cmms65 HTTP/1.1 and responded: HTTP/1.1 202 OK
Sep 18, 2020 12:50:07 PM okhttp3.mockwebserver.MockWebServer$3 processOneRequest
INFO: MockWebServer[56015] received request: GET /apis/entando.org/v1/namespaces/entando-k8s-operator-common-cmms65/entandoplugins/sample-name-cmms65 HTTP/1.1 and responded: HTTP/1.1 200 OK
Sep 18, 2020 12:50:07 PM okhttp3.mockwebserver.MockWebServer$3 processOneRequest
INFO: MockWebServer[56015] received request: POST /api/v1/namespaces/entando-k8s-operator-common-cmms65/secrets HTTP/1.1 and responded: HTTP/1.1 202 OK
Sep 18, 2020 12:50:07 PM okhttp3.mockwebserver.MockWebServer$3 processOneRequest
INFO: MockWebServer[56015] received request: GET /apis/apps/v1/namespaces/entando-k8s-operator-common-cmms65/deployments/sample-name-cmms65-server-deployment HTTP/1.1 and responded: HTTP/1.1 404 Client Error
Sep 18, 2020 12:50:07 PM okhttp3.mockwebserver.MockWebServer$3 processOneRequest
INFO: MockWebServer[56015] received request: GET /apis/entando.org/v1/namespaces/entando-k8s-operator-common-cmms65/entandoplugins/sample-name-cmms65 HTTP/1.1 and responded: HTTP/1.1 200 OK
Sep 18, 2020 12:50:07 PM okhttp3.mockwebserver.MockWebServer$3 processOneRequest
INFO: MockWebServer[56015] received request: GET /apis/extensions/v1beta1/namespaces/entando-k8s-operator-common-cmms65/deployments/sample-name-cmms65-server-deployment HTTP/1.1 and responded: HTTP/1.1 404 Client Error
Sep 18, 2020 12:50:07 PM okhttp3.mockwebserver.MockWebServer$3 processOneRequest
INFO: MockWebServer[56015] received request: GET /apis/entando.org/v1/namespaces/entando-k8s-operator-common-cmms65/entandoplugins/sample-name-cmms65 HTTP/1.1 and responded: HTTP/1.1 200 OK
Sep 18, 2020 12:50:07 PM okhttp3.mockwebserver.MockWebServer$3 processOneRequest
INFO: MockWebServer[56015] received request: POST /apis/apps/v1/namespaces/entando-k8s-operator-common-cmms65/deployments HTTP/1.1 and responded: HTTP/1.1 202 OK
Sep 18, 2020 12:50:07 PM okhttp3.mockwebserver.MockWebServer$3 processOneRequest
INFO: MockWebServer[56015] received request: GET /apis/apps/v1/namespaces/entando-k8s-operator-common-cmms65/deployments/sample-name-cmms65-server-deployment HTTP/1.1 and responded: HTTP/1.1 200 OK
Sep 18, 2020 12:50:07 PM okhttp3.mockwebserver.MockWebServer$3 processOneRequest
INFO: MockWebServer[56015] received request: GET /apis/entando.org/v1/namespaces/entando-k8s-operator-common-cmms65/entandoplugins/sample-name-cmms65 HTTP/1.1 and responded: HTTP/1.1 200 OK
Sep 18, 2020 12:50:08 PM okhttp3.mockwebserver.MockWebServer$3 processOneRequest
INFO: MockWebServer[56015] received request: GET /apis/entando.org/v1/namespaces/entando-k8s-operator-common-cmms65/entandoplugins/sample-name-cmms65 HTTP/1.1 and responded: HTTP/1.1 200 OK
Sep 18, 2020 12:50:08 PM okhttp3.mockwebserver.MockWebServer$3 processOneRequest
INFO: MockWebServer[56015] received request: GET /apis/entando.org/v1/namespaces/entando-k8s-operator-common-cmms65/entandoplugins/sample-name-cmms65 HTTP/1.1 and responded: HTTP/1.1 200 OK
Sep 18, 2020 12:50:08 PM okhttp3.mockwebserver.MockWebServer$3 processOneRequest
INFO: MockWebServer[56015] received request: PATCH /apis/entando.org/v1/namespaces/entando-k8s-operator-common-cmms65/entandoplugins/sample-name-cmms65 HTTP/1.1 and responded: HTTP/1.1 202 OK
Sep 18, 2020 12:50:08 PM okhttp3.mockwebserver.MockWebServer$3 processOneRequest
INFO: MockWebServer[56015] received request: GET /apis/entando.org/v1/namespaces/entando-k8s-operator-common-cmms65/entandoplugins/sample-name-cmms65 HTTP/1.1 and responded: HTTP/1.1 200 OK
Sep 18, 2020 12:50:08 PM okhttp3.mockwebserver.MockWebServer$3 processOneRequest
INFO: MockWebServer[56015] received request: GET /api/v1/namespaces/entando-k8s-operator-common-cmms65/pods?labelSelector=deployment%3Dsample-name-cmms65-server&watch=true HTTP/1.1 and responded: HTTP/1.1 200 OK
Sep 18, 2020 12:50:08 PM okhttp3.mockwebserver.MockWebServer$3 processOneRequest
INFO: MockWebServer[56015] received request: GET /apis/apps/v1/namespaces/entando-k8s-operator-common-cmms65/deployments/sample-name-cmms65-server-deployment HTTP/1.1 and responded: HTTP/1.1 200 OK
Sep 18, 2020 12:50:08 PM okhttp3.mockwebserver.MockWebServer$3 processOneRequest
INFO: MockWebServer[56015] received request: GET /api/v1/namespaces/entando-k8s-operator-common-cmms65/pods?labelSelector=deployment%3Dsample-name-cmms65-server&watch=true HTTP/1.1 and responded: HTTP/1.1 200 OK
Sep 18, 2020 12:50:08 PM okhttp3.mockwebserver.MockWebServer$3 processOneRequest
INFO: MockWebServer[56015] received request: GET /apis/entando.org/v1/namespaces/entando-k8s-operator-common-cmms65/entandoplugins/sample-name-cmms65 HTTP/1.1 and responded: HTTP/1.1 200 OK
Sep 18, 2020 12:50:08 PM okhttp3.mockwebserver.MockWebServer$3 processOneRequest
INFO: MockWebServer[56015] received request: GET /apis/entando.org/v1/namespaces/entando-k8s-operator-common-cmms65/entandoplugins/sample-name-cmms65 HTTP/1.1 and responded: HTTP/1.1 200 OK
Sep 18, 2020 12:50:08 PM io.fabric8.kubernetes.client.dsl.internal.WatchHTTPManager$1 onResponse
INFO: Watch terminated unexpectedly. reason: \n not found: limit=46 content=7b2261706956657273696f6e223a227631222c226b696e64223a224c69737422â€¦
Sep 18, 2020 12:50:08 PM io.fabric8.kubernetes.client.dsl.internal.WatchHTTPManager scheduleReconnect
WARN: Ignoring error for already closed/closing connection
Sep 18, 2020 12:50:08 PM okhttp3.mockwebserver.MockWebServer$3 processOneRequest
INFO: MockWebServer[56015] received request: GET /apis/entando.org/v1/namespaces/entando-k8s-operator-common-cmms65/entandoplugins/sample-name-cmms65 HTTP/1.1 and responded: HTTP/1.1 200 OK
Sep 18, 2020 12:50:08 PM okhttp3.mockwebserver.MockWebServer$3 processOneRequest
INFO: MockWebServer[56015] received request: GET /apis/entando.org/v1/namespaces/entando-k8s-operator-common-cmms65/entandoplugins/sample-name-cmms65 HTTP/1.1 and responded: HTTP/1.1 200 OK
Sep 18, 2020 12:50:08 PM okhttp3.mockwebserver.MockWebServer$3 processOneRequest
INFO: MockWebServer[56015] received request: PATCH /apis/entando.org/v1/namespaces/entando-k8s-operator-common-cmms65/entandoplugins/sample-name-cmms65 HTTP/1.1 and responded: HTTP/1.1 202 OK
Sep 18, 2020 12:50:08 PM okhttp3.mockwebserver.MockWebServer$3 processOneRequest
INFO: MockWebServer[56015] received request: GET /apis/entando.org/v1/namespaces/entando-k8s-operator-common-cmms65/entandoplugins/sample-name-cmms65 HTTP/1.1 and responded: HTTP/1.1 200 OK
Sep 18, 2020 12:50:08 PM okhttp3.mockwebserver.MockWebServer$3 processOneRequest
INFO: MockWebServer[56015] received request: GET /apis/entando.org/v1/namespaces/entando-k8s-operator-common-cmms65/entandoplugins/sample-name-cmms65 HTTP/1.1 and responded: HTTP/1.1 200 OK
Sep 18, 2020 12:50:08 PM okhttp3.mockwebserver.MockWebServer$3 processOneRequest
INFO: MockWebServer[56015] received request: GET /apis/entando.org/v1/namespaces/entando-k8s-operator-common-cmms65/entandoplugins/sample-name-cmms65 HTTP/1.1 and responded: HTTP/1.1 200 OK
Sep 18, 2020 12:50:08 PM okhttp3.mockwebserver.MockWebServer$3 processOneRequest
INFO: MockWebServer[56015] received request: GET /apis/entando.org/v1/namespaces/entando-k8s-operator-common-cmms65/entandoplugins/sample-name-cmms65 HTTP/1.1 and responded: HTTP/1.1 200 OK
Sep 18, 2020 12:50:08 PM okhttp3.mockwebserver.MockWebServer$3 processOneRequest
INFO: MockWebServer[56015] received request: PATCH /apis/entando.org/v1/namespaces/entando-k8s-operator-common-cmms65/entandoplugins/sample-name-cmms65 HTTP/1.1 and responded: HTTP/1.1 202 OK
Sep 18, 2020 12:50:08 PM okhttp3.mockwebserver.MockWebServer$3 processOneRequest
INFO: MockWebServer[56015] received request: GET /apis/entando.org/v1/namespaces/entando-k8s-operator-common-cmms65/entandoplugins/sample-name-cmms65 HTTP/1.1 and responded: HTTP/1.1 200 OK
Sep 18, 2020 12:50:08 PM okhttp3.mockwebserver.MockWebServer$3 processOneRequest
INFO: MockWebServer[56015] received request: GET /apis/entando.org/v1/namespaces/entando-k8s-operator-common-cmms65/entandoplugins/sample-name-cmms65 HTTP/1.1 and responded: HTTP/1.1 200 OK
Sep 18, 2020 12:50:08 PM okhttp3.mockwebserver.MockWebServer$3 processOneRequest
INFO: MockWebServer[56015] received request: GET /apis/entando.org/v1/namespaces/entando-k8s-operator-common-cmms65/entandoplugins/sample-name-cmms65 HTTP/1.1 and responded: HTTP/1.1 200 OK
Sep 18, 2020 12:50:09 PM okhttp3.mockwebserver.MockWebServer$3 processOneRequest
INFO: MockWebServer[56015] received request: PATCH /apis/entando.org/v1/namespaces/entando-k8s-operator-common-cmms65/entandoplugins/sample-name-cmms65 HTTP/1.1 and responded: HTTP/1.1 202 OK
Sep 18, 2020 12:50:09 PM okhttp3.mockwebserver.MockWebServer$3 processOneRequest
INFO: MockWebServer[56015] received request: GET /apis/entando.org/v1/namespaces/entando-k8s-operator-common-cmms65/entandoplugins/sample-name-cmms65 HTTP/1.1 and responded: HTTP/1.1 200 OK
Sep 18, 2020 12:50:09 PM okhttp3.mockwebserver.MockWebServer$3 processOneRequest
INFO: MockWebServer[56015] received request: GET /apis/apps/v1/namespaces/entando-k8s-operator-common-cmms65/deployments/sample-name-cmms65-server-deployment HTTP/1.1 and responded: HTTP/1.1 200 OK
Sep 18, 2020 12:50:09 PM okhttp3.mockwebserver.MockWebServer$3 processOneRequest
INFO: MockWebServer[56015] received request: GET /api/v1/namespaces/entando-k8s-operator-common-cmms65/secrets/sample-name-cmms65-db-secret HTTP/1.1 and responded: HTTP/1.1 200 OK
Sep 18, 2020 12:50:09 PM okhttp3.mockwebserver.MockWebServer$3 processOneRequest
INFO: MockWebServer[56015] received request: GET /api/v1/namespaces/entando-k8s-operator-common-cmms65/secrets/sample-name-cmms65-db-secret HTTP/1.1 and responded: HTTP/1.1 200 OK
Sep 18, 2020 12:50:09 PM okhttp3.mockwebserver.MockWebServer$3 processOneRequest
INFO: MockWebServer[56015] received request: GET /api/v1/namespaces/entando-k8s-operator-common-cmms65/secrets/entando-default-ca-secret HTTP/1.1 and responded: HTTP/1.1 200 OK
Sep 18, 2020 12:50:09 PM okhttp3.mockwebserver.MockWebServer$3 processOneRequest
INFO: MockWebServer[56015] received request: GET /api/v1/namespaces/entando-k8s-operator-common-cmms65/secrets/sample-name-cmms65-*****-secret HTTP/1.1 and responded: HTTP/1.1 200 OK
Sep 18, 2020 12:50:09 PM okhttp3.mockwebserver.MockWebServer$3 processOneRequest
INFO: MockWebServer[56015] received request: GET /api/v1/namespaces/entando-k8s-operator-common-cmms65/secrets/sample-name-cmms65-*****-secret HTTP/1.1 and responded: HTTP/1.1 200 OK
Sep 18, 2020 12:50:09 PM okhttp3.mockwebserver.MockWebServer$3 processOneRequest
INFO: MockWebServer[56015] received request: GET /api/v1/namespaces/entando-k8s-operator-common-cmms65/secrets/sample-name-cmms65-db-secret HTTP/1.1 and responded: HTTP/1.1 200 OK
Sep 18, 2020 12:50:09 PM okhttp3.mockwebserver.MockWebServer$3 processOneRequest
INFO: MockWebServer[56015] received request: GET /api/v1/namespaces/entando-k8s-operator-common-cmms65/secrets/sample-name-cmms65-db-secret HTTP/1.1 and responded: HTTP/1.1 200 OK
Sep 18, 2020 12:50:09 PM okhttp3.mockwebserver.MockWebServer$3 processOneRequest
INFO: MockWebServer[56015] received request: GET /api/v1/namespaces/entando-k8s-operator-common-cmms65/secrets/some-client-secret HTTP/1.1 and responded: HTTP/1.1 200 OK
Sep 18, 2020 12:50:09 PM okhttp3.mockwebserver.MockWebServer$3 processOneRequest
INFO: MockWebServer[56015] received request: GET /api/v1/namespaces/entando-k8s-operator-common-cmms65/secrets/some-client-secret HTTP/1.1 and responded: HTTP/1.1 200 OK
Sep 18, 2020 12:50:09 PM okhttp3.mockwebserver.MockWebServer$3 processOneRequest
INFO: MockWebServer[56015] received request: GET /api/v1/namespaces/entando-k8s-operator-common-cmms65/secrets/sample-name-cmms65-db-secret HTTP/1.1 and responded: HTTP/1.1 200 OK
Sep 18, 2020 12:50:09 PM okhttp3.mockwebserver.MockWebServer$3 processOneRequest
INFO: MockWebServer[56015] received request: GET /api/v1/namespaces/entando-k8s-operator-common-cmms65/secrets/sample-name-cmms65-db-secret HTTP/1.1 and responded: HTTP/1.1 200 OK
Sep 18, 2020 12:50:10 PM okhttp3.mockwebserver.MockWebServer$3 processOneRequest
INFO: MockWebServer[56015] received request: GET /api/v1/namespaces/entando-k8s-operator-common-cmms65/secrets/entando-default-ca-secret HTTP/1.1 and responded: HTTP/1.1 200 OK
Sep 18, 2020 12:50:10 PM okhttp3.mockwebserver.MockWebServer$3 processOneRequest
INFO: MockWebServer[56015] received request: GET /api/v1/namespaces/entando-k8s-operator-common-cmms65/secrets/sample-name-cmms65-*****-secret HTTP/1.1 and responded: HTTP/1.1 200 OK
Sep 18, 2020 12:50:10 PM okhttp3.mockwebserver.MockWebServer$3 processOneRequest
INFO: MockWebServer[56015] received request: GET /api/v1/namespaces/entando-k8s-operator-common-cmms65/secrets/sample-name-cmms65-*****-secret HTTP/1.1 and responded: HTTP/1.1 200 OK
Sep 18, 2020 12:50:10 PM okhttp3.mockwebserver.MockWebServer$3 processOneRequest
INFO: MockWebServer[56015] received request: GET /api/v1/namespaces/entando-k8s-operator-common-cmms65/secrets/sample-name-cmms65-db-secret HTTP/1.1 and responded: HTTP/1.1 200 OK
Sep 18, 2020 12:50:10 PM okhttp3.mockwebserver.MockWebServer$3 processOneRequest
INFO: MockWebServer[56015] received request: GET /api/v1/namespaces/entando-k8s-operator-common-cmms65/secrets/sample-name-cmms65-db-secret HTTP/1.1 and responded: HTTP/1.1 200 OK
Sep 18, 2020 12:50:10 PM okhttp3.mockwebserver.MockWebServer$3 processOneRequest
INFO: MockWebServer[56015] received request: GET /api/v1/namespaces/entando-k8s-operator-common-cmms65/persistentvolumeclaims/sample-name-cmms65-server-pvc HTTP/1.1 and responded: HTTP/1.1 200 OK
Sep 18, 2020 12:50:10 PM okhttp3.mockwebserver.MockWebServer$3 processOneRequest
INFO: MockWebServer[56015] received request: GET /api/v1/namespaces/entando-k8s-operator-common-cmms65/persistentvolumeclaims/sample-name-cmms65-server-pvc HTTP/1.1 and responded: HTTP/1.1 200 OK
Sep 18, 2020 12:50:10 PM okhttp3.mockwebserver.MockWebServer$3 processOneRequest
INFO: MockWebServer[56015] received request: GET /api/v1/namespaces/entando-k8s-operator-common-cmms65/secrets/entando-default-ca-secret HTTP/1.1 and responded: HTTP/1.1 200 OK
Sep 18, 2020 12:50:10 PM okhttp3.mockwebserver.MockWebServer$3 processOneRequest
INFO: MockWebServer[56015] received request: GET /apis/apps/v1/namespaces/entando-k8s-operator-common-cmms65/deployments/sample-name-cmms65-db-deployment HTTP/1.1 and responded: HTTP/1.1 200 OK
Sep 18, 2020 12:50:10 PM okhttp3.mockwebserver.MockWebServer$3 processOneRequest
INFO: MockWebServer[56015] received request: GET /apis/extensions/v1beta1/namespaces/entando-k8s-operator-common-cmms65/ingresses/sample-name-cmms65-ingress HTTP/1.1 and responded: HTTP/1.1 200 OK
Sep 18, 2020 12:50:10 PM okhttp3.mockwebserver.MockWebServer$2 acceptConnections
INFO: MockWebServer[56015] done accepting connections: Socket closed
Sep 18, 2020 12:50:10 PM okhttp3.mockwebserver.MockWebServer$2 e**cute
INFO: MockWebServer[35364] starting to accept connections
Sep 18, 2020 12:50:11 PM okhttp3.mockwebserver.MockWebServer$3 processOneRequest
INFO: MockWebServer[35364] received request: GET /api/v1/namespaces/entando/configmaps/entando-docker-image-info-v6.1 HTTP/1.1 and responded: HTTP/1.1 404 Client Error
Sep 18, 2020 12:50:11 PM okhttp3.mockwebserver.MockWebServer$3 processOneRequest
INFO: MockWebServer[35364] received request: GET /api/v1/namespaces/test/secrets/keycloak-*****-secret HTTP/1.1 and responded: HTTP/1.1 404 Client Error
Sep 18, 2020 12:50:11 PM okhttp3.mockwebserver.MockWebServer$3 processOneRequest
INFO: MockWebServer[35364] received request: POST /api/v1/namespaces/test/secrets HTTP/1.1 and responded: HTTP/1.1 202 OK
Sep 18, 2020 12:50:11 PM okhttp3.mockwebserver.MockWebServer$3 processOneRequest
INFO: MockWebServer[35364] received request: GET /api/v1/namespaces/test HTTP/1.1 and responded: HTTP/1.1 404 Client Error
Sep 18, 2020 12:50:11 PM okhttp3.mockwebserver.MockWebServer$3 processOneRequest
INFO: MockWebServer[35364] received request: GET /apis/entando.org/v1/namespaces/default/entandoplugins HTTP/1.1 and responded: HTTP/1.1 200 OK
Sep 18, 2020 12:50:11 PM okhttp3.mockwebserver.MockWebServer$3 processOneRequest
INFO: MockWebServer[35364] received request: GET /api/v1/namespaces/test HTTP/1.1 and responded: HTTP/1.1 404 Client Error
Sep 18, 2020 12:50:11 PM okhttp3.mockwebserver.MockWebServer$3 processOneRequest
INFO: MockWebServer[35364] received request: GET /apis/entando.org/v1/namespaces/default/entandoplugins HTTP/1.1 and responded: HTTP/1.1 200 OK
Sep 18, 2020 12:50:11 PM okhttp3.mockwebserver.MockWebServer$3 processOneRequest
INFO: MockWebServer[35364] received request: GET /apis/entando.org/v1/namespaces/entando-k8s-operator-common-cmms65/entandoplugins/sample-name-cmms65 HTTP/1.1 and responded: HTTP/1.1 404 Client Error
Sep 18, 2020 12:50:11 PM okhttp3.mockwebserver.MockWebServer$3 processOneRequest
INFO: MockWebServer[35364] received request: GET /apis/entando.org/v1/namespaces/entando-k8s-operator-common-cmms65/entandoplugins/sample-name-cmms65 HTTP/1.1 and responded: HTTP/1.1 404 Client Error
Sep 18, 2020 12:50:11 PM okhttp3.mockwebserver.MockWebServer$3 processOneRequest
INFO: MockWebServer[35364] received request: POST /apis/entando.org/v1/namespaces/entando-k8s-operator-common-cmms65/entandoplugins HTTP/1.1 and responded: HTTP/1.1 202 OK
Sep 18, 2020 12:50:11 PM okhttp3.mockwebserver.MockWebServer$3 processOneRequest
INFO: MockWebServer[35364] received request: GET /apis/entando.org/v1/namespaces/entando-k8s-operator-common-cmms65/entandoplugins/sample-name-cmms65 HTTP/1.1 and responded: HTTP/1.1 200 OK
Sep 18, 2020 12:50:11 PM okhttp3.mockwebserver.MockWebServer$3 processOneRequest
INFO: MockWebServer[35364] received request: GET /apis/entando.org/v1/namespaces/entando-k8s-operator-common-cmms65/entandoplugins/sample-name-cmms65 HTTP/1.1 and responded: HTTP/1.1 200 OK
Sep 18, 2020 12:50:12 PM okhttp3.mockwebserver.MockWebServer$3 processOneRequest
INFO: MockWebServer[35364] received request: GET /apis/entando.org/v1/namespaces/entando-k8s-operator-common-cmms65/entandoplugins/sample-name-cmms65 HTTP/1.1 and responded: HTTP/1.1 200 OK
Sep 18, 2020 12:50:12 PM okhttp3.mockwebserver.MockWebServer$3 processOneRequest
INFO: MockWebServer[35364] received request: GET /apis/entando.org/v1/namespaces/entando-k8s-operator-common-cmms65/entandoplugins/sample-name-cmms65 HTTP/1.1 and responded: HTTP/1.1 200 OK
Sep 18, 2020 12:50:12 PM okhttp3.mockwebserver.MockWebServer$3 processOneRequest
INFO: MockWebServer[35364] received request: GET /apis/entando.org/v1/namespaces/entando-k8s-operator-common-cmms65/entandoplugins/sample-name-cmms65 HTTP/1.1 and responded: HTTP/1.1 200 OK
Sep 18, 2020 12:50:12 PM okhttp3.mockwebserver.MockWebServer$3 processOneRequest
INFO: MockWebServer[35364] received request: GET /apis/entando.org/v1/namespaces/entando-k8s-operator-common-cmms65/entandoplugins/sample-name-cmms65 HTTP/1.1 and responded: HTTP/1.1 200 OK
Sep 18, 2020 12:50:12 PM okhttp3.mockwebserver.MockWebServer$3 processOneRequest
INFO: MockWebServer[35364] received request: GET /apis/entando.org/v1/namespaces/entando-k8s-operator-common-cmms65/entandoplugins/sample-name-cmms65 HTTP/1.1 and responded: HTTP/1.1 200 OK
Sep 18, 2020 12:50:12 PM okhttp3.mockwebserver.MockWebServer$3 processOneRequest
INFO: MockWebServer[35364] received request: GET /apis/entando.org/v1/namespaces/entando-k8s-operator-common-cmms65/entandoplugins/sample-name-cmms65 HTTP/1.1 and responded: HTTP/1.1 200 OK
Sep 18, 2020 12:50:12 PM okhttp3.mockwebserver.MockWebServer$3 processOneRequest
INFO: MockWebServer[35364] received request: GET /apis/entando.org/v1/namespaces/entando-k8s-operator-common-cmms65/entandoplugins/sample-name-cmms65 HTTP/1.1 and responded: HTTP/1.1 200 OK
Sep 18, 2020 12:50:12 PM okhttp3.mockwebserver.MockWebServer$3 processOneRequest
INFO: MockWebServer[35364] received request: PATCH /apis/entando.org/v1/namespaces/entando-k8s-operator-common-cmms65/entandoplugins/sample-name-cmms65 HTTP/1.1 and responded: HTTP/1.1 202 OK
Sep 18, 2020 12:50:12 PM okhttp3.mockwebserver.MockWebServer$3 processOneRequest
INFO: MockWebServer[35364] received request: GET /api/v1/namespaces/test HTTP/1.1 and responded: HTTP/1.1 404 Client Error
Sep 18, 2020 12:50:12 PM okhttp3.mockwebserver.MockWebServer$3 processOneRequest
INFO: MockWebServer[35364] received request: GET /apis/entando.org/v1/namespaces/entando-k8s-operator-common-cmms65/entandoplugins/sample-name-cmms65 HTTP/1.1 and responded: HTTP/1.1 200 OK
Sep 18, 2020 12:50:12 PM okhttp3.mockwebserver.MockWebServer$3 processOneRequest
INFO: MockWebServer[35364] received request: GET /apis/entando.org/v1/namespaces/default/entandodatabaseservices HTTP/1.1 and responded: HTTP/1.1 200 OK
Sep 18, 2020 12:50:12 PM okhttp3.mockwebserver.MockWebServer$3 processOneRequest
INFO: MockWebServer[35364] received request: GET /api/v1/namespaces/test HTTP/1.1 and responded: HTTP/1.1 404 Client Error
Sep 18, 2020 12:50:12 PM okhttp3.mockwebserver.MockWebServer$3 processOneRequest
INFO: MockWebServer[35364] received request: GET /apis/entando.org/v1/namespaces/entando-k8s-operator-common-cmms65/entandoplugins/sample-name-cmms65 HTTP/1.1 and responded: HTTP/1.1 200 OK
Sep 18, 2020 12:50:12 PM okhttp3.mockwebserver.MockWebServer$3 processOneRequest
INFO: MockWebServer[35364] received request: GET /apis/entando.org/v1/namespaces/default/entandodatabaseservices HTTP/1.1 and responded: HTTP/1.1 200 OK
Sep 18, 2020 12:50:12 PM okhttp3.mockwebserver.MockWebServer$3 processOneRequest
INFO: MockWebServer[35364] received request: GET /apis/entando.org/v1/namespaces/entando-k8s-operator-common-cmms65/entandodatabaseservices HTTP/1.1 and responded: HTTP/1.1 200 OK
Sep 18, 2020 12:50:12 PM okhttp3.mockwebserver.MockWebServer$3 processOneRequest
INFO: MockWebServer[35364] received request: GET /apis/entando.org/v1/namespaces/entando-k8s-operator-common-cmms65/entandoplugins/sample-name-cmms65 HTTP/1.1 and responded: HTTP/1.1 200 OK
Sep 18, 2020 12:50:13 PM okhttp3.mockwebserver.MockWebServer$3 processOneRequest
INFO: MockWebServer[35364] received request: GET /api/v1/namespaces/entando/configmaps/entando-docker-image-info-v6.1 HTTP/1.1 and responded: HTTP/1.1 404 Client Error
Sep 18, 2020 12:50:13 PM okhttp3.mockwebserver.MockWebServer$3 processOneRequest
INFO: MockWebServer[35364] received request: GET /apis/entando.org/v1/namespaces/entando-k8s-operator-common-cmms65/entandoplugins/sample-name-cmms65 HTTP/1.1 and responded: HTTP/1.1 200 OK
Sep 18, 2020 12:50:13 PM okhttp3.mockwebserver.MockWebServer$3 processOneRequest
INFO: MockWebServer[35364] received request: GET /api/v1/namespaces/entando-k8s-operator-common-cmms65/persistentvolumeclaims/sample-name-cmms65-db-pvc HTTP/1.1 and responded: HTTP/1.1 404 Client Error
Sep 18, 2020 12:50:13 PM okhttp3.mockwebserver.MockWebServer$3 processOneRequest
INFO: MockWebServer[35364] received request: POST /api/v1/namespaces/entando-k8s-operator-common-cmms65/persistentvolumeclaims HTTP/1.1 and responded: HTTP/1.1 202 OK
Sep 18, 2020 12:50:13 PM okhttp3.mockwebserver.MockWebServer$3 processOneRequest
INFO: MockWebServer[35364] received request: GET /apis/entando.org/v1/namespaces/entando-k8s-operator-common-cmms65/entandoplugins/sample-name-cmms65 HTTP/1.1 and responded: HTTP/1.1 200 OK
Sep 18, 2020 12:50:13 PM okhttp3.mockwebserver.MockWebServer$3 processOneRequest
INFO: MockWebServer[35364] received request: GET /api/v1/namespaces/entando-k8s-operator-common-cmms65/persistentvolumeclaims/sample-name-cmms65-db-pvc HTTP/1.1 and responded: HTTP/1.1 200 OK
Sep 18, 2020 12:50:13 PM okhttp3.mockwebserver.MockWebServer$3 processOneRequest
INFO: MockWebServer[35364] received request: GET /apis/entando.org/v1/namespaces/entando-k8s-operator-common-cmms65/entandoplugins/sample-name-cmms65 HTTP/1.1 and responded: HTTP/1.1 200 OK
Sep 18, 2020 12:50:13 PM okhttp3.mockwebserver.MockWebServer$3 processOneRequest
INFO: MockWebServer[35364] received request: GET /apis/entando.org/v1/namespaces/entando-k8s-operator-common-cmms65/entandoplugins/sample-name-cmms65 HTTP/1.1 and responded: HTTP/1.1 200 OK
Sep 18, 2020 12:50:13 PM okhttp3.mockwebserver.MockWebServer$3 processOneRequest
INFO: MockWebServer[35364] received request: GET /apis/entando.org/v1/namespaces/entando-k8s-operator-common-cmms65/entandoplugins/sample-name-cmms65 HTTP/1.1 and responded: HTTP/1.1 200 OK
Sep 18, 2020 12:50:13 PM okhttp3.mockwebserver.MockWebServer$3 processOneRequest
INFO: MockWebServer[35364] received request: GET /apis/entando.org/v1/namespaces/entando-k8s-operator-common-cmms65/entandoplugins/sample-name-cmms65 HTTP/1.1 and responded: HTTP/1.1 200 OK
Sep 18, 2020 12:50:13 PM okhttp3.mockwebserver.MockWebServer$3 processOneRequest
INFO: MockWebServer[35364] received request: PATCH /apis/entando.org/v1/namespaces/entando-k8s-operator-common-cmms65/entandoplugins/sample-name-cmms65 HTTP/1.1 and responded: HTTP/1.1 202 OK
Sep 18, 2020 12:50:13 PM okhttp3.mockwebserver.MockWebServer$3 processOneRequest
INFO: MockWebServer[35364] received request: POST /api/v1/namespaces/entando-k8s-operator-common-cmms65/secrets HTTP/1.1 and responded: HTTP/1.1 202 OK
Sep 18, 2020 12:50:13 PM okhttp3.mockwebserver.MockWebServer$3 processOneRequest
INFO: MockWebServer[35364] received request: GET /apis/entando.org/v1/namespaces/entando-k8s-operator-common-cmms65/entandoplugins/sample-name-cmms65 HTTP/1.1 and responded: HTTP/1.1 200 OK
Sep 18, 2020 12:50:13 PM okhttp3.mockwebserver.MockWebServer$3 processOneRequest
INFO: MockWebServer[35364] received request: POST /api/v1/namespaces/entando-k8s-operator-common-cmms65/secrets HTTP/1.1 and responded: HTTP/1.1 202 OK
Sep 18, 2020 12:50:13 PM okhttp3.mockwebserver.MockWebServer$3 processOneRequest
INFO: MockWebServer[35364] received request: GET /api/v1/namespaces/entando-k8s-operator-common-cmms65/services/sample-name-cmms65-db-service HTTP/1.1 and responded: HTTP/1.1 404 Client Error
Sep 18, 2020 12:50:13 PM okhttp3.mockwebserver.MockWebServer$3 processOneRequest
INFO: MockWebServer[35364] received request: GET /apis/entando.org/v1/namespaces/entando-k8s-operator-common-cmms65/entandoplugins/sample-name-cmms65 HTTP/1.1 and responded: HTTP/1.1 200 OK
Sep 18, 2020 12:50:13 PM okhttp3.mockwebserver.MockWebServer$3 processOneRequest
INFO: MockWebServer[35364] received request: POST /api/v1/namespaces/entando-k8s-operator-common-cmms65/services HTTP/1.1 and responded: HTTP/1.1 202 OK
Sep 18, 2020 12:50:13 PM okhttp3.mockwebserver.MockWebServer$3 processOneRequest
INFO: MockWebServer[35364] received request: GET /apis/entando.org/v1/namespaces/entando-k8s-operator-common-cmms65/entandoplugins/sample-name-cmms65 HTTP/1.1 and responded: HTTP/1.1 200 OK
Sep 18, 2020 12:50:13 PM okhttp3.mockwebserver.MockWebServer$3 processOneRequest
INFO: MockWebServer[35364] received request: GET /api/v1/namespaces/entando-k8s-operator-common-cmms65/services/sample-name-cmms65-db-service HTTP/1.1 and responded: HTTP/1.1 200 OK
Sep 18, 2020 12:50:14 PM okhttp3.mockwebserver.MockWebServer$3 processOneRequest
INFO: MockWebServer[35364] received request: GET /apis/entando.org/v1/namespaces/entando-k8s-operator-common-cmms65/entandoplugins/sample-name-cmms65 HTTP/1.1 and responded: HTTP/1.1 200 OK
Sep 18, 2020 12:50:14 PM okhttp3.mockwebserver.MockWebServer$3 processOneRequest
INFO: MockWebServer[35364] received request: GET /apis/entando.org/v1/namespaces/entando-k8s-operator-common-cmms65/entandoplugins/sample-name-cmms65 HTTP/1.1 and responded: HTTP/1.1 200 OK
Sep 18, 2020 12:50:14 PM okhttp3.mockwebserver.MockWebServer$3 processOneRequest
INFO: MockWebServer[35364] received request: GET /apis/entando.org/v1/namespaces/entando-k8s-operator-common-cmms65/entandoplugins/sample-name-cmms65 HTTP/1.1 and responded: HTTP/1.1 200 OK
Sep 18, 2020 12:50:14 PM okhttp3.mockwebserver.MockWebServer$3 processOneRequest
INFO: MockWebServer[35364] received request: PATCH /apis/entando.org/v1/namespaces/entando-k8s-operator-common-cmms65/entandoplugins/sample-name-cmms65 HTTP/1.1 and responded: HTTP/1.1 202 OK
Sep 18, 2020 12:50:14 PM okhttp3.mockwebserver.MockWebServer$3 processOneRequest
INFO: MockWebServer[35364] received request: GET /apis/entando.org/v1/namespaces/entando-k8s-operator-common-cmms65/entandoplugins/sample-name-cmms65 HTTP/1.1 and responded: HTTP/1.1 200 OK
Sep 18, 2020 12:50:14 PM okhttp3.mockwebserver.MockWebServer$3 processOneRequest
INFO: MockWebServer[35364] received request: GET /apis/apps/v1/namespaces/entando-k8s-operator-common-cmms65/deployments/sample-name-cmms65-db-deployment HTTP/1.1 and responded: HTTP/1.1 404 Client Error
Sep 18, 2020 12:50:14 PM okhttp3.mockwebserver.MockWebServer$3 processOneRequest
INFO: MockWebServer[35364] received request: GET /apis/entando.org/v1/namespaces/entando-k8s-operator-common-cmms65/entandoplugins/sample-name-cmms65 HTTP/1.1 and responded: HTTP/1.1 200 OK
Sep 18, 2020 12:50:14 PM okhttp3.mockwebserver.MockWebServer$3 processOneRequest
INFO: MockWebServer[35364] received request: GET /apis/extensions/v1beta1/namespaces/entando-k8s-operator-common-cmms65/deployments/sample-name-cmms65-db-deployment HTTP/1.1 and responded: HTTP/1.1 404 Client Error
Sep 18, 2020 12:50:14 PM okhttp3.mockwebserver.MockWebServer$3 processOneRequest
INFO: MockWebServer[35364] received request: POST /apis/apps/v1/namespaces/entando-k8s-operator-common-cmms65/deployments HTTP/1.1 and responded: HTTP/1.1 202 OK
Sep 18, 2020 12:50:14 PM okhttp3.mockwebserver.MockWebServer$3 processOneRequest
INFO: MockWebServer[35364] received request: GET /apis/entando.org/v1/namespaces/entando-k8s-operator-common-cmms65/entandoplugins/sample-name-cmms65 HTTP/1.1 and responded: HTTP/1.1 200 OK
Sep 18, 2020 12:50:14 PM okhttp3.mockwebserver.MockWebServer$3 processOneRequest
INFO: MockWebServer[35364] received request: GET /apis/apps/v1/namespaces/entando-k8s-operator-common-cmms65/deployments/sample-name-cmms65-db-deployment HTTP/1.1 and responded: HTTP/1.1 200 OK
Sep 18, 2020 12:50:14 PM okhttp3.mockwebserver.MockWebServer$3 processOneRequest
INFO: MockWebServer[35364] received request: GET /apis/entando.org/v1/namespaces/entando-k8s-operator-common-cmms65/entandoplugins/sample-name-cmms65 HTTP/1.1 and responded: HTTP/1.1 200 OK
Sep 18, 2020 12:50:14 PM okhttp3.mockwebserver.MockWebServer$3 processOneRequest
INFO: MockWebServer[35364] received request: GET /apis/entando.org/v1/namespaces/entando-k8s-operator-common-cmms65/entandoplugins/sample-name-cmms65 HTTP/1.1 and responded: HTTP/1.1 200 OK
Sep 18, 2020 12:50:14 PM okhttp3.mockwebserver.MockWebServer$3 processOneRequest
INFO: MockWebServer[35364] received request: GET /apis/entando.org/v1/namespaces/entando-k8s-operator-common-cmms65/entandoplugins/sample-name-cmms65 HTTP/1.1 and responded: HTTP/1.1 200 OK
Sep 18, 2020 12:50:14 PM okhttp3.mockwebserver.MockWebServer$3 processOneRequest
INFO: MockWebServer[35364] received request: GET /apis/entando.org/v1/namespaces/entando-k8s-operator-common-cmms65/entandoplugins/sample-name-cmms65 HTTP/1.1 and responded: HTTP/1.1 200 OK
Sep 18, 2020 12:50:14 PM okhttp3.mockwebserver.MockWebServer$3 processOneRequest
INFO: MockWebServer[35364] received request: PATCH /apis/entando.org/v1/namespaces/entando-k8s-operator-common-cmms65/entandoplugins/sample-name-cmms65 HTTP/1.1 and responded: HTTP/1.1 202 OK
Sep 18, 2020 12:50:14 PM okhttp3.mockwebserver.MockWebServer$3 processOneRequest
INFO: MockWebServer[35364] received request: GET /api/v1/namespaces/entando-k8s-operator-common-cmms65/pods?labelSelector=deployment%3Dsample-name-cmms65-db&watch=true HTTP/1.1 and responded: HTTP/1.1 200 OK
Sep 18, 2020 12:50:14 PM okhttp3.mockwebserver.MockWebServer$3 processOneRequest
INFO: MockWebServer[35364] received request: GET /apis/entando.org/v1/namespaces/entando-k8s-operator-common-cmms65/entandoplugins/sample-name-cmms65 HTTP/1.1 and responded: HTTP/1.1 200 OK
Sep 18, 2020 12:50:15 PM okhttp3.mockwebserver.MockWebServer$3 processOneRequest
INFO: MockWebServer[35364] received request: GET /apis/apps/v1/namespaces/entando-k8s-operator-common-cmms65/deployments/sample-name-cmms65-db-deployment HTTP/1.1 and responded: HTTP/1.1 200 OK
Sep 18, 2020 12:50:15 PM okhttp3.mockwebserver.MockWebServer$3 processOneRequest
INFO: MockWebServer[35364] received request: GET /api/v1/namespaces/entando-k8s-operator-common-cmms65/pods?labelSelector=deployment%3Dsample-name-cmms65-db&watch=true HTTP/1.1 and responded: HTTP/1.1 200 OK
Sep 18, 2020 12:50:15 PM io.fabric8.kubernetes.client.dsl.internal.WatchHTTPManager$1 onResponse
INFO: Watch terminated unexpectedly. reason: \n not found: limit=46 content=7b2261706956657273696f6e223a227631222c226b696e64223a224c69737422â€¦
Sep 18, 2020 12:50:15 PM io.fabric8.kubernetes.client.dsl.internal.WatchHTTPManager scheduleReconnect
WARN: Ignoring error for already closed/closing connection
Sep 18, 2020 12:50:15 PM okhttp3.mockwebserver.MockWebServer$3 processOneRequest
INFO: MockWebServer[35364] received request: GET /apis/entando.org/v1/namespaces/entando-k8s-operator-common-cmms65/entandoplugins/sample-name-cmms65 HTTP/1.1 and responded: HTTP/1.1 200 OK
Sep 18, 2020 12:50:15 PM okhttp3.mockwebserver.MockWebServer$3 processOneRequest
INFO: MockWebServer[35364] received request: GET /apis/entando.org/v1/namespaces/entando-k8s-operator-common-cmms65/entandoplugins/sample-name-cmms65 HTTP/1.1 and responded: HTTP/1.1 200 OK
Sep 18, 2020 12:50:15 PM okhttp3.mockwebserver.MockWebServer$3 processOneRequest
INFO: MockWebServer[35364] received request: GET /apis/entando.org/v1/namespaces/entando-k8s-operator-common-cmms65/entandoplugins/sample-name-cmms65 HTTP/1.1 and responded: HTTP/1.1 200 OK
Sep 18, 2020 12:50:15 PM okhttp3.mockwebserver.MockWebServer$3 processOneRequest
INFO: MockWebServer[35364] received request: PATCH /apis/entando.org/v1/namespaces/entando-k8s-operator-common-cmms65/entandoplugins/sample-name-cmms65 HTTP/1.1 and responded: HTTP/1.1 202 OK
Sep 18, 2020 12:50:15 PM okhttp3.mockwebserver.MockWebServer$3 processOneRequest
INFO: MockWebServer[35364] received request: GET /apis/entando.org/v1/namespaces/entando-k8s-operator-common-cmms65/entandoplugins/sample-name-cmms65 HTTP/1.1 and responded: HTTP/1.1 200 OK
Sep 18, 2020 12:50:15 PM okhttp3.mockwebserver.MockWebServer$3 processOneRequest
INFO: MockWebServer[35364] received request: GET /api/v1/namespaces/test/secrets/keycloak-*****-secret HTTP/1.1 and responded: HTTP/1.1 200 OK
Sep 18, 2020 12:50:15 PM okhttp3.mockwebserver.MockWebServer$3 processOneRequest
INFO: MockWebServer[35364] received request: GET /api/v1/namespaces/entando/configmaps/entando-docker-image-info-v6.1 HTTP/1.1 and responded: HTTP/1.1 404 Client Error
Sep 18, 2020 12:50:15 PM okhttp3.mockwebserver.MockWebServer$3 processOneRequest
INFO: MockWebServer[35364] received request: GET /apis/entando.org/v1/namespaces/entando-k8s-operator-common-cmms65/entandoplugins/sample-name-cmms65 HTTP/1.1 and responded: HTTP/1.1 200 OK
Sep 18, 2020 12:50:15 PM okhttp3.mockwebserver.MockWebServer$3 processOneRequest
INFO: MockWebServer[35364] received request: POST /api/v1/namespaces/entando-k8s-operator-common-cmms65/secrets HTTP/1.1 and responded: HTTP/1.1 202 OK
Sep 18, 2020 12:50:15 PM okhttp3.mockwebserver.MockWebServer$3 processOneRequest
INFO: MockWebServer[35364] received request: POST /api/v1/namespaces/entando-k8s-operator-common-cmms65/secrets HTTP/1.1 and responded: HTTP/1.1 202 OK
Sep 18, 2020 12:50:15 PM okhttp3.mockwebserver.MockWebServer$3 processOneRequest
INFO: MockWebServer[35364] received request: GET /apis/entando.org/v1/namespaces/entando-k8s-operator-common-cmms65/entandoplugins/sample-name-cmms65 HTTP/1.1 and responded: HTTP/1.1 200 OK
Sep 18, 2020 12:50:15 PM okhttp3.mockwebserver.MockWebServer$3 processOneRequest
INFO: MockWebServer[35364] received request: POST /api/v1/namespaces/entando-k8s-operator-common-cmms65/pods HTTP/1.1 and responded: HTTP/1.1 202 OK
Sep 18, 2020 12:50:15 PM okhttp3.mockwebserver.MockWebServer$3 processOneRequest
INFO: MockWebServer[35364] received request: GET /apis/entando.org/v1/namespaces/entando-k8s-operator-common-cmms65/entandoplugins/sample-name-cmms65 HTTP/1.1 and responded: HTTP/1.1 200 OK
Sep 18, 2020 12:50:15 PM okhttp3.mockwebserver.MockWebServer$3 processOneRequest
INFO: MockWebServer[35364] received request: GET /api/v1/namespaces/entando-k8s-operator-common-cmms65/pods?fieldSelector=metadata.name%3Dsample-name-cmms65-db-preparation-job-7be25e4a-a&watch=true HTTP/1.1 and responded: HTTP/1.1 200 OK
Sep 18, 2020 12:50:15 PM okhttp3.mockwebserver.MockWebServer$3 processOneRequest
INFO: MockWebServer[35364] received request: GET /api/v1/namespaces/entando-k8s-operator-common-cmms65/pods?labelSelector=dbJob%3Dsample-name-cmms65-db-preparation-job HTTP/1.1 and responded: HTTP/1.1 200 OK
Sep 18, 2020 12:50:15 PM okhttp3.mockwebserver.MockWebServer$3 processOneRequest
INFO: MockWebServer[35364] received request: GET /api/v1/namespaces/entando-k8s-operator-common-cmms65/pods?fieldSelector=metadata.name%3Dsample-name-cmms65-db-preparation-job-7be25e4a-a&watch=true HTTP/1.1 and responded: HTTP/1.1 200 OK
Sep 18, 2020 12:50:15 PM io.fabric8.kubernetes.client.dsl.internal.WatchHTTPManager$1 onResponse
INFO: Watch terminated unexpectedly. reason: \n not found: limit=2648 content=7b2261706956657273696f6e223a227631222c226b696e64223a224c69737422â€¦
Sep 18, 2020 12:50:15 PM io.fabric8.kubernetes.client.dsl.internal.WatchHTTPManager scheduleReconnect
WARN: Ignoring error for already closed/closing connection
Sep 18, 2020 12:50:15 PM okhttp3.mockwebserver.MockWebServer$3 processOneRequest
INFO: MockWebServer[35364] received request: GET /apis/entando.org/v1/namespaces/entando-k8s-operator-common-cmms65/entandoplugins/sample-name-cmms65 HTTP/1.1 and responded: HTTP/1.1 200 OK
Sep 18, 2020 12:50:15 PM okhttp3.mockwebserver.MockWebServer$3 processOneRequest
INFO: MockWebServer[35364] received request: GET /apis/entando.org/v1/namespaces/entando-k8s-operator-common-cmms65/entandoplugins/sample-name-cmms65 HTTP/1.1 and responded: HTTP/1.1 200 OK
Sep 18, 2020 12:50:15 PM okhttp3.mockwebserver.MockWebServer$3 processOneRequest
INFO: MockWebServer[35364] received request: GET /apis/entando.org/v1/namespaces/entando-k8s-operator-common-cmms65/entandoplugins/sample-name-cmms65 HTTP/1.1 and responded: HTTP/1.1 200 OK
Sep 18, 2020 12:50:16 PM okhttp3.mockwebserver.MockWebServer$3 processOneRequest
INFO: MockWebServer[35364] received request: PATCH /apis/entando.org/v1/namespaces/entando-k8s-operator-common-cmms65/entandoplugins/sample-name-cmms65 HTTP/1.1 and responded: HTTP/1.1 202 OK
Sep 18, 2020 12:50:16 PM okhttp3.mockwebserver.MockWebServer$3 processOneRequest
INFO: MockWebServer[35364] received request: GET /apis/entando.org/v1/namespaces/entando-k8s-operator-common-cmms65/entandoplugins/sample-name-cmms65 HTTP/1.1 and responded: HTTP/1.1 200 OK
Sep 18, 2020 12:50:16 PM okhttp3.mockwebserver.MockWebServer$3 processOneRequest
INFO: MockWebServer[35364] received request: GET /api/v1/namespaces/entando-k8s-operator-common-cmms65/persistentvolumeclaims/sample-name-cmms65-server-pvc HTTP/1.1 and responded: HTTP/1.1 404 Client Error
Sep 18, 2020 12:50:16 PM okhttp3.mockwebserver.MockWebServer$3 processOneRequest
INFO: MockWebServer[35364] received request: GET /apis/entando.org/v1/namespaces/entando-k8s-operator-common-cmms65/entandoplugins/sample-name-cmms65 HTTP/1.1 and responded: HTTP/1.1 200 OK
Sep 18, 2020 12:50:16 PM okhttp3.mockwebserver.MockWebServer$3 processOneRequest
INFO: MockWebServer[35364] received request: POST /api/v1/namespaces/entando-k8s-operator-common-cmms65/persistentvolumeclaims HTTP/1.1 and responded: HTTP/1.1 202 OK
Sep 18, 2020 12:50:16 PM okhttp3.mockwebserver.MockWebServer$3 processOneRequest
INFO: MockWebServer[35364] received request: GET /api/v1/namespaces/entando-k8s-operator-common-cmms65/persistentvolumeclaims/sample-name-cmms65-server-pvc HTTP/1.1 and responded: HTTP/1.1 200 OK
Sep 18, 2020 12:50:16 PM okhttp3.mockwebserver.MockWebServer$3 processOneRequest
INFO: MockWebServer[35364] received request: GET /apis/entando.org/v1/namespaces/entando-k8s-operator-common-cmms65/entandoplugins/sample-name-cmms65 HTTP/1.1 and responded: HTTP/1.1 200 OK
Sep 18, 2020 12:50:16 PM okhttp3.mockwebserver.MockWebServer$3 processOneRequest
INFO: MockWebServer[35364] received request: GET /api/v1/namespaces/entando-k8s-operator-common-cmms65/persistentvolumeclaims/sample-name-cmms65-server-pvc HTTP/1.1 and responded: HTTP/1.1 200 OK
Sep 18, 2020 12:50:16 PM okhttp3.mockwebserver.MockWebServer$3 processOneRequest
INFO: MockWebServer[35364] received request: GET /api/v1/namespaces/entando-k8s-operator-common-cmms65/persistentvolumeclaims/sample-name-cmms65-server-pvc HTTP/1.1 and responded: HTTP/1.1 200 OK
Sep 18, 2020 12:50:16 PM okhttp3.mockwebserver.MockWebServer$3 processOneRequest
INFO: MockWebServer[35364] received request: GET /apis/entando.org/v1/namespaces/entando-k8s-operator-common-cmms65/entandoplugins/sample-name-cmms65 HTTP/1.1 and responded: HTTP/1.1 200 OK
Sep 18, 2020 12:50:16 PM okhttp3.mockwebserver.MockWebServer$3 processOneRequest
INFO: MockWebServer[35364] received request: GET /apis/entando.org/v1/namespaces/entando-k8s-operator-common-cmms65/entandoplugins/sample-name-cmms65 HTTP/1.1 and responded: HTTP/1.1 200 OK
Sep 18, 2020 12:50:16 PM okhttp3.mockwebserver.MockWebServer$3 processOneRequest
INFO: MockWebServer[35364] received request: GET /apis/entando.org/v1/namespaces/entando-k8s-operator-common-cmms65/entandoplugins/sample-name-cmms65 HTTP/1.1 and responded: HTTP/1.1 200 OK
Sep 18, 2020 12:50:16 PM okhttp3.mockwebserver.MockWebServer$3 processOneRequest
INFO: MockWebServer[35364] received request: GET /apis/entando.org/v1/namespaces/entando-k8s-operator-common-cmms65/entandoplugins/sample-name-cmms65 HTTP/1.1 and responded: HTTP/1.1 200 OK
Sep 18, 2020 12:50:16 PM okhttp3.mockwebserver.MockWebServer$3 processOneRequest
INFO: MockWebServer[35364] received request: PATCH /apis/entando.org/v1/namespaces/entando-k8s-operator-common-cmms65/entandoplugins/sample-name-cmms65 HTTP/1.1 and responded: HTTP/1.1 202 OK
Sep 18, 2020 12:50:16 PM okhttp3.mockwebserver.MockWebServer$3 processOneRequest
INFO: MockWebServer[35364] received request: GET /apis/entando.org/v1/namespaces/entando-k8s-operator-common-cmms65/entandoplugins/sample-name-cmms65 HTTP/1.1 and responded: HTTP/1.1 200 OK
Sep 18, 2020 12:50:16 PM okhttp3.mockwebserver.MockWebServer$3 processOneRequest
INFO: MockWebServer[35364] received request: POST /api/v1/namespaces/entando-k8s-operator-common-cmms65/secrets HTTP/1.1 and responded: HTTP/1.1 202 OK
Sep 18, 2020 12:50:16 PM okhttp3.mockwebserver.MockWebServer$3 processOneRequest
INFO: MockWebServer[35364] received request: POST /api/v1/namespaces/entando-k8s-operator-common-cmms65/secrets HTTP/1.1 and responded: HTTP/1.1 202 OK
Sep 18, 2020 12:50:16 PM okhttp3.mockwebserver.MockWebServer$3 processOneRequest
INFO: MockWebServer[35364] received request: GET /apis/entando.org/v1/namespaces/entando-k8s-operator-common-cmms65/entandoplugins/sample-name-cmms65 HTTP/1.1 and responded: HTTP/1.1 200 OK
Sep 18, 2020 12:50:16 PM okhttp3.mockwebserver.MockWebServer$3 processOneRequest
INFO: MockWebServer[35364] received request: GET /api/v1/namespaces/entando-k8s-operator-common-cmms65/serviceaccounts/plugin HTTP/1.1 and responded: HTTP/1.1 404 Client Error
Sep 18, 2020 12:50:17 PM okhttp3.mockwebserver.MockWebServer$3 processOneRequest
INFO: MockWebServer[35364] received request: POST /api/v1/namespaces/entando-k8s-operator-common-cmms65/serviceaccounts HTTP/1.1 and responded: HTTP/1.1 202 OK
Sep 18, 2020 12:50:17 PM okhttp3.mockwebserver.MockWebServer$3 processOneRequest
INFO: MockWebServer[35364] received request: GET /apis/entando.org/v1/namespaces/entando-k8s-operator-common-cmms65/entandoplugins/sample-name-cmms65 HTTP/1.1 and responded: HTTP/1.1 200 OK
Sep 18, 2020 12:50:17 PM okhttp3.mockwebserver.MockWebServer$3 processOneRequest
INFO: MockWebServer[35364] received request: GET /apis/rbac.authorization.k8s.io/v1/namespaces/entando-k8s-operator-common-cmms65/roles/plugin HTTP/1.1 and responded: HTTP/1.1 404 Client Error
Sep 18, 2020 12:50:17 PM okhttp3.mockwebserver.MockWebServer$3 processOneRequest
INFO: MockWebServer[35364] received request: GET /apis/rbac.authorization.k8s.io/v1beta1/namespaces/entando-k8s-operator-common-cmms65/roles/plugin HTTP/1.1 and responded: HTTP/1.1 404 Client Error
Sep 18, 2020 12:50:17 PM okhttp3.mockwebserver.MockWebServer$3 processOneRequest
INFO: MockWebServer[35364] received request: GET /apis/entando.org/v1/namespaces/entando-k8s-operator-common-cmms65/entandoplugins/sample-name-cmms65 HTTP/1.1 and responded: HTTP/1.1 200 OK
Sep 18, 2020 12:50:17 PM okhttp3.mockwebserver.MockWebServer$3 processOneRequest
INFO: MockWebServer[35364] received request: POST /apis/rbac.authorization.k8s.io/v1/namespaces/entando-k8s-operator-common-cmms65/roles HTTP/1.1 and responded: HTTP/1.1 202 OK
Sep 18, 2020 12:50:17 PM okhttp3.mockwebserver.MockWebServer$3 processOneRequest
INFO: MockWebServer[35364] received request: GET /apis/entando.org/v1/namespaces/entando-k8s-operator-common-cmms65/entandoplugins/sample-name-cmms65 HTTP/1.1 and responded: HTTP/1.1 200 OK
Sep 18, 2020 12:50:17 PM okhttp3.mockwebserver.MockWebServer$3 processOneRequest
INFO: MockWebServer[35364] received request: GET /apis/rbac.authorization.k8s.io/v1/namespaces/entando-k8s-operator-common-cmms65/rolebindings/plugin-rolebinding HTTP/1.1 and responded: HTTP/1.1 404 Client Error
Sep 18, 2020 12:50:17 PM okhttp3.mockwebserver.MockWebServer$3 processOneRequest
INFO: MockWebServer[35364] received request: GET /apis/rbac.authorization.k8s.io/v1beta1/namespaces/entando-k8s-operator-common-cmms65/rolebindings/plugin-rolebinding HTTP/1.1 and responded: HTTP/1.1 404 Client Error
Sep 18, 2020 12:50:17 PM okhttp3.mockwebserver.MockWebServer$3 processOneRequest
INFO: MockWebServer[35364] received request: GET /apis/entando.org/v1/namespaces/entando-k8s-operator-common-cmms65/entandoplugins/sample-name-cmms65 HTTP/1.1 and responded: HTTP/1.1 200 OK
Sep 18, 2020 12:50:17 PM okhttp3.mockwebserver.MockWebServer$3 processOneRequest
INFO: MockWebServer[35364] received request: POST /apis/rbac.authorization.k8s.io/v1/namespaces/entando-k8s-operator-common-cmms65/rolebindings HTTP/1.1 and responded: HTTP/1.1 202 OK
Sep 18, 2020 12:50:17 PM okhttp3.mockwebserver.MockWebServer$3 processOneRequest
INFO: MockWebServer[35364] received request: GET /api/v1/namespaces/entando-k8s-operator-common-cmms65/services/sample-name-cmms65-server-service HTTP/1.1 and responded: HTTP/1.1 404 Client Error
Sep 18, 2020 12:50:17 PM okhttp3.mockwebserver.MockWebServer$3 processOneRequest
INFO: MockWebServer[35364] received request: GET /apis/entando.org/v1/namespaces/entando-k8s-operator-common-cmms65/entandoplugins/sample-name-cmms65 HTTP/1.1 and responded: HTTP/1.1 200 OK
Sep 18, 2020 12:50:17 PM okhttp3.mockwebserver.MockWebServer$3 processOneRequest
INFO: MockWebServer[35364] received request: POST /api/v1/namespaces/entando-k8s-operator-common-cmms65/services HTTP/1.1 and responded: HTTP/1.1 202 OK
Sep 18, 2020 12:50:17 PM okhttp3.mockwebserver.MockWebServer$3 processOneRequest
INFO: MockWebServer[35364] received request: GET /apis/entando.org/v1/namespaces/entando-k8s-operator-common-cmms65/entandoplugins/sample-name-cmms65 HTTP/1.1 and responded: HTTP/1.1 200 OK
Sep 18, 2020 12:50:17 PM okhttp3.mockwebserver.MockWebServer$3 processOneRequest
INFO: MockWebServer[35364] received request: GET /api/v1/namespaces/entando-k8s-operator-common-cmms65/services/sample-name-cmms65-server-service HTTP/1.1 and responded: HTTP/1.1 200 OK
Sep 18, 2020 12:50:17 PM okhttp3.mockwebserver.MockWebServer$3 processOneRequest
INFO: MockWebServer[35364] received request: GET /apis/entando.org/v1/namespaces/entando-k8s-operator-common-cmms65/entandoplugins/sample-name-cmms65 HTTP/1.1 and responded: HTTP/1.1 200 OK
Sep 18, 2020 12:50:17 PM okhttp3.mockwebserver.MockWebServer$3 processOneRequest
INFO: MockWebServer[35364] received request: GET /apis/entando.org/v1/namespaces/entando-k8s-operator-common-cmms65/entandoplugins/sample-name-cmms65 HTTP/1.1 and responded: HTTP/1.1 200 OK
Sep 18, 2020 12:50:17 PM okhttp3.mockwebserver.MockWebServer$3 processOneRequest
INFO: MockWebServer[35364] received request: GET /apis/entando.org/v1/namespaces/entando-k8s-operator-common-cmms65/entandoplugins/sample-name-cmms65 HTTP/1.1 and responded: HTTP/1.1 200 OK
Sep 18, 2020 12:50:18 PM okhttp3.mockwebserver.MockWebServer$3 processOneRequest
INFO: MockWebServer[35364] received request: PATCH /apis/entando.org/v1/namespaces/entando-k8s-operator-common-cmms65/entandoplugins/sample-name-cmms65 HTTP/1.1 and responded: HTTP/1.1 202 OK
Sep 18, 2020 12:50:18 PM okhttp3.mockwebserver.MockWebServer$3 processOneRequest
INFO: MockWebServer[35364] received request: GET /apis/entando.org/v1/namespaces/entando-k8s-operator-common-cmms65/entandoplugins/sample-name-cmms65 HTTP/1.1 and responded: HTTP/1.1 200 OK
Sep 18, 2020 12:50:18 PM okhttp3.mockwebserver.MockWebServer$3 processOneRequest
INFO: MockWebServer[35364] received request: GET /apis/extensions/v1beta1/namespaces/entando-k8s-operator-common-cmms65/ingresses/sample-name-cmms65-ingress HTTP/1.1 and responded: HTTP/1.1 404 Client Error
Sep 18, 2020 12:50:18 PM okhttp3.mockwebserver.MockWebServer$3 processOneRequest
INFO: MockWebServer[35364] received request: GET /apis/entando.org/v1/namespaces/entando-k8s-operator-common-cmms65/entandoplugins/sample-name-cmms65 HTTP/1.1 and responded: HTTP/1.1 200 OK
Sep 18, 2020 12:50:18 PM okhttp3.mockwebserver.MockWebServer$3 processOneRequest
INFO: MockWebServer[35364] received request: POST /apis/extensions/v1beta1/namespaces/entando-k8s-operator-common-cmms65/ingresses HTTP/1.1 and responded: HTTP/1.1 202 OK
Sep 18, 2020 12:50:18 PM okhttp3.mockwebserver.MockWebServer$3 processOneRequest
INFO: MockWebServer[35364] received request: GET /apis/extensions/v1beta1/namespaces/entando-k8s-operator-common-cmms65/ingresses/sample-name-cmms65-ingress HTTP/1.1 and responded: HTTP/1.1 200 OK
Sep 18, 2020 12:50:18 PM okhttp3.mockwebserver.MockWebServer$3 processOneRequest
INFO: MockWebServer[35364] received request: GET /apis/entando.org/v1/namespaces/entando-k8s-operator-common-cmms65/entandoplugins/sample-name-cmms65 HTTP/1.1 and responded: HTTP/1.1 200 OK
Sep 18, 2020 12:50:18 PM okhttp3.mockwebserver.MockWebServer$3 processOneRequest
INFO: MockWebServer[35364] received request: GET /apis/entando.org/v1/namespaces/entando-k8s-operator-common-cmms65/entandoplugins/sample-name-cmms65 HTTP/1.1 and responded: HTTP/1.1 200 OK
Sep 18, 2020 12:50:18 PM okhttp3.mockwebserver.MockWebServer$3 processOneRequest
INFO: MockWebServer[35364] received request: GET /apis/entando.org/v1/namespaces/entando-k8s-operator-common-cmms65/entandoplugins/sample-name-cmms65 HTTP/1.1 and responded: HTTP/1.1 200 OK
Sep 18, 2020 12:50:18 PM okhttp3.mockwebserver.MockWebServer$3 processOneRequest
INFO: MockWebServer[35364] received request: PATCH /apis/entando.org/v1/namespaces/entando-k8s-operator-common-cmms65/entandoplugins/sample-name-cmms65 HTTP/1.1 and responded: HTTP/1.1 202 OK
Sep 18, 2020 12:50:18 PM okhttp3.mockwebserver.MockWebServer$3 processOneRequest
INFO: MockWebServer[35364] received request: GET /apis/entando.org/v1/namespaces/entando-k8s-operator-common-cmms65/entandoplugins/sample-name-cmms65 HTTP/1.1 and responded: HTTP/1.1 200 OK
Sep 18, 2020 12:50:18 PM okhttp3.mockwebserver.MockWebServer$3 processOneRequest
INFO: MockWebServer[35364] received request: POST /api/v1/namespaces/entando-k8s-operator-common-cmms65/secrets HTTP/1.1 and responded: HTTP/1.1 202 OK
Sep 18, 2020 12:50:18 PM okhttp3.mockwebserver.MockWebServer$3 processOneRequest
INFO: MockWebServer[35364] received request: GET /apis/apps/v1/namespaces/entando-k8s-operator-common-cmms65/deployments/sample-name-cmms65-server-deployment HTTP/1.1 and responded: HTTP/1.1 404 Client Error
Sep 18, 2020 12:50:18 PM okhttp3.mockwebserver.MockWebServer$3 processOneRequest
INFO: MockWebServer[35364] received request: GET /apis/entando.org/v1/namespaces/entando-k8s-operator-common-cmms65/entandoplugins/sample-name-cmms65 HTTP/1.1 and responded: HTTP/1.1 200 OK
Sep 18, 2020 12:50:18 PM okhttp3.mockwebserver.MockWebServer$3 processOneRequest
INFO: MockWebServer[35364] received request: GET /apis/extensions/v1beta1/namespaces/entando-k8s-operator-common-cmms65/deployments/sample-name-cmms65-server-deployment HTTP/1.1 and responded: HTTP/1.1 404 Client Error
Sep 18, 2020 12:50:18 PM okhttp3.mockwebserver.MockWebServer$3 processOneRequest
INFO: MockWebServer[35364] received request: GET /apis/entando.org/v1/namespaces/entando-k8s-operator-common-cmms65/entandoplugins/sample-name-cmms65 HTTP/1.1 and responded: HTTP/1.1 200 OK
Sep 18, 2020 12:50:18 PM okhttp3.mockwebserver.MockWebServer$3 processOneRequest
INFO: MockWebServer[35364] received request: POST /apis/apps/v1/namespaces/entando-k8s-operator-common-cmms65/deployments HTTP/1.1 and responded: HTTP/1.1 202 OK
Sep 18, 2020 12:50:18 PM okhttp3.mockwebserver.MockWebServer$3 processOneRequest
INFO: MockWebServer[35364] received request: GET /apis/apps/v1/namespaces/entando-k8s-operator-common-cmms65/deployments/sample-name-cmms65-server-deployment HTTP/1.1 and responded: HTTP/1.1 200 OK
Sep 18, 2020 12:50:18 PM okhttp3.mockwebserver.MockWebServer$3 processOneRequest
INFO: MockWebServer[35364] received request: GET /apis/entando.org/v1/namespaces/entando-k8s-operator-common-cmms65/entandoplugins/sample-name-cmms65 HTTP/1.1 and responded: HTTP/1.1 200 OK
Sep 18, 2020 12:50:19 PM okhttp3.mockwebserver.MockWebServer$3 processOneRequest
INFO: MockWebServer[35364] received request: GET /apis/entando.org/v1/namespaces/entando-k8s-operator-common-cmms65/entandoplugins/sample-name-cmms65 HTTP/1.1 and responded: HTTP/1.1 200 OK
Sep 18, 2020 12:50:19 PM okhttp3.mockwebserver.MockWebServer$3 processOneRequest
INFO: MockWebServer[35364] received request: GET /apis/entando.org/v1/namespaces/entando-k8s-operator-common-cmms65/entandoplugins/sample-name-cmms65 HTTP/1.1 and responded: HTTP/1.1 200 OK
Sep 18, 2020 12:50:19 PM okhttp3.mockwebserver.MockWebServer$3 processOneRequest
INFO: MockWebServer[35364] received request: GET /apis/entando.org/v1/namespaces/entando-k8s-operator-common-cmms65/entandoplugins/sample-name-cmms65 HTTP/1.1 and responded: HTTP/1.1 200 OK
Sep 18, 2020 12:50:19 PM okhttp3.mockwebserver.MockWebServer$3 processOneRequest
INFO: MockWebServer[35364] received request: PATCH /apis/entando.org/v1/namespaces/entando-k8s-operator-common-cmms65/entandoplugins/sample-name-cmms65 HTTP/1.1 and responded: HTTP/1.1 202 OK
Sep 18, 2020 12:50:19 PM okhttp3.mockwebserver.MockWebServer$3 processOneRequest
INFO: MockWebServer[35364] received request: GET /api/v1/namespaces/entando-k8s-operator-common-cmms65/pods?labelSelector=deployment%3Dsample-name-cmms65-server&watch=true HTTP/1.1 and responded: HTTP/1.1 200 OK
Sep 18, 2020 12:50:19 PM okhttp3.mockwebserver.MockWebServer$3 processOneRequest
INFO: MockWebServer[35364] received request: GET /apis/entando.org/v1/namespaces/entando-k8s-operator-common-cmms65/entandoplugins/sample-name-cmms65 HTTP/1.1 and responded: HTTP/1.1 200 OK
Sep 18, 2020 12:50:19 PM okhttp3.mockwebserver.MockWebServer$3 processOneRequest
INFO: MockWebServer[35364] received request: GET /api/v1/namespaces/entando-k8s-operator-common-cmms65/pods?labelSelector=deployment%3Dsample-name-cmms65-server&watch=true HTTP/1.1 and responded: HTTP/1.1 200 OK
Sep 18, 2020 12:50:19 PM okhttp3.mockwebserver.MockWebServer$3 processOneRequest
INFO: MockWebServer[35364] received request: GET /apis/apps/v1/namespaces/entando-k8s-operator-common-cmms65/deployments/sample-name-cmms65-server-deployment HTTP/1.1 and responded: HTTP/1.1 200 OK
Sep 18, 2020 12:50:19 PM io.fabric8.kubernetes.client.dsl.internal.WatchHTTPManager$1 onResponse
INFO: Watch terminated unexpectedly. reason: \n not found: limit=46 content=7b2261706956657273696f6e223a227631222c226b696e64223a224c69737422â€¦
Sep 18, 2020 12:50:19 PM io.fabric8.kubernetes.client.dsl.internal.WatchHTTPManager scheduleReconnect
WARN: Ignoring error for already closed/closing connection
Sep 18, 2020 12:50:19 PM okhttp3.mockwebserver.MockWebServer$3 processOneRequest
INFO: MockWebServer[35364] received request: GET /apis/entando.org/v1/namespaces/entando-k8s-operator-common-cmms65/entandoplugins/sample-name-cmms65 HTTP/1.1 and responded: HTTP/1.1 200 OK
Sep 18, 2020 12:50:19 PM okhttp3.mockwebserver.MockWebServer$3 processOneRequest
INFO: MockWebServer[35364] received request: GET /apis/entando.org/v1/namespaces/entando-k8s-operator-common-cmms65/entandoplugins/sample-name-cmms65 HTTP/1.1 and responded: HTTP/1.1 200 OK
Sep 18, 2020 12:50:19 PM okhttp3.mockwebserver.MockWebServer$3 processOneRequest
INFO: MockWebServer[35364] received request: GET /apis/entando.org/v1/namespaces/entando-k8s-operator-common-cmms65/entandoplugins/sample-name-cmms65 HTTP/1.1 and responded: HTTP/1.1 200 OK
Sep 18, 2020 12:50:19 PM okhttp3.mockwebserver.MockWebServer$3 processOneRequest
INFO: MockWebServer[35364] received request: PATCH /apis/entando.org/v1/namespaces/entando-k8s-operator-common-cmms65/entandoplugins/sample-name-cmms65 HTTP/1.1 and responded: HTTP/1.1 202 OK
Sep 18, 2020 12:50:19 PM okhttp3.mockwebserver.MockWebServer$3 processOneRequest
INFO: MockWebServer[35364] received request: GET /apis/entando.org/v1/namespaces/entando-k8s-operator-common-cmms65/entandoplugins/sample-name-cmms65 HTTP/1.1 and responded: HTTP/1.1 200 OK
Sep 18, 2020 12:50:19 PM okhttp3.mockwebserver.MockWebServer$3 processOneRequest
INFO: MockWebServer[35364] received request: GET /apis/entando.org/v1/namespaces/entando-k8s-operator-common-cmms65/entandoplugins/sample-name-cmms65 HTTP/1.1 and responded: HTTP/1.1 200 OK
Sep 18, 2020 12:50:19 PM okhttp3.mockwebserver.MockWebServer$3 processOneRequest
INFO: MockWebServer[35364] received request: GET /apis/entando.org/v1/namespaces/entando-k8s-operator-common-cmms65/entandoplugins/sample-name-cmms65 HTTP/1.1 and responded: HTTP/1.1 200 OK
Sep 18, 2020 12:50:19 PM okhttp3.mockwebserver.MockWebServer$3 processOneRequest
INFO: MockWebServer[35364] received request: GET /apis/entando.org/v1/namespaces/entando-k8s-operator-common-cmms65/entandoplugins/sample-name-cmms65 HTTP/1.1 and responded: HTTP/1.1 200 OK
Sep 18, 2020 12:50:19 PM okhttp3.mockwebserver.MockWebServer$3 processOneRequest
INFO: MockWebServer[35364] received request: PATCH /apis/entando.org/v1/namespaces/entando-k8s-operator-common-cmms65/entandoplugins/sample-name-cmms65 HTTP/1.1 and responded: HTTP/1.1 202 OK
Sep 18, 2020 12:50:19 PM okhttp3.mockwebserver.MockWebServer$3 processOneRequest
INFO: MockWebServer[35364] received request: GET /apis/entando.org/v1/namespaces/entando-k8s-operator-common-cmms65/entandoplugins/sample-name-cmms65 HTTP/1.1 and responded: HTTP/1.1 200 OK
Sep 18, 2020 12:50:19 PM okhttp3.mockwebserver.MockWebServer$3 processOneRequest
INFO: MockWebServer[35364] received request: GET /apis/entando.org/v1/namespaces/entando-k8s-operator-common-cmms65/entandoplugins/sample-name-cmms65 HTTP/1.1 and responded: HTTP/1.1 200 OK
Sep 18, 2020 12:50:19 PM okhttp3.mockwebserver.MockWebServer$3 processOneRequest
INFO: MockWebServer[35364] received request: GET /apis/entando.org/v1/namespaces/entando-k8s-operator-common-cmms65/entandoplugins/sample-name-cmms65 HTTP/1.1 and responded: HTTP/1.1 200 OK
Sep 18, 2020 12:50:20 PM okhttp3.mockwebserver.MockWebServer$3 processOneRequest
INFO: MockWebServer[35364] received request: GET /apis/entando.org/v1/namespaces/entando-k8s-operator-common-cmms65/entandoplugins/sample-name-cmms65 HTTP/1.1 and responded: HTTP/1.1 200 OK
Sep 18, 2020 12:50:20 PM okhttp3.mockwebserver.MockWebServer$3 processOneRequest
INFO: MockWebServer[35364] received request: PATCH /apis/entando.org/v1/namespaces/entando-k8s-operator-common-cmms65/entandoplugins/sample-name-cmms65 HTTP/1.1 and responded: HTTP/1.1 202 OK
Sep 18, 2020 12:50:20 PM okhttp3.mockwebserver.MockWebServer$3 processOneRequest
INFO: MockWebServer[35364] received request: GET /apis/entando.org/v1/namespaces/entando-k8s-operator-common-cmms65/entandoplugins/sample-name-cmms65 HTTP/1.1 and responded: HTTP/1.1 200 OK
Sep 18, 2020 12:50:20 PM okhttp3.mockwebserver.MockWebServer$3 processOneRequest
INFO: MockWebServer[35364] received request: GET /apis/apps/v1/namespaces/entando-k8s-operator-common-cmms65/deployments/sample-name-cmms65-server-deployment HTTP/1.1 and responded: HTTP/1.1 200 OK
Sep 18, 2020 12:50:20 PM okhttp3.mockwebserver.MockWebServer$3 processOneRequest
INFO: MockWebServer[35364] received request: GET /api/v1/namespaces/entando-k8s-operator-common-cmms65/secrets/sample-name-cmms65-db-secret HTTP/1.1 and responded: HTTP/1.1 200 OK
Sep 18, 2020 12:50:20 PM okhttp3.mockwebserver.MockWebServer$3 processOneRequest
INFO: MockWebServer[35364] received request: GET /api/v1/namespaces/entando-k8s-operator-common-cmms65/secrets/sample-name-cmms65-db-secret HTTP/1.1 and responded: HTTP/1.1 200 OK
Sep 18, 2020 12:50:20 PM okhttp3.mockwebserver.MockWebServer$3 processOneRequest
INFO: MockWebServer[35364] received request: GET /api/v1/namespaces/entando-k8s-operator-common-cmms65/secrets/entando-default-ca-secret HTTP/1.1 and responded: HTTP/1.1 200 OK
Sep 18, 2020 12:50:20 PM okhttp3.mockwebserver.MockWebServer$3 processOneRequest
INFO: MockWebServer[35364] received request: GET /api/v1/namespaces/entando-k8s-operator-common-cmms65/secrets/sample-name-cmms65-*****-secret HTTP/1.1 and responded: HTTP/1.1 200 OK
Sep 18, 2020 12:50:20 PM okhttp3.mockwebserver.MockWebServer$3 processOneRequest
INFO: MockWebServer[35364] received request: GET /api/v1/namespaces/entando-k8s-operator-common-cmms65/secrets/sample-name-cmms65-*****-secret HTTP/1.1 and responded: HTTP/1.1 200 OK
Sep 18, 2020 12:50:20 PM okhttp3.mockwebserver.MockWebServer$3 processOneRequest
INFO: MockWebServer[35364] received request: GET /api/v1/namespaces/entando-k8s-operator-common-cmms65/secrets/sample-name-cmms65-db-secret HTTP/1.1 and responded: HTTP/1.1 200 OK
Sep 18, 2020 12:50:20 PM okhttp3.mockwebserver.MockWebServer$3 processOneRequest
INFO: MockWebServer[35364] received request: GET /api/v1/namespaces/entando-k8s-operator-common-cmms65/secrets/sample-name-cmms65-db-secret HTTP/1.1 and responded: HTTP/1.1 200 OK
Sep 18, 2020 12:50:20 PM okhttp3.mockwebserver.MockWebServer$3 processOneRequest
INFO: MockWebServer[35364] received request: GET /api/v1/namespaces/entando-k8s-operator-common-cmms65/secrets/some-client-secret HTTP/1.1 and responded: HTTP/1.1 200 OK
Sep 18, 2020 12:50:20 PM okhttp3.mockwebserver.MockWebServer$3 processOneRequest
INFO: MockWebServer[35364] received request: GET /api/v1/namespaces/entando-k8s-operator-common-cmms65/secrets/some-client-secret HTTP/1.1 and responded: HTTP/1.1 200 OK
Sep 18, 2020 12:50:21 PM okhttp3.mockwebserver.MockWebServer$3 processOneRequest
INFO: MockWebServer[35364] received request: GET /api/v1/namespaces/entando-k8s-operator-common-cmms65/secrets/sample-name-cmms65-db-secret HTTP/1.1 and responded: HTTP/1.1 200 OK
Sep 18, 2020 12:50:21 PM okhttp3.mockwebserver.MockWebServer$3 processOneRequest
INFO: MockWebServer[35364] received request: GET /api/v1/namespaces/entando-k8s-operator-common-cmms65/secrets/sample-name-cmms65-db-secret HTTP/1.1 and responded: HTTP/1.1 200 OK
Sep 18, 2020 12:50:21 PM okhttp3.mockwebserver.MockWebServer$3 processOneRequest
INFO: MockWebServer[35364] received request: GET /api/v1/namespaces/entando-k8s-operator-common-cmms65/secrets/entando-default-ca-secret HTTP/1.1 and responded: HTTP/1.1 200 OK
Sep 18, 2020 12:50:21 PM okhttp3.mockwebserver.MockWebServer$3 processOneRequest
INFO: MockWebServer[35364] received request: GET /api/v1/namespaces/entando-k8s-operator-common-cmms65/secrets/sample-name-cmms65-*****-secret HTTP/1.1 and responded: HTTP/1.1 200 OK
Sep 18, 2020 12:50:21 PM okhttp3.mockwebserver.MockWebServer$3 processOneRequest
INFO: MockWebServer[35364] received request: GET /api/v1/namespaces/entando-k8s-operator-common-cmms65/secrets/sample-name-cmms65-*****-secret HTTP/1.1 and responded: HTTP/1.1 200 OK
Sep 18, 2020 12:50:21 PM okhttp3.mockwebserver.MockWebServer$3 processOneRequest
INFO: MockWebServer[35364] received request: GET /api/v1/namespaces/entando-k8s-operator-common-cmms65/secrets/sample-name-cmms65-db-secret HTTP/1.1 and responded: HTTP/1.1 200 OK
Sep 18, 2020 12:50:21 PM okhttp3.mockwebserver.MockWebServer$3 processOneRequest
INFO: MockWebServer[35364] received request: GET /api/v1/namespaces/entando-k8s-operator-common-cmms65/secrets/sample-name-cmms65-db-secret HTTP/1.1 and responded: HTTP/1.1 200 OK
Sep 18, 2020 12:50:21 PM okhttp3.mockwebserver.MockWebServer$3 processOneRequest
INFO: MockWebServer[35364] received request: GET /api/v1/namespaces/entando-k8s-operator-common-cmms65/persistentvolumeclaims/sample-name-cmms65-server-pvc HTTP/1.1 and responded: HTTP/1.1 200 OK
Sep 18, 2020 12:50:21 PM okhttp3.mockwebserver.MockWebServer$3 processOneRequest
INFO: MockWebServer[35364] received request: GET /api/v1/namespaces/entando-k8s-operator-common-cmms65/persistentvolumeclaims/sample-name-cmms65-server-pvc HTTP/1.1 and responded: HTTP/1.1 200 OK
Sep 18, 2020 12:50:21 PM okhttp3.mockwebserver.MockWebServer$3 processOneRequest
INFO: MockWebServer[35364] received request: GET /api/v1/namespaces/entando-k8s-operator-common-cmms65/secrets/entando-default-ca-secret HTTP/1.1 and responded: HTTP/1.1 200 OK
Sep 18, 2020 12:50:21 PM okhttp3.mockwebserver.MockWebServer$3 processOneRequest
INFO: MockWebServer[35364] received request: GET /apis/apps/v1/namespaces/entando-k8s-operator-common-cmms65/deployments/sample-name-cmms65-db-deployment HTTP/1.1 and responded: HTTP/1.1 200 OK
Sep 18, 2020 12:50:22 PM okhttp3.mockwebserver.MockWebServer$3 processOneRequest
INFO: MockWebServer[35364] received request: GET /apis/extensions/v1beta1/namespaces/entando-k8s-operator-common-cmms65/ingresses/sample-name-cmms65-ingress HTTP/1.1 and responded: HTTP/1.1 200 OK
Sep 18, 2020 12:50:22 PM okhttp3.mockwebserver.MockWebServer$3 processOneRequest
INFO: MockWebServer[35364] received request: GET /api/v1/namespaces/entando/configmaps/entando-docker-image-info-v6.1 HTTP/1.1 and responded: HTTP/1.1 404 Client Error
Sep 18, 2020 12:50:22 PM okhttp3.mockwebserver.MockWebServer$3 processOneRequest
INFO: MockWebServer[35364] received request: GET /apis/entando.org/v1/namespaces/entando-k8s-operator-common-cmms65/entandoplugins/other-name-cmms65 HTTP/1.1 and responded: HTTP/1.1 404 Client Error
Sep 18, 2020 12:50:22 PM okhttp3.mockwebserver.MockWebServer$3 processOneRequest
INFO: MockWebServer[35364] received request: POST /apis/entando.org/v1/namespaces/entando-k8s-operator-common-cmms65/entandoplugins HTTP/1.1 and responded: HTTP/1.1 202 OK
Sep 18, 2020 12:50:22 PM okhttp3.mockwebserver.MockWebServer$3 processOneRequest
INFO: MockWebServer[35364] received request: GET /apis/entando.org/v1/namespaces/entando-k8s-operator-common-cmms65/entandoplugins/other-name-cmms65 HTTP/1.1 and responded: HTTP/1.1 200 OK
Sep 18, 2020 12:50:22 PM okhttp3.mockwebserver.MockWebServer$3 processOneRequest
INFO: MockWebServer[35364] received request: GET /apis/entando.org/v1/namespaces/entando-k8s-operator-common-cmms65/entandoplugins/other-name-cmms65 HTTP/1.1 and responded: HTTP/1.1 200 OK
Sep 18, 2020 12:50:22 PM okhttp3.mockwebserver.MockWebServer$3 processOneRequest
INFO: MockWebServer[35364] received request: GET /apis/entando.org/v1/namespaces/entando-k8s-operator-common-cmms65/entandoplugins/other-name-cmms65 HTTP/1.1 and responded: HTTP/1.1 200 OK
Sep 18, 2020 12:50:22 PM okhttp3.mockwebserver.MockWebServer$3 processOneRequest
INFO: MockWebServer[35364] received request: GET /apis/entando.org/v1/namespaces/entando-k8s-operator-common-cmms65/entandoplugins/other-name-cmms65 HTTP/1.1 and responded: HTTP/1.1 200 OK
Sep 18, 2020 12:50:22 PM okhttp3.mockwebserver.MockWebServer$3 processOneRequest
INFO: MockWebServer[35364] received request: GET /apis/entando.org/v1/namespaces/entando-k8s-operator-common-cmms65/entandoplugins/other-name-cmms65 HTTP/1.1 and responded: HTTP/1.1 200 OK
Sep 18, 2020 12:50:22 PM okhttp3.mockwebserver.MockWebServer$3 processOneRequest
INFO: MockWebServer[35364] received request: GET /apis/entando.org/v1/namespaces/entando-k8s-operator-common-cmms65/entandoplugins/other-name-cmms65 HTTP/1.1 and responded: HTTP/1.1 200 OK
Sep 18, 2020 12:50:22 PM okhttp3.mockwebserver.MockWebServer$3 processOneRequest
INFO: MockWebServer[35364] received request: GET /apis/entando.org/v1/namespaces/entando-k8s-operator-common-cmms65/entandoplugins/other-name-cmms65 HTTP/1.1 and responded: HTTP/1.1 200 OK
Sep 18, 2020 12:50:22 PM okhttp3.mockwebserver.MockWebServer$3 processOneRequest
INFO: MockWebServer[35364] received request: GET /apis/entando.org/v1/namespaces/entando-k8s-operator-common-cmms65/entandoplugins/other-name-cmms65 HTTP/1.1 and responded: HTTP/1.1 200 OK
Sep 18, 2020 12:50:23 PM okhttp3.mockwebserver.MockWebServer$3 processOneRequest
INFO: MockWebServer[35364] received request: PATCH /apis/entando.org/v1/namespaces/entando-k8s-operator-common-cmms65/entandoplugins/other-name-cmms65 HTTP/1.1 and responded: HTTP/1.1 202 OK
Sep 18, 2020 12:50:23 PM okhttp3.mockwebserver.MockWebServer$3 processOneRequest
INFO: MockWebServer[35364] received request: GET /apis/entando.org/v1/namespaces/entando-k8s-operator-common-cmms65/entandoplugins/other-name-cmms65 HTTP/1.1 and responded: HTTP/1.1 200 OK
Sep 18, 2020 12:50:23 PM okhttp3.mockwebserver.MockWebServer$3 processOneRequest
INFO: MockWebServer[35364] received request: GET /apis/entando.org/v1/namespaces/entando-k8s-operator-common-cmms65/entandodatabaseservices HTTP/1.1 and responded: HTTP/1.1 200 OK
Sep 18, 2020 12:50:23 PM okhttp3.mockwebserver.MockWebServer$3 processOneRequest
INFO: MockWebServer[35364] received request: GET /api/v1/namespaces/entando/configmaps/entando-docker-image-info-v6.1 HTTP/1.1 and responded: HTTP/1.1 404 Client Error
Sep 18, 2020 12:50:23 PM okhttp3.mockwebserver.MockWebServer$3 processOneRequest
INFO: MockWebServer[35364] received request: GET /apis/entando.org/v1/namespaces/entando-k8s-operator-common-cmms65/entandoplugins/other-name-cmms65 HTTP/1.1 and responded: HTTP/1.1 200 OK
Sep 18, 2020 12:50:23 PM okhttp3.mockwebserver.MockWebServer$3 processOneRequest
INFO: MockWebServer[35364] received request: GET /api/v1/namespaces/entando-k8s-operator-common-cmms65/persistentvolumeclaims/other-name-cmms65-db-pvc HTTP/1.1 and responded: HTTP/1.1 404 Client Error
Sep 18, 2020 12:50:23 PM okhttp3.mockwebserver.MockWebServer$3 processOneRequest
INFO: MockWebServer[35364] received request: GET /apis/entando.org/v1/namespaces/entando-k8s-operator-common-cmms65/entandoplugins/other-name-cmms65 HTTP/1.1 and responded: HTTP/1.1 200 OK
Sep 18, 2020 12:50:23 PM okhttp3.mockwebserver.MockWebServer$3 processOneRequest
INFO: MockWebServer[35364] received request: POST /api/v1/namespaces/entando-k8s-operator-common-cmms65/persistentvolumeclaims HTTP/1.1 and responded: HTTP/1.1 202 OK
Sep 18, 2020 12:50:23 PM okhttp3.mockwebserver.MockWebServer$3 processOneRequest
INFO: MockWebServer[35364] received request: GET /api/v1/namespaces/entando-k8s-operator-common-cmms65/persistentvolumeclaims/other-name-cmms65-db-pvc HTTP/1.1 and responded: HTTP/1.1 200 OK
Sep 18, 2020 12:50:23 PM okhttp3.mockwebserver.MockWebServer$3 processOneRequest
INFO: MockWebServer[35364] received request: GET /apis/entando.org/v1/namespaces/entando-k8s-operator-common-cmms65/entandoplugins/other-name-cmms65 HTTP/1.1 and responded: HTTP/1.1 200 OK
Sep 18, 2020 12:50:23 PM okhttp3.mockwebserver.MockWebServer$3 processOneRequest
INFO: MockWebServer[35364] received request: GET /apis/entando.org/v1/namespaces/entando-k8s-operator-common-cmms65/entandoplugins/other-name-cmms65 HTTP/1.1 and responded: HTTP/1.1 200 OK
Sep 18, 2020 12:50:23 PM okhttp3.mockwebserver.MockWebServer$3 processOneRequest
INFO: MockWebServer[35364] received request: GET /apis/entando.org/v1/namespaces/entando-k8s-operator-common-cmms65/entandoplugins/other-name-cmms65 HTTP/1.1 and responded: HTTP/1.1 200 OK
Sep 18, 2020 12:50:23 PM okhttp3.mockwebserver.MockWebServer$3 processOneRequest
INFO: MockWebServer[35364] received request: GET /apis/entando.org/v1/namespaces/entando-k8s-operator-common-cmms65/entandoplugins/other-name-cmms65 HTTP/1.1 and responded: HTTP/1.1 200 OK
Sep 18, 2020 12:50:23 PM okhttp3.mockwebserver.MockWebServer$3 processOneRequest
INFO: MockWebServer[35364] received request: PATCH /apis/entando.org/v1/namespaces/entando-k8s-operator-common-cmms65/entandoplugins/other-name-cmms65 HTTP/1.1 and responded: HTTP/1.1 202 OK
Sep 18, 2020 12:50:23 PM okhttp3.mockwebserver.MockWebServer$3 processOneRequest
INFO: MockWebServer[35364] received request: POST /api/v1/namespaces/entando-k8s-operator-common-cmms65/secrets HTTP/1.1 and responded: HTTP/1.1 202 OK
Sep 18, 2020 12:50:23 PM okhttp3.mockwebserver.MockWebServer$3 processOneRequest
INFO: MockWebServer[35364] received request: GET /apis/entando.org/v1/namespaces/entando-k8s-operator-common-cmms65/entandoplugins/other-name-cmms65 HTTP/1.1 and responded: HTTP/1.1 200 OK
Sep 18, 2020 12:50:23 PM okhttp3.mockwebserver.MockWebServer$3 processOneRequest
INFO: MockWebServer[35364] received request: POST /api/v1/namespaces/entando-k8s-operator-common-cmms65/secrets HTTP/1.1 and responded: HTTP/1.1 202 OK
Sep 18, 2020 12:50:23 PM okhttp3.mockwebserver.MockWebServer$3 processOneRequest
INFO: MockWebServer[35364] received request: GET /api/v1/namespaces/entando-k8s-operator-common-cmms65/services/other-name-cmms65-db-service HTTP/1.1 and responded: HTTP/1.1 404 Client Error
Sep 18, 2020 12:50:23 PM okhttp3.mockwebserver.MockWebServer$3 processOneRequest
INFO: MockWebServer[35364] received request: GET /apis/entando.org/v1/namespaces/entando-k8s-operator-common-cmms65/entandoplugins/other-name-cmms65 HTTP/1.1 and responded: HTTP/1.1 200 OK
Sep 18, 2020 12:50:23 PM okhttp3.mockwebserver.MockWebServer$3 processOneRequest
INFO: MockWebServer[35364] received request: POST /api/v1/namespaces/entando-k8s-operator-common-cmms65/services HTTP/1.1 and responded: HTTP/1.1 202 OK
Sep 18, 2020 12:50:24 PM okhttp3.mockwebserver.MockWebServer$3 processOneRequest
INFO: MockWebServer[35364] received request: GET /apis/entando.org/v1/namespaces/entando-k8s-operator-common-cmms65/entandoplugins/other-name-cmms65 HTTP/1.1 and responded: HTTP/1.1 200 OK
Sep 18, 2020 12:50:24 PM okhttp3.mockwebserver.MockWebServer$3 processOneRequest
INFO: MockWebServer[35364] received request: GET /api/v1/namespaces/entando-k8s-operator-common-cmms65/services/other-name-cmms65-db-service HTTP/1.1 and responded: HTTP/1.1 200 OK
Sep 18, 2020 12:50:24 PM okhttp3.mockwebserver.MockWebServer$3 processOneRequest
INFO: MockWebServer[35364] received request: GET /apis/entando.org/v1/namespaces/entando-k8s-operator-common-cmms65/entandoplugins/other-name-cmms65 HTTP/1.1 and responded: HTTP/1.1 200 OK
Sep 18, 2020 12:50:24 PM okhttp3.mockwebserver.MockWebServer$3 processOneRequest
INFO: MockWebServer[35364] received request: GET /apis/entando.org/v1/namespaces/entando-k8s-operator-common-cmms65/entandoplugins/other-name-cmms65 HTTP/1.1 and responded: HTTP/1.1 200 OK
Sep 18, 2020 12:50:24 PM okhttp3.mockwebserver.MockWebServer$3 processOneRequest
INFO: MockWebServer[35364] received request: GET /apis/entando.org/v1/namespaces/entando-k8s-operator-common-cmms65/entandoplugins/other-name-cmms65 HTTP/1.1 and responded: HTTP/1.1 200 OK
Sep 18, 2020 12:50:24 PM okhttp3.mockwebserver.MockWebServer$3 processOneRequest
INFO: MockWebServer[35364] received request: PATCH /apis/entando.org/v1/namespaces/entando-k8s-operator-common-cmms65/entandoplugins/other-name-cmms65 HTTP/1.1 and responded: HTTP/1.1 202 OK
Sep 18, 2020 12:50:24 PM okhttp3.mockwebserver.MockWebServer$3 processOneRequest
INFO: MockWebServer[35364] received request: GET /apis/entando.org/v1/namespaces/entando-k8s-operator-common-cmms65/entandoplugins/other-name-cmms65 HTTP/1.1 and responded: HTTP/1.1 200 OK
Sep 18, 2020 12:50:24 PM okhttp3.mockwebserver.MockWebServer$3 processOneRequest
INFO: MockWebServer[35364] received request: GET /apis/apps/v1/namespaces/entando-k8s-operator-common-cmms65/deployments/other-name-cmms65-db-deployment HTTP/1.1 and responded: HTTP/1.1 404 Client Error
Sep 18, 2020 12:50:24 PM okhttp3.mockwebserver.MockWebServer$3 processOneRequest
INFO: MockWebServer[35364] received request: GET /apis/extensions/v1beta1/namespaces/entando-k8s-operator-common-cmms65/deployments/other-name-cmms65-db-deployment HTTP/1.1 and responded: HTTP/1.1 404 Client Error
Sep 18, 2020 12:50:24 PM okhttp3.mockwebserver.MockWebServer$3 processOneRequest
INFO: MockWebServer[35364] received request: GET /apis/entando.org/v1/namespaces/entando-k8s-operator-common-cmms65/entandoplugins/other-name-cmms65 HTTP/1.1 and responded: HTTP/1.1 200 OK
Sep 18, 2020 12:50:24 PM okhttp3.mockwebserver.MockWebServer$3 processOneRequest
INFO: MockWebServer[35364] received request: POST /apis/apps/v1/namespaces/entando-k8s-operator-common-cmms65/deployments HTTP/1.1 and responded: HTTP/1.1 202 OK
Sep 18, 2020 12:50:24 PM okhttp3.mockwebserver.MockWebServer$3 processOneRequest
INFO: MockWebServer[35364] received request: GET /apis/entando.org/v1/namespaces/entando-k8s-operator-common-cmms65/entandoplugins/other-name-cmms65 HTTP/1.1 and responded: HTTP/1.1 200 OK
Sep 18, 2020 12:50:24 PM okhttp3.mockwebserver.MockWebServer$3 processOneRequest
INFO: MockWebServer[35364] received request: GET /apis/apps/v1/namespaces/entando-k8s-operator-common-cmms65/deployments/other-name-cmms65-db-deployment HTTP/1.1 and responded: HTTP/1.1 200 OK
Sep 18, 2020 12:50:24 PM okhttp3.mockwebserver.MockWebServer$3 processOneRequest
INFO: MockWebServer[35364] received request: GET /apis/entando.org/v1/namespaces/entando-k8s-operator-common-cmms65/entandoplugins/other-name-cmms65 HTTP/1.1 and responded: HTTP/1.1 200 OK
Sep 18, 2020 12:50:24 PM okhttp3.mockwebserver.MockWebServer$3 processOneRequest
INFO: MockWebServer[35364] received request: GET /apis/entando.org/v1/namespaces/entando-k8s-operator-common-cmms65/entandoplugins/other-name-cmms65 HTTP/1.1 and responded: HTTP/1.1 200 OK
Sep 18, 2020 12:50:24 PM okhttp3.mockwebserver.MockWebServer$3 processOneRequest
INFO: MockWebServer[35364] received request: GET /apis/entando.org/v1/namespaces/entando-k8s-operator-common-cmms65/entandoplugins/other-name-cmms65 HTTP/1.1 and responded: HTTP/1.1 200 OK
Sep 18, 2020 12:50:24 PM okhttp3.mockwebserver.MockWebServer$3 processOneRequest
INFO: MockWebServer[35364] received request: PATCH /apis/entando.org/v1/namespaces/entando-k8s-operator-common-cmms65/entandoplugins/other-name-cmms65 HTTP/1.1 and responded: HTTP/1.1 202 OK
Sep 18, 2020 12:50:24 PM okhttp3.mockwebserver.MockWebServer$3 processOneRequest
INFO: MockWebServer[35364] received request: GET /apis/entando.org/v1/namespaces/entando-k8s-operator-common-cmms65/entandoplugins/other-name-cmms65 HTTP/1.1 and responded: HTTP/1.1 200 OK
Sep 18, 2020 12:50:24 PM okhttp3.mockwebserver.MockWebServer$3 processOneRequest
INFO: MockWebServer[35364] received request: GET /api/v1/namespaces/entando-k8s-operator-common-cmms65/pods?labelSelector=deployment%3Dother-name-cmms65-db&watch=true HTTP/1.1 and responded: HTTP/1.1 200 OK
Sep 18, 2020 12:50:25 PM okhttp3.mockwebserver.MockWebServer$3 processOneRequest
INFO: MockWebServer[35364] received request: GET /apis/apps/v1/namespaces/entando-k8s-operator-common-cmms65/deployments/other-name-cmms65-db-deployment HTTP/1.1 and responded: HTTP/1.1 200 OK
Sep 18, 2020 12:50:25 PM okhttp3.mockwebserver.MockWebServer$3 processOneRequest
INFO: MockWebServer[35364] received request: GET /api/v1/namespaces/entando-k8s-operator-common-cmms65/pods?labelSelector=deployment%3Dother-name-cmms65-db&watch=true HTTP/1.1 and responded: HTTP/1.1 200 OK
Sep 18, 2020 12:50:25 PM okhttp3.mockwebserver.MockWebServer$3 processOneRequest
INFO: MockWebServer[35364] received request: GET /apis/entando.org/v1/namespaces/entando-k8s-operator-common-cmms65/entandoplugins/other-name-cmms65 HTTP/1.1 and responded: HTTP/1.1 200 OK
Sep 18, 2020 12:50:25 PM okhttp3.mockwebserver.MockWebServer$3 processOneRequest
INFO: MockWebServer[35364] received request: GET /apis/entando.org/v1/namespaces/entando-k8s-operator-common-cmms65/entandoplugins/other-name-cmms65 HTTP/1.1 and responded: HTTP/1.1 200 OK
Sep 18, 2020 12:50:25 PM io.fabric8.kubernetes.client.dsl.internal.WatchHTTPManager$1 onResponse
INFO: Watch terminated unexpectedly. reason: \n not found: limit=46 content=7b2261706956657273696f6e223a227631222c226b696e64223a224c69737422â€¦
Sep 18, 2020 12:50:25 PM io.fabric8.kubernetes.client.dsl.internal.WatchHTTPManager scheduleReconnect
WARN: Ignoring error for already closed/closing connection
Sep 18, 2020 12:50:25 PM okhttp3.mockwebserver.MockWebServer$3 processOneRequest
INFO: MockWebServer[35364] received request: GET /apis/entando.org/v1/namespaces/entando-k8s-operator-common-cmms65/entandoplugins/other-name-cmms65 HTTP/1.1 and responded: HTTP/1.1 200 OK
Sep 18, 2020 12:50:25 PM okhttp3.mockwebserver.MockWebServer$3 processOneRequest
INFO: MockWebServer[35364] received request: GET /apis/entando.org/v1/namespaces/entando-k8s-operator-common-cmms65/entandoplugins/other-name-cmms65 HTTP/1.1 and responded: HTTP/1.1 200 OK
Sep 18, 2020 12:50:25 PM okhttp3.mockwebserver.MockWebServer$3 processOneRequest
INFO: MockWebServer[35364] received request: PATCH /apis/entando.org/v1/namespaces/entando-k8s-operator-common-cmms65/entandoplugins/other-name-cmms65 HTTP/1.1 and responded: HTTP/1.1 202 OK
Sep 18, 2020 12:50:25 PM okhttp3.mockwebserver.MockWebServer$3 processOneRequest
INFO: MockWebServer[35364] received request: GET /api/v1/namespaces/test/secrets/keycloak-*****-secret HTTP/1.1 and responded: HTTP/1.1 200 OK
Sep 18, 2020 12:50:25 PM okhttp3.mockwebserver.MockWebServer$3 processOneRequest
INFO: MockWebServer[35364] received request: GET /apis/entando.org/v1/namespaces/entando-k8s-operator-common-cmms65/entandoplugins/other-name-cmms65 HTTP/1.1 and responded: HTTP/1.1 200 OK
Sep 18, 2020 12:50:25 PM okhttp3.mockwebserver.MockWebServer$3 processOneRequest
INFO: MockWebServer[35364] received request: GET /api/v1/namespaces/entando/configmaps/entando-docker-image-info-v6.1 HTTP/1.1 and responded: HTTP/1.1 404 Client Error
Sep 18, 2020 12:50:25 PM okhttp3.mockwebserver.MockWebServer$3 processOneRequest
INFO: MockWebServer[35364] received request: POST /api/v1/namespaces/entando-k8s-operator-common-cmms65/secrets HTTP/1.1 and responded: HTTP/1.1 202 OK
Sep 18, 2020 12:50:25 PM okhttp3.mockwebserver.MockWebServer$3 processOneRequest
INFO: MockWebServer[35364] received request: GET /apis/entando.org/v1/namespaces/entando-k8s-operator-common-cmms65/entandoplugins/other-name-cmms65 HTTP/1.1 and responded: HTTP/1.1 200 OK
Sep 18, 2020 12:50:25 PM okhttp3.mockwebserver.MockWebServer$3 processOneRequest
INFO: MockWebServer[35364] received request: POST /api/v1/namespaces/entando-k8s-operator-common-cmms65/pods HTTP/1.1 and responded: HTTP/1.1 202 OK
Sep 18, 2020 12:50:25 PM okhttp3.mockwebserver.MockWebServer$3 processOneRequest
INFO: MockWebServer[35364] received request: GET /apis/entando.org/v1/namespaces/entando-k8s-operator-common-cmms65/entandoplugins/other-name-cmms65 HTTP/1.1 and responded: HTTP/1.1 200 OK
Sep 18, 2020 12:50:25 PM okhttp3.mockwebserver.MockWebServer$3 processOneRequest
INFO: MockWebServer[35364] received request: GET /api/v1/namespaces/entando-k8s-operator-common-cmms65/pods?fieldSelector=metadata.name%3Dother-name-cmms65-db-preparation-job-c19e3417-8&watch=true HTTP/1.1 and responded: HTTP/1.1 200 OK
Sep 18, 2020 12:50:25 PM okhttp3.mockwebserver.MockWebServer$3 processOneRequest
INFO: MockWebServer[35364] received request: GET /api/v1/namespaces/entando-k8s-operator-common-cmms65/pods?labelSelector=dbJob%3Dother-name-cmms65-db-preparation-job HTTP/1.1 and responded: HTTP/1.1 200 OK
Sep 18, 2020 12:50:25 PM okhttp3.mockwebserver.MockWebServer$3 processOneRequest
INFO: MockWebServer[35364] received request: GET /apis/entando.org/v1/namespaces/entando-k8s-operator-common-cmms65/entandoplugins/other-name-cmms65 HTTP/1.1 and responded: HTTP/1.1 200 OK
Sep 18, 2020 12:50:25 PM okhttp3.mockwebserver.MockWebServer$3 processOneRequest
INFO: MockWebServer[35364] received request: GET /api/v1/namespaces/entando-k8s-operator-common-cmms65/pods?fieldSelector=metadata.name%3Dother-name-cmms65-db-preparation-job-c19e3417-8&watch=true HTTP/1.1 and responded: HTTP/1.1 200 OK
Sep 18, 2020 12:50:25 PM io.fabric8.kubernetes.client.dsl.internal.WatchHTTPManager$1 onResponse
INFO: Watch terminated unexpectedly. reason: \n not found: limit=4219 content=7b2261706956657273696f6e223a227631222c226b696e64223a224c69737422â€¦
Sep 18, 2020 12:50:25 PM io.fabric8.kubernetes.client.dsl.internal.WatchHTTPManager scheduleReconnect
WARN: Ignoring error for already closed/closing connection
Sep 18, 2020 12:50:25 PM okhttp3.mockwebserver.MockWebServer$3 processOneRequest
INFO: MockWebServer[35364] received request: GET /apis/entando.org/v1/namespaces/entando-k8s-operator-common-cmms65/entandoplugins/other-name-cmms65 HTTP/1.1 and responded: HTTP/1.1 200 OK
Sep 18, 2020 12:50:25 PM okhttp3.mockwebserver.MockWebServer$3 processOneRequest
INFO: MockWebServer[35364] received request: GET /apis/entando.org/v1/namespaces/entando-k8s-operator-common-cmms65/entandoplugins/other-name-cmms65 HTTP/1.1 and responded: HTTP/1.1 200 OK
Sep 18, 2020 12:50:25 PM okhttp3.mockwebserver.MockWebServer$3 processOneRequest
INFO: MockWebServer[35364] received request: PATCH /apis/entando.org/v1/namespaces/entando-k8s-operator-common-cmms65/entandoplugins/other-name-cmms65 HTTP/1.1 and responded: HTTP/1.1 202 OK
Sep 18, 2020 12:50:25 PM okhttp3.mockwebserver.MockWebServer$3 processOneRequest
INFO: MockWebServer[35364] received request: GET /api/v1/namespaces/entando-k8s-operator-common-cmms65/persistentvolumeclaims/other-name-cmms65-server-pvc HTTP/1.1 and responded: HTTP/1.1 404 Client Error
Sep 18, 2020 12:50:25 PM okhttp3.mockwebserver.MockWebServer$3 processOneRequest
INFO: MockWebServer[35364] received request: GET /apis/entando.org/v1/namespaces/entando-k8s-operator-common-cmms65/entandoplugins/other-name-cmms65 HTTP/1.1 and responded: HTTP/1.1 200 OK
Sep 18, 2020 12:50:26 PM okhttp3.mockwebserver.MockWebServer$3 processOneRequest
INFO: MockWebServer[35364] received request: POST /api/v1/namespaces/entando-k8s-operator-common-cmms65/persistentvolumeclaims HTTP/1.1 and responded: HTTP/1.1 202 OK
Sep 18, 2020 12:50:26 PM okhttp3.mockwebserver.MockWebServer$3 processOneRequest
INFO: MockWebServer[35364] received request: GET /apis/entando.org/v1/namespaces/entando-k8s-operator-common-cmms65/entandoplugins/other-name-cmms65 HTTP/1.1 and responded: HTTP/1.1 200 OK
Sep 18, 2020 12:50:26 PM okhttp3.mockwebserver.MockWebServer$3 processOneRequest
INFO: MockWebServer[35364] received request: GET /api/v1/namespaces/entando-k8s-operator-common-cmms65/persistentvolumeclaims/other-name-cmms65-server-pvc HTTP/1.1 and responded: HTTP/1.1 200 OK
Sep 18, 2020 12:50:26 PM okhttp3.mockwebserver.MockWebServer$3 processOneRequest
INFO: MockWebServer[35364] received request: GET /apis/entando.org/v1/namespaces/entando-k8s-operator-common-cmms65/entandoplugins/other-name-cmms65 HTTP/1.1 and responded: HTTP/1.1 200 OK
Sep 18, 2020 12:50:26 PM okhttp3.mockwebserver.MockWebServer$3 processOneRequest
INFO: MockWebServer[35364] received request: GET /apis/entando.org/v1/namespaces/entando-k8s-operator-common-cmms65/entandoplugins/other-name-cmms65 HTTP/1.1 and responded: HTTP/1.1 200 OK
Sep 18, 2020 12:50:26 PM okhttp3.mockwebserver.MockWebServer$3 processOneRequest
INFO: MockWebServer[35364] received request: GET /apis/entando.org/v1/namespaces/entando-k8s-operator-common-cmms65/entandoplugins/other-name-cmms65 HTTP/1.1 and responded: HTTP/1.1 200 OK
Sep 18, 2020 12:50:26 PM okhttp3.mockwebserver.MockWebServer$3 processOneRequest
INFO: MockWebServer[35364] received request: PATCH /apis/entando.org/v1/namespaces/entando-k8s-operator-common-cmms65/entandoplugins/other-name-cmms65 HTTP/1.1 and responded: HTTP/1.1 202 OK
Sep 18, 2020 12:50:26 PM okhttp3.mockwebserver.MockWebServer$3 processOneRequest
INFO: MockWebServer[35364] received request: GET /apis/entando.org/v1/namespaces/entando-k8s-operator-common-cmms65/entandoplugins/other-name-cmms65 HTTP/1.1 and responded: HTTP/1.1 200 OK
Sep 18, 2020 12:50:26 PM okhttp3.mockwebserver.MockWebServer$3 processOneRequest
INFO: MockWebServer[35364] received request: POST /api/v1/namespaces/entando-k8s-operator-common-cmms65/secrets HTTP/1.1 and responded: HTTP/1.1 202 OK
Sep 18, 2020 12:50:26 PM okhttp3.mockwebserver.MockWebServer$3 processOneRequest
INFO: MockWebServer[35364] received request: GET /apis/entando.org/v1/namespaces/entando-k8s-operator-common-cmms65/entandoplugins/other-name-cmms65 HTTP/1.1 and responded: HTTP/1.1 200 OK
Sep 18, 2020 12:50:26 PM okhttp3.mockwebserver.MockWebServer$3 processOneRequest
INFO: MockWebServer[35364] received request: POST /api/v1/namespaces/entando-k8s-operator-common-cmms65/secrets HTTP/1.1 and responded: HTTP/1.1 202 OK
Sep 18, 2020 12:50:26 PM okhttp3.mockwebserver.MockWebServer$3 processOneRequest
INFO: MockWebServer[35364] received request: GET /api/v1/namespaces/entando-k8s-operator-common-cmms65/serviceaccounts/plugin HTTP/1.1 and responded: HTTP/1.1 200 OK
Sep 18, 2020 12:50:26 PM okhttp3.mockwebserver.MockWebServer$3 processOneRequest
INFO: MockWebServer[35364] received request: GET /apis/entando.org/v1/namespaces/entando-k8s-operator-common-cmms65/entandoplugins/other-name-cmms65 HTTP/1.1 and responded: HTTP/1.1 200 OK
Sep 18, 2020 12:50:26 PM okhttp3.mockwebserver.MockWebServer$3 processOneRequest
INFO: MockWebServer[35364] received request: GET /apis/rbac.authorization.k8s.io/v1/namespaces/entando-k8s-operator-common-cmms65/roles/plugin HTTP/1.1 and responded: HTTP/1.1 200 OK
Sep 18, 2020 12:50:26 PM okhttp3.mockwebserver.MockWebServer$3 processOneRequest
INFO: MockWebServer[35364] received request: GET /apis/rbac.authorization.k8s.io/v1/namespaces/entando-k8s-operator-common-cmms65/rolebindings/plugin-rolebinding HTTP/1.1 and responded: HTTP/1.1 200 OK
Sep 18, 2020 12:50:26 PM okhttp3.mockwebserver.MockWebServer$3 processOneRequest
INFO: MockWebServer[35364] received request: GET /apis/entando.org/v1/namespaces/entando-k8s-operator-common-cmms65/entandoplugins/other-name-cmms65 HTTP/1.1 and responded: HTTP/1.1 200 OK
Sep 18, 2020 12:50:26 PM okhttp3.mockwebserver.MockWebServer$3 processOneRequest
INFO: MockWebServer[35364] received request: GET /api/v1/namespaces/entando-k8s-operator-common-cmms65/services/other-name-cmms65-server-service HTTP/1.1 and responded: HTTP/1.1 404 Client Error
Sep 18, 2020 12:50:27 PM okhttp3.mockwebserver.MockWebServer$3 processOneRequest
INFO: MockWebServer[35364] received request: GET /apis/entando.org/v1/namespaces/entando-k8s-operator-common-cmms65/entandoplugins/other-name-cmms65 HTTP/1.1 and responded: HTTP/1.1 200 OK
Sep 18, 2020 12:50:27 PM okhttp3.mockwebserver.MockWebServer$3 processOneRequest
INFO: MockWebServer[35364] received request: POST /api/v1/namespaces/entando-k8s-operator-common-cmms65/services HTTP/1.1 and responded: HTTP/1.1 202 OK
Sep 18, 2020 12:50:27 PM okhttp3.mockwebserver.MockWebServer$3 processOneRequest
INFO: MockWebServer[35364] received request: GET /api/v1/namespaces/entando-k8s-operator-common-cmms65/services/other-name-cmms65-server-service HTTP/1.1 and responded: HTTP/1.1 200 OK
Sep 18, 2020 12:50:27 PM okhttp3.mockwebserver.MockWebServer$3 processOneRequest
INFO: MockWebServer[35364] received request: GET /apis/entando.org/v1/namespaces/entando-k8s-operator-common-cmms65/entandoplugins/other-name-cmms65 HTTP/1.1 and responded: HTTP/1.1 200 OK
Sep 18, 2020 12:50:27 PM okhttp3.mockwebserver.MockWebServer$3 processOneRequest
INFO: MockWebServer[35364] received request: GET /apis/entando.org/v1/namespaces/entando-k8s-operator-common-cmms65/entandoplugins/other-name-cmms65 HTTP/1.1 and responded: HTTP/1.1 200 OK
Sep 18, 2020 12:50:27 PM okhttp3.mockwebserver.MockWebServer$3 processOneRequest
INFO: MockWebServer[35364] received request: GET /apis/entando.org/v1/namespaces/entando-k8s-operator-common-cmms65/entandoplugins/other-name-cmms65 HTTP/1.1 and responded: HTTP/1.1 200 OK
Sep 18, 2020 12:50:27 PM okhttp3.mockwebserver.MockWebServer$3 processOneRequest
INFO: MockWebServer[35364] received request: GET /apis/entando.org/v1/namespaces/entando-k8s-operator-common-cmms65/entandoplugins/other-name-cmms65 HTTP/1.1 and responded: HTTP/1.1 200 OK
Sep 18, 2020 12:50:27 PM okhttp3.mockwebserver.MockWebServer$3 processOneRequest
INFO: MockWebServer[35364] received request: PATCH /apis/entando.org/v1/namespaces/entando-k8s-operator-common-cmms65/entandoplugins/other-name-cmms65 HTTP/1.1 and responded: HTTP/1.1 202 OK
Sep 18, 2020 12:50:27 PM okhttp3.mockwebserver.MockWebServer$3 processOneRequest
INFO: MockWebServer[35364] received request: GET /apis/entando.org/v1/namespaces/entando-k8s-operator-common-cmms65/entandoplugins/other-name-cmms65 HTTP/1.1 and responded: HTTP/1.1 200 OK
Sep 18, 2020 12:50:27 PM okhttp3.mockwebserver.MockWebServer$3 processOneRequest
INFO: MockWebServer[35364] received request: GET /apis/extensions/v1beta1/namespaces/entando-k8s-operator-common-cmms65/ingresses/sample-name-cmms65-ingress HTTP/1.1 and responded: HTTP/1.1 200 OK
Sep 18, 2020 12:50:27 PM okhttp3.mockwebserver.MockWebServer$3 processOneRequest
INFO: MockWebServer[35364] received request: GET /apis/extensions/v1beta1/namespaces/entando-k8s-operator-common-cmms65/ingresses/sample-name-cmms65-ingress HTTP/1.1 and responded: HTTP/1.1 200 OK
Sep 18, 2020 12:50:27 PM okhttp3.mockwebserver.MockWebServer$3 processOneRequest
INFO: MockWebServer[35364] received request: GET /apis/entando.org/v1/namespaces/entando-k8s-operator-common-cmms65/entandoplugins/other-name-cmms65 HTTP/1.1 and responded: HTTP/1.1 200 OK
Sep 18, 2020 12:50:27 PM okhttp3.mockwebserver.MockWebServer$3 processOneRequest
INFO: MockWebServer[35364] received request: GET /apis/extensions/v1beta1/namespaces/entando-k8s-operator-common-cmms65/ingresses/sample-name-cmms65-ingress HTTP/1.1 and responded: HTTP/1.1 200 OK
Sep 18, 2020 12:50:27 PM okhttp3.mockwebserver.MockWebServer$3 processOneRequest
INFO: MockWebServer[35364] received request: PATCH /apis/extensions/v1beta1/namespaces/entando-k8s-operator-common-cmms65/ingresses/sample-name-cmms65-ingress HTTP/1.1 and responded: HTTP/1.1 202 OK
Sep 18, 2020 12:50:27 PM okhttp3.mockwebserver.MockWebServer$3 processOneRequest
INFO: MockWebServer[35364] received request: GET /apis/entando.org/v1/namespaces/entando-k8s-operator-common-cmms65/entandoplugins/other-name-cmms65 HTTP/1.1 and responded: HTTP/1.1 200 OK
Sep 18, 2020 12:50:27 PM okhttp3.mockwebserver.MockWebServer$3 processOneRequest
INFO: MockWebServer[35364] received request: GET /apis/extensions/v1beta1/namespaces/entando-k8s-operator-common-cmms65/ingresses/sample-name-cmms65-ingress HTTP/1.1 and responded: HTTP/1.1 200 OK
Sep 18, 2020 12:50:27 PM okhttp3.mockwebserver.MockWebServer$3 processOneRequest
INFO: MockWebServer[35364] received request: GET /apis/entando.org/v1/namespaces/entando-k8s-operator-common-cmms65/entandoplugins/other-name-cmms65 HTTP/1.1 and responded: HTTP/1.1 200 OK
Sep 18, 2020 12:50:27 PM okhttp3.mockwebserver.MockWebServer$3 processOneRequest
INFO: MockWebServer[35364] received request: GET /apis/extensions/v1beta1/namespaces/entando-k8s-operator-common-cmms65/ingresses/sample-name-cmms65-ingress HTTP/1.1 and responded: HTTP/1.1 200 OK
Sep 18, 2020 12:50:28 PM okhttp3.mockwebserver.MockWebServer$3 processOneRequest
INFO: MockWebServer[35364] received request: GET /apis/entando.org/v1/namespaces/entando-k8s-operator-common-cmms65/entandoplugins/other-name-cmms65 HTTP/1.1 and responded: HTTP/1.1 200 OK
Sep 18, 2020 12:50:28 PM okhttp3.mockwebserver.MockWebServer$3 processOneRequest
INFO: MockWebServer[35364] received request: GET /apis/entando.org/v1/namespaces/entando-k8s-operator-common-cmms65/entandoplugins/other-name-cmms65 HTTP/1.1 and responded: HTTP/1.1 200 OK
Sep 18, 2020 12:50:28 PM okhttp3.mockwebserver.MockWebServer$3 processOneRequest
INFO: MockWebServer[35364] received request: GET /apis/entando.org/v1/namespaces/entando-k8s-operator-common-cmms65/entandoplugins/other-name-cmms65 HTTP/1.1 and responded: HTTP/1.1 200 OK
Sep 18, 2020 12:50:28 PM okhttp3.mockwebserver.MockWebServer$3 processOneRequest
INFO: MockWebServer[35364] received request: PATCH /apis/entando.org/v1/namespaces/entando-k8s-operator-common-cmms65/entandoplugins/other-name-cmms65 HTTP/1.1 and responded: HTTP/1.1 202 OK
Sep 18, 2020 12:50:28 PM okhttp3.mockwebserver.MockWebServer$3 processOneRequest
INFO: MockWebServer[35364] received request: GET /apis/entando.org/v1/namespaces/entando-k8s-operator-common-cmms65/entandoplugins/other-name-cmms65 HTTP/1.1 and responded: HTTP/1.1 200 OK
Sep 18, 2020 12:50:28 PM okhttp3.mockwebserver.MockWebServer$3 processOneRequest
INFO: MockWebServer[35364] received request: GET /apis/apps/v1/namespaces/entando-k8s-operator-common-cmms65/deployments/other-name-cmms65-server-deployment HTTP/1.1 and responded: HTTP/1.1 404 Client Error
Sep 18, 2020 12:50:28 PM okhttp3.mockwebserver.MockWebServer$3 processOneRequest
INFO: MockWebServer[35364] received request: GET /apis/entando.org/v1/namespaces/entando-k8s-operator-common-cmms65/entandoplugins/other-name-cmms65 HTTP/1.1 and responded: HTTP/1.1 200 OK
Sep 18, 2020 12:50:28 PM okhttp3.mockwebserver.MockWebServer$3 processOneRequest
INFO: MockWebServer[35364] received request: GET /apis/extensions/v1beta1/namespaces/entando-k8s-operator-common-cmms65/deployments/other-name-cmms65-server-deployment HTTP/1.1 and responded: HTTP/1.1 404 Client Error
Sep 18, 2020 12:50:28 PM okhttp3.mockwebserver.MockWebServer$3 processOneRequest
INFO: MockWebServer[35364] received request: POST /apis/apps/v1/namespaces/entando-k8s-operator-common-cmms65/deployments HTTP/1.1 and responded: HTTP/1.1 202 OK
Sep 18, 2020 12:50:28 PM okhttp3.mockwebserver.MockWebServer$3 processOneRequest
INFO: MockWebServer[35364] received request: GET /apis/entando.org/v1/namespaces/entando-k8s-operator-common-cmms65/entandoplugins/other-name-cmms65 HTTP/1.1 and responded: HTTP/1.1 200 OK
Sep 18, 2020 12:50:28 PM okhttp3.mockwebserver.MockWebServer$3 processOneRequest
INFO: MockWebServer[35364] received request: GET /apis/apps/v1/namespaces/entando-k8s-operator-common-cmms65/deployments/other-name-cmms65-server-deployment HTTP/1.1 and responded: HTTP/1.1 200 OK
Sep 18, 2020 12:50:28 PM okhttp3.mockwebserver.MockWebServer$3 processOneRequest
INFO: MockWebServer[35364] received request: GET /apis/entando.org/v1/namespaces/entando-k8s-operator-common-cmms65/entandoplugins/other-name-cmms65 HTTP/1.1 and responded: HTTP/1.1 200 OK
Sep 18, 2020 12:50:28 PM okhttp3.mockwebserver.MockWebServer$3 processOneRequest
INFO: MockWebServer[35364] received request: GET /apis/entando.org/v1/namespaces/entando-k8s-operator-common-cmms65/entandoplugins/other-name-cmms65 HTTP/1.1 and responded: HTTP/1.1 200 OK
Sep 18, 2020 12:50:28 PM okhttp3.mockwebserver.MockWebServer$3 processOneRequest
INFO: MockWebServer[35364] received request: GET /apis/entando.org/v1/namespaces/entando-k8s-operator-common-cmms65/entandoplugins/other-name-cmms65 HTTP/1.1 and responded: HTTP/1.1 200 OK
Sep 18, 2020 12:50:28 PM okhttp3.mockwebserver.MockWebServer$3 processOneRequest
INFO: MockWebServer[35364] received request: GET /apis/entando.org/v1/namespaces/entando-k8s-operator-common-cmms65/entandoplugins/other-name-cmms65 HTTP/1.1 and responded: HTTP/1.1 200 OK
Sep 18, 2020 12:50:28 PM okhttp3.mockwebserver.MockWebServer$3 processOneRequest
INFO: MockWebServer[35364] received request: PATCH /apis/entando.org/v1/namespaces/entando-k8s-operator-common-cmms65/entandoplugins/other-name-cmms65 HTTP/1.1 and responded: HTTP/1.1 202 OK
Sep 18, 2020 12:50:28 PM okhttp3.mockwebserver.MockWebServer$3 processOneRequest
INFO: MockWebServer[35364] received request: GET /api/v1/namespaces/entando-k8s-operator-common-cmms65/pods?labelSelector=deployment%3Dother-name-cmms65-server&watch=true HTTP/1.1 and responded: HTTP/1.1 200 OK
Sep 18, 2020 12:50:28 PM okhttp3.mockwebserver.MockWebServer$3 processOneRequest
INFO: MockWebServer[35364] received request: GET /api/v1/namespaces/entando-k8s-operator-common-cmms65/pods?labelSelector=deployment%3Dother-name-cmms65-server&watch=true HTTP/1.1 and responded: HTTP/1.1 200 OK
Sep 18, 2020 12:50:28 PM io.fabric8.kubernetes.client.dsl.internal.WatchHTTPManager$1 onResponse
INFO: Watch terminated unexpectedly. reason: \n not found: limit=46 content=7b2261706956657273696f6e223a227631222c226b696e64223a224c69737422â€¦
Sep 18, 2020 12:50:28 PM okhttp3.mockwebserver.MockWebServer$3 processOneRequest
INFO: MockWebServer[35364] received request: GET /apis/apps/v1/namespaces/entando-k8s-operator-common-cmms65/deployments/other-name-cmms65-server-deployment HTTP/1.1 and responded: HTTP/1.1 200 OK
Sep 18, 2020 12:50:28 PM okhttp3.mockwebserver.MockWebServer$3 processOneRequest
INFO: MockWebServer[35364] received request: GET /apis/entando.org/v1/namespaces/entando-k8s-operator-common-cmms65/entandoplugins/other-name-cmms65 HTTP/1.1 and responded: HTTP/1.1 200 OK
Sep 18, 2020 12:50:29 PM okhttp3.mockwebserver.MockWebServer$3 processOneRequest
INFO: MockWebServer[35364] received request: GET /apis/entando.org/v1/namespaces/entando-k8s-operator-common-cmms65/entandoplugins/other-name-cmms65 HTTP/1.1 and responded: HTTP/1.1 200 OK
Sep 18, 2020 12:50:29 PM okhttp3.mockwebserver.MockWebServer$3 processOneRequest
INFO: MockWebServer[35364] received request: GET /apis/entando.org/v1/namespaces/entando-k8s-operator-common-cmms65/entandoplugins/other-name-cmms65 HTTP/1.1 and responded: HTTP/1.1 200 OK
Sep 18, 2020 12:50:29 PM okhttp3.mockwebserver.MockWebServer$3 processOneRequest
INFO: MockWebServer[35364] received request: GET /apis/entando.org/v1/namespaces/entando-k8s-operator-common-cmms65/entandoplugins/other-name-cmms65 HTTP/1.1 and responded: HTTP/1.1 200 OK
Sep 18, 2020 12:50:29 PM okhttp3.mockwebserver.MockWebServer$3 processOneRequest
INFO: MockWebServer[35364] received request: GET /apis/entando.org/v1/namespaces/entando-k8s-operator-common-cmms65/entandoplugins/other-name-cmms65 HTTP/1.1 and responded: HTTP/1.1 200 OK
Sep 18, 2020 12:50:29 PM okhttp3.mockwebserver.MockWebServer$3 processOneRequest
INFO: MockWebServer[35364] received request: GET /apis/entando.org/v1/namespaces/entando-k8s-operator-common-cmms65/entandoplugins/other-name-cmms65 HTTP/1.1 and responded: HTTP/1.1 200 OK
Sep 18, 2020 12:50:29 PM okhttp3.mockwebserver.MockWebServer$3 processOneRequest
INFO: MockWebServer[35364] received request: GET /apis/entando.org/v1/namespaces/entando-k8s-operator-common-cmms65/entandoplugins/other-name-cmms65 HTTP/1.1 and responded: HTTP/1.1 200 OK
Sep 18, 2020 12:50:29 PM okhttp3.mockwebserver.MockWebServer$3 processOneRequest
INFO: MockWebServer[35364] received request: GET /api/v1/namespaces/entando-k8s-operator-common-cmms65/pods?labelSelector=deployment%3Dother-name-cmms65-server&watch=true HTTP/1.1 and responded: HTTP/1.1 200 OK
Sep 18, 2020 12:50:29 PM okhttp3.mockwebserver.MockWebServer$3 processOneRequest
INFO: MockWebServer[35364] received request: GET /apis/entando.org/v1/namespaces/entando-k8s-operator-common-cmms65/entandoplugins/other-name-cmms65 HTTP/1.1 and responded: HTTP/1.1 200 OK
Sep 18, 2020 12:50:29 PM io.fabric8.kubernetes.client.dsl.internal.WatchHTTPManager$1 onResponse
INFO: Watch terminated unexpectedly. reason: \n not found: limit=46 content=7b2261706956657273696f6e223a227631222c226b696e64223a224c69737422â€¦
Sep 18, 2020 12:50:29 PM io.fabric8.kubernetes.client.dsl.internal.WatchHTTPManager scheduleReconnect
WARN: Ignoring error for already closed/closing connection
Sep 18, 2020 12:50:29 PM okhttp3.mockwebserver.MockWebServer$3 processOneRequest
INFO: MockWebServer[35364] received request: GET /apis/entando.org/v1/namespaces/entando-k8s-operator-common-cmms65/entandoplugins/other-name-cmms65 HTTP/1.1 and responded: HTTP/1.1 200 OK
Sep 18, 2020 12:50:30 PM okhttp3.mockwebserver.MockWebServer$3 processOneRequest
INFO: MockWebServer[35364] received request: GET /apis/entando.org/v1/namespaces/entando-k8s-operator-common-cmms65/entandoplugins/other-name-cmms65 HTTP/1.1 and responded: HTTP/1.1 200 OK
Sep 18, 2020 12:50:30 PM okhttp3.mockwebserver.MockWebServer$3 processOneRequest
INFO: MockWebServer[35364] received request: PATCH /apis/entando.org/v1/namespaces/entando-k8s-operator-common-cmms65/entandoplugins/other-name-cmms65 HTTP/1.1 and responded: HTTP/1.1 202 OK
Sep 18, 2020 12:50:30 PM okhttp3.mockwebserver.MockWebServer$3 processOneRequest
INFO: MockWebServer[35364] received request: GET /apis/entando.org/v1/namespaces/entando-k8s-operator-common-cmms65/entandoplugins/other-name-cmms65 HTTP/1.1 and responded: HTTP/1.1 200 OK
Sep 18, 2020 12:50:30 PM okhttp3.mockwebserver.MockWebServer$3 processOneRequest
INFO: MockWebServer[35364] received request: GET /apis/entando.org/v1/namespaces/entando-k8s-operator-common-cmms65/entandoplugins/other-name-cmms65 HTTP/1.1 and responded: HTTP/1.1 200 OK
Sep 18, 2020 12:50:30 PM okhttp3.mockwebserver.MockWebServer$3 processOneRequest
INFO: MockWebServer[35364] received request: GET /apis/entando.org/v1/namespaces/entando-k8s-operator-common-cmms65/entandoplugins/other-name-cmms65 HTTP/1.1 and responded: HTTP/1.1 200 OK
Sep 18, 2020 12:50:30 PM okhttp3.mockwebserver.MockWebServer$3 processOneRequest
INFO: MockWebServer[35364] received request: PATCH /apis/entando.org/v1/namespaces/entando-k8s-operator-common-cmms65/entandoplugins/other-name-cmms65 HTTP/1.1 and responded: HTTP/1.1 202 OK
Sep 18, 2020 12:50:30 PM okhttp3.mockwebserver.MockWebServer$3 processOneRequest
INFO: MockWebServer[35364] received request: GET /apis/entando.org/v1/namespaces/entando-k8s-operator-common-cmms65/entandoplugins/other-name-cmms65 HTTP/1.1 and responded: HTTP/1.1 200 OK
Sep 18, 2020 12:50:30 PM okhttp3.mockwebserver.MockWebServer$3 processOneRequest
INFO: MockWebServer[35364] received request: GET /apis/entando.org/v1/namespaces/entando-k8s-operator-common-cmms65/entandoplugins/other-name-cmms65 HTTP/1.1 and responded: HTTP/1.1 200 OK
Sep 18, 2020 12:50:30 PM okhttp3.mockwebserver.MockWebServer$3 processOneRequest
INFO: MockWebServer[35364] received request: GET /apis/entando.org/v1/namespaces/entando-k8s-operator-common-cmms65/entandoplugins/other-name-cmms65 HTTP/1.1 and responded: HTTP/1.1 200 OK
Sep 18, 2020 12:50:30 PM okhttp3.mockwebserver.MockWebServer$3 processOneRequest
INFO: MockWebServer[35364] received request: GET /apis/entando.org/v1/namespaces/entando-k8s-operator-common-cmms65/entandoplugins/other-name-cmms65 HTTP/1.1 and responded: HTTP/1.1 200 OK
Sep 18, 2020 12:50:30 PM okhttp3.mockwebserver.MockWebServer$3 processOneRequest
INFO: MockWebServer[35364] received request: PATCH /apis/entando.org/v1/namespaces/entando-k8s-operator-common-cmms65/entandoplugins/other-name-cmms65 HTTP/1.1 and responded: HTTP/1.1 202 OK
Sep 18, 2020 12:50:30 PM okhttp3.mockwebserver.MockWebServer$3 processOneRequest
INFO: MockWebServer[35364] received request: GET /apis/entando.org/v1/namespaces/entando-k8s-operator-common-cmms65/entandoplugins/other-name-cmms65 HTTP/1.1 and responded: HTTP/1.1 200 OK
Sep 18, 2020 12:50:30 PM okhttp3.mockwebserver.MockWebServer$3 processOneRequest
INFO: MockWebServer[35364] received request: GET /apis/apps/v1/namespaces/entando-k8s-operator-common-cmms65/deployments/other-name-cmms65-server-deployment HTTP/1.1 and responded: HTTP/1.1 200 OK
Sep 18, 2020 12:50:30 PM okhttp3.mockwebserver.MockWebServer$3 processOneRequest
INFO: MockWebServer[35364] received request: GET /api/v1/namespaces/entando-k8s-operator-common-cmms65/secrets/other-name-cmms65-db-secret HTTP/1.1 and responded: HTTP/1.1 200 OK
Sep 18, 2020 12:50:30 PM okhttp3.mockwebserver.MockWebServer$3 processOneRequest
INFO: MockWebServer[35364] received request: GET /api/v1/namespaces/entando-k8s-operator-common-cmms65/secrets/other-name-cmms65-db-secret HTTP/1.1 and responded: HTTP/1.1 200 OK
Sep 18, 2020 12:50:30 PM okhttp3.mockwebserver.MockWebServer$3 processOneRequest
INFO: MockWebServer[35364] received request: GET /api/v1/namespaces/entando-k8s-operator-common-cmms65/secrets/entando-default-ca-secret HTTP/1.1 and responded: HTTP/1.1 200 OK
Sep 18, 2020 12:50:30 PM okhttp3.mockwebserver.MockWebServer$3 processOneRequest
INFO: MockWebServer[35364] received request: GET /api/v1/namespaces/entando-k8s-operator-common-cmms65/secrets/other-name-cmms65-*****-secret HTTP/1.1 and responded: HTTP/1.1 200 OK
Sep 18, 2020 12:50:31 PM okhttp3.mockwebserver.MockWebServer$3 processOneRequest
INFO: MockWebServer[35364] received request: GET /api/v1/namespaces/entando-k8s-operator-common-cmms65/secrets/other-name-cmms65-*****-secret HTTP/1.1 and responded: HTTP/1.1 200 OK
Sep 18, 2020 12:50:31 PM okhttp3.mockwebserver.MockWebServer$3 processOneRequest
INFO: MockWebServer[35364] received request: GET /api/v1/namespaces/entando-k8s-operator-common-cmms65/secrets/other-name-cmms65-db-secret HTTP/1.1 and responded: HTTP/1.1 200 OK
Sep 18, 2020 12:50:31 PM okhttp3.mockwebserver.MockWebServer$3 processOneRequest
INFO: MockWebServer[35364] received request: GET /api/v1/namespaces/entando-k8s-operator-common-cmms65/secrets/other-name-cmms65-db-secret HTTP/1.1 and responded: HTTP/1.1 200 OK
Sep 18, 2020 12:50:31 PM okhttp3.mockwebserver.MockWebServer$3 processOneRequest
INFO: MockWebServer[35364] received request: GET /api/v1/namespaces/entando-k8s-operator-common-cmms65/persistentvolumeclaims/other-name-cmms65-server-pvc HTTP/1.1 and responded: HTTP/1.1 200 OK
Sep 18, 2020 12:50:31 PM okhttp3.mockwebserver.MockWebServer$3 processOneRequest
INFO: MockWebServer[35364] received request: GET /api/v1/namespaces/entando-k8s-operator-common-cmms65/secrets/entando-default-ca-secret HTTP/1.1 and responded: HTTP/1.1 200 OK
Sep 18, 2020 12:50:31 PM okhttp3.mockwebserver.MockWebServer$3 processOneRequest
INFO: MockWebServer[35364] received request: GET /apis/apps/v1/namespaces/entando-k8s-operator-common-cmms65/deployments/other-name-cmms65-db-deployment HTTP/1.1 and responded: HTTP/1.1 200 OK
Sep 18, 2020 12:50:31 PM okhttp3.mockwebserver.MockWebServer$3 processOneRequest
INFO: MockWebServer[35364] received request: GET /apis/extensions/v1beta1/namespaces/entando-k8s-operator-common-cmms65/ingresses/sample-name-cmms65-ingress HTTP/1.1 and responded: HTTP/1.1 200 OK
Sep 18, 2020 12:50:31 PM okhttp3.mockwebserver.MockWebServer$2 acceptConnections
INFO: MockWebServer[35364] done accepting connections: Socket closed
[INFO] Tests run: 2, Failures: 0, Errors: 0, Skipped: 0, Time elapsed: 32.475 s - in org.entando.kubernetes.controller.inprocesstest.PublicIngressingMockServerTest
[INFO] Running org.entando.kubernetes.controller.inprocesstest.SpringBootContainerMockClientTest
[INFO] Tests run: 1, Failures: 0, Errors: 0, Skipped: 0, Time elapsed: 0.849 s - in org.entando.kubernetes.controller.inprocesstest.SpringBootContainerMockClientTest
Sep 18, 2020 12:50:32 PM okhttp3.mockwebserver.MockWebServer$2 e**cute
INFO: MockWebServer[36677] starting to accept connections
[INFO] Running org.entando.kubernetes.controller.inprocesstest.DefaultClientTest
Sep 18, 2020 12:50:32 PM okhttp3.mockwebserver.MockWebServer$3 processOneRequest
INFO: MockWebServer[36677] received request: POST /apis/extensions/v1beta1/namespaces/my-namespace/ingresses HTTP/1.1 and responded: HTTP/1.1 202 OK
Sep 18, 2020 12:50:32 PM okhttp3.mockwebserver.MockWebServer$3 processOneRequest
INFO: MockWebServer[36677] received request: GET /apis/extensions/v1beta1/namespaces/my-namespace/ingresses/my-ingress HTTP/1.1 and responded: HTTP/1.1 200 OK
Sep 18, 2020 12:50:32 PM okhttp3.mockwebserver.MockWebServer$3 processOneRequest
INFO: MockWebServer[36677] received request: GET /apis/extensions/v1beta1/namespaces/my-namespace/ingresses/my-ingress HTTP/1.1 and responded: HTTP/1.1 200 OK
Sep 18, 2020 12:50:32 PM okhttp3.mockwebserver.MockWebServer$3 processOneRequest
INFO: MockWebServer[36677] received request: PATCH /apis/extensions/v1beta1/namespaces/my-namespace/ingresses/my-ingress HTTP/1.1 and responded: HTTP/1.1 202 OK
Sep 18, 2020 12:50:32 PM okhttp3.mockwebserver.MockWebServer$2 acceptConnections
INFO: MockWebServer[36677] done accepting connections: Socket closed
[INFO] Tests run: 1, Failures: 0, Errors: 0, Skipped: 0, Time elapsed: 0.413 s - in org.entando.kubernetes.controller.inprocesstest.DefaultClientTest
[INFO] Running org.entando.kubernetes.controller.inprocesstest.ContainerUsingExternalDatabaseMockClientTest
[INFO] Tests run: 1, Failures: 0, Errors: 0, Skipped: 0, Time elapsed: 0.688 s - in org.entando.kubernetes.controller.inprocesstest.ContainerUsingExternalDatabaseMockClientTest
[INFO] Running org.entando.kubernetes.controller.inprocesstest.legacy.DeployExampleServiceOnExternalDatabaseTest
[INFO] Tests run: 2, Failures: 0, Errors: 0, Skipped: 0, Time elapsed: 1.041 s - in org.entando.kubernetes.controller.inprocesstest.legacy.DeployExampleServiceOnExternalDatabaseTest
[INFO] Running org.entando.kubernetes.controller.inprocesstest.legacy.DeployDatabaseTest
[INFO] Tests run: 5, Failures: 0, Errors: 0, Skipped: 0, Time elapsed: 2.614 s - in org.entando.kubernetes.controller.inprocesstest.legacy.DeployDatabaseTest
[INFO] Running org.entando.kubernetes.controller.inprocesstest.legacy.DeployExampleServiceTest
[INFO] Tests run: 6, Failures: 0, Errors: 0, Skipped: 0, Time elapsed: 6.632 s - in org.entando.kubernetes.controller.inprocesstest.legacy.DeployExampleServiceTest
[INFO] Running org.entando.kubernetes.controller.integrationtest.podwaiters.PodWaiterTest
MODIFIED:PodStatus(conditions=[PodCondition(lastProbeTime=null, lastTransitionTime=null, message=null, reason=null, status=True, type=PodScheduled, additionalProperties={})], containerStatuses=[ContainerStatus(containerID=null, image=null, imageID=null, lastState=null, name=null, ready=null, restartCount=null, started=null, state=ContainerState(running=null, terminated=null, waiting=null, additionalProperties={}), additionalProperties={})], ephemeralContainerStatuses=[], hostIP=null, initContainerStatuses=[ContainerStatus(containerID=null, image=null, imageID=null, lastState=null, name=null, ready=null, restartCount=null, started=null, state=ContainerState(running=null, terminated=null, waiting=null, additionalProperties={}), additionalProperties={})], message=null, nominatedNodeName=null, phase=Running, podIP=null, podIPs=[], qosClass=null, reason=null, startTime=null, additionalProperties={})
MODIFIED:PodStatus(conditions=[PodCondition(lastProbeTime=null, lastTransitionTime=null, message=null, reason=null, status=True, type=Ready, additionalProperties={}), PodCondition(lastProbeTime=null, lastTransitionTime=null, message=null, reason=null, status=True, type=ContainersReady, additionalProperties={})], containerStatuses=[ContainerStatus(containerID=null, image=null, imageID=null, lastState=null, name=null, ready=null, restartCount=null, started=null, state=ContainerState(running=null, terminated=null, waiting=null, additionalProperties={}), additionalProperties={})], ephemeralContainerStatuses=[], hostIP=null, initContainerStatuses=[ContainerStatus(containerID=null, image=null, imageID=null, lastState=null, name=null, ready=null, restartCount=null, started=null, state=ContainerState(running=null, terminated=null, waiting=null, additionalProperties={}), additionalProperties={})], message=null, nominatedNodeName=null, phase=Succeeded, podIP=null, podIPs=[], qosClass=null, reason=null, startTime=null, additionalProperties={})
Finished: foefie-faffie
MODIFIED:PodStatus(conditions=[PodCondition(lastProbeTime=null, lastTransitionTime=null, message=null, reason=null, status=True, type=PodScheduled, additionalProperties={})], containerStatuses=[ContainerStatus(containerID=null, image=null, imageID=null, lastState=null, name=null, ready=null, restartCount=null, started=null, state=ContainerState(running=null, terminated=null, waiting=null, additionalProperties={}), additionalProperties={})], ephemeralContainerStatuses=[], hostIP=null, initContainerStatuses=[ContainerStatus(containerID=null, image=null, imageID=null, lastState=null, name=null, ready=null, restartCount=null, started=null, state=ContainerState(running=null, terminated=null, waiting=null, additionalProperties={}), additionalProperties={})], message=null, nominatedNodeName=null, phase=Running, podIP=null, podIPs=[], qosClass=null, reason=null, startTime=null, additionalProperties={})
Finished: foefie-faffie
MODIFIED:PodStatus(conditions=[PodCondition(lastProbeTime=null, lastTransitionTime=null, message=null, reason=null, status=True, type=Ready, additionalProperties={}), PodCondition(lastProbeTime=null, lastTransitionTime=null, message=null, reason=null, status=True, type=ContainersReady, additionalProperties={})], containerStatuses=[ContainerStatus(containerID=null, image=null, imageID=null, lastState=null, name=null, ready=null, restartCount=null, started=null, state=ContainerState(running=null, terminated=null, waiting=null, additionalProperties={}), additionalProperties={})], ephemeralContainerStatuses=[], hostIP=null, initContainerStatuses=[ContainerStatus(containerID=null, image=null, imageID=null, lastState=null, name=null, ready=null, restartCount=null, started=null, state=ContainerState(running=null, terminated=null, waiting=null, additionalProperties={}), additionalProperties={})], message=null, nominatedNodeName=null, phase=Running, podIP=null, podIPs=[], qosClass=null, reason=null, startTime=null, additionalProperties={})
ERROR:PodStatus(conditions=[PodCondition(lastProbeTime=null, lastTransitionTime=null, message=null, reason=null, status=True, type=PodScheduled, additionalProperties={})], containerStatuses=[ContainerStatus(containerID=null, image=null, imageID=null, lastState=null, name=null, ready=null, restartCount=null, started=null, state=ContainerState(running=null, terminated=null, waiting=null, additionalProperties={}), additionalProperties={})], ephemeralContainerStatuses=[], hostIP=null, initContainerStatuses=[ContainerStatus(containerID=null, image=null, imageID=null, lastState=null, name=null, ready=null, restartCount=null, started=null, state=ContainerState(running=null, terminated=null, waiting=null, additionalProperties={}), additionalProperties={})], message=null, nominatedNodeName=null, phase=Failed, podIP=null, podIPs=[], qosClass=null, reason=Error, startTime=null, additionalProperties={})
Finished: foefie-faffie
MODIFIED:PodStatus(conditions=[PodCondition(lastProbeTime=null, lastTransitionTime=null, message=null, reason=null, status=True, type=PodScheduled, additionalProperties={})], containerStatuses=[ContainerStatus(containerID=null, image=null, imageID=null, lastState=null, name=null, ready=null, restartCount=null, started=null, state=ContainerState(running=null, terminated=null, waiting=null, additionalProperties={}), additionalProperties={})], ephemeralContainerStatuses=[], hostIP=null, initContainerStatuses=[ContainerStatus(containerID=null, image=null, imageID=null, lastState=null, name=null, ready=null, restartCount=null, started=null, state=ContainerState(running=null, terminated=null, waiting=null, additionalProperties={}), additionalProperties={})], message=null, nominatedNodeName=null, phase=Running, podIP=null, podIPs=[], qosClass=null, reason=null, startTime=null, additionalProperties={})
MODIFIED:PodStatus(conditions=[PodCondition(lastProbeTime=null, lastTransitionTime=null, message=null, reason=null, status=True, type=Ready, additionalProperties={}), PodCondition(lastProbeTime=null, lastTransitionTime=null, message=null, reason=null, status=True, type=ContainersReady, additionalProperties={})], containerStatuses=[ContainerStatus(containerID=null, image=null, imageID=null, lastState=null, name=null, ready=null, restartCount=null, started=null, state=ContainerState(running=null, terminated=null, waiting=null, additionalProperties={}), additionalProperties={})], ephemeralContainerStatuses=[], hostIP=null, initContainerStatuses=[ContainerStatus(containerID=null, image=null, imageID=null, lastState=null, name=null, ready=null, restartCount=null, started=null, state=ContainerState(running=null, terminated=null, waiting=null, additionalProperties={}), additionalProperties={})], message=null, nominatedNodeName=null, phase=Running, podIP=null, podIPs=[], qosClass=null, reason=null, startTime=null, additionalProperties={})
Finished: foefie-faffie
MODIFIED:PodStatus(conditions=[PodCondition(lastProbeTime=null, lastTransitionTime=null, message=null, reason=null, status=True, type=Ready, additionalProperties={}), PodCondition(lastProbeTime=null, lastTransitionTime=null, message=null, reason=null, status=True, type=ContainersReady, additionalProperties={})], containerStatuses=[ContainerStatus(containerID=null, image=null, imageID=null, lastState=null, name=null, ready=null, restartCount=null, started=null, state=ContainerState(running=null, terminated=null, waiting=null, additionalProperties={}), additionalProperties={})], ephemeralContainerStatuses=[], hostIP=null, initContainerStatuses=[ContainerStatus(containerID=null, image=null, imageID=null, lastState=null, name=null, ready=null, restartCount=null, started=null, state=ContainerState(running=null, terminated=null, waiting=null, additionalProperties={}), additionalProperties={})], message=null, nominatedNodeName=null, phase=Running, podIP=null, podIPs=[], qosClass=null, reason=null, startTime=null, additionalProperties={})
Finished: foefie-faffie
MODIFIED:PodStatus(conditions=[PodCondition(lastProbeTime=null, lastTransitionTime=null, message=null, reason=null, status=True, type=PodScheduled, additionalProperties={})], containerStatuses=[ContainerStatus(containerID=null, image=null, imageID=null, lastState=null, name=null, ready=null, restartCount=null, started=null, state=ContainerState(running=null, terminated=null, waiting=null, additionalProperties={}), additionalProperties={})], ephemeralContainerStatuses=[], hostIP=null, initContainerStatuses=[ContainerStatus(containerID=null, image=null, imageID=null, lastState=null, name=null, ready=null, restartCount=null, started=null, state=ContainerState(running=null, terminated=null, waiting=null, additionalProperties={}), additionalProperties={})], message=null, nominatedNodeName=null, phase=Running, podIP=null, podIPs=[], qosClass=null, reason=null, startTime=null, additionalProperties={})
Finished: foefie-faffie
MODIFIED:PodStatus(conditions=[PodCondition(lastProbeTime=null, lastTransitionTime=null, message=null, reason=null, status=True, type=Ready, additionalProperties={}), PodCondition(lastProbeTime=null, lastTransitionTime=null, message=null, reason=null, status=True, type=ContainersReady, additionalProperties={})], containerStatuses=[ContainerStatus(containerID=null, image=null, imageID=null, lastState=null, name=null, ready=null, restartCount=null, started=null, state=ContainerState(running=null, terminated=null, waiting=null, additionalProperties={}), additionalProperties={})], ephemeralContainerStatuses=[], hostIP=null, initContainerStatuses=[ContainerStatus(containerID=null, image=null, imageID=null, lastState=null, name=null, ready=null, restartCount=null, started=null, state=ContainerState(running=null, terminated=null, waiting=null, additionalProperties={}), additionalProperties={})], message=null, nominatedNodeName=null, phase=Succeeded, podIP=null, podIPs=[], qosClass=null, reason=null, startTime=null, additionalProperties={})
Finished: foefie-faffie
[INFO] Tests run: 8, Failures: 0, Errors: 0, Skipped: 0, Time elapsed: 1.724 s - in org.entando.kubernetes.controller.integrationtest.podwaiters.PodWaiterTest
[INFO] Running org.entando.kubernetes.controller.integrationtest.AddExampleWithEmbeddedDatabaseTest
!!!!!!!On EntandoKeycloakServer add!!!!!!!!!
ADDED:PodStatus(conditions=[PodCondition(lastProbeTime=null, lastTransitionTime=2020-09-18T12:50:51Z, message=null, reason=null, status=True, type=PodScheduled, additionalProperties={})], containerStatuses=[], ephemeralContainerStatuses=[], hostIP=null, initContainerStatuses=[], message=null, nominatedNodeName=null, phase=Pending, podIP=null, podIPs=[], qosClass=Burstable, reason=null, startTime=null, additionalProperties={})
MODIFIED:PodStatus(conditions=[PodCondition(lastProbeTime=null, lastTransitionTime=2020-09-18T12:50:51Z, message=null, reason=null, status=True, type=Initialized, additionalProperties={}), PodCondition(lastProbeTime=null, lastTransitionTime=2020-09-18T12:50:51Z, message=containers with unready status: [db-container], reason=ContainersNotReady, status=False, type=Ready, additionalProperties={}), PodCondition(lastProbeTime=null, lastTransitionTime=null, message=containers with unready status: [db-container], reason=ContainersNotReady, status=False, type=ContainersReady, additionalProperties={}), PodCondition(lastProbeTime=null, lastTransitionTime=2020-09-18T12:50:51Z, message=null, reason=null, status=True, type=PodScheduled, additionalProperties={})], containerStatuses=[ContainerStatus(containerID=null, image=docker.io/entando/********ql-96-centos7:latest, imageID=, lastState=ContainerState(running=null, terminated=null, waiting=null, additionalProperties={}), name=db-container, ready=false, restartCount=0, started=null, state=ContainerState(running=null, terminated=null, waiting=ContainerStateWaiting(message=null, reason=ContainerCreating, additionalProperties={}), additionalProperties={}), additionalProperties={})], ephemeralContainerStatuses=[], hostIP=54.36.53.206, initContainerStatuses=[], message=null, nominatedNodeName=null, phase=Pending, podIP=null, podIPs=[], qosClass=Burstable, reason=null, startTime=2020-09-18T12:50:51Z, additionalProperties={})
MODIFIED:PodStatus(conditions=[PodCondition(lastProbeTime=null, lastTransitionTime=2020-09-18T12:50:51Z, message=null, reason=null, status=True, type=Initialized, additionalProperties={}), PodCondition(lastProbeTime=null, lastTransitionTime=2020-09-18T12:50:51Z, message=containers with unready status: [db-container], reason=ContainersNotReady, status=False, type=Ready, additionalProperties={}), PodCondition(lastProbeTime=null, lastTransitionTime=null, message=containers with unready status: [db-container], reason=ContainersNotReady, status=False, type=ContainersReady, additionalProperties={}), PodCondition(lastProbeTime=null, lastTransitionTime=2020-09-18T12:50:51Z, message=null, reason=null, status=True, type=PodScheduled, additionalProperties={})], containerStatuses=[ContainerStatus(containerID=docker://c05cb45a1d5f2c0f8b081e2793d2780680ada6c46f83586833e2df8dd3fe301d, image=docker.io/entando/********ql-96-centos7:latest, imageID=docker-pullable://docker.io/centos/********ql-96-centos7@sha256:f574a3f9048a68c9e1e7277009bc1123f81bdbffd1e15f875d84bbb30ff7d62a, lastState=ContainerState(running=null, terminated=null, waiting=null, additionalProperties={}), name=db-container, ready=false, restartCount=0, started=null, state=ContainerState(running=ContainerStateRunning(startedAt=2020-09-18T12:50:58Z, additionalProperties={}), terminated=null, waiting=null, additionalProperties={}), additionalProperties={})], ephemeralContainerStatuses=[], hostIP=54.36.53.206, initContainerStatuses=[], message=null, nominatedNodeName=null, phase=Running, podIP=10.128.0.119, podIPs=[], qosClass=Burstable, reason=null, startTime=2020-09-18T12:50:51Z, additionalProperties={})
MODIFIED:PodStatus(conditions=[PodCondition(lastProbeTime=null, lastTransitionTime=2020-09-18T12:50:51Z, message=null, reason=null, status=True, type=Initialized, additionalProperties={}), PodCondition(lastProbeTime=null, lastTransitionTime=2020-09-18T12:50:51Z, message=containers with unready status: [db-container], reason=ContainersNotReady, status=False, type=Ready, additionalProperties={}), PodCondition(lastProbeTime=null, lastTransitionTime=null, message=containers with unready status: [db-container], reason=ContainersNotReady, status=False, type=ContainersReady, additionalProperties={}), PodCondition(lastProbeTime=null, lastTransitionTime=2020-09-18T12:50:51Z, message=null, reason=null, status=True, type=PodScheduled, additionalProperties={})], containerStatuses=[ContainerStatus(containerID=docker://c05cb45a1d5f2c0f8b081e2793d2780680ada6c46f83586833e2df8dd3fe301d, image=docker.io/entando/********ql-96-centos7:latest, imageID=docker-pullable://docker.io/centos/********ql-96-centos7@sha256:f574a3f9048a68c9e1e7277009bc1123f81bdbffd1e15f875d84bbb30ff7d62a, lastState=ContainerState(running=null, terminated=null, waiting=null, additionalProperties={}), name=db-container, ready=false, restartCount=0, started=null, state=ContainerState(running=null, terminated=ContainerStateTerminated(containerID=docker://c05cb45a1d5f2c0f8b081e2793d2780680ada6c46f83586833e2df8dd3fe301d, exitCode=1, finishedAt=2020-09-18T12:51:05Z, message=null, reason=Error, signal=null, startedAt=2020-09-18T12:50:58Z, additionalProperties={}), waiting=null, additionalProperties={}), additionalProperties={})], ephemeralContainerStatuses=[], hostIP=54.36.53.206, initContainerStatuses=[], message=null, nominatedNodeName=null, phase=Running, podIP=10.128.0.119, podIPs=[], qosClass=Burstable, reason=null, startTime=2020-09-18T12:50:51Z, additionalProperties={})
Finished: test-keycloak-cmms65-db-deployment-68549fd6bb-mvtht
Sep 18, 2020 12:51:06 PM org.entando.kubernetes.controller.AbstractDbAwareController processAction
SEVERE: Unexpected exception occurred while adding EntandoKeycloakServer entando-k8s-operator-common-cmms65/test-keycloak-cmms65
org.entando.kubernetes.controller.EntandoControllerException: Database deployment failed
	at org.entando.kubernetes.controller.AbstractDbAwareController.prepareDatabaseService(AbstractDbAwareController.java:173)
	at org.entando.kubernetes.controller.common.examples.SampleController.synchronizeDeploymentState(SampleController.java:51)
	at org.entando.kubernetes.controller.AbstractDbAwareController.processAction(AbstractDbAwareController.java:146)
	at org.entando.kubernetes.controller.AbstractDbAwareController.processCommand(AbstractDbAwareController.java:128)
	at org.entando.kubernetes.controller.common.examples.SampleController.onStartup(SampleController.java:45)
	at org.entando.kubernetes.controller.integrationtest.support.ControllerStartupEventFiringListener$1.eventReceived(ControllerStartupEventFiringListener.java:62)
	at org.entando.kubernetes.controller.integrationtest.support.ControllerStartupEventFiringListener$1.eventReceived(ControllerStartupEventFiringListener.java:53)
	at io.fabric8.kubernetes.client.utils.WatcherToggle.eventReceived(WatcherToggle.java:49)
	at io.fabric8.kubernetes.client.dsl.internal.WatchConnectionManager$1.onMessage(WatchConnectionManager.java:241)
	at okhttp3.internal.ws.RealWebSocket.onReadMessage(RealWebSocket.java:323)
	at okhttp3.internal.ws.WebSocketReader.readMessageFrame(WebSocketReader.java:219)
	at okhttp3.internal.ws.WebSocketReader.processNextFrame(WebSocketReader.java:105)
	at okhttp3.internal.ws.RealWebSocket.loopReader(RealWebSocket.java:274)
	at okhttp3.internal.ws.RealWebSocket$2.onResponse(RealWebSocket.java:214)
	at okhttp3.RealCall$AsyncCall.e**cute(RealCall.java:206)
	at okhttp3.internal.NamedRunnable.run(NamedRunnable.java:32)
	at java.base/java.util.concurrent.ThreadPoolE**cutor.runWorker(ThreadPoolE**cutor.java:1128)
	at java.base/java.util.concurrent.ThreadPoolE**cutor$Worker.run(ThreadPoolE**cutor.java:628)
	at java.base/java.lang.Thread.run(Thread.java:834)

Reducing logger: io.fabric8.kubernetes.client.dsl.internal.WatchConnectionManager
[ERROR] Tests run: 1, Failures: 0, Errors: 1, Skipped: 0, Time elapsed: 21.25 s <<< FAILURE! - in org.entando.kubernetes.controller.integrationtest.AddExampleWithEmbeddedDatabaseTest
[ERROR] create  Time elapsed: 19.815 s  <<< ERROR!
java.lang.IllegalStateException: Error during COMPLETED
	at org.entando.kubernetes.controller.integrationtest.AddExampleWithEmbeddedDatabaseTest.create(AddExampleWithEmbeddedDatabaseTest.java:127)

[INFO] Running org.entando.kubernetes.controller.integrationtest.KeycloakClientTest
Sep 18, 2020 12:51:08 PM org.entando.kubernetes.controller.integrationtest.support.DeletionWaiter lambda$deleteSingleItem$2
WARNING: Deleting deployments  entando-k8s-operator-common-cmms65/test-keycloak-cmms65-db-deployment to zero
Sep 18, 2020 12:51:08 PM org.entando.kubernetes.controller.integrationtest.support.DeletionWaiter lambda$deleteSingleItem$2
WARNING: Deleting deployments  entando-k8s-operator-common-cmms65/test-keycloak-cmms65-db-deployment
Sep 18, 2020 12:51:08 PM org.entando.kubernetes.controller.integrationtest.support.DeletionWaiter lambda$deleteSingleItem$2
WARNING: Deleting pods  entando-k8s-operator-common-cmms65/test-keycloak-cmms65-db-deployment-68549fd6bb-mvtht
[INFO] Tests run: 3, Failures: 0, Errors: 0, Skipped: 0, Time elapsed: 82.562 s - in org.entando.kubernetes.controller.integrationtest.KeycloakClientTest
[INFO] 
[INFO] Results:
[INFO] 
[ERROR] Errors: 
[ERROR]   AddExampleWithEmbeddedDatabaseTest.create:127 Â» IllegalState Error during COMP...
[INFO] 
[ERROR] Tests run: 42, Failures: 0, Errors: 1, Skipped: 0
[INFO] 
[INFO] 
[INFO] ------------------------------------------------------------------------
[INFO] Skipping Entando K8S Operator Common Library
[INFO] This project has been banned from the build due to previous failures.
[INFO] ------------------------------------------------------------------------
[INFO] ------------------------------------------------------------------------
[INFO] BUILD FAILURE
[INFO] ------------------------------------------------------------------------
[INFO] Total time:  03:20 min
[INFO] Finished at: 2020-09-18T12:52:30Z
[INFO] ------------------------------------------------------------------------
[ERROR] Failed to e**cute goal org.apache.maven.plugins:maven-surefire-plugin:3.0.0-M1:test (default-test) on project entando-k8s-operator-common: There are test failures.
[ERROR] 
[ERROR] Please refer to /workspace/source/target/surefire-reports for the individual test results.
[ERROR] Please refer to dump files (if any exist) [date].dump, [date]-***Run[N].dump and [date].dumpstream.
[ERROR] -> [Help 1]
[ERROR] 
[ERROR] To see the full stack trace of the errors, re-run Maven with the -e switch.
[ERROR] Re-run Maven using the -X switch to enable full debug logging.
[ERROR] 
[ERROR] For more information about the errors and possible solutions, please read the following articles:
[ERROR] [Help 1] http://cwiki.apache.org/confluence/display/MAVEN/MojoFailureException
shallow cloning https://github.com/entando-k8s/devops-results.git branch gh-pages
ran git init in /tmp/jenkins-x-collect997376283
ran git add remote origin https://github.com/entando-k8s/devops-results.git in /tmp/jenkins-x-collect997376283
ran git fetch origin --depth=1 gh-pages in dir /tmp/jenkins-x-collect997376283
Publishing https://raw.githubusercontent.com/entando-k8s/devops-results/gh-pages/entando-k8s-operator-common/master/checkstyle.html
Publishing https://raw.githubusercontent.com/entando-k8s/devops-results/gh-pages/entando-k8s-operator-common/master/checkstyle.rss
Publishing https://raw.githubusercontent.com/entando-k8s/devops-results/gh-pages/entando-k8s-operator-common/master/images/rss.png
error: failed to collect patterns target/site/* to path entando-k8s-operator-common/master: Have you set up a git credential helper? See https://help.github.com/articles/caching-your-github-password-in-git/
: git output: To https://github.com/entando-k8s/devops-results.git
 ! [rejected]          gh-pages -> gh-pages (fetch first)
error: failed to push some refs to 'https://github.com/entando-k8s/devops-results.git'
hint: Updates were rejected because the remote contains work that you do
hint: not have locally. This is usually caused by another repository pushing
hint: to the same ref. You may want to first integrate the remote changes
hint: (e.g., 'git pull ...') before pushing again.
hint: See the 'Note about fast-forwards' in 'git push --help' for details.: failed to run 'git push origin gh-pages' command in directory '/tmp/jenkins-x-collect997376283', output: 'To https://github.com/entando-k8s/devops-results.git
 ! [rejected]          gh-pages -> gh-pages (fetch first)
error: failed to push some refs to 'https://github.com/entando-k8s/devops-results.git'
hint: Updates were rejected because the remote contains work that you do
hint: not have locally. This is usually caused by another repository pushing
hint: to the same ref. You may want to first integrate the remote changes
hint: (e.g., 'git pull ...') before pushing again.
hint: See the 'Note about fast-forwards' in 'git push --help' for details.'
Pre-deployment tests failed for entando-k8s-operator-common-master.
OWASP has found dependencies with vulnerabilities for entando-k8s-operator-common-master.
The following checks failed: for entando-k8s-operator-common-master : Pre-deployment tests; OWASP Maven Dependency Check; 
[31m
Pipeline failed on stage 'from-build-pack' : container 'step-build-mvn-deploy-release'. The execution of the pipeline has stopped.[0m
