
Showing logs for build [32mentando-k8s-entando-k8s-keycloa-wxs8x-3[0m stage [32mfrom-build-pack[0m and container [32mstep-credential-initializer-khvr2[0m
{"level":"warn","ts":1602767618.0133429,"logger":"fallback-logger","caller":"logging/config.go:69","msg":"Fetch GitHub commit ID from kodata failed: \"ref: refs/heads/0.8.0-**-support-backwards-incompats\" is not a valid GitHub commit ID"}
{"level":"info","ts":1602767618.0159364,"logger":"fallback-logger","caller":"creds-init/main.go:40","msg":"Credentials initialized."}

Showing logs for build [32mentando-k8s-entando-k8s-keycloa-wxs8x-3[0m stage [32mfrom-build-pack[0m and container [32mstep-working-dir-initializer-wzbmg[0m
{"level":"warn","ts":1602767621.7628915,"logger":"fallback-logger","caller":"logging/config.go:69","msg":"Fetch GitHub commit ID from kodata failed: open /var/run/ko/HEAD: no such file or directory"}
{"level":"info","ts":1602767621.768704,"logger":"fallback-logger","caller":"bash/main.go:64","msg":"Successfully e**cuted command \"sh -c mkdir -p /workspace/source\"; output "}

Showing logs for build [32mentando-k8s-entando-k8s-keycloa-wxs8x-3[0m stage [32mfrom-build-pack[0m and container [32mstep-place-tools[0m

Showing logs for build [32mentando-k8s-entando-k8s-keycloa-wxs8x-3[0m stage [32mfrom-build-pack[0m and container [32mstep-git-source-entando-k8s-entando-k8s-keycloa-nst6x[0m
{"level":"warn","ts":1602767638.8129427,"logger":"fallback-logger","caller":"logging/config.go:69","msg":"Fetch GitHub commit ID from kodata failed: \"ref: refs/heads/0.8.0-**-support-backwards-incompats\" is not a valid GitHub commit ID"}
{"level":"info","ts":1602767640.278745,"logger":"fallback-logger","caller":"git/git.go:103","msg":"Successfully cloned https://github.com/entando-k8s/entando-k8s-keycloak-controller.git @ master in path /workspace/source"}

Showing logs for build [32mentando-k8s-entando-k8s-keycloa-wxs8x-3[0m stage [32mfrom-build-pack[0m and container [32mstep-git-merge[0m
Using SHAs from PULL_REFS=master:d0f1ec06f8ceee6995c7b27b104c3c53b2e6d9b2,17:43e8367a2d7d259c457dab519863ad06a9be4f62
DEBUG: ran git fetch --unshallow origin 43e8367a2d7d259c457dab519863ad06a9be4f62: d0f1ec06f8ceee6995c7b27b104c3c53b2e6d9b2: in 
DEBUG: ran git checkout master in 
DEBUG: ran git reset --hard d0f1ec06f8ceee6995c7b27b104c3c53b2e6d9b2 in 
DEBUG: ran clean --force -d . in 
DEBUG: ran git merge 43e8367a2d7d259c457dab519863ad06a9be4f62 in 
Merged SHA 43e8367a2d7d259c457dab519863ad06a9be4f62 with commit message 'ENG-1330 added pod/e**c permission to operator' into base branch master
Merged SHA 66ce17cbffb0859c5c95ee9cb3568ff11131b16f with commit message 'ENG-1330 correct versions of dependencies now' into base branch master
Merged SHA 7de315a608e1eb3707b984651088a4a06b9b0167 with commit message 'ENG-1330 several improvements around supporting http' into base branch master
Merged SHA 07f0f505eaa88e278349d135317711b830f41c81 with commit message 'ENG-1330 several improvements around supporting http' into base branch master
Merged SHA 28791919fab2c6a6fd64e1bef88d6a90b00743fe with commit message 'ENG-1330 added some tests to ensure https resolution works' into base branch master

Showing logs for build [32mentando-k8s-entando-k8s-keycloa-wxs8x-3[0m stage [32mfrom-build-pack[0m and container [32mstep-build-set-version[0m
Picked up _JAVA_OPTIONS: -XX:+UnlockExperimentalVMOptions -Dsun.zip.disableMemoryMapping=true -XX:+UseParallelGC -XX:MinHeapFreeRatio=5 -XX:MaxHeapFreeRatio=10 -XX:GCTimeRatio=4 -XX:AdaptiveSizePolicyWeight=90 -Xms1000m -Xmx12000m
[INFO] Scanning for projects...
[WARNING] 
[WARNING] Some problems were encountered while building the effective model for org.entando:entando-k8s-keycloak-controller:jar:6.2.0-SNAPSHOT
[WARNING] 'dependencyManagement.dependencies.dependency.(groupId:artifactId:type:classifier)' must be unique: org.yaml:snakeyaml:jar -> version 1.27 vs ${snakeyaml.version} @ org.entando:entando-quarkus-parent:6.2.5, /home/jenkins/.mvnrepository/org/entando/entando-quarkus-parent/6.2.5/entando-quarkus-parent-6.2.5.pom, line 283, column 25
[WARNING] 
[WARNING] It is highly recommended to fix these problems because they threaten the stability of your build.
[WARNING] 
[WARNING] For this reason, future Maven versions might no longer support building such malformed projects.
[WARNING] 
[INFO] 
[INFO] ------------< org.entando:entando-k8s-keycloak-controller >-------------
[INFO] Building Entando K8S Controller for Keycloak 6.2.0-SNAPSHOT
[INFO] --------------------------------[ jar ]---------------------------------
[INFO] 
[INFO] --- versions-maven-plugin:2.8.1:set (default-cli) @ entando-k8s-keycloak-controller ---
[INFO] Local aggregation ****: /workspace/source
[INFO] Processing change of org.entando:entando-k8s-keycloak-controller:6.2.0-SNAPSHOT -> 0.0.0-SNAPSHOT-PR-17-3
[INFO] Processing org.entando:entando-k8s-keycloak-controller
[INFO]     Updating project org.entando:entando-k8s-keycloak-controller
[INFO]         from version 6.2.0-SNAPSHOT to 0.0.0-SNAPSHOT-PR-17-3
[INFO] 
[INFO] ------------------------------------------------------------------------
[INFO] BUILD SUCCESS
[INFO] ------------------------------------------------------------------------
[INFO] Total time:  14.528 s
[INFO] Finished at: 2020-10-15T13:14:19Z
[INFO] ------------------------------------------------------------------------

Showing logs for build [32mentando-k8s-entando-k8s-keycloa-wxs8x-3[0m stage [32mfrom-build-pack[0m and container [32mstep-build-fix-git-for-sonar[0m
Switched to a new branch 'PR-17'
M	pom.xml
Deleted branch master (was 43e8367).
From https://github.com/entando-k8s/entando-k8s-keycloak-controller
 * [new branch]      master     -> master
 * [new tag]         v6.0.24    -> v6.0.24
 * [new tag]         v6.0.31    -> v6.0.31

Showing logs for build [32mentando-k8s-entando-k8s-keycloa-wxs8x-3[0m stage [32mfrom-build-pack[0m and container [32mstep-build-mvn-verify-pr[0m
  % Total    % Received % Xferd  Average Speed   Time    Time     Time  Current
                                 Dload  Upload   Total   Spent    Left  Speed
  0     0    0     0    0     0      0      0 --:--:-- --:--:-- --:--:--     0 11  1882    0     0  100   223      0    328 --:--:-- --:--:-- --:--:--   328100  1882  100  1659  100   223   2445    328 --:--:-- --:--:-- --:--:--  2443
{
  "url": "https://api.github.com/repos/entando-k8s/entando-k8s-keycloak-controller/statuses/43e8367a2d7d259c457dab519863ad06a9be4f62",
  "avatar_url": "https://avatars2.githubusercontent.com/u/57885396?v=4",
  "id": 11060949124,
  "node_id": "MDEzOlN0YXR1c0NvbnRleHQxMTA2MDk0OTEyNA==",
  "state": "pending",
  "description": "Pre-deployment tests pending!",
  "target_url": "https://entando-k8s.github.io/devops-results/entando-k8s-keycloak-controller/PR-17/surefire-report.html",
  "context": "Pre-deployment tests",
  "created_at": "2020-10-15T13:14:22Z",
  "updated_at": "2020-10-15T13:14:22Z",
  "creator": {
    "login": "entando-**",
    "id": 57885396,
    "node_id": "MDQ6VXNlcjU3ODg1Mzk2",
    "avatar_url": "https://avatars2.githubusercontent.com/u/57885396?v=4",
    "gravatar_id": "",
    "url": "https://api.github.com/users/**********",
    "html_url": "https://github.com/entando-**",
    "followers_url": "https://api.github.com/users/entando-**/followers",
    "following_url": "https://api.github.com/users/**********/following{/other_user}",
    "gists_url": "https://api.github.com/users/entando-**/gists{/gist_id}",
    "starred_url": "https://api.github.com/users/**********/starred{/owner}{/repo}",
    "subscriptions_url": "https://api.github.com/users/**********/subscriptions",
    "organizations_url": "https://api.github.com/users/**********/orgs",
    "repos_url": "https://api.github.com/users/entando-**/repos",
    "events_url": "https://api.github.com/users/entando-**/events{/privacy}",
    "received_events_url": "https://api.github.com/users/entando-**/received_events",
    "type": "User",
    "site_*****": *****
  }
}
  % Total    % Received % Xferd  Average Speed   Time    Time     Time  Current
                                 Dload  Upload   Total   Spent    Left  Speed
  0     0    0     0    0     0      0      0 --:--:-- --:--:-- --:--:--     0100  1886  100  1661  100   225   2759    373 --:--:-- --:--:-- --:--:--  2763
{
  "url": "https://api.github.com/repos/entando-k8s/entando-k8s-keycloak-controller/statuses/43e8367a2d7d259c457dab519863ad06a9be4f62",
  "avatar_url": "https://avatars2.githubusercontent.com/u/57885396?v=4",
  "id": 11060949237,
  "node_id": "MDEzOlN0YXR1c0NvbnRleHQxMTA2MDk0OTIzNw==",
  "state": "pending",
  "description": "Post-deployment tests pending!",
  "target_url": "https://entando-k8s.github.io/devops-results/entando-k8s-keycloak-controller/PR-17/failsafe-report.html",
  "context": "Post-deployment tests",
  "created_at": "2020-10-15T13:14:23Z",
  "updated_at": "2020-10-15T13:14:23Z",
  "creator": {
    "login": "**********",
    "id": 57885396,
    "node_id": "MDQ6VXNlcjU3ODg1Mzk2",
    "avatar_url": "https://avatars2.githubusercontent.com/u/57885396?v=4",
    "gravatar_id": "",
    "url": "https://api.github.com/users/**********",
    "html_url": "https://github.com/**********",
    "followers_url": "https://api.github.com/users/**********/followers",
    "following_url": "https://api.github.com/users/**********/following{/other_user}",
    "gists_url": "https://api.github.com/users/entando-**/gists{/gist_id}",
    "starred_url": "https://api.github.com/users/**********/starred{/owner}{/repo}",
    "subscriptions_url": "https://api.github.com/users/entando-**/subscriptions",
    "organizations_url": "https://api.github.com/users/**********/orgs",
    "repos_url": "https://api.github.com/users/**********/repos",
    "events_url": "https://api.github.com/users/entando-**/events{/privacy}",
    "received_events_url": "https://api.github.com/users/**********/received_events",
    "type": "User",
    "site_*****": *****
  }
}
  % Total    % Received % Xferd  Average Speed   Time    Time     Time  Current
                                 Dload  Upload   Total   Spent    Left  Speed
{
  "url": "https://api.github.com/repos/entando-k8s/entando-k8s-keycloak-controller/statuses/43e8367a2d7d259c457dab519863ad06a9be4f62",
  "avatar_url": "https://avatars2.githubusercontent.com/u/57885396?v=4",
  "id": 11060949348,
  "node_id": "MDEzOlN0YXR1c0NvbnRleHQxMTA2MDk0OTM0OA==",
  "state": "pending",
  "description": "Checkstyle pending!",
  "target_url": "https://entando-k8s.github.io/devops-results/entando-k8s-keycloak-controller/PR-17/checkstyle.html",
  "context": "Checkstyle",
  "created_at": "2020-10-15T13:14:23Z",
  "updated_at": "2020-10-15T13:14:23Z",
  "creator": {
    "login": "**********",
    "id": 57885396,
    "node_id": "MDQ6VXNlcjU3ODg1Mzk2",
    "avatar_url": "https://avatars2.githubusercontent.com/u/57885396?v=4",
    "gravatar_id": "",
    "url": "https://api.github.com/users/**********",
    "html_url": "https://github.com/entando-**",
    "followers_url": "https://api.github.com/users/**********/followers",
    "following_url": "https://api.github.com/users/**********/following{/other_user}",
    "gists_url": "https://api.github.com/users/entando-**/gists{/gist_id}",
    "starred_url": "https://api.github.com/users/**********/starred{/owner}{/repo}",
    "subscriptions_url": "https://api.github.com/users/**********/subscriptions",
    "organizations_url": "https://api.github.com/users/entando-**/orgs",
    "repos_url": "https://api.github.com/users/**********/repos",
    "events_url": "https://api.github.com/users/entando-**/events{/privacy}",
    "received_events_url": "https://api.github.com/users/**********/received_events",
    "type": "User",
    "site_*****": *****
  }
}
  0     0    0     0    0     0      0      0 --:--:-- --:--:-- --:--:--     0  0     0    0     0    0     0      0      0 --:--:-- --:--:-- --:--:--     0100  1832  100  1634  100   198   2735    331 --:--:-- --:--:-- --:--:--  2732
  % Total    % Received % Xferd  Average Speed   Time    Time     Time  Current
                                 Dload  Upload   Total   Spent    Left  Speed
{
  "url": "https://api.github.com/repos/entando-k8s/entando-k8s-keycloak-controller/statuses/43e8367a2d7d259c457dab519863ad06a9be4f62",
  "avatar_url": "https://avatars2.githubusercontent.com/u/57885396?v=4",
  "id": 11060949469,
  "node_id": "MDEzOlN0YXR1c0NvbnRleHQxMTA2MDk0OTQ2OQ==",
  "state": "pending",
  "description": "OWASP CVE pending!",
  "target_url": "https://entando-k8s.github.io/devops-results/entando-k8s-keycloak-controller/PR-17/dependency-check-report.html",
  "context": "OWASP CVE",
  "created_at": "2020-10-15T13:14:24Z",
  "updated_at": "2020-10-15T13:14:24Z",
  "creator": {
    "login": "**********",
    "id": 57885396,
    "node_id": "MDQ6VXNlcjU3ODg1Mzk2",
    "avatar_url": "https://avatars2.githubusercontent.com/u/57885396?v=4",
    "gravatar_id": "",
    "url": "https://api.github.com/users/**********",
    "html_url": "https://github.com/**********",
    "followers_url": "https://api.github.com/users/**********/followers",
    "following_url": "https://api.github.com/users/**********/following{/other_user}",
    "gists_url": "https://api.github.com/users/entando-**/gists{/gist_id}",
    "starred_url": "https://api.github.com/users/entando-**/starred{/owner}{/repo}",
    "subscriptions_url": "https://api.github.com/users/**********/subscriptions",
    "organizations_url": "https://api.github.com/users/entando-**/orgs",
    "repos_url": "https://api.github.com/users/entando-**/repos",
    "events_url": "https://api.github.com/users/**********/events{/privacy}",
    "received_events_url": "https://api.github.com/users/**********/received_events",
    "type": "User",
    "site_*****": *****
  }
}
  0     0    0     0    0     0      0      0 --:--:-- --:--:-- --:--:--     0 11  1854    0     0  100   209      0    343 --:--:-- --:--:-- --:--:--   343100  1854  100  1645  100   209   2690    341 --:--:-- --:--:-- --:--:--  2687
Picked up _JAVA_OPTIONS: -XX:+UnlockExperimentalVMOptions -Dsun.zip.disableMemoryMapping=true -XX:+UseParallelGC -XX:MinHeapFreeRatio=5 -XX:MaxHeapFreeRatio=10 -XX:GCTimeRatio=4 -XX:AdaptiveSizePolicyWeight=90 -Xms1000m -Xmx12000m
[INFO] Scanning for projects...
[WARNING] 
[WARNING] Some problems were encountered while building the effective model for org.entando:entando-k8s-keycloak-controller:jar:0.0.0-SNAPSHOT-PR-17-3
[WARNING] 'dependencyManagement.dependencies.dependency.(groupId:artifactId:type:classifier)' must be unique: org.yaml:snakeyaml:jar -> version 1.27 vs ${snakeyaml.version} @ org.entando:entando-quarkus-parent:6.2.5, /home/jenkins/.mvnrepository/org/entando/entando-quarkus-parent/6.2.5/entando-quarkus-parent-6.2.5.pom, line 283, column 25
[WARNING] 
[WARNING] It is highly recommended to fix these problems because they threaten the stability of your build.
[WARNING] 
[WARNING] For this reason, future Maven versions might no longer support building such malformed projects.
[WARNING] 
[INFO] 
[INFO] ------------< org.entando:entando-k8s-keycloak-controller >-------------
[INFO] Building Entando K8S Controller for Keycloak 0.0.0-SNAPSHOT-PR-17-3
[INFO] --------------------------------[ jar ]---------------------------------
[INFO] 
[INFO] --- maven-checkstyle-plugin:3.1.1:check (validate) @ entando-k8s-keycloak-controller ---
[INFO] Starting audit...
Audit done.
[INFO] You have 0 Checkstyle violations.
[INFO] 
[INFO] --- maven-checkstyle-plugin:3.1.1:checkstyle (validate) @ entando-k8s-keycloak-controller ---
[INFO] Starting audit...
Audit done.
[INFO] 
[INFO] --- jacoco-maven-plugin:0.8.5:prepare-agent (prepare-agent) @ entando-k8s-keycloak-controller ---
[INFO] argLine set to -javaagent:/home/jenkins/.mvnrepository/org/jacoco/org.jacoco.agent/0.8.5/org.jacoco.agent-0.8.5-runtime.jar=destfile=/workspace/source/target/jacoco.e**c
[INFO] 
[INFO] --- maven-resources-plugin:2.6:resources (default-resources) @ entando-k8s-keycloak-controller ---
[INFO] Using 'UTF-8' encoding to copy filtered resources.
[INFO] Copying 4 resources
[INFO] 
[INFO] --- maven-compiler-plugin:3.8.1:compile (default-compile) @ entando-k8s-keycloak-controller ---
[INFO] Changes detected - recompiling the module!
[INFO] Compiling 4 source files to /workspace/source/target/classes
[INFO] 
[INFO] --- maven-resources-plugin:2.6:testResources (default-testResources) @ entando-k8s-keycloak-controller ---
[INFO] Using 'UTF-8' encoding to copy filtered resources.
[INFO] Copying 6 resources
[INFO] 
[INFO] --- maven-compiler-plugin:3.8.1:testCompile (default-testCompile) @ entando-k8s-keycloak-controller ---
[INFO] Changes detected - recompiling the module!
[INFO] Compiling 7 source files to /workspace/source/target/test-classes
[INFO] 
[INFO] --- maven-surefire-plugin:3.0.0-M1:test (default-test) @ entando-k8s-keycloak-controller ---
[INFO] 
[INFO] -------------------------------------------------------
[INFO]  T E S T S
[INFO] -------------------------------------------------------
[INFO] Running org.entando.kubernetes.controller.keycloakserver.inprocesstests.DeployKeycloakOnExternalDatabaseTest
Oct 15, 2020 1:14:51 PM org.entando.kubernetes.controller.keycloakserver.EntandoKeycloakServerController ensureKeycloakRealm
SEVERE: Attempting to log into Keycloak at http://my-keycloak-server-service.my-keycloak-namespace.svc.cluster.local:8080/auth
Oct 15, 2020 1:14:52 PM org.entando.kubernetes.controller.keycloakserver.EntandoKeycloakServerController ensureKeycloakRealm
SEVERE: Attempting to log into Keycloak at http://my-keycloak-server-service.my-keycloak-namespace.svc.cluster.local:8080/auth
[INFO] Tests run: 2, Failures: 0, Errors: 0, Skipped: 0, Time elapsed: 4.935 s - in org.entando.kubernetes.controller.keycloakserver.inprocesstests.DeployKeycloakOnExternalDatabaseTest
[INFO] Running org.entando.kubernetes.controller.keycloakserver.inprocesstests.DeployKeycloakServiceTest
Oct 15, 2020 1:14:53 PM org.entando.kubernetes.controller.keycloakserver.EntandoKeycloakServerController ensureKeycloakRealm
SEVERE: Attempting to log into Keycloak at http://my-keycloak-server-service.my-keycloak-namespace.svc.cluster.local:8080/auth
Oct 15, 2020 1:14:55 PM org.entando.kubernetes.controller.keycloakserver.EntandoKeycloakServerController ensureKeycloakRealm
SEVERE: Attempting to log into Keycloak at http://my-keycloak-server-service.my-keycloak-namespace.svc.cluster.local:8080/auth
Oct 15, 2020 1:14:56 PM org.entando.kubernetes.controller.keycloakserver.EntandoKeycloakServerController ensureKeycloakRealm
SEVERE: Attempting to log into Keycloak at http://my-keycloak-server-service.my-keycloak-namespace.svc.cluster.local:8080/auth
Oct 15, 2020 1:14:58 PM org.entando.kubernetes.controller.keycloakserver.EntandoKeycloakServerController ensureKeycloakRealm
SEVERE: Attempting to log into Keycloak at http://my-keycloak-server-service.my-keycloak-namespace.svc.cluster.local:8080/auth
Oct 15, 2020 1:14:59 PM org.entando.kubernetes.controller.keycloakserver.EntandoKeycloakServerController ensureKeycloakRealm
SEVERE: Attempting to log into Keycloak at http://my-keycloak-server-service.my-keycloak-namespace.svc.cluster.local:8080/auth
Oct 15, 2020 1:15:01 PM org.entando.kubernetes.controller.keycloakserver.EntandoKeycloakServerController ensureKeycloakRealm
SEVERE: Attempting to log into Keycloak at http://my-keycloak-server-service.my-keycloak-namespace.svc.cluster.local:8080/auth
Oct 15, 2020 1:15:02 PM org.entando.kubernetes.controller.keycloakserver.EntandoKeycloakServerController ensureKeycloakRealm
SEVERE: Attempting to log into Keycloak at http://my-keycloak-server-service.my-keycloak-namespace.svc.cluster.local:8080/auth
[INFO] Tests run: 7, Failures: 0, Errors: 0, Skipped: 0, Time elapsed: 10.08 s - in org.entando.kubernetes.controller.keycloakserver.inprocesstests.DeployKeycloakServiceTest
[INFO] Running org.entando.kubernetes.controller.keycloakserver.inprocesstests.DeployKeycloakWithContainerizedDatabaseTest
Oct 15, 2020 1:15:03 PM org.entando.kubernetes.controller.keycloakserver.EntandoKeycloakServerController ensureKeycloakRealm
SEVERE: Attempting to log into Keycloak at http://my-keycloak-server-service.my-keycloak-namespace.svc.cluster.local:8080/auth
[INFO] Tests run: 2, Failures: 0, Errors: 0, Skipped: 0, Time elapsed: 1.832 s - in org.entando.kubernetes.controller.keycloakserver.inprocesstests.DeployKeycloakWithContainerizedDatabaseTest
Oct 15, 2020 1:15:04 PM org.entando.kubernetes.controller.keycloakserver.EntandoKeycloakServerController ensureKeycloakRealm
SEVERE: Attempting to log into Keycloak at http://my-keycloak-server-service.my-keycloak-namespace.svc.cluster.local:8080/auth
[INFO] 
[INFO] Results:
[INFO] 
[INFO] Tests run: 11, Failures: 0, Errors: 0, Skipped: 0
[INFO] 
[INFO] 
[INFO] --- maven-jar-plugin:3.2.0:jar (default-jar) @ entando-k8s-keycloak-controller ---
[INFO] Building jar: /workspace/source/target/entando-k8s-keycloak-controller-0.0.0-SNAPSHOT-PR-17-3.jar
[INFO] 
[INFO] --- maven-jar-plugin:3.2.0:test-jar (build-test-jar) @ entando-k8s-keycloak-controller ---
[INFO] Building jar: /workspace/source/target/entando-k8s-keycloak-controller-0.0.0-SNAPSHOT-PR-17-3-tests.jar
[INFO] 
[INFO] --- quarkus-maven-plugin:1.2.0.Final:build (default) @ entando-k8s-keycloak-controller ---
[WARNING] [io.quarkus.creator.curator.Curator] These dependencies are not recommended:
	- jakarta.xml.bind:jakarta.xml.bind-api should be replaced by org.jboss.spec.javax.xml.bind:jboss-jaxb-api_2.3_spec
	- javax.activation:activation should be replaced by com.sun.activation:jakarta.activation
You might end up with two different versions of the same classes or with an artifact you shouldn't have in your classpath.
[INFO] [org.jboss.threads] JBoss Threads version 3.0.0.Final
[INFO] [io.quarkus.deployment.pkg.steps.JarResultBuildStep] Building thin jar: /workspace/source/target/entando-k8s-keycloak-controller-0.0.0-SNAPSHOT-PR-17-3-runner.jar
[INFO] [io.quarkus.deployment.QuarkusAugmentor] Quarkus augmentation completed in 1802ms
[INFO] 
[INFO] --- maven-surefire-report-plugin:3.0.0-M4:failsafe-report-only (integration-tests) @ entando-k8s-keycloak-controller ---
[INFO] 
[INFO] --- dependency-check-maven:5.3.2:aggregate (default) @ entando-k8s-keycloak-controller ---
[INFO] 

Dependency-Check is an open source tool performing a best effort analysis of 3rd party dependencies; ***** positives and ***** negatives may exist in the analysis performed by the tool. Use of the tool and the reporting provided constitutes acceptance for use in an AS IS condition, and there are NO warranties, implied or otherwise, with regard to the analysis or its use. Any use of the tool and the reporting provided is at the userâ€™s risk. In no event shall the copyright holder or OWASP be held liable for any damages whatsoever arising out of or in connection with the use of this tool, the analysis performed, or the resulting report.


[INFO] Analysis Started
[INFO] Finished Archive Analyzer (0 seconds)
[INFO] Finished File Name Analyzer (0 seconds)
[INFO] Finished Jar Analyzer (0 seconds)
[INFO] Finished Dependency Merging Analyzer (0 seconds)
[INFO] Finished Version Filter Analyzer (0 seconds)
[INFO] Finished Hint Analyzer (0 seconds)
[INFO] Created CPE Index (1 seconds)
[INFO] Finished CPE Analyzer (3 seconds)
[INFO] Finished False Positive Analyzer (0 seconds)
[INFO] Finished NVD CVE Analyzer (0 seconds)
[INFO] Finished Sonatype OSS Index Analyzer (1 seconds)
[INFO] Finished Vulnerability Suppression Analyzer (0 seconds)
[INFO] Finished Dependency Bundling Analyzer (0 seconds)
[INFO] Analysis Complete (7 seconds)
[INFO] 
[INFO] --- jacoco-maven-plugin:0.8.5:report (report) @ entando-k8s-keycloak-controller ---
[INFO] Loading e**cution data file /workspace/source/target/jacoco.e**c
[INFO] Analyzed bundle 'Entando K8S Controller for Keycloak' with 4 classes
[INFO] 
[INFO] --- maven-surefire-report-plugin:3.0.0-M4:report-only (unit-tests) @ entando-k8s-keycloak-controller ---
[WARNING] Unable to locate Test Source XRef to link to - DISABLED
[INFO] 
[INFO] --- maven-install-plugin:2.4:install (default-install) @ entando-k8s-keycloak-controller ---
[INFO] Installing /workspace/source/target/entando-k8s-keycloak-controller-0.0.0-SNAPSHOT-PR-17-3.jar to /home/jenkins/.mvnrepository/org/entando/entando-k8s-keycloak-controller/0.0.0-SNAPSHOT-PR-17-3/entando-k8s-keycloak-controller-0.0.0-SNAPSHOT-PR-17-3.jar
[INFO] Installing /workspace/source/pom.xml to /home/jenkins/.mvnrepository/org/entando/entando-k8s-keycloak-controller/0.0.0-SNAPSHOT-PR-17-3/entando-k8s-keycloak-controller-0.0.0-SNAPSHOT-PR-17-3.pom
[INFO] Installing /workspace/source/target/entando-k8s-keycloak-controller-0.0.0-SNAPSHOT-PR-17-3-tests.jar to /home/jenkins/.mvnrepository/org/entando/entando-k8s-keycloak-controller/0.0.0-SNAPSHOT-PR-17-3/entando-k8s-keycloak-controller-0.0.0-SNAPSHOT-PR-17-3-tests.jar
[INFO] 
[INFO] --- maven-site-plugin:3.9.0:site (default-site) @ entando-k8s-keycloak-controller ---
[INFO] configuring report plugin org.apache.maven.plugins:maven-project-info-reports-plugin:3.0.0
[INFO] 9 reports configured for maven-project-info-reports-plugin:3.0.0: dependency-info, distribution-management, index, ci-management, issue-management, licenses, plugins, scm, summary
[INFO] Rendering site with default locale English (en)
[WARNING] Unable to find a URL to the parent project. The parent menu will NOT be added.
[INFO] Relativizing decoration links with respect to localized project URL: https://central.entando.com
[INFO] Rendering content with org.apache.maven.skins:maven-default-skin:jar:1.3 skin.
[INFO] Generating "Dependency Information" report --- maven-project-info-reports-plugin:3.0.0:dependency-info
[INFO] Generating "About" report         --- maven-project-info-reports-plugin:3.0.0:index
[INFO] Generating "Issue Management" report --- maven-project-info-reports-plugin:3.0.0:issue-management
[INFO] Generating "Licenses" report      --- maven-project-info-reports-plugin:3.0.0:licenses
[INFO] Generating "Plugins" report       --- maven-project-info-reports-plugin:3.0.0:plugins
[INFO] Generating "Source Code Management" report --- maven-project-info-reports-plugin:3.0.0:scm
[INFO] Generating "Summary" report       --- maven-project-info-reports-plugin:3.0.0:summary
[INFO] 
[INFO] ------------< org.entando:entando-k8s-keycloak-controller >-------------
[INFO] Building Entando K8S Controller for Keycloak 0.0.0-SNAPSHOT-PR-17-3
[INFO] --------------------------------[ jar ]---------------------------------
[INFO] 
[INFO] --- sonar-maven-plugin:3.7.0.1746:sonar (default-cli) @ entando-k8s-keycloak-controller ---
[INFO] User cache: /****/.sonar/cache
[INFO] SonarQube version: 8.0.0
[INFO] Default locale: "en", source code encoding: "UTF-8"
[INFO] Load global settings
[INFO] Load global settings (done) | time=251ms
[INFO] Server id: 1BD809FA-AWHW8ct9-T_TB3XqouNu
[INFO] User cache: /****/.sonar/cache
[INFO] Load/download plugins
[INFO] Load plugins index
[INFO] Load plugins index (done) | time=75ms
[INFO] Load/download plugins (done) | time=21501ms
[INFO] Loaded core extensions: developer-scanner
[INFO] JavaScript/TypeScript frontend is enabled
[INFO] Process project properties
[INFO] E**cute project builders
[INFO] E**cute project builders (done) | time=1ms
[INFO] Project key: entando-k8s_entando-k8s-keycloak-controller
[INFO] Base dir: /workspace/source
[INFO] Working dir: /workspace/source/target/sonar
[INFO] Load project settings for component key: 'entando-k8s_entando-k8s-keycloak-controller'
[INFO] Load project settings for component key: 'entando-k8s_entando-k8s-keycloak-controller' (done) | time=146ms
[INFO] Load project branches
[INFO] Load project branches (done) | time=34ms
[INFO] Check ALM binding of project 'entando-k8s_entando-k8s-keycloak-controller'
[INFO] Detected project binding: BOUND
[INFO] Check ALM binding of project 'entando-k8s_entando-k8s-keycloak-controller' (done) | time=21ms
[INFO] Load project pull requests
[INFO] Load project pull requests (done) | time=37ms
[INFO] Load branch configuration
[INFO] Load branch configuration (done) | time=514ms
[INFO] Load quality profiles
[INFO] Load quality profiles (done) | time=98ms
[INFO] Load active rules
[INFO] Load active rules (done) | time=1276ms
[INFO] Organization key: entando-k8s
[INFO] Pull request 17 for merge into master from ENG-1330_improved_support_for_http
[INFO] SCM collecting changed files in the branch
[WARNING] Exception caught during e**cution of command '[git, config, --******, --edit]' in '/usr/local/git/bin', return code '128', error message 'fatal: Invalid path '/usr/local/git/etc': No such file or directory
'
[INFO] SCM collecting changed files in the branch (done) | time=313ms
[INFO] Indexing files...
[INFO] Project configuration:
[INFO] 12 files inde**d
[INFO] 0 files ignored because of scm ignore settings
[INFO] Quality profile for java: Sonar way
[INFO] Quality profile for xml: Sonar way
[INFO] ------------- Run sensors on module Entando K8S Controller for Keycloak
[INFO] JavaScript/TypeScript frontend is enabled
[INFO] Load metrics repository
[INFO] Load metrics repository (done) | time=28ms
WARNING: An illegal reflective access operation has occurred
WARNING: Illegal reflective access by net.sf.cglib.core.ReflectUtils$1 (file:/****/.sonar/cache/a89f1943fc75b65becd9fb4ecab8d913/sonar-tsql-plugin.jar) to method java.lang.ClassLoader.defineClass(java.lang.String,byte[],int,int,java.security.ProtectionDomain)
WARNING: Please consider reporting this to the maintainers of net.sf.cglib.core.ReflectUtils$1
WARNING: Use --illegal-access=warn to enable warnings of further illegal reflective access operations
WARNING: All illegal access operations will be denied in a future release
[INFO] Sensor JavaSquidSensor [java]
[INFO] Configured Java source version (sonar.java.source): 8
[INFO] JavaClasspath initialization
[INFO] JavaClasspath initialization (done) | time=14ms
[INFO] JavaTestClasspath initialization
[INFO] JavaTestClasspath initialization (done) | time=3ms
[INFO] Java Main Files AST scan
[INFO] 4 source files to be analyzed
[INFO] 4/4 source files have been analyzed
[INFO] Java Main Files AST scan (done) | time=3083ms
[INFO] Java Test Files AST scan
[INFO] 7 source files to be analyzed
[INFO] Java Test Files AST scan (done) | time=836ms
[INFO] Java Generated Files AST scan
[INFO] 0 source files to be analyzed
[INFO] Java Generated Files AST scan (done) | time=0ms
[INFO] Sensor JavaSquidSensor [java] (done) | time=4126ms
[INFO] Sensor CSS Rules [cssfamily]
[INFO] No CSS, PHP, HTML or VueJS files are found in the project. CSS analysis is skipped.
[INFO] Sensor CSS Rules [cssfamily] (done) | time=1ms
[INFO] Sensor C# Properties [csharp]
[INFO] Sensor C# Properties [csharp] (done) | time=1ms
[INFO] Sensor Import of Checkstyle issues [java]
[INFO] Importing /workspace/source/target/checkstyle-result.xml
[INFO] 7/7 source files have been analyzed
[INFO] 0/0 source files have been analyzed
[INFO] Sensor Import of Checkstyle issues [java] (done) | time=85ms
[INFO] Sensor SurefireSensor [java]
[INFO] parsing [/workspace/source/target/surefire-reports]
[INFO] Sensor SurefireSensor [java] (done) | time=36ms
[INFO] Sensor JavaXmlSensor [java]
[INFO] 1 source files to be analyzed
[INFO] Sensor JavaXmlSensor [java] (done) | time=216ms
[INFO] 1/1 source files have been analyzed
[INFO] Sensor HTML [web]
[INFO] Sensor HTML [web] (done) | time=5ms
[INFO] Sensor XML Sensor [xml]
[INFO] 1 source files to be analyzed
[INFO] Sensor XML Sensor [xml] (done) | time=207ms
[INFO] 1/1 source files have been analyzed
[INFO] Sensor VB.NET Properties [vbnet]
[INFO] Sensor VB.NET Properties [vbnet] (done) | time=1ms
[INFO] Sensor JaCoCo XML Report Importer [jacoco]
[INFO] Importing 1 report(s). Turn your logs in debug mode in order to see the exhaustive list.
[INFO] Sensor JaCoCo XML Report Importer [jacoco] (done) | time=27ms
[INFO] Sensor ThymeLeaf template sensor [securityjavafrontend]
[INFO] Sensor ThymeLeaf template sensor [securityjavafrontend] (done) | time=2ms
[INFO] Sensor JavaSecuritySensor [security]
[INFO] Reading type hierarchy from: /workspace/source/target/sonar/ucfg2/java
[INFO] Read 84 type definitions
[INFO] Reading UCFGs from: /workspace/source/target/sonar/ucfg2/java
[INFO] 13:16:06.272595 Building Type propagation graph
[INFO] 13:16:06.292665 Running Tarjan on 161 nodes
[INFO] 13:16:06.298108 Tarjan found 161 components
[INFO] 13:16:06.303237 Variable type analysis: done
[INFO] 13:16:06.307982 Building Type propagation graph
[INFO] 13:16:06.327019 Running Tarjan on 161 nodes
[INFO] 13:16:06.328718 Tarjan found 161 components
[INFO] 13:16:06.330052 Variable type analysis: done
[INFO] Analyzing 45 ucfgs to detect vulnerabilities.
[INFO] All rules entrypoints : 0 Retained UCFGs : 0
[INFO] rule: S5131, entrypoints: 0
[INFO] rule: S5131 done
[INFO] rule: S3649, entrypoints: 0
[INFO] rule: S3649 done
[INFO] rule: S2076, entrypoints: 0
[INFO] rule: S2076 done
[INFO] rule: S2091, entrypoints: 0
[INFO] rule: S2091 done
[INFO] rule: S2078, entrypoints: 0
[INFO] rule: S2078 done
[INFO] rule: S2631, entrypoints: 0
[INFO] rule: S2631 done
[INFO] rule: S5135, entrypoints: 0
[INFO] rule: S5135 done
[INFO] rule: S2083, entrypoints: 0
[INFO] rule: S2083 done
[INFO] rule: S5167, entrypoints: 0
[INFO] rule: S5167 done
[INFO] rule: S5144, entrypoints: 0
[INFO] rule: S5144 done
[INFO] rule: S5145, entrypoints: 0
[INFO] rule: S5145 done
[INFO] rule: S5146, entrypoints: 0
[INFO] rule: S5146 done
[INFO] rule: S5334, entrypoints: 0
[INFO] rule: S5334 done
[INFO] Sensor JavaSecuritySensor [security] (done) | time=522ms
[INFO] Sensor CSharpSecuritySensor [security]
[INFO] Reading type hierarchy from: /workspace/source/target/ucfg_cs2
[INFO] Read 0 type definitions
[INFO] Reading UCFGs from: /workspace/source/target/ucfg_cs2
[INFO] No UCFGs have been included for analysis.
[INFO] Sensor CSharpSecuritySensor [security] (done) | time=1ms
[INFO] Sensor PhpSecuritySensor [security]
[INFO] Reading type hierarchy from: /workspace/source/target/sonar/ucfg2/php
[INFO] Read 0 type definitions
[INFO] Reading UCFGs from: /workspace/source/target/sonar/ucfg2/php
[INFO] No UCFGs have been included for analysis.
[INFO] Sensor PhpSecuritySensor [security] (done) | time=1ms
[INFO] Sensor PythonSecuritySensor [security]
[INFO] Reading type hierarchy from: /workspace/source/target/sonar/ucfg2/python
[INFO] Read 0 type definitions
[INFO] Reading UCFGs from: /workspace/source/target/sonar/ucfg2/python
[INFO] No UCFGs have been included for analysis.
[INFO] Sensor PythonSecuritySensor [security] (done) | time=1ms
[INFO] Sensor JsSecuritySensor [security]
[INFO] Reading type hierarchy from: /workspace/source/target/sonar/ucfg2/js
[INFO] Read 0 type definitions
[INFO] Reading UCFGs from: /workspace/source/target/sonar/ucfg2/js
[INFO] No UCFGs have been included for analysis.
[INFO] Sensor JsSecuritySensor [security] (done) | time=1ms
[INFO] ------------- Run sensors on project
[INFO] Sensor Zero Coverage Sensor
[INFO] Sensor Zero Coverage Sensor (done) | time=1ms
[INFO] Sensor Java CPD Block Inde**r
[INFO] Sensor Java CPD Block Inde**r (done) | time=44ms
[INFO] SCM Publisher SCM provider for this project is: git
[INFO] SCM Publisher 12 source files to be analyzed
[INFO] SCM Publisher 11/12 source files have been analyzed (done) | time=144ms
[WARNING] Missing blame information for the following files:
[WARNING]   * pom.xml
[WARNING] This may lead to missing/broken features in SonarCloud
[INFO] CPD E**cutor 1 file had no CPD blocks
[INFO] CPD E**cutor Calculating CPD for 3 files
[INFO] CPD E**cutor CPD calculation finished (done) | time=22ms
[INFO] SCM writing changed lines
[INFO] SCM writing changed lines (done) | time=120ms
[INFO] Analysis report generated in 352ms, dir size=306 KB
[INFO] Analysis report compressed in 51ms, zip size=89 KB
[INFO] Analysis report uploaded in 127ms
[INFO] ANALYSIS SUCCESSFUL, you can find the results at: https://sonarcloud.io/dashboard?id=entando-k8s_entando-k8s-keycloak-controller&pullRequest=17
[INFO] Note that you will be able to access the updated dashboard once the server has processed the submitted analysis report
[INFO] More about the report processing at https://sonarcloud.io/api/ce/task?id=AXUsZ0cpG9QTtFXwa8nz
[INFO] Analysis total time: 13.224 s
[INFO] ------------------------------------------------------------------------
[INFO] BUILD SUCCESS
[INFO] ------------------------------------------------------------------------
[INFO] Total time:  01:40 min
[INFO] Finished at: 2020-10-15T13:16:07Z
[INFO] ------------------------------------------------------------------------
shallow cloning https://github.com/entando-k8s/devops-results.git branch gh-pages
ran git init in /tmp/jenkins-x-collect981049513
ran git add remote origin https://github.com/entando-k8s/devops-results.git in /tmp/jenkins-x-collect981049513
ran git fetch origin --depth=1 gh-pages in dir /tmp/jenkins-x-collect981049513
Publishing https://raw.githubusercontent.com/entando-k8s/devops-results/gh-pages/entando-k8s-keycloak-controller/PR-17/checkstyle.html
Publishing https://raw.githubusercontent.com/entando-k8s/devops-results/gh-pages/entando-k8s-keycloak-controller/PR-17/checkstyle.rss
Publishing https://raw.githubusercontent.com/entando-k8s/devops-results/gh-pages/entando-k8s-keycloak-controller/PR-17/css/maven-base.css
Publishing https://raw.githubusercontent.com/entando-k8s/devops-results/gh-pages/entando-k8s-keycloak-controller/PR-17/css/maven-theme.css
Publishing https://raw.githubusercontent.com/entando-k8s/devops-results/gh-pages/entando-k8s-keycloak-controller/PR-17/css/print.css
Publishing https://raw.githubusercontent.com/entando-k8s/devops-results/gh-pages/entando-k8s-keycloak-controller/PR-17/css/site.css
Publishing https://raw.githubusercontent.com/entando-k8s/devops-results/gh-pages/entando-k8s-keycloak-controller/PR-17/dependency-check-junit.xml
Publishing https://raw.githubusercontent.com/entando-k8s/devops-results/gh-pages/entando-k8s-keycloak-controller/PR-17/dependency-check-report.html
Publishing https://raw.githubusercontent.com/entando-k8s/devops-results/gh-pages/entando-k8s-keycloak-controller/PR-17/dependency-check-report.xml
Publishing https://raw.githubusercontent.com/entando-k8s/devops-results/gh-pages/entando-k8s-keycloak-controller/PR-17/dependency-info.html
Publishing https://raw.githubusercontent.com/entando-k8s/devops-results/gh-pages/entando-k8s-keycloak-controller/PR-17/images/collapsed.gif
Publishing https://raw.githubusercontent.com/entando-k8s/devops-results/gh-pages/entando-k8s-keycloak-controller/PR-17/images/expanded.gif
Publishing https://raw.githubusercontent.com/entando-k8s/devops-results/gh-pages/entando-k8s-keycloak-controller/PR-17/images/external.png
Publishing https://raw.githubusercontent.com/entando-k8s/devops-results/gh-pages/entando-k8s-keycloak-controller/PR-17/images/icon_error_sml.gif
Publishing https://raw.githubusercontent.com/entando-k8s/devops-results/gh-pages/entando-k8s-keycloak-controller/PR-17/images/icon_info_sml.gif
Publishing https://raw.githubusercontent.com/entando-k8s/devops-results/gh-pages/entando-k8s-keycloak-controller/PR-17/images/icon_success_sml.gif
Publishing https://raw.githubusercontent.com/entando-k8s/devops-results/gh-pages/entando-k8s-keycloak-controller/PR-17/images/icon_warning_sml.gif
Publishing https://raw.githubusercontent.com/entando-k8s/devops-results/gh-pages/entando-k8s-keycloak-controller/PR-17/images/logos/build-by-maven-black.png
Publishing https://raw.githubusercontent.com/entando-k8s/devops-results/gh-pages/entando-k8s-keycloak-controller/PR-17/images/logos/build-by-maven-white.png
Publishing https://raw.githubusercontent.com/entando-k8s/devops-results/gh-pages/entando-k8s-keycloak-controller/PR-17/images/logos/maven-feather.png
Publishing https://raw.githubusercontent.com/entando-k8s/devops-results/gh-pages/entando-k8s-keycloak-controller/PR-17/images/newwindow.png
Publishing https://raw.githubusercontent.com/entando-k8s/devops-results/gh-pages/entando-k8s-keycloak-controller/PR-17/images/rss.png
Publishing https://raw.githubusercontent.com/entando-k8s/devops-results/gh-pages/entando-k8s-keycloak-controller/PR-17/index.html
Publishing https://raw.githubusercontent.com/entando-k8s/devops-results/gh-pages/entando-k8s-keycloak-controller/PR-17/issue-management.html
Publishing https://raw.githubusercontent.com/entando-k8s/devops-results/gh-pages/entando-k8s-keycloak-controller/PR-17/jacoco/index.html
Publishing https://raw.githubusercontent.com/entando-k8s/devops-results/gh-pages/entando-k8s-keycloak-controller/PR-17/jacoco/jacoco-resources/branchfc.gif
Publishing https://raw.githubusercontent.com/entando-k8s/devops-results/gh-pages/entando-k8s-keycloak-controller/PR-17/jacoco/jacoco-resources/branchnc.gif
Publishing https://raw.githubusercontent.com/entando-k8s/devops-results/gh-pages/entando-k8s-keycloak-controller/PR-17/jacoco/jacoco-resources/branchpc.gif
Publishing https://raw.githubusercontent.com/entando-k8s/devops-results/gh-pages/entando-k8s-keycloak-controller/PR-17/jacoco/jacoco-resources/bundle.gif
Publishing https://raw.githubusercontent.com/entando-k8s/devops-results/gh-pages/entando-k8s-keycloak-controller/PR-17/jacoco/jacoco-resources/class.gif
Publishing https://raw.githubusercontent.com/entando-k8s/devops-results/gh-pages/entando-k8s-keycloak-controller/PR-17/jacoco/jacoco-resources/down.gif
Publishing https://raw.githubusercontent.com/entando-k8s/devops-results/gh-pages/entando-k8s-keycloak-controller/PR-17/jacoco/jacoco-resources/greenbar.gif
Publishing https://raw.githubusercontent.com/entando-k8s/devops-results/gh-pages/entando-k8s-keycloak-controller/PR-17/jacoco/jacoco-resources/group.gif
Publishing https://raw.githubusercontent.com/entando-k8s/devops-results/gh-pages/entando-k8s-keycloak-controller/PR-17/jacoco/jacoco-resources/method.gif
Publishing https://raw.githubusercontent.com/entando-k8s/devops-results/gh-pages/entando-k8s-keycloak-controller/PR-17/jacoco/jacoco-resources/package.gif
Publishing https://raw.githubusercontent.com/entando-k8s/devops-results/gh-pages/entando-k8s-keycloak-controller/PR-17/jacoco/jacoco-resources/prettify.css
Publishing https://raw.githubusercontent.com/entando-k8s/devops-results/gh-pages/entando-k8s-keycloak-controller/PR-17/jacoco/jacoco-resources/prettify.js
Publishing https://raw.githubusercontent.com/entando-k8s/devops-results/gh-pages/entando-k8s-keycloak-controller/PR-17/jacoco/jacoco-resources/redbar.gif
Publishing https://raw.githubusercontent.com/entando-k8s/devops-results/gh-pages/entando-k8s-keycloak-controller/PR-17/jacoco/jacoco-resources/report.css
Publishing https://raw.githubusercontent.com/entando-k8s/devops-results/gh-pages/entando-k8s-keycloak-controller/PR-17/jacoco/jacoco-resources/report.gif
Publishing https://raw.githubusercontent.com/entando-k8s/devops-results/gh-pages/entando-k8s-keycloak-controller/PR-17/jacoco/jacoco-resources/session.gif
Publishing https://raw.githubusercontent.com/entando-k8s/devops-results/gh-pages/entando-k8s-keycloak-controller/PR-17/jacoco/jacoco-resources/sort.gif
Publishing https://raw.githubusercontent.com/entando-k8s/devops-results/gh-pages/entando-k8s-keycloak-controller/PR-17/jacoco/jacoco-resources/sort.js
Publishing https://raw.githubusercontent.com/entando-k8s/devops-results/gh-pages/entando-k8s-keycloak-controller/PR-17/jacoco/jacoco-resources/source.gif
Publishing https://raw.githubusercontent.com/entando-k8s/devops-results/gh-pages/entando-k8s-keycloak-controller/PR-17/jacoco/jacoco-resources/up.gif
Publishing https://raw.githubusercontent.com/entando-k8s/devops-results/gh-pages/entando-k8s-keycloak-controller/PR-17/jacoco/jacoco-sessions.html
Publishing https://raw.githubusercontent.com/entando-k8s/devops-results/gh-pages/entando-k8s-keycloak-controller/PR-17/jacoco/jacoco.csv
Publishing https://raw.githubusercontent.com/entando-k8s/devops-results/gh-pages/entando-k8s-keycloak-controller/PR-17/jacoco/jacoco.xml
Publishing https://raw.githubusercontent.com/entando-k8s/devops-results/gh-pages/entando-k8s-keycloak-controller/PR-17/jacoco/org.entando.kubernetes.controller.keycloakserver/EntandoKeycloakServerController.html
Publishing https://raw.githubusercontent.com/entando-k8s/devops-results/gh-pages/entando-k8s-keycloak-controller/PR-17/jacoco/org.entando.kubernetes.controller.keycloakserver/EntandoKeycloakServerController.java.html
Publishing https://raw.githubusercontent.com/entando-k8s/devops-results/gh-pages/entando-k8s-keycloak-controller/PR-17/jacoco/org.entando.kubernetes.controller.keycloakserver/KeycloakDeployable.html
Publishing https://raw.githubusercontent.com/entando-k8s/devops-results/gh-pages/entando-k8s-keycloak-controller/PR-17/jacoco/org.entando.kubernetes.controller.keycloakserver/KeycloakDeployable.java.html
Publishing https://raw.githubusercontent.com/entando-k8s/devops-results/gh-pages/entando-k8s-keycloak-controller/PR-17/jacoco/org.entando.kubernetes.controller.keycloakserver/KeycloakDeployableContainer.html
Publishing https://raw.githubusercontent.com/entando-k8s/devops-results/gh-pages/entando-k8s-keycloak-controller/PR-17/jacoco/org.entando.kubernetes.controller.keycloakserver/KeycloakDeployableContainer.java.html
Publishing https://raw.githubusercontent.com/entando-k8s/devops-results/gh-pages/entando-k8s-keycloak-controller/PR-17/jacoco/org.entando.kubernetes.controller.keycloakserver/KeycloakServiceDeploymentResult.html
Publishing https://raw.githubusercontent.com/entando-k8s/devops-results/gh-pages/entando-k8s-keycloak-controller/PR-17/jacoco/org.entando.kubernetes.controller.keycloakserver/KeycloakServiceDeploymentResult.java.html
Publishing https://raw.githubusercontent.com/entando-k8s/devops-results/gh-pages/entando-k8s-keycloak-controller/PR-17/jacoco/org.entando.kubernetes.controller.keycloakserver/index.html
Publishing https://raw.githubusercontent.com/entando-k8s/devops-results/gh-pages/entando-k8s-keycloak-controller/PR-17/jacoco/org.entando.kubernetes.controller.keycloakserver/index.source.html
Publishing https://raw.githubusercontent.com/entando-k8s/devops-results/gh-pages/entando-k8s-keycloak-controller/PR-17/licenses.html
Publishing https://raw.githubusercontent.com/entando-k8s/devops-results/gh-pages/entando-k8s-keycloak-controller/PR-17/plugins.html
Publishing https://raw.githubusercontent.com/entando-k8s/devops-results/gh-pages/entando-k8s-keycloak-controller/PR-17/project-info.html
Publishing https://raw.githubusercontent.com/entando-k8s/devops-results/gh-pages/entando-k8s-keycloak-controller/PR-17/scm.html
Publishing https://raw.githubusercontent.com/entando-k8s/devops-results/gh-pages/entando-k8s-keycloak-controller/PR-17/summary.html
Publishing https://raw.githubusercontent.com/entando-k8s/devops-results/gh-pages/entando-k8s-keycloak-controller/PR-17/surefire-report.html
stashed: https://raw.githubusercontent.com/entando-k8s/devops-results/gh-pages/entando-k8s-keycloak-controller/PR-17/checkstyle.html
stashed: https://raw.githubusercontent.com/entando-k8s/devops-results/gh-pages/entando-k8s-keycloak-controller/PR-17/checkstyle.rss
stashed: https://raw.githubusercontent.com/entando-k8s/devops-results/gh-pages/entando-k8s-keycloak-controller/PR-17/css/maven-base.css
stashed: https://raw.githubusercontent.com/entando-k8s/devops-results/gh-pages/entando-k8s-keycloak-controller/PR-17/css/maven-theme.css
stashed: https://raw.githubusercontent.com/entando-k8s/devops-results/gh-pages/entando-k8s-keycloak-controller/PR-17/css/print.css
stashed: https://raw.githubusercontent.com/entando-k8s/devops-results/gh-pages/entando-k8s-keycloak-controller/PR-17/css/site.css
stashed: https://raw.githubusercontent.com/entando-k8s/devops-results/gh-pages/entando-k8s-keycloak-controller/PR-17/dependency-check-junit.xml
stashed: https://raw.githubusercontent.com/entando-k8s/devops-results/gh-pages/entando-k8s-keycloak-controller/PR-17/dependency-check-report.html
stashed: https://raw.githubusercontent.com/entando-k8s/devops-results/gh-pages/entando-k8s-keycloak-controller/PR-17/dependency-check-report.xml
stashed: https://raw.githubusercontent.com/entando-k8s/devops-results/gh-pages/entando-k8s-keycloak-controller/PR-17/dependency-info.html
stashed: https://raw.githubusercontent.com/entando-k8s/devops-results/gh-pages/entando-k8s-keycloak-controller/PR-17/images/collapsed.gif
stashed: https://raw.githubusercontent.com/entando-k8s/devops-results/gh-pages/entando-k8s-keycloak-controller/PR-17/images/expanded.gif
stashed: https://raw.githubusercontent.com/entando-k8s/devops-results/gh-pages/entando-k8s-keycloak-controller/PR-17/images/external.png
stashed: https://raw.githubusercontent.com/entando-k8s/devops-results/gh-pages/entando-k8s-keycloak-controller/PR-17/images/icon_error_sml.gif
stashed: https://raw.githubusercontent.com/entando-k8s/devops-results/gh-pages/entando-k8s-keycloak-controller/PR-17/images/icon_info_sml.gif
stashed: https://raw.githubusercontent.com/entando-k8s/devops-results/gh-pages/entando-k8s-keycloak-controller/PR-17/images/icon_success_sml.gif
stashed: https://raw.githubusercontent.com/entando-k8s/devops-results/gh-pages/entando-k8s-keycloak-controller/PR-17/images/icon_warning_sml.gif
stashed: https://raw.githubusercontent.com/entando-k8s/devops-results/gh-pages/entando-k8s-keycloak-controller/PR-17/images/logos/build-by-maven-black.png
stashed: https://raw.githubusercontent.com/entando-k8s/devops-results/gh-pages/entando-k8s-keycloak-controller/PR-17/images/logos/build-by-maven-white.png
stashed: https://raw.githubusercontent.com/entando-k8s/devops-results/gh-pages/entando-k8s-keycloak-controller/PR-17/images/logos/maven-feather.png
stashed: https://raw.githubusercontent.com/entando-k8s/devops-results/gh-pages/entando-k8s-keycloak-controller/PR-17/images/newwindow.png
stashed: https://raw.githubusercontent.com/entando-k8s/devops-results/gh-pages/entando-k8s-keycloak-controller/PR-17/images/rss.png
stashed: https://raw.githubusercontent.com/entando-k8s/devops-results/gh-pages/entando-k8s-keycloak-controller/PR-17/index.html
stashed: https://raw.githubusercontent.com/entando-k8s/devops-results/gh-pages/entando-k8s-keycloak-controller/PR-17/issue-management.html
stashed: https://raw.githubusercontent.com/entando-k8s/devops-results/gh-pages/entando-k8s-keycloak-controller/PR-17/jacoco/index.html
stashed: https://raw.githubusercontent.com/entando-k8s/devops-results/gh-pages/entando-k8s-keycloak-controller/PR-17/jacoco/jacoco-resources/branchfc.gif
stashed: https://raw.githubusercontent.com/entando-k8s/devops-results/gh-pages/entando-k8s-keycloak-controller/PR-17/jacoco/jacoco-resources/branchnc.gif
stashed: https://raw.githubusercontent.com/entando-k8s/devops-results/gh-pages/entando-k8s-keycloak-controller/PR-17/jacoco/jacoco-resources/branchpc.gif
stashed: https://raw.githubusercontent.com/entando-k8s/devops-results/gh-pages/entando-k8s-keycloak-controller/PR-17/jacoco/jacoco-resources/bundle.gif
stashed: https://raw.githubusercontent.com/entando-k8s/devops-results/gh-pages/entando-k8s-keycloak-controller/PR-17/jacoco/jacoco-resources/class.gif
stashed: https://raw.githubusercontent.com/entando-k8s/devops-results/gh-pages/entando-k8s-keycloak-controller/PR-17/jacoco/jacoco-resources/down.gif
stashed: https://raw.githubusercontent.com/entando-k8s/devops-results/gh-pages/entando-k8s-keycloak-controller/PR-17/jacoco/jacoco-resources/greenbar.gif
stashed: https://raw.githubusercontent.com/entando-k8s/devops-results/gh-pages/entando-k8s-keycloak-controller/PR-17/jacoco/jacoco-resources/group.gif
stashed: https://raw.githubusercontent.com/entando-k8s/devops-results/gh-pages/entando-k8s-keycloak-controller/PR-17/jacoco/jacoco-resources/method.gif
stashed: https://raw.githubusercontent.com/entando-k8s/devops-results/gh-pages/entando-k8s-keycloak-controller/PR-17/jacoco/jacoco-resources/package.gif
stashed: https://raw.githubusercontent.com/entando-k8s/devops-results/gh-pages/entando-k8s-keycloak-controller/PR-17/jacoco/jacoco-resources/prettify.css
stashed: https://raw.githubusercontent.com/entando-k8s/devops-results/gh-pages/entando-k8s-keycloak-controller/PR-17/jacoco/jacoco-resources/prettify.js
stashed: https://raw.githubusercontent.com/entando-k8s/devops-results/gh-pages/entando-k8s-keycloak-controller/PR-17/jacoco/jacoco-resources/redbar.gif
stashed: https://raw.githubusercontent.com/entando-k8s/devops-results/gh-pages/entando-k8s-keycloak-controller/PR-17/jacoco/jacoco-resources/report.css
stashed: https://raw.githubusercontent.com/entando-k8s/devops-results/gh-pages/entando-k8s-keycloak-controller/PR-17/jacoco/jacoco-resources/report.gif
stashed: https://raw.githubusercontent.com/entando-k8s/devops-results/gh-pages/entando-k8s-keycloak-controller/PR-17/jacoco/jacoco-resources/session.gif
stashed: https://raw.githubusercontent.com/entando-k8s/devops-results/gh-pages/entando-k8s-keycloak-controller/PR-17/jacoco/jacoco-resources/sort.gif
stashed: https://raw.githubusercontent.com/entando-k8s/devops-results/gh-pages/entando-k8s-keycloak-controller/PR-17/jacoco/jacoco-resources/sort.js
stashed: https://raw.githubusercontent.com/entando-k8s/devops-results/gh-pages/entando-k8s-keycloak-controller/PR-17/jacoco/jacoco-resources/source.gif
stashed: https://raw.githubusercontent.com/entando-k8s/devops-results/gh-pages/entando-k8s-keycloak-controller/PR-17/jacoco/jacoco-resources/up.gif
stashed: https://raw.githubusercontent.com/entando-k8s/devops-results/gh-pages/entando-k8s-keycloak-controller/PR-17/jacoco/jacoco-sessions.html
stashed: https://raw.githubusercontent.com/entando-k8s/devops-results/gh-pages/entando-k8s-keycloak-controller/PR-17/jacoco/jacoco.csv
stashed: https://raw.githubusercontent.com/entando-k8s/devops-results/gh-pages/entando-k8s-keycloak-controller/PR-17/jacoco/jacoco.xml
stashed: https://raw.githubusercontent.com/entando-k8s/devops-results/gh-pages/entando-k8s-keycloak-controller/PR-17/jacoco/org.entando.kubernetes.controller.keycloakserver/EntandoKeycloakServerController.html
stashed: https://raw.githubusercontent.com/entando-k8s/devops-results/gh-pages/entando-k8s-keycloak-controller/PR-17/jacoco/org.entando.kubernetes.controller.keycloakserver/EntandoKeycloakServerController.java.html
stashed: https://raw.githubusercontent.com/entando-k8s/devops-results/gh-pages/entando-k8s-keycloak-controller/PR-17/jacoco/org.entando.kubernetes.controller.keycloakserver/KeycloakDeployable.html
stashed: https://raw.githubusercontent.com/entando-k8s/devops-results/gh-pages/entando-k8s-keycloak-controller/PR-17/jacoco/org.entando.kubernetes.controller.keycloakserver/KeycloakDeployable.java.html
stashed: https://raw.githubusercontent.com/entando-k8s/devops-results/gh-pages/entando-k8s-keycloak-controller/PR-17/jacoco/org.entando.kubernetes.controller.keycloakserver/KeycloakDeployableContainer.html
stashed: https://raw.githubusercontent.com/entando-k8s/devops-results/gh-pages/entando-k8s-keycloak-controller/PR-17/jacoco/org.entando.kubernetes.controller.keycloakserver/KeycloakDeployableContainer.java.html
stashed: https://raw.githubusercontent.com/entando-k8s/devops-results/gh-pages/entando-k8s-keycloak-controller/PR-17/jacoco/org.entando.kubernetes.controller.keycloakserver/KeycloakServiceDeploymentResult.html
stashed: https://raw.githubusercontent.com/entando-k8s/devops-results/gh-pages/entando-k8s-keycloak-controller/PR-17/jacoco/org.entando.kubernetes.controller.keycloakserver/KeycloakServiceDeploymentResult.java.html
stashed: https://raw.githubusercontent.com/entando-k8s/devops-results/gh-pages/entando-k8s-keycloak-controller/PR-17/jacoco/org.entando.kubernetes.controller.keycloakserver/index.html
stashed: https://raw.githubusercontent.com/entando-k8s/devops-results/gh-pages/entando-k8s-keycloak-controller/PR-17/jacoco/org.entando.kubernetes.controller.keycloakserver/index.source.html
stashed: https://raw.githubusercontent.com/entando-k8s/devops-results/gh-pages/entando-k8s-keycloak-controller/PR-17/licenses.html
stashed: https://raw.githubusercontent.com/entando-k8s/devops-results/gh-pages/entando-k8s-keycloak-controller/PR-17/plugins.html
stashed: https://raw.githubusercontent.com/entando-k8s/devops-results/gh-pages/entando-k8s-keycloak-controller/PR-17/project-info.html
stashed: https://raw.githubusercontent.com/entando-k8s/devops-results/gh-pages/entando-k8s-keycloak-controller/PR-17/scm.html
stashed: https://raw.githubusercontent.com/entando-k8s/devops-results/gh-pages/entando-k8s-keycloak-controller/PR-17/summary.html
stashed: https://raw.githubusercontent.com/entando-k8s/devops-results/gh-pages/entando-k8s-keycloak-controller/PR-17/surefire-report.html
error: etcdserver: request is too large
  % Total    % Received % Xferd  Average Speed   Time    Time     Time  Current
                                 Dload  Upload   Total   Spent    Left  Speed
  0     0    0     0    0     0      0      0 --:--:-- --:--:-- --:--:--     0 11  1882    0     0  100   223      0    287 --:--:-- --:--:-- --:--:--   287100  1882  100  1659  100   223   2134    286 --:--:-- --:--:-- --:--:--  2135
{
  "url": "https://api.github.com/repos/entando-k8s/entando-k8s-keycloak-controller/statuses/43e8367a2d7d259c457dab519863ad06a9be4f62",
  "avatar_url": "https://avatars2.githubusercontent.com/u/57885396?v=4",
  "id": 11061000624,
  "node_id": "MDEzOlN0YXR1c0NvbnRleHQxMTA2MTAwMDYyNA==",
  "state": "success",
  "description": "Pre-deployment tests success!",
  "target_url": "https://entando-k8s.github.io/devops-results/entando-k8s-keycloak-controller/PR-17/surefire-report.html",
  "context": "Pre-deployment tests",
  "created_at": "2020-10-15T13:18:53Z",
  "updated_at": "2020-10-15T13:18:53Z",
  "creator": {
    "login": "**********",
    "id": 57885396,
    "node_id": "MDQ6VXNlcjU3ODg1Mzk2",
    "avatar_url": "https://avatars2.githubusercontent.com/u/57885396?v=4",
    "gravatar_id": "",
    "url": "https://api.github.com/users/**********",
    "html_url": "https://github.com/entando-**",
    "followers_url": "https://api.github.com/users/**********/followers",
    "following_url": "https://api.github.com/users/**********/following{/other_user}",
    "gists_url": "https://api.github.com/users/entando-**/gists{/gist_id}",
    "starred_url": "https://api.github.com/users/entando-**/starred{/owner}{/repo}",
    "subscriptions_url": "https://api.github.com/users/entando-**/subscriptions",
    "organizations_url": "https://api.github.com/users/**********/orgs",
    "repos_url": "https://api.github.com/users/entando-**/repos",
    "events_url": "https://api.github.com/users/**********/events{/privacy}",
    "received_events_url": "https://api.github.com/users/entando-**/received_events",
    "type": "User",
    "site_*****": *****
  }
}
  % Total    % Received % Xferd  Average Speed   Time    Time     Time  Current
                                 Dload  Upload   Total   Spent    Left  Speed
  0     0    0     0    0     0      0      0 --:--:-- --:--:-- --:--:--     0100  1832  100  1634  100   198   2753    333 --:--:-- --:--:-- --:--:--  2755
{
  "url": "https://api.github.com/repos/entando-k8s/entando-k8s-keycloak-controller/statuses/43e8367a2d7d259c457dab519863ad06a9be4f62",
  "avatar_url": "https://avatars2.githubusercontent.com/u/57885396?v=4",
  "id": 11061000766,
  "node_id": "MDEzOlN0YXR1c0NvbnRleHQxMTA2MTAwMDc2Ng==",
  "state": "success",
  "description": "Checkstyle success!",
  "target_url": "https://entando-k8s.github.io/devops-results/entando-k8s-keycloak-controller/PR-17/checkstyle.html",
  "context": "Checkstyle",
  "created_at": "2020-10-15T13:18:54Z",
  "updated_at": "2020-10-15T13:18:54Z",
  "creator": {
    "login": "**********",
    "id": 57885396,
    "node_id": "MDQ6VXNlcjU3ODg1Mzk2",
    "avatar_url": "https://avatars2.githubusercontent.com/u/57885396?v=4",
    "gravatar_id": "",
    "url": "https://api.github.com/users/**********",
    "html_url": "https://github.com/entando-**",
    "followers_url": "https://api.github.com/users/**********/followers",
    "following_url": "https://api.github.com/users/**********/following{/other_user}",
    "gists_url": "https://api.github.com/users/entando-**/gists{/gist_id}",
    "starred_url": "https://api.github.com/users/**********/starred{/owner}{/repo}",
    "subscriptions_url": "https://api.github.com/users/**********/subscriptions",
    "organizations_url": "https://api.github.com/users/entando-**/orgs",
    "repos_url": "https://api.github.com/users/**********/repos",
    "events_url": "https://api.github.com/users/**********/events{/privacy}",
    "received_events_url": "https://api.github.com/users/**********/received_events",
    "type": "User",
    "site_*****": *****
  }
}
  % Total    % Received % Xferd  Average Speed   Time    Time     Time  Current
                                 Dload  Upload   Total   Spent    Left  Speed
{
  "url": "https://api.github.com/repos/entando-k8s/entando-k8s-keycloak-controller/statuses/43e8367a2d7d259c457dab519863ad06a9be4f62",
  "avatar_url": "https://avatars2.githubusercontent.com/u/57885396?v=4",
  "id": 11061000867,
  "node_id": "MDEzOlN0YXR1c0NvbnRleHQxMTA2MTAwMDg2Nw==",
  "state": "success",
  "description": "OWASP CVE success!",
  "target_url": "https://entando-k8s.github.io/devops-results/entando-k8s-keycloak-controller/PR-17/dependency-check-report.html",
  "context": "OWASP CVE",
  "created_at": "2020-10-15T13:18:54Z",
  "updated_at": "2020-10-15T13:18:54Z",
  "creator": {
    "login": "**********",
    "id": 57885396,
    "node_id": "MDQ6VXNlcjU3ODg1Mzk2",
    "avatar_url": "https://avatars2.githubusercontent.com/u/57885396?v=4",
    "gravatar_id": "",
    "url": "https://api.github.com/users/**********",
    "html_url": "https://github.com/**********",
    "followers_url": "https://api.github.com/users/**********/followers",
    "following_url": "https://api.github.com/users/**********/following{/other_user}",
    "gists_url": "https://api.github.com/users/**********/gists{/gist_id}",
    "starred_url": "https://api.github.com/users/**********/starred{/owner}{/repo}",
    "subscriptions_url": "https://api.github.com/users/**********/subscriptions",
    "organizations_url": "https://api.github.com/users/**********/orgs",
    "repos_url": "https://api.github.com/users/**********/repos",
    "events_url": "https://api.github.com/users/**********/events{/privacy}",
    "received_events_url": "https://api.github.com/users/**********/received_events",
    "type": "User",
    "site_*****": *****
  }
}
  0     0    0     0    0     0      0      0 --:--:-- --:--:-- --:--:--     0  0     0    0     0    0     0      0      0 --:--:-- --:--:-- --:--:--     0100  1854  100  1645  100   209   2791    354 --:--:-- --:--:-- --:--:--  2788
Congratulations! No build failures found for entando-k8s-keycloak-controller-PR-17.

Showing logs for build [32mentando-k8s-entando-k8s-keycloa-wxs8x-3[0m stage [32mfrom-build-pack[0m and container [32mstep-build-container-build[0m
Generating tags...
 - entando/entando-k8s-keycloak-controller -> docker.io/entando/entando-k8s-keycloak-controller:0.0.0-SNAPSHOT-PR-17-3
Checking cache...
 - entando/entando-k8s-keycloak-controller: Not found. Building
Building [entando/entando-k8s-keycloak-controller]...
Sending build context to Docker daemon  548.9kBSending build context to Docker daemon  5.484MBSending build context to Docker daemon  12.09MBSending build context to Docker daemon  19.29MBSending build context to Docker daemon  25.42MBSending build context to Docker daemon  34.25MBSending build context to Docker daemon  40.02MB
Step 1/6 : FROM fabric8/java-alpine-openjdk8-jre
 ---> 6383f0513235
Step 2/6 : ENV JAVA_OPTIONS "-Dquarkus.http.host=0.0.0.0 -Djava.util.logging.manager=org.jboss.logmanager.LogManager"
 ---> Using cache
 ---> 781f0699f0f0
Step 3/6 : ENV AB_ENABLED jmx_exporter
 ---> Using cache
 ---> 3d03a75b86f8
Step 4/6 : COPY target/lib/* /deployments/lib/
 ---> Using cache
 ---> 1944aa7b577c
Step 5/6 : COPY target/*-runner.jar /deployments/app.jar
 ---> 128e6458c312
Step 6/6 : ENTRYPOINT /deployments/run-java.sh
 ---> Running in 7c4371b4cf5c
 ---> f15fdfaffbcc
Successfully built f15fdfaffbcc
The push refers to a repository [docker.io/entando/entando-k8s-keycloak-controller]
59db5d7fe943: Preparing
7916f3998f7b: Preparing
a37d6baa8a5e: Preparing
4246c252be29: Preparing
bbc6d89e45a1: Preparing
6a8968c88953: Preparing
c11f0dd7f64f: Preparing
081a861c7ecd: Preparing
df5b415aa3df: Preparing
77cae8ab23bf: Preparing
6a8968c88953: Waiting
c11f0dd7f64f: Waiting
081a861c7ecd: Waiting
df5b415aa3df: Waiting
77cae8ab23bf: Waiting
a37d6baa8a5e: Layer already exists
4246c252be29: Layer already exists
7916f3998f7b: Layer already exists
bbc6d89e45a1: Layer already exists
6a8968c88953: Layer already exists
081a861c7ecd: Layer already exists
df5b415aa3df: Layer already exists
c11f0dd7f64f: Layer already exists
77cae8ab23bf: Layer already exists
59db5d7fe943: Pushed
0.0.0-SNAPSHOT-PR-17-3: digest: sha256:fa4a99428f68f777f37468ac8a12516d0273cf20c09e593767b5a16aca4614f4 size: 2410
There is a new version (1.15.0) of Skaffold available. Download it at https://storage.googleapis.com/skaffold/releases/latest/skaffold-linux-amd64


Showing logs for build [32mentando-k8s-entando-k8s-keycloa-wxs8x-3[0m stage [32mfrom-build-pack[0m and container [32mstep-postbuild-post-build[0m
no CVE provider running in the current ** namespace so skip adding image to be analysed

Showing logs for build [32mentando-k8s-entando-k8s-keycloa-wxs8x-3[0m stage [32mfrom-build-pack[0m and container [32mstep-promote-make-preview[0m
sed -i -e "s/version:.*/version: 0.0.0-SNAPSHOT-PR-17-3/" Chart.yaml
sed -i -e "s/version:.*/version: 0.0.0-SNAPSHOT-PR-17-3/" ../*/Chart.yaml
sed -i -e "s|repository:.*|repository: docker.io\/entando\/entando-k8s-keycloak-controller|" values.yaml
sed -i -e "s/tag:.*/tag: 0.0.0-SNAPSHOT-PR-17-3/" values.yaml
echo "  version: 0.0.0-SNAPSHOT-PR-17-3" >> requirements.yaml
** step helm build
WARNING: No $CHART_REPOSITORY defined so using the default value of: http://jenkins-x-chartmuseum:8080
Adding missing Helm repo: storage.googleapis.com https://storage.googleapis.com/chartmuseum.jenkins-x.io
Successfully added Helm repository storage.googleapis.com.
Adding missing Helm repo: jenkins-x-chartmuseum http://jenkins-x-chartmuseum:8080
Successfully added Helm repository jenkins-x-chartmuseum.
WARNING: No $CHART_REPOSITORY defined so using the default value of: http://jenkins-x-chartmuseum:8080

Showing logs for build [32mentando-k8s-entando-k8s-keycloa-wxs8x-3[0m stage [32mfrom-build-pack[0m and container [32mstep-promote-jx-preview[0m
Creating a preview
Found commit author match for: ampie with email address: ampie.private@gmail.com
expose:
  Annotations:
    helm.sh/hook: post-install,post-upgrade
    helm.sh/hook-delete-policy: hook-succeeded
  config:
    domain: *************
    exposer: Ingress
    http: "true"
preview:
  image:
    repository: docker.io/entando/entando-k8s-keycloak-controller
    tag: 0.0.0-SNAPSHOT-PR-17-3

WARNING: Could not find the service URL in namespace entando-k8s-keycloak-controller-kcpr17 for names : Timed out after 1m0s, last error: %!s(<nil>)
Updating PipelineActivities entando-k8s-entando-k8s-keycloak-controller-pr-17-3 which has status Running
WARNING: Failed to find the service entando-k8s-keycloak-controller : failed to find service entando-k8s-keycloak-controller in namespace entando-k8s-keycloak-controller-kcpr17: services "entando-k8s-keycloak-controller" not found

Showing logs for build [32mentando-k8s-entando-k8s-keycloa-wxs8x-3[0m stage [32mfrom-build-pack[0m and container [32mstep-promote-run-post-deployment-tests[0m
Picked up _JAVA_OPTIONS: -XX:+UnlockExperimentalVMOptions -Dsun.zip.disableMemoryMapping=true -XX:+UseParallelGC -XX:MinHeapFreeRatio=5 -XX:MaxHeapFreeRatio=10 -XX:GCTimeRatio=4 -XX:AdaptiveSizePolicyWeight=90 -Xms1000m -Xmx12000m
[INFO] Scanning for projects...
[WARNING] 
[WARNING] Some problems were encountered while building the effective model for org.entando:entando-k8s-keycloak-controller:jar:0.0.0-SNAPSHOT-PR-17-3
[WARNING] 'dependencyManagement.dependencies.dependency.(groupId:artifactId:type:classifier)' must be unique: org.yaml:snakeyaml:jar -> version 1.27 vs ${snakeyaml.version} @ org.entando:entando-quarkus-parent:6.2.5, /home/jenkins/.mvnrepository/org/entando/entando-quarkus-parent/6.2.5/entando-quarkus-parent-6.2.5.pom, line 283, column 25
[WARNING] 
[WARNING] It is highly recommended to fix these problems because they threaten the stability of your build.
[WARNING] 
[WARNING] For this reason, future Maven versions might no longer support building such malformed projects.
[WARNING] 
[INFO] 
[INFO] ------------< org.entando:entando-k8s-keycloak-controller >-------------
[INFO] Building Entando K8S Controller for Keycloak 0.0.0-SNAPSHOT-PR-17-3
[INFO] --------------------------------[ jar ]---------------------------------
[INFO] 
[INFO] --- maven-resources-plugin:2.6:resources (default-resources) @ entando-k8s-keycloak-controller ---
[INFO] Using 'UTF-8' encoding to copy filtered resources.
[INFO] Copying 4 resources
[INFO] 
[INFO] --- maven-compiler-plugin:3.8.1:compile (default-compile) @ entando-k8s-keycloak-controller ---
[INFO] Nothing to compile - all classes are up to date
[INFO] 
[INFO] --- maven-resources-plugin:2.6:testResources (default-testResources) @ entando-k8s-keycloak-controller ---
[INFO] Using 'UTF-8' encoding to copy filtered resources.
[INFO] Copying 6 resources
[INFO] 
[INFO] --- maven-compiler-plugin:3.8.1:testCompile (default-testCompile) @ entando-k8s-keycloak-controller ---
[INFO] Nothing to compile - all classes are up to date
[INFO] 
[INFO] --- maven-surefire-plugin:3.0.0-M1:test (default-test) @ entando-k8s-keycloak-controller ---
[INFO] Tests are skipped.
[INFO] 
[INFO] --- maven-jar-plugin:3.2.0:jar (default-jar) @ entando-k8s-keycloak-controller ---
[INFO] 
[INFO] --- maven-jar-plugin:3.2.0:test-jar (build-test-jar) @ entando-k8s-keycloak-controller ---
[INFO] 
[INFO] --- maven-failsafe-plugin:3.0.0-M4:integration-test (run-tests) @ entando-k8s-keycloak-controller ---
[INFO] 
[INFO] -------------------------------------------------------
[INFO]  T E S T S
[INFO] -------------------------------------------------------
[INFO] Running org.entando.kubernetes.controller.keycloakserver.interprocesstests.AddEntandoKeycloakServerWithContainerizedDatabaseIT
Oct 15, 2020 1:20:56 PM org.entando.kubernetes.controller.integrationtest.support.DeletionWaiter lambda$deleteSingleItem$2
WARNING: Deleting deployments  entando-k8s-keycloak-controller-kcpr17/test-keycloak-kcpr17-server-deployment to zero
Oct 15, 2020 1:20:56 PM org.entando.kubernetes.controller.integrationtest.support.DeletionWaiter lambda$deleteSingleItem$2
WARNING: Deleting deployments  entando-k8s-keycloak-controller-kcpr17/test-keycloak-kcpr17-server-deployment
Oct 15, 2020 1:20:57 PM org.entando.kubernetes.controller.integrationtest.support.DeletionWaiter lambda$deleteSingleItem$2
WARNING: Deleting pods  entando-k8s-keycloak-controller-kcpr17/test-keycloak-kcpr17-db-preparation-job-345f438c-c
Oct 15, 2020 1:20:57 PM org.entando.kubernetes.controller.integrationtest.support.DeletionWaiter lambda$deleteSingleItem$2
WARNING: Deleting pods  entando-k8s-keycloak-controller-kcpr17/test-keycloak-kcpr17-deployer-pnvxgs3hus
Oct 15, 2020 1:20:57 PM org.entando.kubernetes.controller.integrationtest.support.DeletionWaiter lambda$deleteSingleItem$2
WARNING: Deleting pods  entando-k8s-keycloak-controller-kcpr17/test-keycloak-kcpr17-server-deployment-c495cd577-9pfzl
Oct 15, 2020 1:20:58 PM org.entando.kubernetes.controller.integrationtest.support.DeletionWaiter lambda$deleteSingleItem$2
WARNING: Deleting persistentvolumeclaims  entando-k8s-keycloak-controller-kcpr17/test-keycloak-kcpr17-server-pvc
!!!!!!!On EntandoKeycloakServer add!!!!!!!!!
ADDED:PodStatus(conditions=[PodCondition(lastProbeTime=null, lastTransitionTime=2020-10-15T13:21:50Z, message=null, reason=null, status=True, type=PodScheduled, additionalProperties={})], containerStatuses=[], ephemeralContainerStatuses=[], hostIP=null, initContainerStatuses=[], message=null, nominatedNodeName=null, phase=Pending, podIP=null, podIPs=[], qosClass=Burstable, reason=null, startTime=null, additionalProperties={})
MODIFIED:PodStatus(conditions=[PodCondition(lastProbeTime=null, lastTransitionTime=2020-10-15T13:21:50Z, message=null, reason=null, status=True, type=Initialized, additionalProperties={}), PodCondition(lastProbeTime=null, lastTransitionTime=2020-10-15T13:21:50Z, message=containers with unready status: [db-container], reason=ContainersNotReady, status=False, type=Ready, additionalProperties={}), PodCondition(lastProbeTime=null, lastTransitionTime=null, message=containers with unready status: [db-container], reason=ContainersNotReady, status=False, type=ContainersReady, additionalProperties={}), PodCondition(lastProbeTime=null, lastTransitionTime=2020-10-15T13:21:50Z, message=null, reason=null, status=True, type=PodScheduled, additionalProperties={})], containerStatuses=[ContainerStatus(containerID=null, image=docker.io/entando/********ql-96-centos7:latest, imageID=, lastState=ContainerState(running=null, terminated=null, waiting=null, additionalProperties={}), name=db-container, ready=*****, restartCount=0, started=null, state=ContainerState(running=null, terminated=null, waiting=ContainerStateWaiting(message=null, reason=ContainerCreating, additionalProperties={}), additionalProperties={}), additionalProperties={})], ephemeralContainerStatuses=[], hostIP=54.36.53.206, initContainerStatuses=[], message=null, nominatedNodeName=null, phase=Pending, podIP=null, podIPs=[], qosClass=Burstable, reason=null, startTime=2020-10-15T13:21:50Z, additionalProperties={})
MODIFIED:PodStatus(conditions=[PodCondition(lastProbeTime=null, lastTransitionTime=2020-10-15T13:21:50Z, message=null, reason=null, status=True, type=Initialized, additionalProperties={}), PodCondition(lastProbeTime=null, lastTransitionTime=2020-10-15T13:21:50Z, message=containers with unready status: [db-container], reason=ContainersNotReady, status=False, type=Ready, additionalProperties={}), PodCondition(lastProbeTime=null, lastTransitionTime=null, message=containers with unready status: [db-container], reason=ContainersNotReady, status=False, type=ContainersReady, additionalProperties={}), PodCondition(lastProbeTime=null, lastTransitionTime=2020-10-15T13:21:50Z, message=null, reason=null, status=True, type=PodScheduled, additionalProperties={})], containerStatuses=[ContainerStatus(containerID=docker://730c978b970f834581bebfc75898cf317530b693c9832835967ac56658d4a52d, image=docker.io/entando/********ql-96-centos7:latest, imageID=docker-pullable://docker.io/centos/********ql-96-centos7@sha256:f574a3f9048a68c9e1e7277009bc1123f81bdbffd1e15f875d84bbb30ff7d62a, lastState=ContainerState(running=null, terminated=null, waiting=null, additionalProperties={}), name=db-container, ready=*****, restartCount=0, started=null, state=ContainerState(running=ContainerStateRunning(startedAt=2020-10-15T13:22:03Z, additionalProperties={}), terminated=null, waiting=null, additionalProperties={}), additionalProperties={})], ephemeralContainerStatuses=[], hostIP=54.36.53.206, initContainerStatuses=[], message=null, nominatedNodeName=null, phase=Running, podIP=10.128.0.103, podIPs=[], qosClass=Burstable, reason=null, startTime=2020-10-15T13:21:50Z, additionalProperties={})
MODIFIED:PodStatus(conditions=[PodCondition(lastProbeTime=null, lastTransitionTime=2020-10-15T13:21:50Z, message=null, reason=null, status=True, type=Initialized, additionalProperties={}), PodCondition(lastProbeTime=null, lastTransitionTime=2020-10-15T13:22:16Z, message=null, reason=null, status=True, type=Ready, additionalProperties={}), PodCondition(lastProbeTime=null, lastTransitionTime=null, message=null, reason=null, status=True, type=ContainersReady, additionalProperties={}), PodCondition(lastProbeTime=null, lastTransitionTime=2020-10-15T13:21:50Z, message=null, reason=null, status=True, type=PodScheduled, additionalProperties={})], containerStatuses=[ContainerStatus(containerID=docker://730c978b970f834581bebfc75898cf317530b693c9832835967ac56658d4a52d, image=docker.io/entando/********ql-96-centos7:latest, imageID=docker-pullable://docker.io/centos/********ql-96-centos7@sha256:f574a3f9048a68c9e1e7277009bc1123f81bdbffd1e15f875d84bbb30ff7d62a, lastState=ContainerState(running=null, terminated=null, waiting=null, additionalProperties={}), name=db-container, ready=true, restartCount=0, started=null, state=ContainerState(running=ContainerStateRunning(startedAt=2020-10-15T13:22:03Z, additionalProperties={}), terminated=null, waiting=null, additionalProperties={}), additionalProperties={})], ephemeralContainerStatuses=[], hostIP=54.36.53.206, initContainerStatuses=[], message=null, nominatedNodeName=null, phase=Running, podIP=10.128.0.103, podIPs=[], qosClass=Burstable, reason=null, startTime=2020-10-15T13:21:50Z, additionalProperties={})
Finished: test-keycloak-kcpr17-db-deployment-786bd967f6-n2dnp
ADDED:PodStatus(conditions=[PodCondition(lastProbeTime=null, lastTransitionTime=2020-10-15T13:22:17Z, message=null, reason=null, status=True, type=PodScheduled, additionalProperties={})], containerStatuses=[], ephemeralContainerStatuses=[], hostIP=null, initContainerStatuses=[], message=null, nominatedNodeName=null, phase=Pending, podIP=null, podIPs=[], qosClass=BestEffort, reason=null, startTime=null, additionalProperties={})
MODIFIED:PodStatus(conditions=[PodCondition(lastProbeTime=null, lastTransitionTime=2020-10-15T13:22:17Z, message=containers with incomplete status: [test-keycloak-kcpr17-db-schema-creation-job], reason=ContainersNotInitialized, status=False, type=Initialized, additionalProperties={}), PodCondition(lastProbeTime=null, lastTransitionTime=2020-10-15T13:22:17Z, message=containers with unready status: [dummy], reason=ContainersNotReady, status=False, type=Ready, additionalProperties={}), PodCondition(lastProbeTime=null, lastTransitionTime=null, message=containers with unready status: [dummy], reason=ContainersNotReady, status=False, type=ContainersReady, additionalProperties={}), PodCondition(lastProbeTime=null, lastTransitionTime=2020-10-15T13:22:17Z, message=null, reason=null, status=True, type=PodScheduled, additionalProperties={})], containerStatuses=[ContainerStatus(containerID=null, image=docker.io/entando/busybox:latest, imageID=, lastState=ContainerState(running=null, terminated=null, waiting=null, additionalProperties={}), name=dummy, ready=*****, restartCount=0, started=null, state=ContainerState(running=null, terminated=null, waiting=ContainerStateWaiting(message=null, reason=PodInitializing, additionalProperties={}), additionalProperties={}), additionalProperties={})], ephemeralContainerStatuses=[], hostIP=54.36.53.206, initContainerStatuses=[ContainerStatus(containerID=null, image=docker.io/entando/entando-k8s-dbjob:6.1.4, imageID=, lastState=ContainerState(running=null, terminated=null, waiting=null, additionalProperties={}), name=test-keycloak-kcpr17-db-schema-creation-job, ready=*****, restartCount=0, started=null, state=ContainerState(running=null, terminated=null, waiting=ContainerStateWaiting(message=null, reason=PodInitializing, additionalProperties={}), additionalProperties={}), additionalProperties={})], message=null, nominatedNodeName=null, phase=Pending, podIP=null, podIPs=[], qosClass=BestEffort, reason=null, startTime=2020-10-15T13:22:17Z, additionalProperties={})
MODIFIED:PodStatus(conditions=[PodCondition(lastProbeTime=null, lastTransitionTime=2020-10-15T13:22:17Z, message=containers with incomplete status: [test-keycloak-kcpr17-db-schema-creation-job], reason=ContainersNotInitialized, status=False, type=Initialized, additionalProperties={}), PodCondition(lastProbeTime=null, lastTransitionTime=2020-10-15T13:22:17Z, message=containers with unready status: [dummy], reason=ContainersNotReady, status=False, type=Ready, additionalProperties={}), PodCondition(lastProbeTime=null, lastTransitionTime=null, message=containers with unready status: [dummy], reason=ContainersNotReady, status=False, type=ContainersReady, additionalProperties={}), PodCondition(lastProbeTime=null, lastTransitionTime=2020-10-15T13:22:17Z, message=null, reason=null, status=True, type=PodScheduled, additionalProperties={})], containerStatuses=[ContainerStatus(containerID=null, image=docker.io/entando/busybox:latest, imageID=, lastState=ContainerState(running=null, terminated=null, waiting=null, additionalProperties={}), name=dummy, ready=*****, restartCount=0, started=null, state=ContainerState(running=null, terminated=null, waiting=ContainerStateWaiting(message=null, reason=PodInitializing, additionalProperties={}), additionalProperties={}), additionalProperties={})], ephemeralContainerStatuses=[], hostIP=54.36.53.206, initContainerStatuses=[ContainerStatus(containerID=docker://9563041074cb1f776cfb91ccad32d06eaa19f91d69322b13d9bf5ed34c1eab2a, image=docker.io/entando/entando-k8s-dbjob:6.1.4, imageID=docker-pullable://docker.io/entando/entando-k8s-dbjob@sha256:a571dc5f4f72668359ed7de82b06347ef103e91ac3fc9e381259fdfff417506a, lastState=ContainerState(running=null, terminated=null, waiting=null, additionalProperties={}), name=test-keycloak-kcpr17-db-schema-creation-job, ready=*****, restartCount=0, started=null, state=ContainerState(running=ContainerStateRunning(startedAt=2020-10-15T13:22:22Z, additionalProperties={}), terminated=null, waiting=null, additionalProperties={}), additionalProperties={})], message=null, nominatedNodeName=null, phase=Pending, podIP=10.128.0.104, podIPs=[], qosClass=BestEffort, reason=null, startTime=2020-10-15T13:22:17Z, additionalProperties={})
MODIFIED:PodStatus(conditions=[PodCondition(lastProbeTime=null, lastTransitionTime=2020-10-15T13:22:25Z, message=null, reason=null, status=True, type=Initialized, additionalProperties={}), PodCondition(lastProbeTime=null, lastTransitionTime=2020-10-15T13:22:17Z, message=containers with unready status: [dummy], reason=ContainersNotReady, status=False, type=Ready, additionalProperties={}), PodCondition(lastProbeTime=null, lastTransitionTime=null, message=containers with unready status: [dummy], reason=ContainersNotReady, status=False, type=ContainersReady, additionalProperties={}), PodCondition(lastProbeTime=null, lastTransitionTime=2020-10-15T13:22:17Z, message=null, reason=null, status=True, type=PodScheduled, additionalProperties={})], containerStatuses=[ContainerStatus(containerID=null, image=docker.io/entando/busybox:latest, imageID=, lastState=ContainerState(running=null, terminated=null, waiting=null, additionalProperties={}), name=dummy, ready=*****, restartCount=0, started=null, state=ContainerState(running=null, terminated=null, waiting=ContainerStateWaiting(message=null, reason=PodInitializing, additionalProperties={}), additionalProperties={}), additionalProperties={})], ephemeralContainerStatuses=[], hostIP=54.36.53.206, initContainerStatuses=[ContainerStatus(containerID=docker://9563041074cb1f776cfb91ccad32d06eaa19f91d69322b13d9bf5ed34c1eab2a, image=docker.io/entando/entando-k8s-dbjob:6.1.4, imageID=docker-pullable://docker.io/entando/entando-k8s-dbjob@sha256:a571dc5f4f72668359ed7de82b06347ef103e91ac3fc9e381259fdfff417506a, lastState=ContainerState(running=null, terminated=null, waiting=null, additionalProperties={}), name=test-keycloak-kcpr17-db-schema-creation-job, ready=true, restartCount=0, started=null, state=ContainerState(running=null, terminated=ContainerStateTerminated(containerID=docker://9563041074cb1f776cfb91ccad32d06eaa19f91d69322b13d9bf5ed34c1eab2a, exitCode=0, finishedAt=2020-10-15T13:22:24Z, message=null, reason=Completed, signal=null, startedAt=2020-10-15T13:22:22Z, additionalProperties={}), waiting=null, additionalProperties={}), additionalProperties={})], message=null, nominatedNodeName=null, phase=Pending, podIP=10.128.0.104, podIPs=[], qosClass=BestEffort, reason=null, startTime=2020-10-15T13:22:17Z, additionalProperties={})
MODIFIED:PodStatus(conditions=[PodCondition(lastProbeTime=null, lastTransitionTime=2020-10-15T13:22:25Z, message=null, reason=PodCompleted, status=True, type=Initialized, additionalProperties={}), PodCondition(lastProbeTime=null, lastTransitionTime=2020-10-15T13:22:17Z, message=null, reason=PodCompleted, status=False, type=Ready, additionalProperties={}), PodCondition(lastProbeTime=null, lastTransitionTime=null, message=null, reason=PodCompleted, status=False, type=ContainersReady, additionalProperties={}), PodCondition(lastProbeTime=null, lastTransitionTime=2020-10-15T13:22:17Z, message=null, reason=null, status=True, type=PodScheduled, additionalProperties={})], containerStatuses=[ContainerStatus(containerID=docker://01030ea5e96e9e5eabe3a6d3b6670f61151fe4491145332fff9cb9acfd73c513, image=docker.io/entando/busybox:latest, imageID=docker-pullable://docker.io/entando/busybox@sha256:400ee2ed939df769d4681023810d2e4fb9479b8401d97003c710d0e20f7c49c6, lastState=ContainerState(running=null, terminated=null, waiting=null, additionalProperties={}), name=dummy, ready=*****, restartCount=0, started=null, state=ContainerState(running=null, terminated=ContainerStateTerminated(containerID=docker://01030ea5e96e9e5eabe3a6d3b6670f61151fe4491145332fff9cb9acfd73c513, exitCode=0, finishedAt=2020-10-15T13:22:26Z, message=null, reason=Completed, signal=null, startedAt=2020-10-15T13:22:26Z, additionalProperties={}), waiting=null, additionalProperties={}), additionalProperties={})], ephemeralContainerStatuses=[], hostIP=54.36.53.206, initContainerStatuses=[ContainerStatus(containerID=docker://9563041074cb1f776cfb91ccad32d06eaa19f91d69322b13d9bf5ed34c1eab2a, image=docker.io/entando/entando-k8s-dbjob:6.1.4, imageID=docker-pullable://docker.io/entando/entando-k8s-dbjob@sha256:a571dc5f4f72668359ed7de82b06347ef103e91ac3fc9e381259fdfff417506a, lastState=ContainerState(running=null, terminated=null, waiting=null, additionalProperties={}), name=test-keycloak-kcpr17-db-schema-creation-job, ready=true, restartCount=0, started=null, state=ContainerState(running=null, terminated=ContainerStateTerminated(containerID=docker://9563041074cb1f776cfb91ccad32d06eaa19f91d69322b13d9bf5ed34c1eab2a, exitCode=0, finishedAt=2020-10-15T13:22:24Z, message=null, reason=Completed, signal=null, startedAt=2020-10-15T13:22:22Z, additionalProperties={}), waiting=null, additionalProperties={}), additionalProperties={})], message=null, nominatedNodeName=null, phase=Succeeded, podIP=10.128.0.104, podIPs=[], qosClass=BestEffort, reason=null, startTime=2020-10-15T13:22:17Z, additionalProperties={})
Finished: test-keycloak-kcpr17-db-preparation-job-4725565a-3
ADDED:PodStatus(conditions=[PodCondition(lastProbeTime=null, lastTransitionTime=2020-10-15T13:22:28Z, message=null, reason=null, status=True, type=PodScheduled, additionalProperties={})], containerStatuses=[], ephemeralContainerStatuses=[], hostIP=null, initContainerStatuses=[], message=null, nominatedNodeName=null, phase=Pending, podIP=null, podIPs=[], qosClass=Burstable, reason=null, startTime=null, additionalProperties={})
MODIFIED:PodStatus(conditions=[PodCondition(lastProbeTime=null, lastTransitionTime=2020-10-15T13:22:28Z, message=null, reason=null, status=True, type=Initialized, additionalProperties={}), PodCondition(lastProbeTime=null, lastTransitionTime=2020-10-15T13:22:28Z, message=containers with unready status: [server-container], reason=ContainersNotReady, status=False, type=Ready, additionalProperties={}), PodCondition(lastProbeTime=null, lastTransitionTime=null, message=containers with unready status: [server-container], reason=ContainersNotReady, status=False, type=ContainersReady, additionalProperties={}), PodCondition(lastProbeTime=null, lastTransitionTime=2020-10-15T13:22:28Z, message=null, reason=null, status=True, type=PodScheduled, additionalProperties={})], containerStatuses=[ContainerStatus(containerID=null, image=docker.io/entando/entando-keycloak:6.1.2, imageID=, lastState=ContainerState(running=null, terminated=null, waiting=null, additionalProperties={}), name=server-container, ready=*****, restartCount=0, started=null, state=ContainerState(running=null, terminated=null, waiting=ContainerStateWaiting(message=null, reason=ContainerCreating, additionalProperties={}), additionalProperties={}), additionalProperties={})], ephemeralContainerStatuses=[], hostIP=54.36.53.206, initContainerStatuses=[], message=null, nominatedNodeName=null, phase=Pending, podIP=null, podIPs=[], qosClass=Burstable, reason=null, startTime=2020-10-15T13:22:28Z, additionalProperties={})
MODIFIED:PodStatus(conditions=[PodCondition(lastProbeTime=null, lastTransitionTime=2020-10-15T13:22:28Z, message=null, reason=null, status=True, type=Initialized, additionalProperties={}), PodCondition(lastProbeTime=null, lastTransitionTime=2020-10-15T13:22:28Z, message=containers with unready status: [server-container], reason=ContainersNotReady, status=False, type=Ready, additionalProperties={}), PodCondition(lastProbeTime=null, lastTransitionTime=null, message=containers with unready status: [server-container], reason=ContainersNotReady, status=False, type=ContainersReady, additionalProperties={}), PodCondition(lastProbeTime=null, lastTransitionTime=2020-10-15T13:22:28Z, message=null, reason=null, status=True, type=PodScheduled, additionalProperties={})], containerStatuses=[ContainerStatus(containerID=docker://b5d48ee83b62004d835d6635847a5b75aa7691f7d1b310619d9431d54ea4fc6d, image=docker.io/entando/entando-keycloak:6.1.2, imageID=docker-pullable://docker.io/entando/entando-keycloak@sha256:a21877431e78b5e0eae9b174d41b29c144e3e9151ee7efb357e032b36782b561, lastState=ContainerState(running=null, terminated=null, waiting=null, additionalProperties={}), name=server-container, ready=*****, restartCount=0, started=null, state=ContainerState(running=ContainerStateRunning(startedAt=2020-10-15T13:22:32Z, additionalProperties={}), terminated=null, waiting=null, additionalProperties={}), additionalProperties={})], ephemeralContainerStatuses=[], hostIP=54.36.53.206, initContainerStatuses=[], message=null, nominatedNodeName=null, phase=Running, podIP=************, podIPs=[], qosClass=Burstable, reason=null, startTime=2020-10-15T13:22:28Z, additionalProperties={})
MODIFIED:PodStatus(conditions=[PodCondition(lastProbeTime=null, lastTransitionTime=2020-10-15T13:22:28Z, message=null, reason=null, status=True, type=Initialized, additionalProperties={}), PodCondition(lastProbeTime=null, lastTransitionTime=2020-10-15T13:24:41Z, message=null, reason=null, status=True, type=Ready, additionalProperties={}), PodCondition(lastProbeTime=null, lastTransitionTime=null, message=null, reason=null, status=True, type=ContainersReady, additionalProperties={}), PodCondition(lastProbeTime=null, lastTransitionTime=2020-10-15T13:22:28Z, message=null, reason=null, status=True, type=PodScheduled, additionalProperties={})], containerStatuses=[ContainerStatus(containerID=docker://b5d48ee83b62004d835d6635847a5b75aa7691f7d1b310619d9431d54ea4fc6d, image=docker.io/entando/entando-keycloak:6.1.2, imageID=docker-pullable://docker.io/entando/entando-keycloak@sha256:a21877431e78b5e0eae9b174d41b29c144e3e9151ee7efb357e032b36782b561, lastState=ContainerState(running=null, terminated=null, waiting=null, additionalProperties={}), name=server-container, ready=true, restartCount=0, started=null, state=ContainerState(running=ContainerStateRunning(startedAt=2020-10-15T13:22:32Z, additionalProperties={}), terminated=null, waiting=null, additionalProperties={}), additionalProperties={})], ephemeralContainerStatuses=[], hostIP=54.36.53.206, initContainerStatuses=[], message=null, nominatedNodeName=null, phase=Running, podIP=************, podIPs=[], qosClass=Burstable, reason=null, startTime=2020-10-15T13:22:28Z, additionalProperties={})
Finished: test-keycloak-kcpr17-server-deployment-84b7c9496c-2xdqr
[ERROR] Tests run: 1, Failures: 0, Errors: 1, Skipped: 0, Time elapsed: 317.965 s <<< FAILURE! - in org.entando.kubernetes.controller.keycloakserver.interprocesstests.AddEntandoKeycloakServerWithContainerizedDatabaseIT
[ERROR] org.entando.kubernetes.controller.keycloakserver.interprocesstests.AddEntandoKeycloakServerWithContainerizedDatabaseIT.create  Time elapsed: 315.786 s  <<< ERROR!
org.awaitility.core.ConditionTimeoutException: Condition with lambda expression in org.entando.kubernetes.controller.integrationtest.support.KeycloakIntegrationTestHelper was not fulfilled within 1 minutes 30 seconds.
	at org.entando.kubernetes.controller.keycloakserver.interprocesstests.AddEntandoKeycloakServerWithContainerizedDatabaseIT.create(AddEntandoKeycloakServerWithContainerizedDatabaseIT.java:51)

[INFO] Running org.entando.kubernetes.controller.keycloakserver.interprocesstests.AddEntandoKeycloakServerWithExternalPostgresqlDatabaseIT
Oct 15, 2020 1:26:12 PM org.entando.kubernetes.controller.integrationtest.support.DeletionWaiter lambda$deleteSingleItem$2
WARNING: Deleting deployments  entando-k8s-keycloak-controller-kcpr17/test-keycloak-kcpr17-db-deployment to zero
Oct 15, 2020 1:26:13 PM org.entando.kubernetes.controller.integrationtest.support.DeletionWaiter lambda$deleteSingleItem$2
WARNING: Deleting deployments  entando-k8s-keycloak-controller-kcpr17/test-keycloak-kcpr17-db-deployment
Oct 15, 2020 1:26:13 PM org.entando.kubernetes.controller.integrationtest.support.DeletionWaiter lambda$deleteSingleItem$2
WARNING: Deleting deployments  entando-k8s-keycloak-controller-kcpr17/test-keycloak-kcpr17-server-deployment to zero
Oct 15, 2020 1:26:13 PM org.entando.kubernetes.controller.integrationtest.support.DeletionWaiter lambda$deleteSingleItem$2
WARNING: Deleting deployments  entando-k8s-keycloak-controller-kcpr17/test-keycloak-kcpr17-server-deployment
Oct 15, 2020 1:26:13 PM org.entando.kubernetes.controller.integrationtest.support.DeletionWaiter lambda$deleteSingleItem$2
WARNING: Deleting pods  entando-k8s-keycloak-controller-kcpr17/test-keycloak-kcpr17-db-deployment-786bd967f6-n2dnp
Oct 15, 2020 1:26:14 PM org.entando.kubernetes.controller.integrationtest.support.DeletionWaiter lambda$deleteSingleItem$2
WARNING: Deleting pods  entando-k8s-keycloak-controller-kcpr17/test-keycloak-kcpr17-db-preparation-job-4725565a-3
Oct 15, 2020 1:26:14 PM org.entando.kubernetes.controller.integrationtest.support.DeletionWaiter lambda$deleteSingleItem$2
WARNING: Deleting pods  entando-k8s-keycloak-controller-kcpr17/test-keycloak-kcpr17-deployer-vwyvjqy200
Oct 15, 2020 1:26:14 PM org.entando.kubernetes.controller.integrationtest.support.DeletionWaiter lambda$deleteSingleItem$2
WARNING: Deleting pods  entando-k8s-keycloak-controller-kcpr17/test-keycloak-kcpr17-server-deployment-84b7c9496c-2xdqr
Oct 15, 2020 1:26:14 PM org.entando.kubernetes.controller.integrationtest.support.DeletionWaiter lambda$deleteSingleItem$2
WARNING: Deleting persistentvolumeclaims  entando-k8s-keycloak-controller-kcpr17/test-keycloak-kcpr17-db-pvc
Oct 15, 2020 1:26:14 PM org.entando.kubernetes.controller.integrationtest.support.DeletionWaiter lambda$deleteSingleItem$2
WARNING: Deleting persistentvolumeclaims  entando-k8s-keycloak-controller-kcpr17/test-keycloak-kcpr17-db-pvc
Oct 15, 2020 1:26:14 PM org.entando.kubernetes.controller.integrationtest.support.DeletionWaiter lambda$deleteSingleItem$2
WARNING: Deleting persistentvolumeclaims  entando-k8s-keycloak-controller-kcpr17/test-keycloak-kcpr17-server-pvc
Oct 15, 2020 1:26:15 PM org.entando.kubernetes.controller.integrationtest.support.DeletionWaiter lambda$deleteSingleItem$2
WARNING: Deleting persistentvolumeclaims  entando-k8s-keycloak-controller-kcpr17/test-keycloak-kcpr17-server-pvc
Oct 15, 2020 1:26:26 PM org.entando.kubernetes.controller.integrationtest.support.DeletionWaiter lambda$deleteSingleItem$2
WARNING: Deleting pods  entando-k8s-keycloak-controller-kcpr17/pg-test
Oct 15, 2020 1:26:26 PM org.entando.kubernetes.controller.integrationtest.support.DeletionWaiter lambda$deleteSingleItem$2
WARNING: Deleting entandodatabaseservices  entando-k8s-keycloak-controller-kcpr17/my-external-db-kcpr17
Oct 15, 2020 1:26:26 PM org.entando.kubernetes.controller.integrationtest.support.DeletionWaiter lambda$deleteSingleItem$2
WARNING: Deleting secrets  entando-k8s-keycloak-controller-kcpr17/test-secret
ADDED:PodStatus(conditions=[PodCondition(lastProbeTime=null, lastTransitionTime=2020-10-15T13:26:27Z, message=null, reason=null, status=True, type=PodScheduled, additionalProperties={})], containerStatuses=[], ephemeralContainerStatuses=[], hostIP=null, initContainerStatuses=[], message=null, nominatedNodeName=null, phase=Pending, podIP=null, podIPs=[], qosClass=BestEffort, reason=null, startTime=null, additionalProperties={})
MODIFIED:PodStatus(conditions=[PodCondition(lastProbeTime=null, lastTransitionTime=2020-10-15T13:26:27Z, message=null, reason=null, status=True, type=Initialized, additionalProperties={}), PodCondition(lastProbeTime=null, lastTransitionTime=2020-10-15T13:26:27Z, message=containers with unready status: [pg-container], reason=ContainersNotReady, status=False, type=Ready, additionalProperties={}), PodCondition(lastProbeTime=null, lastTransitionTime=null, message=containers with unready status: [pg-container], reason=ContainersNotReady, status=False, type=ContainersReady, additionalProperties={}), PodCondition(lastProbeTime=null, lastTransitionTime=2020-10-15T13:26:27Z, message=null, reason=null, status=True, type=PodScheduled, additionalProperties={})], containerStatuses=[ContainerStatus(containerID=null, image=centos/********ql-96-centos7:latest, imageID=, lastState=ContainerState(running=null, terminated=null, waiting=null, additionalProperties={}), name=pg-container, ready=*****, restartCount=0, started=null, state=ContainerState(running=null, terminated=null, waiting=ContainerStateWaiting(message=null, reason=ContainerCreating, additionalProperties={}), additionalProperties={}), additionalProperties={})], ephemeralContainerStatuses=[], hostIP=54.36.53.206, initContainerStatuses=[], message=null, nominatedNodeName=null, phase=Pending, podIP=null, podIPs=[], qosClass=BestEffort, reason=null, startTime=2020-10-15T13:26:27Z, additionalProperties={})
MODIFIED:PodStatus(conditions=[PodCondition(lastProbeTime=null, lastTransitionTime=2020-10-15T13:26:27Z, message=null, reason=null, status=True, type=Initialized, additionalProperties={}), PodCondition(lastProbeTime=null, lastTransitionTime=2020-10-15T13:26:27Z, message=containers with unready status: [pg-container], reason=ContainersNotReady, status=False, type=Ready, additionalProperties={}), PodCondition(lastProbeTime=null, lastTransitionTime=null, message=containers with unready status: [pg-container], reason=ContainersNotReady, status=False, type=ContainersReady, additionalProperties={}), PodCondition(lastProbeTime=null, lastTransitionTime=2020-10-15T13:26:27Z, message=null, reason=null, status=True, type=PodScheduled, additionalProperties={})], containerStatuses=[ContainerStatus(containerID=docker://683f76cfc436204ccc6a607d3bf50272d2847127b52f7f4cd3c806f21ac45241, image=docker.io/centos/********ql-96-centos7:latest, imageID=docker-pullable://docker.io/centos/********ql-96-centos7@sha256:b681d78125361519180a6ac05242c296f8906c11eab7e207b5ca9a89b6344392, lastState=ContainerState(running=null, terminated=null, waiting=null, additionalProperties={}), name=pg-container, ready=*****, restartCount=0, started=null, state=ContainerState(running=ContainerStateRunning(startedAt=2020-10-15T13:26:32Z, additionalProperties={}), terminated=null, waiting=null, additionalProperties={}), additionalProperties={})], ephemeralContainerStatuses=[], hostIP=54.36.53.206, initContainerStatuses=[], message=null, nominatedNodeName=null, phase=Running, podIP=10.128.0.107, podIPs=[], qosClass=BestEffort, reason=null, startTime=2020-10-15T13:26:27Z, additionalProperties={})
MODIFIED:PodStatus(conditions=[PodCondition(lastProbeTime=null, lastTransitionTime=2020-10-15T13:26:27Z, message=null, reason=null, status=True, type=Initialized, additionalProperties={}), PodCondition(lastProbeTime=null, lastTransitionTime=2020-10-15T13:26:45Z, message=null, reason=null, status=True, type=Ready, additionalProperties={}), PodCondition(lastProbeTime=null, lastTransitionTime=null, message=null, reason=null, status=True, type=ContainersReady, additionalProperties={}), PodCondition(lastProbeTime=null, lastTransitionTime=2020-10-15T13:26:27Z, message=null, reason=null, status=True, type=PodScheduled, additionalProperties={})], containerStatuses=[ContainerStatus(containerID=docker://683f76cfc436204ccc6a607d3bf50272d2847127b52f7f4cd3c806f21ac45241, image=docker.io/centos/********ql-96-centos7:latest, imageID=docker-pullable://docker.io/centos/********ql-96-centos7@sha256:b681d78125361519180a6ac05242c296f8906c11eab7e207b5ca9a89b6344392, lastState=ContainerState(running=null, terminated=null, waiting=null, additionalProperties={}), name=pg-container, ready=true, restartCount=0, started=null, state=ContainerState(running=ContainerStateRunning(startedAt=2020-10-15T13:26:32Z, additionalProperties={}), terminated=null, waiting=null, additionalProperties={}), additionalProperties={})], ephemeralContainerStatuses=[], hostIP=54.36.53.206, initContainerStatuses=[], message=null, nominatedNodeName=null, phase=Running, podIP=10.128.0.107, podIPs=[], qosClass=BestEffort, reason=null, startTime=2020-10-15T13:26:27Z, additionalProperties={})
Finished: pg-test
!!!!!!!On EntandoKeycloakServer add!!!!!!!!!
ADDED:PodStatus(conditions=[PodCondition(lastProbeTime=null, lastTransitionTime=2020-10-15T13:27:01Z, message=null, reason=null, status=True, type=PodScheduled, additionalProperties={})], containerStatuses=[], ephemeralContainerStatuses=[], hostIP=null, initContainerStatuses=[], message=null, nominatedNodeName=null, phase=Pending, podIP=null, podIPs=[], qosClass=BestEffort, reason=null, startTime=null, additionalProperties={})
MODIFIED:PodStatus(conditions=[PodCondition(lastProbeTime=null, lastTransitionTime=2020-10-15T13:27:01Z, message=containers with incomplete status: [test-keycloak-kcpr17-db-schema-creation-job], reason=ContainersNotInitialized, status=False, type=Initialized, additionalProperties={}), PodCondition(lastProbeTime=null, lastTransitionTime=2020-10-15T13:27:01Z, message=containers with unready status: [dummy], reason=ContainersNotReady, status=False, type=Ready, additionalProperties={}), PodCondition(lastProbeTime=null, lastTransitionTime=null, message=containers with unready status: [dummy], reason=ContainersNotReady, status=False, type=ContainersReady, additionalProperties={}), PodCondition(lastProbeTime=null, lastTransitionTime=2020-10-15T13:27:01Z, message=null, reason=null, status=True, type=PodScheduled, additionalProperties={})], containerStatuses=[ContainerStatus(containerID=null, image=docker.io/entando/busybox:latest, imageID=, lastState=ContainerState(running=null, terminated=null, waiting=null, additionalProperties={}), name=dummy, ready=*****, restartCount=0, started=null, state=ContainerState(running=null, terminated=null, waiting=ContainerStateWaiting(message=null, reason=PodInitializing, additionalProperties={}), additionalProperties={}), additionalProperties={})], ephemeralContainerStatuses=[], hostIP=54.36.53.206, initContainerStatuses=[ContainerStatus(containerID=null, image=docker.io/entando/entando-k8s-dbjob:6.1.4, imageID=, lastState=ContainerState(running=null, terminated=null, waiting=null, additionalProperties={}), name=test-keycloak-kcpr17-db-schema-creation-job, ready=*****, restartCount=0, started=null, state=ContainerState(running=null, terminated=null, waiting=ContainerStateWaiting(message=null, reason=PodInitializing, additionalProperties={}), additionalProperties={}), additionalProperties={})], message=null, nominatedNodeName=null, phase=Pending, podIP=null, podIPs=[], qosClass=BestEffort, reason=null, startTime=2020-10-15T13:27:01Z, additionalProperties={})
MODIFIED:PodStatus(conditions=[PodCondition(lastProbeTime=null, lastTransitionTime=2020-10-15T13:27:01Z, message=containers with incomplete status: [test-keycloak-kcpr17-db-schema-creation-job], reason=ContainersNotInitialized, status=False, type=Initialized, additionalProperties={}), PodCondition(lastProbeTime=null, lastTransitionTime=2020-10-15T13:27:01Z, message=containers with unready status: [dummy], reason=ContainersNotReady, status=False, type=Ready, additionalProperties={}), PodCondition(lastProbeTime=null, lastTransitionTime=null, message=containers with unready status: [dummy], reason=ContainersNotReady, status=False, type=ContainersReady, additionalProperties={}), PodCondition(lastProbeTime=null, lastTransitionTime=2020-10-15T13:27:01Z, message=null, reason=null, status=True, type=PodScheduled, additionalProperties={})], containerStatuses=[ContainerStatus(containerID=null, image=docker.io/entando/busybox:latest, imageID=, lastState=ContainerState(running=null, terminated=null, waiting=null, additionalProperties={}), name=dummy, ready=*****, restartCount=0, started=null, state=ContainerState(running=null, terminated=null, waiting=ContainerStateWaiting(message=null, reason=PodInitializing, additionalProperties={}), additionalProperties={}), additionalProperties={})], ephemeralContainerStatuses=[], hostIP=54.36.53.206, initContainerStatuses=[ContainerStatus(containerID=docker://0a79e4d2faf2fd701f3b5665c793af36d4e0463993c9fa7557a2377d4cc73250, image=docker.io/entando/entando-k8s-dbjob:6.1.4, imageID=docker-pullable://docker.io/entando/entando-k8s-dbjob@sha256:a571dc5f4f72668359ed7de82b06347ef103e91ac3fc9e381259fdfff417506a, lastState=ContainerState(running=null, terminated=null, waiting=null, additionalProperties={}), name=test-keycloak-kcpr17-db-schema-creation-job, ready=*****, restartCount=0, started=null, state=ContainerState(running=ContainerStateRunning(startedAt=2020-10-15T13:27:15Z, additionalProperties={}), terminated=null, waiting=null, additionalProperties={}), additionalProperties={})], message=null, nominatedNodeName=null, phase=Pending, podIP=************, podIPs=[], qosClass=BestEffort, reason=null, startTime=2020-10-15T13:27:01Z, additionalProperties={})
MODIFIED:PodStatus(conditions=[PodCondition(lastProbeTime=null, lastTransitionTime=2020-10-15T13:27:18Z, message=null, reason=null, status=True, type=Initialized, additionalProperties={}), PodCondition(lastProbeTime=null, lastTransitionTime=2020-10-15T13:27:01Z, message=containers with unready status: [dummy], reason=ContainersNotReady, status=False, type=Ready, additionalProperties={}), PodCondition(lastProbeTime=null, lastTransitionTime=null, message=containers with unready status: [dummy], reason=ContainersNotReady, status=False, type=ContainersReady, additionalProperties={}), PodCondition(lastProbeTime=null, lastTransitionTime=2020-10-15T13:27:01Z, message=null, reason=null, status=True, type=PodScheduled, additionalProperties={})], containerStatuses=[ContainerStatus(containerID=null, image=docker.io/entando/busybox:latest, imageID=, lastState=ContainerState(running=null, terminated=null, waiting=null, additionalProperties={}), name=dummy, ready=*****, restartCount=0, started=null, state=ContainerState(running=null, terminated=null, waiting=ContainerStateWaiting(message=null, reason=PodInitializing, additionalProperties={}), additionalProperties={}), additionalProperties={})], ephemeralContainerStatuses=[], hostIP=54.36.53.206, initContainerStatuses=[ContainerStatus(containerID=docker://0a79e4d2faf2fd701f3b5665c793af36d4e0463993c9fa7557a2377d4cc73250, image=docker.io/entando/entando-k8s-dbjob:6.1.4, imageID=docker-pullable://docker.io/entando/entando-k8s-dbjob@sha256:a571dc5f4f72668359ed7de82b06347ef103e91ac3fc9e381259fdfff417506a, lastState=ContainerState(running=null, terminated=null, waiting=null, additionalProperties={}), name=test-keycloak-kcpr17-db-schema-creation-job, ready=true, restartCount=0, started=null, state=ContainerState(running=null, terminated=ContainerStateTerminated(containerID=docker://0a79e4d2faf2fd701f3b5665c793af36d4e0463993c9fa7557a2377d4cc73250, exitCode=0, finishedAt=2020-10-15T13:27:17Z, message=null, reason=Completed, signal=null, startedAt=2020-10-15T13:27:15Z, additionalProperties={}), waiting=null, additionalProperties={}), additionalProperties={})], message=null, nominatedNodeName=null, phase=Pending, podIP=************, podIPs=[], qosClass=BestEffort, reason=null, startTime=2020-10-15T13:27:01Z, additionalProperties={})
MODIFIED:PodStatus(conditions=[PodCondition(lastProbeTime=null, lastTransitionTime=2020-10-15T13:27:18Z, message=null, reason=null, status=True, type=Initialized, additionalProperties={}), PodCondition(lastProbeTime=null, lastTransitionTime=2020-10-15T13:27:21Z, message=null, reason=null, status=True, type=Ready, additionalProperties={}), PodCondition(lastProbeTime=null, lastTransitionTime=null, message=null, reason=null, status=True, type=ContainersReady, additionalProperties={}), PodCondition(lastProbeTime=null, lastTransitionTime=2020-10-15T13:27:01Z, message=null, reason=null, status=True, type=PodScheduled, additionalProperties={})], containerStatuses=[ContainerStatus(containerID=docker://65f18b7039def931cd1d32ab9bad215f8870edae53702801cf3c6ff3e8424f65, image=docker.io/entando/busybox:latest, imageID=docker-pullable://docker.io/entando/busybox@sha256:400ee2ed939df769d4681023810d2e4fb9479b8401d97003c710d0e20f7c49c6, lastState=ContainerState(running=null, terminated=null, waiting=null, additionalProperties={}), name=dummy, ready=true, restartCount=0, started=null, state=ContainerState(running=ContainerStateRunning(startedAt=2020-10-15T13:27:21Z, additionalProperties={}), terminated=null, waiting=null, additionalProperties={}), additionalProperties={})], ephemeralContainerStatuses=[], hostIP=54.36.53.206, initContainerStatuses=[ContainerStatus(containerID=docker://0a79e4d2faf2fd701f3b5665c793af36d4e0463993c9fa7557a2377d4cc73250, image=docker.io/entando/entando-k8s-dbjob:6.1.4, imageID=docker-pullable://docker.io/entando/entando-k8s-dbjob@sha256:a571dc5f4f72668359ed7de82b06347ef103e91ac3fc9e381259fdfff417506a, lastState=ContainerState(running=null, terminated=null, waiting=null, additionalProperties={}), name=test-keycloak-kcpr17-db-schema-creation-job, ready=true, restartCount=0, started=null, state=ContainerState(running=null, terminated=ContainerStateTerminated(containerID=docker://0a79e4d2faf2fd701f3b5665c793af36d4e0463993c9fa7557a2377d4cc73250, exitCode=0, finishedAt=2020-10-15T13:27:17Z, message=null, reason=Completed, signal=null, startedAt=2020-10-15T13:27:15Z, additionalProperties={}), waiting=null, additionalProperties={}), additionalProperties={})], message=null, nominatedNodeName=null, phase=Running, podIP=************, podIPs=[], qosClass=BestEffort, reason=null, startTime=2020-10-15T13:27:01Z, additionalProperties={})
MODIFIED:PodStatus(conditions=[PodCondition(lastProbeTime=null, lastTransitionTime=2020-10-15T13:27:18Z, message=null, reason=PodCompleted, status=True, type=Initialized, additionalProperties={}), PodCondition(lastProbeTime=null, lastTransitionTime=2020-10-15T13:27:22Z, message=null, reason=PodCompleted, status=False, type=Ready, additionalProperties={}), PodCondition(lastProbeTime=null, lastTransitionTime=null, message=null, reason=PodCompleted, status=False, type=ContainersReady, additionalProperties={}), PodCondition(lastProbeTime=null, lastTransitionTime=2020-10-15T13:27:01Z, message=null, reason=null, status=True, type=PodScheduled, additionalProperties={})], containerStatuses=[ContainerStatus(containerID=docker://65f18b7039def931cd1d32ab9bad215f8870edae53702801cf3c6ff3e8424f65, image=docker.io/entando/busybox:latest, imageID=docker-pullable://docker.io/entando/busybox@sha256:400ee2ed939df769d4681023810d2e4fb9479b8401d97003c710d0e20f7c49c6, lastState=ContainerState(running=null, terminated=null, waiting=null, additionalProperties={}), name=dummy, ready=*****, restartCount=0, started=null, state=ContainerState(running=null, terminated=ContainerStateTerminated(containerID=docker://65f18b7039def931cd1d32ab9bad215f8870edae53702801cf3c6ff3e8424f65, exitCode=0, finishedAt=2020-10-15T13:27:21Z, message=null, reason=Completed, signal=null, startedAt=2020-10-15T13:27:21Z, additionalProperties={}), waiting=null, additionalProperties={}), additionalProperties={})], ephemeralContainerStatuses=[], hostIP=54.36.53.206, initContainerStatuses=[ContainerStatus(containerID=docker://0a79e4d2faf2fd701f3b5665c793af36d4e0463993c9fa7557a2377d4cc73250, image=docker.io/entando/entando-k8s-dbjob:6.1.4, imageID=docker-pullable://docker.io/entando/entando-k8s-dbjob@sha256:a571dc5f4f72668359ed7de82b06347ef103e91ac3fc9e381259fdfff417506a, lastState=ContainerState(running=null, terminated=null, waiting=null, additionalProperties={}), name=test-keycloak-kcpr17-db-schema-creation-job, ready=true, restartCount=0, started=null, state=ContainerState(running=null, terminated=ContainerStateTerminated(containerID=docker://0a79e4d2faf2fd701f3b5665c793af36d4e0463993c9fa7557a2377d4cc73250, exitCode=0, finishedAt=2020-10-15T13:27:17Z, message=null, reason=Completed, signal=null, startedAt=2020-10-15T13:27:15Z, additionalProperties={}), waiting=null, additionalProperties={}), additionalProperties={})], message=null, nominatedNodeName=null, phase=Succeeded, podIP=************, podIPs=[], qosClass=BestEffort, reason=null, startTime=2020-10-15T13:27:01Z, additionalProperties={})
Finished: test-keycloak-kcpr17-db-preparation-job-25d9dcf2-9
ADDED:PodStatus(conditions=[PodCondition(lastProbeTime=null, lastTransitionTime=2020-10-15T13:27:23Z, message=null, reason=null, status=True, type=PodScheduled, additionalProperties={})], containerStatuses=[], ephemeralContainerStatuses=[], hostIP=null, initContainerStatuses=[], message=null, nominatedNodeName=null, phase=Pending, podIP=null, podIPs=[], qosClass=Burstable, reason=null, startTime=null, additionalProperties={})
MODIFIED:PodStatus(conditions=[PodCondition(lastProbeTime=null, lastTransitionTime=2020-10-15T13:27:23Z, message=null, reason=null, status=True, type=Initialized, additionalProperties={}), PodCondition(lastProbeTime=null, lastTransitionTime=2020-10-15T13:27:23Z, message=containers with unready status: [server-container], reason=ContainersNotReady, status=False, type=Ready, additionalProperties={}), PodCondition(lastProbeTime=null, lastTransitionTime=null, message=containers with unready status: [server-container], reason=ContainersNotReady, status=False, type=ContainersReady, additionalProperties={}), PodCondition(lastProbeTime=null, lastTransitionTime=2020-10-15T13:27:23Z, message=null, reason=null, status=True, type=PodScheduled, additionalProperties={})], containerStatuses=[ContainerStatus(containerID=null, image=docker.io/entando/entando-keycloak:6.1.2, imageID=, lastState=ContainerState(running=null, terminated=null, waiting=null, additionalProperties={}), name=server-container, ready=*****, restartCount=0, started=null, state=ContainerState(running=null, terminated=null, waiting=ContainerStateWaiting(message=null, reason=ContainerCreating, additionalProperties={}), additionalProperties={}), additionalProperties={})], ephemeralContainerStatuses=[], hostIP=54.36.53.206, initContainerStatuses=[], message=null, nominatedNodeName=null, phase=Pending, podIP=null, podIPs=[], qosClass=Burstable, reason=null, startTime=2020-10-15T13:27:23Z, additionalProperties={})
MODIFIED:PodStatus(conditions=[PodCondition(lastProbeTime=null, lastTransitionTime=2020-10-15T13:27:23Z, message=null, reason=null, status=True, type=Initialized, additionalProperties={}), PodCondition(lastProbeTime=null, lastTransitionTime=2020-10-15T13:27:23Z, message=containers with unready status: [server-container], reason=ContainersNotReady, status=False, type=Ready, additionalProperties={}), PodCondition(lastProbeTime=null, lastTransitionTime=null, message=containers with unready status: [server-container], reason=ContainersNotReady, status=False, type=ContainersReady, additionalProperties={}), PodCondition(lastProbeTime=null, lastTransitionTime=2020-10-15T13:27:23Z, message=null, reason=null, status=True, type=PodScheduled, additionalProperties={})], containerStatuses=[ContainerStatus(containerID=docker://05fc0b5ea7ee0253a0649d45ce47e254e845c5714660f56f408b9474fcbcae73, image=docker.io/entando/entando-keycloak:6.1.2, imageID=docker-pullable://docker.io/entando/entando-keycloak@sha256:a21877431e78b5e0eae9b174d41b29c144e3e9151ee7efb357e032b36782b561, lastState=ContainerState(running=null, terminated=null, waiting=null, additionalProperties={}), name=server-container, ready=*****, restartCount=0, started=null, state=ContainerState(running=ContainerStateRunning(startedAt=2020-10-15T13:27:32Z, additionalProperties={}), terminated=null, waiting=null, additionalProperties={}), additionalProperties={})], ephemeralContainerStatuses=[], hostIP=54.36.53.206, initContainerStatuses=[], message=null, nominatedNodeName=null, phase=Running, podIP=10.128.0.111, podIPs=[], qosClass=Burstable, reason=null, startTime=2020-10-15T13:27:23Z, additionalProperties={})
MODIFIED:PodStatus(conditions=[PodCondition(lastProbeTime=null, lastTransitionTime=2020-10-15T13:27:23Z, message=null, reason=null, status=True, type=Initialized, additionalProperties={}), PodCondition(lastProbeTime=null, lastTransitionTime=2020-10-15T13:29:46Z, message=null, reason=null, status=True, type=Ready, additionalProperties={}), PodCondition(lastProbeTime=null, lastTransitionTime=null, message=null, reason=null, status=True, type=ContainersReady, additionalProperties={}), PodCondition(lastProbeTime=null, lastTransitionTime=2020-10-15T13:27:23Z, message=null, reason=null, status=True, type=PodScheduled, additionalProperties={})], containerStatuses=[ContainerStatus(containerID=docker://05fc0b5ea7ee0253a0649d45ce47e254e845c5714660f56f408b9474fcbcae73, image=docker.io/entando/entando-keycloak:6.1.2, imageID=docker-pullable://docker.io/entando/entando-keycloak@sha256:a21877431e78b5e0eae9b174d41b29c144e3e9151ee7efb357e032b36782b561, lastState=ContainerState(running=null, terminated=null, waiting=null, additionalProperties={}), name=server-container, ready=true, restartCount=0, started=null, state=ContainerState(running=ContainerStateRunning(startedAt=2020-10-15T13:27:32Z, additionalProperties={}), terminated=null, waiting=null, additionalProperties={}), additionalProperties={})], ephemeralContainerStatuses=[], hostIP=54.36.53.206, initContainerStatuses=[], message=null, nominatedNodeName=null, phase=Running, podIP=10.128.0.111, podIPs=[], qosClass=Burstable, reason=null, startTime=2020-10-15T13:27:23Z, additionalProperties={})
Finished: test-keycloak-kcpr17-server-deployment-c495cd577-7gk5h
[ERROR] Tests run: 1, Failures: 0, Errors: 1, Skipped: 0, Time elapsed: 304.884 s <<< FAILURE! - in org.entando.kubernetes.controller.keycloakserver.interprocesstests.AddEntandoKeycloakServerWithExternalPostgresqlDatabaseIT
[ERROR] org.entando.kubernetes.controller.keycloakserver.interprocesstests.AddEntandoKeycloakServerWithExternalPostgresqlDatabaseIT.create  Time elapsed: 303.896 s  <<< ERROR!
org.awaitility.core.ConditionTimeoutException: Condition with lambda expression in org.entando.kubernetes.controller.integrationtest.support.KeycloakIntegrationTestHelper was not fulfilled within 1 minutes 30 seconds.
	at org.entando.kubernetes.controller.keycloakserver.interprocesstests.AddEntandoKeycloakServerWithExternalPostgresqlDatabaseIT.create(AddEntandoKeycloakServerWithExternalPostgresqlDatabaseIT.java:52)

[INFO] 
[INFO] Results:
[INFO] 
[ERROR] Errors: 
[ERROR]   AddEntandoKeycloakServerWithContainerizedDatabaseIT.create:51 Â» ConditionTimeout
[ERROR]   AddEntandoKeycloakServerWithExternalPostgresqlDatabaseIT.create:52 Â» ConditionTimeout
[INFO] 
[ERROR] Tests run: 2, Failures: 0, Errors: 2, Skipped: 0
[INFO] 
[INFO] 
[INFO] --- maven-surefire-report-plugin:3.0.0-M4:failsafe-report-only (integration-tests) @ entando-k8s-keycloak-controller ---
[WARNING] Unable to locate Test Source XRef to link to - DISABLED
[INFO] 
[INFO] --- maven-surefire-report-plugin:3.0.0-M4:report-only (unit-tests) @ entando-k8s-keycloak-controller ---
[WARNING] Unable to locate Test Source XRef to link to - DISABLED
[INFO] 
[INFO] --- maven-failsafe-plugin:3.0.0-M4:verify (run-tests) @ entando-k8s-keycloak-controller ---
[ERROR] There are test failures.

Please refer to /workspace/source/target/failsafe-reports for the individual test results.
Please refer to dump files (if any exist) [date].dump, [date]-***Run[N].dump and [date].dumpstream.
[INFO] ------------------------------------------------------------------------
[INFO] BUILD SUCCESS
[INFO] ------------------------------------------------------------------------
[INFO] Total time:  10:30 min
[INFO] Finished at: 2020-10-15T13:31:18Z
[INFO] ------------------------------------------------------------------------
shallow cloning https://github.com/entando-k8s/devops-results.git branch gh-pages
ran git init in /tmp/jenkins-x-collect571676636
ran git add remote origin https://github.com/entando-k8s/devops-results.git in /tmp/jenkins-x-collect571676636
ran git fetch origin --depth=1 gh-pages in dir /tmp/jenkins-x-collect571676636
Publishing https://raw.githubusercontent.com/entando-k8s/devops-results/gh-pages/entando-k8s-keycloak-controller/PR-17/failsafe-report.html
stashed: https://raw.githubusercontent.com/entando-k8s/devops-results/gh-pages/entando-k8s-keycloak-controller/PR-17/failsafe-report.html
error: etcdserver: request is too large
Post-deployment tests failed for entando-k8s-keycloak-controller-PR-17.
  % Total    % Received % Xferd  Average Speed   Time    Time     Time  Current
                                 Dload  Upload   Total   Spent    Left  Speed
{
  "url": "https://api.github.com/repos/entando-k8s/entando-k8s-keycloak-controller/statuses/43e8367a2d7d259c457dab519863ad06a9be4f62",
  "avatar_url": "https://avatars2.githubusercontent.com/u/57885396?v=4",
  "id": 11061186981,
  "node_id": "MDEzOlN0YXR1c0NvbnRleHQxMTA2MTE4Njk4MQ==",
  "state": "failure",
  "description": "Post-deployment tests failure!",
  "target_url": "https://entando-k8s.github.io/devops-results/entando-k8s-keycloak-controller/PR-17/failsafe-report.html",
  "context": "Post-deployment tests",
  "created_at": "2020-10-15T13:33:57Z",
  "updated_at": "2020-10-15T13:33:57Z",
  "creator": {
    "login": "**********",
    "id": 57885396,
    "node_id": "MDQ6VXNlcjU3ODg1Mzk2",
    "avatar_url": "https://avatars2.githubusercontent.com/u/57885396?v=4",
    "gravatar_id": "",
    "url": "https://api.github.com/users/**********",
    "html_url": "https://github.com/entando-**",
    "followers_url": "https://api.github.com/users/**********/followers",
    "following_url": "https://api.github.com/users/**********/following{/other_user}",
    "gists_url": "https://api.github.com/users/**********/gists{/gist_id}",
    "starred_url": "https://api.github.com/users/**********/starred{/owner}{/repo}",
    "subscriptions_url": "https://api.github.com/users/**********/subscriptions",
  0     0    0     0    0     0      0      0 --:--:-- --:--:-- --:--:--     0100  1886  100  1661  100   225   2473    335 --:--:-- --:--:-- --:--:--  2475
    "organizations_url": "https://api.github.com/users/**********/orgs",
    "repos_url": "https://api.github.com/users/**********/repos",
    "events_url": "https://api.github.com/users/**********/events{/privacy}",
    "received_events_url": "https://api.github.com/users/**********/received_events",
    "type": "User",
    "site_*****": *****
  }
}
[31m
Pipeline failed on stage 'from-build-pack' : container 'step-promote-run-post-deployment-tests'. The execution of the pipeline has stopped.[0m
