
Showing logs for build [32mentando-k8s-entando-k8s-keycloa-c4n7l-6[0m stage [32mfrom-build-pack[0m and container [32mstep-credential-initializer-pwp7t[0m
{"level":"warn","ts":1600693293.8485525,"logger":"fallback-logger","caller":"logging/config.go:69","msg":"Fetch GitHub commit ID from kodata failed: \"ref: refs/heads/0.8.0-**-support-backwards-incompats\" is not a valid GitHub commit ID"}
{"level":"info","ts":1600693293.8540614,"logger":"fallback-logger","caller":"creds-init/main.go:40","msg":"Credentials initialized."}

Showing logs for build [32mentando-k8s-entando-k8s-keycloa-c4n7l-6[0m stage [32mfrom-build-pack[0m and container [32mstep-working-dir-initializer-77x94[0m
{"level":"warn","ts":1600693295.2921274,"logger":"fallback-logger","caller":"logging/config.go:69","msg":"Fetch GitHub commit ID from kodata failed: open /var/run/ko/HEAD: no such file or directory"}
{"level":"info","ts":1600693295.3086908,"logger":"fallback-logger","caller":"bash/main.go:64","msg":"Successfully e**cuted command \"sh -c mkdir -p /workspace/source\"; output "}

Showing logs for build [32mentando-k8s-entando-k8s-keycloa-c4n7l-6[0m stage [32mfrom-build-pack[0m and container [32mstep-place-tools[0m

Showing logs for build [32mentando-k8s-entando-k8s-keycloa-c4n7l-6[0m stage [32mfrom-build-pack[0m and container [32mstep-git-source-entando-k8s-entando-k8s-keycloa-cgw78[0m
{"level":"warn","ts":1600693334.3748477,"logger":"fallback-logger","caller":"logging/config.go:69","msg":"Fetch GitHub commit ID from kodata failed: \"ref: refs/heads/0.8.0-**-support-backwards-incompats\" is not a valid GitHub commit ID"}
{"level":"info","ts":1600693335.9173174,"logger":"fallback-logger","caller":"git/git.go:103","msg":"Successfully cloned https://github.com/entando-k8s/entando-k8s-keycloak-controller.git @ master in path /workspace/source"}

Showing logs for build [32mentando-k8s-entando-k8s-keycloa-c4n7l-6[0m stage [32mfrom-build-pack[0m and container [32mstep-git-merge[0m
Using SHAs from PULL_REFS=master:42aa5cc29b8121b3e700ecd67e9f5c7c385180b2,14:94bad656fe216b4dbcee63b00ee7fe0ef8cb4722
DEBUG: ran git fetch --unshallow origin 94bad656fe216b4dbcee63b00ee7fe0ef8cb4722: 42aa5cc29b8121b3e700ecd67e9f5c7c385180b2: in 
DEBUG: ran git checkout master in 
DEBUG: ran git reset --hard 42aa5cc29b8121b3e700ecd67e9f5c7c385180b2 in 
DEBUG: ran clean --force -d . in 
DEBUG: ran git merge 94bad656fe216b4dbcee63b00ee7fe0ef8cb4722 in 
Merged SHA 94bad656fe216b4dbcee63b00ee7fe0ef8cb4722 with commit message 'Merge branch 'ENG-703-as-an-entando-developer-i-would-like-the-swagger-ui-enabled-by-default-so-i-can-more-easily-see-and-test-the-available-apis' of https://github.com/entando-k8s/entando-k8s-keycloak-controller into ENG-703-as-an-entando-developer-i-would-like-the-swagger-ui-enabled-by-default-so-i-can-more-easily-see-and-test-the-available-apis' into base branch master
Merged SHA 1f9600bdffa331557381f862d7ce452f12d122c1 with commit message 'ENG-703 entando-quarkus-parent version update' into base branch master
Merged SHA 3f11806f704f491c85544f384ee12c1b28c5aff7 with commit message 'ENG-703 entando-k8s-operator-common version update' into base branch master

Showing logs for build [32mentando-k8s-entando-k8s-keycloa-c4n7l-6[0m stage [32mfrom-build-pack[0m and container [32mstep-build-set-version[0m
Picked up _JAVA_OPTIONS: -XX:+UnlockExperimentalVMOptions -Dsun.zip.disableMemoryMapping=true -XX:+UseParallelGC -XX:MinHeapFreeRatio=5 -XX:MaxHeapFreeRatio=10 -XX:GCTimeRatio=4 -XX:AdaptiveSizePolicyWeight=90 -Xms1000m -Xmx12000m
[INFO] Scanning for projects...
[WARNING] 
[WARNING] Some problems were encountered while building the effective model for org.entando:entando-k8s-keycloak-controller:jar:6.2.0-SNAPSHOT
[WARNING] 'dependencyManagement.dependencies.dependency.(groupId:artifactId:type:classifier)' must be unique: org.yaml:snakeyaml:jar -> version 1.27 vs ${snakeyaml.version} @ org.entando:entando-quarkus-parent:6.2.2, /home/jenkins/.mvnrepository/org/entando/entando-quarkus-parent/6.2.2/entando-quarkus-parent-6.2.2.pom, line 283, column 25
[WARNING] 
[WARNING] It is highly recommended to fix these problems because they threaten the stability of your build.
[WARNING] 
[WARNING] For this reason, future Maven versions might no longer support building such malformed projects.
[WARNING] 
[INFO] 
[INFO] ------------< org.entando:entando-k8s-keycloak-controller >-------------
[INFO] Building Entando K8S Controller for Keycloak 6.2.0-SNAPSHOT
[INFO] --------------------------------[ jar ]---------------------------------
[INFO] 
[INFO] --- versions-maven-plugin:2.8.1:set (default-cli) @ entando-k8s-keycloak-controller ---
[INFO] Local aggregation ****: /workspace/source
[INFO] Processing change of org.entando:entando-k8s-keycloak-controller:6.2.0-SNAPSHOT -> 0.0.0-SNAPSHOT-PR-14-6
[INFO] Processing org.entando:entando-k8s-keycloak-controller
[INFO]     Updating project org.entando:entando-k8s-keycloak-controller
[INFO]         from version 6.2.0-SNAPSHOT to 0.0.0-SNAPSHOT-PR-14-6
[INFO] 
[INFO] ------------------------------------------------------------------------
[INFO] BUILD SUCCESS
[INFO] ------------------------------------------------------------------------
[INFO] Total time:  9.102 s
[INFO] Finished at: 2020-09-21T13:02:29Z
[INFO] ------------------------------------------------------------------------

Showing logs for build [32mentando-k8s-entando-k8s-keycloa-c4n7l-6[0m stage [32mfrom-build-pack[0m and container [32mstep-build-fix-git-for-sonar[0m
Switched to a new branch 'PR-14'
M	pom.xml
Deleted branch master (was 94bad65).
From https://github.com/entando-k8s/entando-k8s-keycloak-controller
 * [new branch]      master     -> master
 * [new tag]         v6.0.24    -> v6.0.24
 * [new tag]         v6.0.31    -> v6.0.31

Showing logs for build [32mentando-k8s-entando-k8s-keycloa-c4n7l-6[0m stage [32mfrom-build-pack[0m and container [32mstep-build-mvn-verify-pr[0m
  % Total    % Received % Xferd  Average Speed   Time    Time     Time  Current
                                 Dload  Upload   Total   Spent    Left  Speed
{
  "url": "https://api.github.com/repos/entando-k8s/entando-k8s-keycloak-controller/statuses/94bad656fe216b4dbcee63b00ee7fe0ef8cb4722",
  "avatar_url": "https://avatars2.githubusercontent.com/u/57885396?v=4",
  "id": 10820701214,
  "node_id": "MDEzOlN0YXR1c0NvbnRleHQxMDgyMDcwMTIxNA==",
  "state": "pending",
  "description": "Pre-deployment tests pending!",
  "target_url": "https://entando-k8s.github.io/devops-results/entando-k8s-keycloak-controller/PR-14/surefire-report.html",
  "context": "Pre-deployment tests",
  "created_at": "2020-09-21T13:02:32Z",
  "updated_at": "2020-09-21T13:02:32Z",
  "creator": {
    "login": "**********",
    "id": 57885396,
    "node_id": "MDQ6VXNlcjU3ODg1Mzk2",
    "avatar_url": "https://avatars2.githubusercontent.com/u/57885396?v=4",
    "gravatar_id": "",
    "url": "https://api.github.com/users/entando-**",
    "html_url": "https://github.com/**********",
    "followers_url": "https://api.github.com/users/entando-**/followers",
    "following_url": "https://api.github.com/users/entando-**/following{/other_user}",
    "gists_url": "https://api.github.com/users/**********/gists{/gist_id}",
    "starred_url": "https://api.github.com/users/entando-**/starred{/owner}{/repo}",
    "subscriptions_url": "https://api.github.com/users/entando-**/subscriptions",
    "organizations_url": "https://api.github.com/users/**********/orgs",
    "repos_url": "https://api.github.com/users/**********/repos",
    "events_url": "https://api.github.com/users/entando-**/events{/privacy}",
    "received_events_url": "https://api.github.com/users/**********/received_events",
    "type": "User",
    "site_*****": *****
  }
}
  0     0    0     0    0     0      0      0 --:--:-- --:--:-- --:--:--     0 11  1882    0     0  100   223      0    234 --:--:-- --:--:-- --:--:--   235100  1882  100  1659  100   223   1744    234 --:--:-- --:--:-- --:--:--  1750
  % Total    % Received % Xferd  Average Speed   Time    Time     Time  Current
                                 Dload  Upload   Total   Spent    Left  Speed
  0     0    0     0    0     0      0      0 --:--:-- --:--:-- --:--:--     0100  1886  100  1661  100   225   2504    339 --:--:-- --:--:-- --:--:--  2505
{
  "url": "https://api.github.com/repos/entando-k8s/entando-k8s-keycloak-controller/statuses/94bad656fe216b4dbcee63b00ee7fe0ef8cb4722",
  "avatar_url": "https://avatars2.githubusercontent.com/u/57885396?v=4",
  "id": 10820701349,
  "node_id": "MDEzOlN0YXR1c0NvbnRleHQxMDgyMDcwMTM0OQ==",
  "state": "pending",
  "description": "Post-deployment tests pending!",
  "target_url": "https://entando-k8s.github.io/devops-results/entando-k8s-keycloak-controller/PR-14/failsafe-report.html",
  "context": "Post-deployment tests",
  "created_at": "2020-09-21T13:02:33Z",
  "updated_at": "2020-09-21T13:02:33Z",
  "creator": {
    "login": "**********",
    "id": 57885396,
    "node_id": "MDQ6VXNlcjU3ODg1Mzk2",
    "avatar_url": "https://avatars2.githubusercontent.com/u/57885396?v=4",
    "gravatar_id": "",
    "url": "https://api.github.com/users/entando-**",
    "html_url": "https://github.com/entando-**",
    "followers_url": "https://api.github.com/users/**********/followers",
    "following_url": "https://api.github.com/users/entando-**/following{/other_user}",
    "gists_url": "https://api.github.com/users/entando-**/gists{/gist_id}",
    "starred_url": "https://api.github.com/users/**********/starred{/owner}{/repo}",
    "subscriptions_url": "https://api.github.com/users/**********/subscriptions",
    "organizations_url": "https://api.github.com/users/entando-**/orgs",
    "repos_url": "https://api.github.com/users/entando-**/repos",
    "events_url": "https://api.github.com/users/entando-**/events{/privacy}",
    "received_events_url": "https://api.github.com/users/**********/received_events",
    "type": "User",
    "site_*****": *****
  }
}
  % Total    % Received % Xferd  Average Speed   Time    Time     Time  Current
                                 Dload  Upload   Total   Spent    Left  Speed
  0     0    0     0    0     0      0      0 --:--:-- --:--:-- --:--:--     0  0     0    0     0    0     0      0      0 --:--:-- --:--:-- --:--:--     0100  1832  100  1634  100   198   2444    296 --:--:-- --:--:-- --:--:--  2442
{
  "url": "https://api.github.com/repos/entando-k8s/entando-k8s-keycloak-controller/statuses/94bad656fe216b4dbcee63b00ee7fe0ef8cb4722",
  "avatar_url": "https://avatars2.githubusercontent.com/u/57885396?v=4",
  "id": 10820701478,
  "node_id": "MDEzOlN0YXR1c0NvbnRleHQxMDgyMDcwMTQ3OA==",
  "state": "pending",
  "description": "Checkstyle pending!",
  "target_url": "https://entando-k8s.github.io/devops-results/entando-k8s-keycloak-controller/PR-14/checkstyle.html",
  "context": "Checkstyle",
  "created_at": "2020-09-21T13:02:33Z",
  "updated_at": "2020-09-21T13:02:33Z",
  "creator": {
    "login": "**********",
    "id": 57885396,
    "node_id": "MDQ6VXNlcjU3ODg1Mzk2",
    "avatar_url": "https://avatars2.githubusercontent.com/u/57885396?v=4",
    "gravatar_id": "",
    "url": "https://api.github.com/users/entando-**",
    "html_url": "https://github.com/**********",
    "followers_url": "https://api.github.com/users/**********/followers",
    "following_url": "https://api.github.com/users/**********/following{/other_user}",
    "gists_url": "https://api.github.com/users/**********/gists{/gist_id}",
    "starred_url": "https://api.github.com/users/**********/starred{/owner}{/repo}",
    "subscriptions_url": "https://api.github.com/users/**********/subscriptions",
    "organizations_url": "https://api.github.com/users/**********/orgs",
    "repos_url": "https://api.github.com/users/**********/repos",
    "events_url": "https://api.github.com/users/**********/events{/privacy}",
    "received_events_url": "https://api.github.com/users/entando-**/received_events",
    "type": "User",
    "site_*****": *****
  }
}
  % Total    % Received % Xferd  Average Speed   Time    Time     Time  Current
                                 Dload  Upload   Total   Spent    Left  Speed
  0     0    0     0    0     0      0      0 --:--:-- --:--:-- --:--:--     0 11  1854    0     0  100   209      0    368 --:--:-- --:--:-- --:--:--   368100  1854  100  1645  100   209   2901    368 --:--:-- --:--:-- --:--:--  2901
{
  "url": "https://api.github.com/repos/entando-k8s/entando-k8s-keycloak-controller/statuses/94bad656fe216b4dbcee63b00ee7fe0ef8cb4722",
  "avatar_url": "https://avatars2.githubusercontent.com/u/57885396?v=4",
  "id": 10820701610,
  "node_id": "MDEzOlN0YXR1c0NvbnRleHQxMDgyMDcwMTYxMA==",
  "state": "pending",
  "description": "OWASP CVE pending!",
  "target_url": "https://entando-k8s.github.io/devops-results/entando-k8s-keycloak-controller/PR-14/dependency-check-report.html",
  "context": "OWASP CVE",
  "created_at": "2020-09-21T13:02:34Z",
  "updated_at": "2020-09-21T13:02:34Z",
  "creator": {
    "login": "**********",
    "id": 57885396,
    "node_id": "MDQ6VXNlcjU3ODg1Mzk2",
    "avatar_url": "https://avatars2.githubusercontent.com/u/57885396?v=4",
    "gravatar_id": "",
    "url": "https://api.github.com/users/**********",
    "html_url": "https://github.com/**********",
    "followers_url": "https://api.github.com/users/**********/followers",
    "following_url": "https://api.github.com/users/**********/following{/other_user}",
    "gists_url": "https://api.github.com/users/**********/gists{/gist_id}",
    "starred_url": "https://api.github.com/users/**********/starred{/owner}{/repo}",
    "subscriptions_url": "https://api.github.com/users/**********/subscriptions",
    "organizations_url": "https://api.github.com/users/**********/orgs",
    "repos_url": "https://api.github.com/users/entando-**/repos",
    "events_url": "https://api.github.com/users/entando-**/events{/privacy}",
    "received_events_url": "https://api.github.com/users/**********/received_events",
    "type": "User",
    "site_*****": *****
  }
}
Picked up _JAVA_OPTIONS: -XX:+UnlockExperimentalVMOptions -Dsun.zip.disableMemoryMapping=true -XX:+UseParallelGC -XX:MinHeapFreeRatio=5 -XX:MaxHeapFreeRatio=10 -XX:GCTimeRatio=4 -XX:AdaptiveSizePolicyWeight=90 -Xms1000m -Xmx12000m
[INFO] Scanning for projects...
[WARNING] 
[WARNING] Some problems were encountered while building the effective model for org.entando:entando-k8s-keycloak-controller:jar:0.0.0-SNAPSHOT-PR-14-6
[WARNING] 'dependencyManagement.dependencies.dependency.(groupId:artifactId:type:classifier)' must be unique: org.yaml:snakeyaml:jar -> version 1.27 vs ${snakeyaml.version} @ org.entando:entando-quarkus-parent:6.2.2, /home/jenkins/.mvnrepository/org/entando/entando-quarkus-parent/6.2.2/entando-quarkus-parent-6.2.2.pom, line 283, column 25
[WARNING] 
[WARNING] It is highly recommended to fix these problems because they threaten the stability of your build.
[WARNING] 
[WARNING] For this reason, future Maven versions might no longer support building such malformed projects.
[WARNING] 
[INFO] 
[INFO] ------------< org.entando:entando-k8s-keycloak-controller >-------------
[INFO] Building Entando K8S Controller for Keycloak 0.0.0-SNAPSHOT-PR-14-6
[INFO] --------------------------------[ jar ]---------------------------------
[INFO] 
[INFO] --- maven-checkstyle-plugin:3.1.1:check (validate) @ entando-k8s-keycloak-controller ---
[INFO] Starting audit...
Audit done.
[INFO] You have 0 Checkstyle violations.
[INFO] 
[INFO] --- maven-checkstyle-plugin:3.1.1:checkstyle (validate) @ entando-k8s-keycloak-controller ---
[INFO] Starting audit...
Audit done.
[INFO] 
[INFO] --- jacoco-maven-plugin:0.8.5:prepare-agent (prepare-agent) @ entando-k8s-keycloak-controller ---
[INFO] argLine set to -javaagent:/home/jenkins/.mvnrepository/org/jacoco/org.jacoco.agent/0.8.5/org.jacoco.agent-0.8.5-runtime.jar=destfile=/workspace/source/target/jacoco.e**c
[INFO] 
[INFO] --- maven-resources-plugin:2.6:resources (default-resources) @ entando-k8s-keycloak-controller ---
[INFO] Using 'UTF-8' encoding to copy filtered resources.
[INFO] Copying 5 resources
[INFO] 
[INFO] --- maven-compiler-plugin:3.8.1:compile (default-compile) @ entando-k8s-keycloak-controller ---
[INFO] Changes detected - recompiling the module!
[INFO] Compiling 3 source files to /workspace/source/target/classes
[INFO] 
[INFO] --- maven-resources-plugin:2.6:testResources (default-testResources) @ entando-k8s-keycloak-controller ---
[INFO] Using 'UTF-8' encoding to copy filtered resources.
[INFO] Copying 6 resources
[INFO] 
[INFO] --- maven-compiler-plugin:3.8.1:testCompile (default-testCompile) @ entando-k8s-keycloak-controller ---
[INFO] Changes detected - recompiling the module!
[INFO] Compiling 7 source files to /workspace/source/target/test-classes
[INFO] 
[INFO] --- maven-surefire-plugin:3.0.0-M1:test (default-test) @ entando-k8s-keycloak-controller ---
[INFO] 
[INFO] -------------------------------------------------------
[INFO]  T E S T S
[INFO] -------------------------------------------------------
[INFO] Running org.entando.kubernetes.controller.keycloakserver.inprocesstests.DeployKeycloakOnExternalDatabaseTest
Sep 21, 2020 1:02:58 PM org.entando.kubernetes.controller.keycloakserver.EntandoKeycloakServerController ensureKeycloakRealm
SEVERE: Attempting to log into Keycloak at http://my-keycloak-server-service.my-keycloak-namespace.svc.cluster.local:8080/auth
Sep 21, 2020 1:02:59 PM org.entando.kubernetes.controller.keycloakserver.EntandoKeycloakServerController ensureKeycloakRealm
SEVERE: Attempting to log into Keycloak at http://my-keycloak-server-service.my-keycloak-namespace.svc.cluster.local:8080/auth
[INFO] Tests run: 2, Failures: 0, Errors: 0, Skipped: 0, Time elapsed: 3.115 s - in org.entando.kubernetes.controller.keycloakserver.inprocesstests.DeployKeycloakOnExternalDatabaseTest
[INFO] Running org.entando.kubernetes.controller.keycloakserver.inprocesstests.DeployKeycloakServiceTest
Sep 21, 2020 1:03:00 PM org.entando.kubernetes.controller.keycloakserver.EntandoKeycloakServerController ensureKeycloakRealm
SEVERE: Attempting to log into Keycloak at http://my-keycloak-server-service.my-keycloak-namespace.svc.cluster.local:8080/auth
Sep 21, 2020 1:03:00 PM org.entando.kubernetes.controller.keycloakserver.EntandoKeycloakServerController ensureKeycloakRealm
SEVERE: Attempting to log into Keycloak at http://my-keycloak-server-service.my-keycloak-namespace.svc.cluster.local:8080/auth
Sep 21, 2020 1:03:02 PM org.entando.kubernetes.controller.keycloakserver.EntandoKeycloakServerController ensureKeycloakRealm
SEVERE: Attempting to log into Keycloak at http://my-keycloak-server-service.my-keycloak-namespace.svc.cluster.local:8080/auth
Sep 21, 2020 1:03:02 PM org.entando.kubernetes.controller.keycloakserver.EntandoKeycloakServerController ensureKeycloakRealm
SEVERE: Attempting to log into Keycloak at http://my-keycloak-server-service.my-keycloak-namespace.svc.cluster.local:8080/auth
Sep 21, 2020 1:03:04 PM org.entando.kubernetes.controller.keycloakserver.EntandoKeycloakServerController ensureKeycloakRealm
SEVERE: Attempting to log into Keycloak at http://my-keycloak-server-service.my-keycloak-namespace.svc.cluster.local:8080/auth
Sep 21, 2020 1:03:05 PM org.entando.kubernetes.controller.keycloakserver.EntandoKeycloakServerController ensureKeycloakRealm
SEVERE: Attempting to log into Keycloak at http://my-keycloak-server-service.my-keycloak-namespace.svc.cluster.local:8080/auth
[INFO] Tests run: 6, Failures: 0, Errors: 0, Skipped: 0, Time elapsed: 5.865 s - in org.entando.kubernetes.controller.keycloakserver.inprocesstests.DeployKeycloakServiceTest
[INFO] Running org.entando.kubernetes.controller.keycloakserver.inprocesstests.DeployKeycloakWithEmbeddedDatabaseTest
Sep 21, 2020 1:03:05 PM org.entando.kubernetes.controller.keycloakserver.EntandoKeycloakServerController ensureKeycloakRealm
SEVERE: Attempting to log into Keycloak at http://my-keycloak-server-service.my-keycloak-namespace.svc.cluster.local:8080/auth
Sep 21, 2020 1:03:05 PM org.entando.kubernetes.controller.keycloakserver.EntandoKeycloakServerController ensureKeycloakRealm
SEVERE: Attempting to log into Keycloak at http://my-keycloak-server-service.my-keycloak-namespace.svc.cluster.local:8080/auth
[INFO] Tests run: 2, Failures: 0, Errors: 0, Skipped: 0, Time elapsed: 0.742 s - in org.entando.kubernetes.controller.keycloakserver.inprocesstests.DeployKeycloakWithEmbeddedDatabaseTest
[INFO] 
[INFO] Results:
[INFO] 
[INFO] Tests run: 10, Failures: 0, Errors: 0, Skipped: 0
[INFO] 
[INFO] 
[INFO] --- maven-jar-plugin:3.2.0:jar (default-jar) @ entando-k8s-keycloak-controller ---
[INFO] Building jar: /workspace/source/target/entando-k8s-keycloak-controller-0.0.0-SNAPSHOT-PR-14-6.jar
[INFO] 
[INFO] --- maven-jar-plugin:3.2.0:test-jar (build-test-jar) @ entando-k8s-keycloak-controller ---
[INFO] Building jar: /workspace/source/target/entando-k8s-keycloak-controller-0.0.0-SNAPSHOT-PR-14-6-tests.jar
[INFO] 
[INFO] --- quarkus-maven-plugin:1.2.0.Final:build (default) @ entando-k8s-keycloak-controller ---
[WARNING] [io.quarkus.creator.curator.Curator] These dependencies are not recommended:
	- jakarta.xml.bind:jakarta.xml.bind-api should be replaced by org.jboss.spec.javax.xml.bind:jboss-jaxb-api_2.3_spec
	- javax.activation:activation should be replaced by com.sun.activation:jakarta.activation
You might end up with two different versions of the same classes or with an artifact you shouldn't have in your classpath.
[INFO] [org.jboss.threads] JBoss Threads version 3.0.0.Final
[INFO] [io.quarkus.deployment.pkg.steps.JarResultBuildStep] Building thin jar: /workspace/source/target/entando-k8s-keycloak-controller-0.0.0-SNAPSHOT-PR-14-6-runner.jar
[INFO] [io.quarkus.deployment.QuarkusAugmentor] Quarkus augmentation completed in 1802ms
[INFO] 
[INFO] --- maven-surefire-report-plugin:3.0.0-M4:failsafe-report-only (integration-tests) @ entando-k8s-keycloak-controller ---
[INFO] 
[INFO] --- dependency-check-maven:5.3.2:aggregate (default) @ entando-k8s-keycloak-controller ---
[INFO] 

Dependency-Check is an open source tool performing a best effort analysis of 3rd party dependencies; ***** positives and ***** negatives may exist in the analysis performed by the tool. Use of the tool and the reporting provided constitutes acceptance for use in an AS IS condition, and there are NO warranties, implied or otherwise, with regard to the analysis or its use. Any use of the tool and the reporting provided is at the userâ€™s risk. In no event shall the copyright holder or OWASP be held liable for any damages whatsoever arising out of or in connection with the use of this tool, the analysis performed, or the resulting report.


[INFO] Analysis Started
[INFO] Finished Archive Analyzer (0 seconds)
[INFO] Finished File Name Analyzer (0 seconds)
[INFO] Finished Jar Analyzer (0 seconds)
[INFO] Finished Dependency Merging Analyzer (0 seconds)
[INFO] Finished Version Filter Analyzer (0 seconds)
[INFO] Finished Hint Analyzer (0 seconds)
[INFO] Created CPE Index (2 seconds)
[INFO] Finished CPE Analyzer (3 seconds)
[INFO] Finished False Positive Analyzer (0 seconds)
[INFO] Finished NVD CVE Analyzer (0 seconds)
[INFO] Finished Sonatype OSS Index Analyzer (1 seconds)
[INFO] Finished Vulnerability Suppression Analyzer (0 seconds)
[INFO] Finished Dependency Bundling Analyzer (0 seconds)
[INFO] Analysis Complete (7 seconds)
[INFO] 
[INFO] --- jacoco-maven-plugin:0.8.5:report (report) @ entando-k8s-keycloak-controller ---
[INFO] Loading e**cution data file /workspace/source/target/jacoco.e**c
[INFO] Analyzed bundle 'Entando K8S Controller for Keycloak' with 3 classes
[INFO] 
[INFO] --- maven-surefire-report-plugin:3.0.0-M4:report-only (unit-tests) @ entando-k8s-keycloak-controller ---
[WARNING] Unable to locate Test Source XRef to link to - DISABLED
[INFO] 
[INFO] --- maven-install-plugin:2.4:install (default-install) @ entando-k8s-keycloak-controller ---
[INFO] Installing /workspace/source/target/entando-k8s-keycloak-controller-0.0.0-SNAPSHOT-PR-14-6.jar to /home/jenkins/.mvnrepository/org/entando/entando-k8s-keycloak-controller/0.0.0-SNAPSHOT-PR-14-6/entando-k8s-keycloak-controller-0.0.0-SNAPSHOT-PR-14-6.jar
[INFO] Installing /workspace/source/pom.xml to /home/jenkins/.mvnrepository/org/entando/entando-k8s-keycloak-controller/0.0.0-SNAPSHOT-PR-14-6/entando-k8s-keycloak-controller-0.0.0-SNAPSHOT-PR-14-6.pom
[INFO] Installing /workspace/source/target/entando-k8s-keycloak-controller-0.0.0-SNAPSHOT-PR-14-6-tests.jar to /home/jenkins/.mvnrepository/org/entando/entando-k8s-keycloak-controller/0.0.0-SNAPSHOT-PR-14-6/entando-k8s-keycloak-controller-0.0.0-SNAPSHOT-PR-14-6-tests.jar
[INFO] 
[INFO] --- maven-site-plugin:3.9.0:site (default-site) @ entando-k8s-keycloak-controller ---
[INFO] configuring report plugin org.apache.maven.plugins:maven-project-info-reports-plugin:3.0.0
[INFO] 9 reports configured for maven-project-info-reports-plugin:3.0.0: dependency-info, distribution-management, index, ci-management, issue-management, licenses, plugins, scm, summary
[INFO] Rendering site with default locale English (en)
[WARNING] Unable to find a URL to the parent project. The parent menu will NOT be added.
[INFO] Relativizing decoration links with respect to localized project URL: https://central.entando.com
[INFO] Rendering content with org.apache.maven.skins:maven-default-skin:jar:1.3 skin.
[INFO] Generating "Dependency Information" report --- maven-project-info-reports-plugin:3.0.0:dependency-info
[INFO] Generating "About" report         --- maven-project-info-reports-plugin:3.0.0:index
[INFO] Generating "Issue Management" report --- maven-project-info-reports-plugin:3.0.0:issue-management
[INFO] Generating "Licenses" report      --- maven-project-info-reports-plugin:3.0.0:licenses
[INFO] Generating "Plugins" report       --- maven-project-info-reports-plugin:3.0.0:plugins
[INFO] Generating "Source Code Management" report --- maven-project-info-reports-plugin:3.0.0:scm
[INFO] Generating "Summary" report       --- maven-project-info-reports-plugin:3.0.0:summary
[INFO] 
[INFO] ------------< org.entando:entando-k8s-keycloak-controller >-------------
[INFO] Building Entando K8S Controller for Keycloak 0.0.0-SNAPSHOT-PR-14-6
[INFO] --------------------------------[ jar ]---------------------------------
[INFO] 
[INFO] --- sonar-maven-plugin:3.7.0.1746:sonar (default-cli) @ entando-k8s-keycloak-controller ---
[INFO] User cache: /****/.sonar/cache
[INFO] SonarQube version: 8.0.0
[INFO] Default locale: "en", source code encoding: "UTF-8"
[INFO] Load global settings
[INFO] Load global settings (done) | time=238ms
[INFO] Server id: 1BD809FA-AWHW8ct9-T_TB3XqouNu
[INFO] User cache: /****/.sonar/cache
[INFO] Load/download plugins
[INFO] Load plugins index
[INFO] Load plugins index (done) | time=75ms
[INFO] Load/download plugins (done) | time=24758ms
[INFO] Loaded core extensions: developer-scanner
[INFO] Process project properties
[INFO] E**cute project builders
[INFO] E**cute project builders (done) | time=1ms
[INFO] Project key: entando-k8s_entando-k8s-keycloak-controller
[INFO] Base dir: /workspace/source
[INFO] Working dir: /workspace/source/target/sonar
[INFO] Load project settings for component key: 'entando-k8s_entando-k8s-keycloak-controller'
[INFO] Load project settings for component key: 'entando-k8s_entando-k8s-keycloak-controller' (done) | time=137ms
[INFO] Load project branches
[INFO] Load project branches (done) | time=28ms
[INFO] Check ALM binding of project 'entando-k8s_entando-k8s-keycloak-controller'
[INFO] Detected project binding: BOUND
[INFO] Check ALM binding of project 'entando-k8s_entando-k8s-keycloak-controller' (done) | time=24ms
[INFO] Load project pull requests
[INFO] Load project pull requests (done) | time=33ms
[INFO] Load branch configuration
[INFO] Load branch configuration (done) | time=769ms
[INFO] Load quality profiles
[INFO] Load quality profiles (done) | time=85ms
[INFO] Load active rules
[INFO] Load active rules (done) | time=1283ms
[INFO] Organization key: entando-k8s
[INFO] Pull request 14 for merge into master from ENG-703-as-an-entando-developer-i-would-like-the-swagger-ui-enabled-by-default-so-i-can-more-easily-see-and-test-the-available-apis
[INFO] SCM collecting changed files in the branch
[WARNING] Exception caught during e**cution of command '[git, config, --******, --edit]' in '/usr/local/git/bin', return code '128', error message 'fatal: Invalid path '/usr/local/git/etc': No such file or directory
'
[INFO] SCM collecting changed files in the branch (done) | time=280ms
[INFO] Indexing files...
[INFO] Project configuration:
[INFO] 11 files inde**d
[INFO] 0 files ignored because of scm ignore settings
[INFO] Quality profile for java: Sonar way
[INFO] Quality profile for xml: Sonar way
[INFO] ------------- Run sensors on module Entando K8S Controller for Keycloak
[INFO] Load metrics repository
[INFO] Load metrics repository (done) | time=31ms
WARNING: An illegal reflective access operation has occurred
WARNING: Illegal reflective access by net.sf.cglib.core.ReflectUtils$1 (file:/****/.sonar/cache/a89f1943fc75b65becd9fb4ecab8d913/sonar-tsql-plugin.jar) to method java.lang.ClassLoader.defineClass(java.lang.String,byte[],int,int,java.security.ProtectionDomain)
WARNING: Please consider reporting this to the maintainers of net.sf.cglib.core.ReflectUtils$1
WARNING: Use --illegal-access=warn to enable warnings of further illegal reflective access operations
WARNING: All illegal access operations will be denied in a future release
[INFO] Sensor JavaSquidSensor [java]
[INFO] Configured Java source version (sonar.java.source): 8
[INFO] JavaClasspath initialization
[INFO] JavaClasspath initialization (done) | time=15ms
[INFO] JavaTestClasspath initialization
[INFO] JavaTestClasspath initialization (done) | time=3ms
[INFO] Java Main Files AST scan
[INFO] 3 source files to be analyzed
[INFO] 3/3 source files have been analyzed
[INFO] Java Main Files AST scan (done) | time=3614ms
[INFO] Java Test Files AST scan
[INFO] 7 source files to be analyzed
[INFO] Java Test Files AST scan (done) | time=1153ms
[INFO] Java Generated Files AST scan
[INFO] 0 source files to be analyzed
[INFO] Java Generated Files AST scan (done) | time=7ms
[INFO] 0/0 source files have been analyzed
[INFO] 7/7 source files have been analyzed
[INFO] Sensor JavaSquidSensor [java] (done) | time=4982ms
[INFO] Sensor SonarCSS Rules [cssfamily]
[INFO] No CSS, PHP, HTML or VueJS files are found in the project. CSS analysis is skipped.
[INFO] Sensor SonarCSS Rules [cssfamily] (done) | time=4ms
[INFO] Sensor Import of Checkstyle issues [java]
[INFO] Importing /workspace/source/target/checkstyle-result.xml
[INFO] Sensor Import of Checkstyle issues [java] (done) | time=98ms
[INFO] Sensor SurefireSensor [java]
[INFO] parsing [/workspace/source/target/surefire-reports]
[INFO] Sensor SurefireSensor [java] (done) | time=68ms
[INFO] Sensor JavaXmlSensor [java]
[INFO] 1 source files to be analyzed
[INFO] 1/1 source files have been analyzed
[INFO] Sensor JavaXmlSensor [java] (done) | time=227ms
[INFO] Sensor HTML [web]
[INFO] Sensor HTML [web] (done) | time=5ms
[INFO] Sensor XML Sensor [xml]
[INFO] 1 source files to be analyzed
[INFO] Sensor XML Sensor [xml] (done) | time=181ms
[INFO] 1/1 source files have been analyzed
[INFO] Sensor JaCoCo XML Report Importer [jacoco]
[INFO] Importing 1 report(s). Turn your logs in debug mode in order to see the exhaustive list.
[INFO] Sensor JaCoCo XML Report Importer [jacoco] (done) | time=32ms
[INFO] Sensor ThymeLeaf template sensor [securityjavafrontend]
[INFO] Sensor ThymeLeaf template sensor [securityjavafrontend] (done) | time=3ms
[INFO] Sensor JavaSecuritySensor [security]
[INFO] Reading type hierarchy from: /workspace/source/target/sonar/ucfg2/java
[INFO] Read 83 type definitions
[INFO] Reading UCFGs from: /workspace/source/target/sonar/ucfg2/java
[INFO] 13:04:12.214933 Building Type propagation graph
[INFO] 13:04:12.228271 Running Tarjan on 144 nodes
[INFO] 13:04:12.232397 Tarjan found 144 components
[INFO] 13:04:12.236375 Variable type analysis: done
[INFO] 13:04:12.237133 Building Type propagation graph
[INFO] 13:04:12.242519 Running Tarjan on 144 nodes
[INFO] 13:04:12.243287 Tarjan found 144 components
[INFO] 13:04:12.244177 Variable type analysis: done
[INFO] Analyzing 39 ucfgs to detect vulnerabilities.
[INFO] All rules entrypoints : 0 Retained UCFGs : 0
[INFO] rule: S5131, entrypoints: 0
[INFO] rule: S5131 done
[INFO] rule: S3649, entrypoints: 0
[INFO] rule: S3649 done
[INFO] rule: S2076, entrypoints: 0
[INFO] rule: S2076 done
[INFO] rule: S2091, entrypoints: 0
[INFO] rule: S2091 done
[INFO] rule: S2078, entrypoints: 0
[INFO] rule: S2078 done
[INFO] rule: S2631, entrypoints: 0
[INFO] rule: S2631 done
[INFO] rule: S5135, entrypoints: 0
[INFO] rule: S5135 done
[INFO] rule: S2083, entrypoints: 0
[INFO] rule: S2083 done
[INFO] rule: S5167, entrypoints: 0
[INFO] rule: S5167 done
[INFO] rule: S5144, entrypoints: 0
[INFO] rule: S5144 done
[INFO] rule: S5145, entrypoints: 0
[INFO] rule: S5145 done
[INFO] rule: S5146, entrypoints: 0
[INFO] rule: S5146 done
[INFO] rule: S5334, entrypoints: 0
[INFO] rule: S5334 done
[INFO] Sensor JavaSecuritySensor [security] (done) | time=425ms
[INFO] Sensor CSharpSecuritySensor [security]
[INFO] Reading type hierarchy from: /workspace/source/target/ucfg_cs2
[INFO] Read 0 type definitions
[INFO] Reading UCFGs from: /workspace/source/target/ucfg_cs2
[INFO] No UCFGs have been included for analysis.
[INFO] Sensor CSharpSecuritySensor [security] (done) | time=1ms
[INFO] Sensor PhpSecuritySensor [security]
[INFO] Reading type hierarchy from: /workspace/source/target/sonar/ucfg2/php
[INFO] Read 0 type definitions
[INFO] Reading UCFGs from: /workspace/source/target/sonar/ucfg2/php
[INFO] No UCFGs have been included for analysis.
[INFO] Sensor PhpSecuritySensor [security] (done) | time=1ms
[INFO] Sensor PythonSecuritySensor [security]
[INFO] Reading type hierarchy from: /workspace/source/target/sonar/ucfg2/python
[INFO] Read 0 type definitions
[INFO] Reading UCFGs from: /workspace/source/target/sonar/ucfg2/python
[INFO] No UCFGs have been included for analysis.
[INFO] Sensor PythonSecuritySensor [security] (done) | time=1ms
[INFO] ------------- Run sensors on project
[INFO] Sensor Zero Coverage Sensor
[INFO] Sensor Zero Coverage Sensor (done) | time=1ms
[INFO] Sensor Java CPD Block Inde**r
[INFO] Sensor Java CPD Block Inde**r (done) | time=41ms
[INFO] CPD E**cutor Calculating CPD for 3 files
[INFO] CPD E**cutor CPD calculation finished (done) | time=58ms
[INFO] SCM writing changed lines
[INFO] SCM writing changed lines (done) | time=4ms
[INFO] Analysis report generated in 569ms, dir size=163 KB
[INFO] Analysis report compressed in 19ms, zip size=36 KB
[INFO] Analysis report uploaded in 94ms
[INFO] ANALYSIS SUCCESSFUL, you can find the results at: https://sonarcloud.io/dashboard?id=entando-k8s_entando-k8s-keycloak-controller&pullRequest=14
[INFO] Note that you will be able to access the updated dashboard once the server has processed the submitted analysis report
[INFO] More about the report processing at https://sonarcloud.io/api/ce/task?id=AXSww8HN6PBu7gNl2AvS
[INFO] Analysis total time: 14.098 s
[INFO] ------------------------------------------------------------------------
[INFO] BUILD SUCCESS
[INFO] ------------------------------------------------------------------------
[INFO] Total time:  01:36 min
[INFO] Finished at: 2020-09-21T13:04:13Z
[INFO] ------------------------------------------------------------------------
shallow cloning https://github.com/entando-k8s/devops-results.git branch gh-pages
ran git init in /tmp/jenkins-x-collect278753135
ran git add remote origin https://github.com/entando-k8s/devops-results.git in /tmp/jenkins-x-collect278753135
ran git fetch origin --depth=1 gh-pages in dir /tmp/jenkins-x-collect278753135
Publishing https://raw.githubusercontent.com/entando-k8s/devops-results/gh-pages/entando-k8s-keycloak-controller/PR-14/checkstyle.html
Publishing https://raw.githubusercontent.com/entando-k8s/devops-results/gh-pages/entando-k8s-keycloak-controller/PR-14/checkstyle.rss
Publishing https://raw.githubusercontent.com/entando-k8s/devops-results/gh-pages/entando-k8s-keycloak-controller/PR-14/css/maven-base.css
Publishing https://raw.githubusercontent.com/entando-k8s/devops-results/gh-pages/entando-k8s-keycloak-controller/PR-14/css/maven-theme.css
Publishing https://raw.githubusercontent.com/entando-k8s/devops-results/gh-pages/entando-k8s-keycloak-controller/PR-14/css/print.css
Publishing https://raw.githubusercontent.com/entando-k8s/devops-results/gh-pages/entando-k8s-keycloak-controller/PR-14/css/site.css
Publishing https://raw.githubusercontent.com/entando-k8s/devops-results/gh-pages/entando-k8s-keycloak-controller/PR-14/dependency-check-junit.xml
Publishing https://raw.githubusercontent.com/entando-k8s/devops-results/gh-pages/entando-k8s-keycloak-controller/PR-14/dependency-check-report.html
Publishing https://raw.githubusercontent.com/entando-k8s/devops-results/gh-pages/entando-k8s-keycloak-controller/PR-14/dependency-check-report.xml
Publishing https://raw.githubusercontent.com/entando-k8s/devops-results/gh-pages/entando-k8s-keycloak-controller/PR-14/dependency-info.html
Publishing https://raw.githubusercontent.com/entando-k8s/devops-results/gh-pages/entando-k8s-keycloak-controller/PR-14/images/collapsed.gif
Publishing https://raw.githubusercontent.com/entando-k8s/devops-results/gh-pages/entando-k8s-keycloak-controller/PR-14/images/expanded.gif
Publishing https://raw.githubusercontent.com/entando-k8s/devops-results/gh-pages/entando-k8s-keycloak-controller/PR-14/images/external.png
Publishing https://raw.githubusercontent.com/entando-k8s/devops-results/gh-pages/entando-k8s-keycloak-controller/PR-14/images/icon_error_sml.gif
Publishing https://raw.githubusercontent.com/entando-k8s/devops-results/gh-pages/entando-k8s-keycloak-controller/PR-14/images/icon_info_sml.gif
Publishing https://raw.githubusercontent.com/entando-k8s/devops-results/gh-pages/entando-k8s-keycloak-controller/PR-14/images/icon_success_sml.gif
Publishing https://raw.githubusercontent.com/entando-k8s/devops-results/gh-pages/entando-k8s-keycloak-controller/PR-14/images/icon_warning_sml.gif
Publishing https://raw.githubusercontent.com/entando-k8s/devops-results/gh-pages/entando-k8s-keycloak-controller/PR-14/images/logos/build-by-maven-black.png
Publishing https://raw.githubusercontent.com/entando-k8s/devops-results/gh-pages/entando-k8s-keycloak-controller/PR-14/images/logos/build-by-maven-white.png
Publishing https://raw.githubusercontent.com/entando-k8s/devops-results/gh-pages/entando-k8s-keycloak-controller/PR-14/images/logos/maven-feather.png
Publishing https://raw.githubusercontent.com/entando-k8s/devops-results/gh-pages/entando-k8s-keycloak-controller/PR-14/images/newwindow.png
Publishing https://raw.githubusercontent.com/entando-k8s/devops-results/gh-pages/entando-k8s-keycloak-controller/PR-14/images/rss.png
Publishing https://raw.githubusercontent.com/entando-k8s/devops-results/gh-pages/entando-k8s-keycloak-controller/PR-14/index.html
Publishing https://raw.githubusercontent.com/entando-k8s/devops-results/gh-pages/entando-k8s-keycloak-controller/PR-14/issue-management.html
Publishing https://raw.githubusercontent.com/entando-k8s/devops-results/gh-pages/entando-k8s-keycloak-controller/PR-14/jacoco/index.html
Publishing https://raw.githubusercontent.com/entando-k8s/devops-results/gh-pages/entando-k8s-keycloak-controller/PR-14/jacoco/jacoco-resources/branchfc.gif
Publishing https://raw.githubusercontent.com/entando-k8s/devops-results/gh-pages/entando-k8s-keycloak-controller/PR-14/jacoco/jacoco-resources/branchnc.gif
Publishing https://raw.githubusercontent.com/entando-k8s/devops-results/gh-pages/entando-k8s-keycloak-controller/PR-14/jacoco/jacoco-resources/branchpc.gif
Publishing https://raw.githubusercontent.com/entando-k8s/devops-results/gh-pages/entando-k8s-keycloak-controller/PR-14/jacoco/jacoco-resources/bundle.gif
Publishing https://raw.githubusercontent.com/entando-k8s/devops-results/gh-pages/entando-k8s-keycloak-controller/PR-14/jacoco/jacoco-resources/class.gif
Publishing https://raw.githubusercontent.com/entando-k8s/devops-results/gh-pages/entando-k8s-keycloak-controller/PR-14/jacoco/jacoco-resources/down.gif
Publishing https://raw.githubusercontent.com/entando-k8s/devops-results/gh-pages/entando-k8s-keycloak-controller/PR-14/jacoco/jacoco-resources/greenbar.gif
Publishing https://raw.githubusercontent.com/entando-k8s/devops-results/gh-pages/entando-k8s-keycloak-controller/PR-14/jacoco/jacoco-resources/group.gif
Publishing https://raw.githubusercontent.com/entando-k8s/devops-results/gh-pages/entando-k8s-keycloak-controller/PR-14/jacoco/jacoco-resources/method.gif
Publishing https://raw.githubusercontent.com/entando-k8s/devops-results/gh-pages/entando-k8s-keycloak-controller/PR-14/jacoco/jacoco-resources/package.gif
Publishing https://raw.githubusercontent.com/entando-k8s/devops-results/gh-pages/entando-k8s-keycloak-controller/PR-14/jacoco/jacoco-resources/prettify.css
Publishing https://raw.githubusercontent.com/entando-k8s/devops-results/gh-pages/entando-k8s-keycloak-controller/PR-14/jacoco/jacoco-resources/prettify.js
Publishing https://raw.githubusercontent.com/entando-k8s/devops-results/gh-pages/entando-k8s-keycloak-controller/PR-14/jacoco/jacoco-resources/redbar.gif
Publishing https://raw.githubusercontent.com/entando-k8s/devops-results/gh-pages/entando-k8s-keycloak-controller/PR-14/jacoco/jacoco-resources/report.css
Publishing https://raw.githubusercontent.com/entando-k8s/devops-results/gh-pages/entando-k8s-keycloak-controller/PR-14/jacoco/jacoco-resources/report.gif
Publishing https://raw.githubusercontent.com/entando-k8s/devops-results/gh-pages/entando-k8s-keycloak-controller/PR-14/jacoco/jacoco-resources/session.gif
Publishing https://raw.githubusercontent.com/entando-k8s/devops-results/gh-pages/entando-k8s-keycloak-controller/PR-14/jacoco/jacoco-resources/sort.gif
Publishing https://raw.githubusercontent.com/entando-k8s/devops-results/gh-pages/entando-k8s-keycloak-controller/PR-14/jacoco/jacoco-resources/sort.js
Publishing https://raw.githubusercontent.com/entando-k8s/devops-results/gh-pages/entando-k8s-keycloak-controller/PR-14/jacoco/jacoco-resources/source.gif
Publishing https://raw.githubusercontent.com/entando-k8s/devops-results/gh-pages/entando-k8s-keycloak-controller/PR-14/jacoco/jacoco-resources/up.gif
Publishing https://raw.githubusercontent.com/entando-k8s/devops-results/gh-pages/entando-k8s-keycloak-controller/PR-14/jacoco/jacoco-sessions.html
Publishing https://raw.githubusercontent.com/entando-k8s/devops-results/gh-pages/entando-k8s-keycloak-controller/PR-14/jacoco/jacoco.csv
Publishing https://raw.githubusercontent.com/entando-k8s/devops-results/gh-pages/entando-k8s-keycloak-controller/PR-14/jacoco/jacoco.xml
Publishing https://raw.githubusercontent.com/entando-k8s/devops-results/gh-pages/entando-k8s-keycloak-controller/PR-14/jacoco/org.entando.kubernetes.controller.keycloakserver/EntandoKeycloakServerController.html
Publishing https://raw.githubusercontent.com/entando-k8s/devops-results/gh-pages/entando-k8s-keycloak-controller/PR-14/jacoco/org.entando.kubernetes.controller.keycloakserver/EntandoKeycloakServerController.java.html
Publishing https://raw.githubusercontent.com/entando-k8s/devops-results/gh-pages/entando-k8s-keycloak-controller/PR-14/jacoco/org.entando.kubernetes.controller.keycloakserver/KeycloakDeployable.html
Publishing https://raw.githubusercontent.com/entando-k8s/devops-results/gh-pages/entando-k8s-keycloak-controller/PR-14/jacoco/org.entando.kubernetes.controller.keycloakserver/KeycloakDeployable.java.html
Publishing https://raw.githubusercontent.com/entando-k8s/devops-results/gh-pages/entando-k8s-keycloak-controller/PR-14/jacoco/org.entando.kubernetes.controller.keycloakserver/KeycloakDeployableContainer.html
Publishing https://raw.githubusercontent.com/entando-k8s/devops-results/gh-pages/entando-k8s-keycloak-controller/PR-14/jacoco/org.entando.kubernetes.controller.keycloakserver/KeycloakDeployableContainer.java.html
Publishing https://raw.githubusercontent.com/entando-k8s/devops-results/gh-pages/entando-k8s-keycloak-controller/PR-14/jacoco/org.entando.kubernetes.controller.keycloakserver/index.html
Publishing https://raw.githubusercontent.com/entando-k8s/devops-results/gh-pages/entando-k8s-keycloak-controller/PR-14/jacoco/org.entando.kubernetes.controller.keycloakserver/index.source.html
Publishing https://raw.githubusercontent.com/entando-k8s/devops-results/gh-pages/entando-k8s-keycloak-controller/PR-14/licenses.html
Publishing https://raw.githubusercontent.com/entando-k8s/devops-results/gh-pages/entando-k8s-keycloak-controller/PR-14/plugins.html
Publishing https://raw.githubusercontent.com/entando-k8s/devops-results/gh-pages/entando-k8s-keycloak-controller/PR-14/project-info.html
Publishing https://raw.githubusercontent.com/entando-k8s/devops-results/gh-pages/entando-k8s-keycloak-controller/PR-14/scm.html
Publishing https://raw.githubusercontent.com/entando-k8s/devops-results/gh-pages/entando-k8s-keycloak-controller/PR-14/summary.html
Publishing https://raw.githubusercontent.com/entando-k8s/devops-results/gh-pages/entando-k8s-keycloak-controller/PR-14/surefire-report.html
error: failed to collect patterns target/site/* to path entando-k8s-keycloak-controller/PR-14: Have you set up a git credential helper? See https://help.github.com/articles/caching-your-github-password-in-git/
: git output: To https://github.com/entando-k8s/devops-results.git
 ! [rejected]          gh-pages -> gh-pages (fetch first)
error: failed to push some refs to 'https://github.com/entando-k8s/devops-results.git'
hint: Updates were rejected because the remote contains work that you do
hint: not have locally. This is usually caused by another repository pushing
hint: to the same ref. You may want to first integrate the remote changes
hint: (e.g., 'git pull ...') before pushing again.
hint: See the 'Note about fast-forwards' in 'git push --help' for details.: failed to run 'git push origin gh-pages' command in directory '/tmp/jenkins-x-collect278753135', output: 'To https://github.com/entando-k8s/devops-results.git
 ! [rejected]          gh-pages -> gh-pages (fetch first)
error: failed to push some refs to 'https://github.com/entando-k8s/devops-results.git'
hint: Updates were rejected because the remote contains work that you do
hint: not have locally. This is usually caused by another repository pushing
hint: to the same ref. You may want to first integrate the remote changes
hint: (e.g., 'git pull ...') before pushing again.
hint: See the 'Note about fast-forwards' in 'git push --help' for details.'
  % Total    % Received % Xferd  Average Speed   Time    Time     Time  Current
                                 Dload  Upload   Total   Spent    Left  Speed
  0     0    0     0    0     0      0      0 --:--:-- --:--:-- --:--:--     0 11  1882    0     0  100   223      0    353 --:--:-- --:--:-- --:--:--   353100  1882  100  1659  100   223   2629    353 --:--:-- --:--:-- --:--:--  2629
{
  "url": "https://api.github.com/repos/entando-k8s/entando-k8s-keycloak-controller/statuses/94bad656fe216b4dbcee63b00ee7fe0ef8cb4722",
  "avatar_url": "https://avatars2.githubusercontent.com/u/57885396?v=4",
  "id": 10820745135,
  "node_id": "MDEzOlN0YXR1c0NvbnRleHQxMDgyMDc0NTEzNQ==",
  "state": "success",
  "description": "Pre-deployment tests success!",
  "target_url": "https://entando-k8s.github.io/devops-results/entando-k8s-keycloak-controller/PR-14/surefire-report.html",
  "context": "Pre-deployment tests",
  "created_at": "2020-09-21T13:06:53Z",
  "updated_at": "2020-09-21T13:06:53Z",
  "creator": {
    "login": "**********",
    "id": 57885396,
    "node_id": "MDQ6VXNlcjU3ODg1Mzk2",
    "avatar_url": "https://avatars2.githubusercontent.com/u/57885396?v=4",
    "gravatar_id": "",
    "url": "https://api.github.com/users/**********",
    "html_url": "https://github.com/**********",
    "followers_url": "https://api.github.com/users/entando-**/followers",
    "following_url": "https://api.github.com/users/entando-**/following{/other_user}",
    "gists_url": "https://api.github.com/users/**********/gists{/gist_id}",
    "starred_url": "https://api.github.com/users/entando-**/starred{/owner}{/repo}",
    "subscriptions_url": "https://api.github.com/users/entando-**/subscriptions",
    "organizations_url": "https://api.github.com/users/entando-**/orgs",
    "repos_url": "https://api.github.com/users/**********/repos",
    "events_url": "https://api.github.com/users/**********/events{/privacy}",
    "received_events_url": "https://api.github.com/users/**********/received_events",
    "type": "User",
    "site_*****": *****
  }
}
  % Total    % Received % Xferd  Average Speed   Time    Time     Time  Current
                                 Dload  Upload   Total   Spent    Left  Speed
{
  "url": "https://api.github.com/repos/entando-k8s/entando-k8s-keycloak-controller/statuses/94bad656fe216b4dbcee63b00ee7fe0ef8cb4722",
  "avatar_url": "https://avatars2.githubusercontent.com/u/57885396?v=4",
  "id": 10820745230,
  "node_id": "MDEzOlN0YXR1c0NvbnRleHQxMDgyMDc0NTIzMA==",
  "state": "success",
  "description": "Checkstyle success!",
  "target_url": "https://entando-k8s.github.io/devops-results/entando-k8s-keycloak-controller/PR-14/checkstyle.html",
  "context": "Checkstyle",
  "created_at": "2020-09-21T13:06:54Z",
  "updated_at": "2020-09-21T13:06:54Z",
  "creator": {
    "login": "**********",
    "id": 57885396,
    "node_id": "MDQ6VXNlcjU3ODg1Mzk2",
    "avatar_url": "https://avatars2.githubusercontent.com/u/57885396?v=4",
    "gravatar_id": "",
    "url": "https://api.github.com/users/entando-**",
    "html_url": "https://github.com/**********",
    "followers_url": "https://api.github.com/users/**********/followers",
    "following_url": "https://api.github.com/users/entando-**/following{/other_user}",
    "gists_url": "https://api.github.com/users/entando-**/gists{/gist_id}",
    "starred_url": "https://api.github.com/users/**********/starred{/owner}{/repo}",
    "subscriptions_url": "https://api.github.com/users/**********/subscriptions",
    "organizations_url": "https://api.github.com/users/**********/orgs",
    "repos_url": "https://api.github.com/users/entando-**/repos",
    "events_url": "https://api.github.com/users/**********/events{/privacy}",
    "received_events_url": "https://api.github.com/users/**********/received_events",
    "type": "User",
    "site_*****": *****
  }
}
  0     0    0     0    0     0      0      0 --:--:-- --:--:-- --:--:--     0100  1832  100  1634  100   198   2439    295 --:--:-- --:--:-- --:--:--  2442
  % Total    % Received % Xferd  Average Speed   Time    Time     Time  Current
                                 Dload  Upload   Total   Spent    Left  Speed
  0     0    0     0    0     0      0      0 --:--:-- --:--:-- --:--:--     0  0     0    0     0    0     0      0      0 --:--:-- --:--:-- --:--:--     0100  1854  100  1645  100   209   2519    320 --:--:-- --:--:-- --:--:--  2519
{
  "url": "https://api.github.com/repos/entando-k8s/entando-k8s-keycloak-controller/statuses/94bad656fe216b4dbcee63b00ee7fe0ef8cb4722",
  "avatar_url": "https://avatars2.githubusercontent.com/u/57885396?v=4",
  "id": 10820745339,
  "node_id": "MDEzOlN0YXR1c0NvbnRleHQxMDgyMDc0NTMzOQ==",
  "state": "success",
  "description": "OWASP CVE success!",
  "target_url": "https://entando-k8s.github.io/devops-results/entando-k8s-keycloak-controller/PR-14/dependency-check-report.html",
  "context": "OWASP CVE",
  "created_at": "2020-09-21T13:06:54Z",
  "updated_at": "2020-09-21T13:06:54Z",
  "creator": {
    "login": "**********",
    "id": 57885396,
    "node_id": "MDQ6VXNlcjU3ODg1Mzk2",
    "avatar_url": "https://avatars2.githubusercontent.com/u/57885396?v=4",
    "gravatar_id": "",
    "url": "https://api.github.com/users/**********",
    "html_url": "https://github.com/**********",
    "followers_url": "https://api.github.com/users/entando-**/followers",
    "following_url": "https://api.github.com/users/entando-**/following{/other_user}",
    "gists_url": "https://api.github.com/users/**********/gists{/gist_id}",
    "starred_url": "https://api.github.com/users/entando-**/starred{/owner}{/repo}",
    "subscriptions_url": "https://api.github.com/users/entando-**/subscriptions",
    "organizations_url": "https://api.github.com/users/**********/orgs",
    "repos_url": "https://api.github.com/users/**********/repos",
    "events_url": "https://api.github.com/users/**********/events{/privacy}",
    "received_events_url": "https://api.github.com/users/**********/received_events",
    "type": "User",
    "site_*****": *****
  }
}
Congratulations! No build failures found for entando-k8s-keycloak-controller-PR-14.

Showing logs for build [32mentando-k8s-entando-k8s-keycloa-c4n7l-6[0m stage [32mfrom-build-pack[0m and container [32mstep-build-container-build[0m
Generating tags...
 - entando/entando-k8s-keycloak-controller -> docker.io/entando/entando-k8s-keycloak-controller:0.0.0-SNAPSHOT-PR-14-6
Checking cache...
 - entando/entando-k8s-keycloak-controller: Not found. Building
Building [entando/entando-k8s-keycloak-controller]...
Sending build context to Docker daemon  556.5kBSending build context to Docker daemon  4.409MBSending build context to Docker daemon  12.09MBSending build context to Docker daemon  21.53MBSending build context to Docker daemon  27.08MBSending build context to Docker daemon  34.25MBSending build context to Docker daemon  40.02MB
Step 1/6 : FROM fabric8/java-alpine-openjdk8-jre
 ---> 6383f0513235
Step 2/6 : ENV JAVA_OPTIONS "-Dquarkus.http.host=0.0.0.0 -Djava.util.logging.manager=org.jboss.logmanager.LogManager"
 ---> Using cache
 ---> 781f0699f0f0
Step 3/6 : ENV AB_ENABLED jmx_exporter
 ---> Using cache
 ---> 3d03a75b86f8
Step 4/6 : COPY target/lib/* /deployments/lib/
 ---> Using cache
 ---> 696f5d40e0dc
Step 5/6 : COPY target/*-runner.jar /deployments/app.jar
 ---> f1b63b665803
Step 6/6 : ENTRYPOINT /deployments/run-java.sh
 ---> Running in e69f2c733181
 ---> d65ee95e4a3b
Successfully built d65ee95e4a3b
The push refers to a repository [docker.io/entando/entando-k8s-keycloak-controller]
c7d0ce87b73e: Preparing
6a7718a5d4b1: Preparing
a37d6baa8a5e: Preparing
4246c252be29: Preparing
bbc6d89e45a1: Preparing
6a8968c88953: Preparing
c11f0dd7f64f: Preparing
081a861c7ecd: Preparing
df5b415aa3df: Preparing
77cae8ab23bf: Preparing
6a8968c88953: Waiting
df5b415aa3df: Waiting
c11f0dd7f64f: Waiting
77cae8ab23bf: Waiting
081a861c7ecd: Waiting
6a7718a5d4b1: Layer already exists
bbc6d89e45a1: Layer already exists
4246c252be29: Layer already exists
a37d6baa8a5e: Layer already exists
6a8968c88953: Layer already exists
081a861c7ecd: Layer already exists
c11f0dd7f64f: Layer already exists
df5b415aa3df: Layer already exists
77cae8ab23bf: Layer already exists
c7d0ce87b73e: Pushed
0.0.0-SNAPSHOT-PR-14-6: digest: sha256:84eee124dbfa08f0f7ca3b7e5af86dbf7cc4397736a6700e51d4d6837bfdaa17 size: 2410
There is a new version (1.14.0) of Skaffold available. Download it at https://storage.googleapis.com/skaffold/releases/latest/skaffold-linux-amd64


Showing logs for build [32mentando-k8s-entando-k8s-keycloa-c4n7l-6[0m stage [32mfrom-build-pack[0m and container [32mstep-postbuild-post-build[0m
no CVE provider running in the current ** namespace so skip adding image to be analysed

Showing logs for build [32mentando-k8s-entando-k8s-keycloa-c4n7l-6[0m stage [32mfrom-build-pack[0m and container [32mstep-promote-make-preview[0m
sed -i -e "s/version:.*/version: 0.0.0-SNAPSHOT-PR-14-6/" Chart.yaml
sed -i -e "s/version:.*/version: 0.0.0-SNAPSHOT-PR-14-6/" ../*/Chart.yaml
sed -i -e "s|repository:.*|repository: docker.io\/entando\/entando-k8s-keycloak-controller|" values.yaml
sed -i -e "s/tag:.*/tag: 0.0.0-SNAPSHOT-PR-14-6/" values.yaml
echo "  version: 0.0.0-SNAPSHOT-PR-14-6" >> requirements.yaml
** step helm build
WARNING: No $CHART_REPOSITORY defined so using the default value of: http://jenkins-x-chartmuseum:8080
Adding missing Helm repo: storage.googleapis.com https://storage.googleapis.com/chartmuseum.jenkins-x.io
Successfully added Helm repository storage.googleapis.com.
Adding missing Helm repo: jenkins-x-chartmuseum http://jenkins-x-chartmuseum:8080
Successfully added Helm repository jenkins-x-chartmuseum.
WARNING: No $CHART_REPOSITORY defined so using the default value of: http://jenkins-x-chartmuseum:8080

Showing logs for build [32mentando-k8s-entando-k8s-keycloa-c4n7l-6[0m stage [32mfrom-build-pack[0m and container [32mstep-promote-jx-preview[0m
Creating a preview
Namespace entando-k8s-keycloak-controller-kcpr14 created 
expose:
  Annotations:
    helm.sh/hook: post-install,post-upgrade
    helm.sh/hook-delete-policy: hook-succeeded
  config:
    domain: *************
    exposer: Ingress
    http: "true"
preview:
  image:
    repository: docker.io/entando/entando-k8s-keycloak-controller
    tag: 0.0.0-SNAPSHOT-PR-14-6

WARNING: Could not find the service URL in namespace entando-k8s-keycloak-controller-kcpr14 for names : Timed out after 1m0s, last error: %!s(<nil>)
Updating PipelineActivities entando-k8s-entando-k8s-keycloak-controller-pr-14-6 which has status Running
WARNING: Failed to find the service entando-k8s-keycloak-controller : failed to find service entando-k8s-keycloak-controller in namespace entando-k8s-keycloak-controller-kcpr14: services "entando-k8s-keycloak-controller" not found

Showing logs for build [32mentando-k8s-entando-k8s-keycloa-c4n7l-6[0m stage [32mfrom-build-pack[0m and container [32mstep-promote-run-post-deployment-tests[0m
Picked up _JAVA_OPTIONS: -XX:+UnlockExperimentalVMOptions -Dsun.zip.disableMemoryMapping=true -XX:+UseParallelGC -XX:MinHeapFreeRatio=5 -XX:MaxHeapFreeRatio=10 -XX:GCTimeRatio=4 -XX:AdaptiveSizePolicyWeight=90 -Xms1000m -Xmx12000m
[INFO] Scanning for projects...
[WARNING] 
[WARNING] Some problems were encountered while building the effective model for org.entando:entando-k8s-keycloak-controller:jar:0.0.0-SNAPSHOT-PR-14-6
[WARNING] 'dependencyManagement.dependencies.dependency.(groupId:artifactId:type:classifier)' must be unique: org.yaml:snakeyaml:jar -> version 1.27 vs ${snakeyaml.version} @ org.entando:entando-quarkus-parent:6.2.2, /home/jenkins/.mvnrepository/org/entando/entando-quarkus-parent/6.2.2/entando-quarkus-parent-6.2.2.pom, line 283, column 25
[WARNING] 
[WARNING] It is highly recommended to fix these problems because they threaten the stability of your build.
[WARNING] 
[WARNING] For this reason, future Maven versions might no longer support building such malformed projects.
[WARNING] 
[INFO] 
[INFO] ------------< org.entando:entando-k8s-keycloak-controller >-------------
[INFO] Building Entando K8S Controller for Keycloak 0.0.0-SNAPSHOT-PR-14-6
[INFO] --------------------------------[ jar ]---------------------------------
[INFO] 
[INFO] --- maven-resources-plugin:2.6:resources (default-resources) @ entando-k8s-keycloak-controller ---
[INFO] Using 'UTF-8' encoding to copy filtered resources.
[INFO] Copying 5 resources
[INFO] 
[INFO] --- maven-compiler-plugin:3.8.1:compile (default-compile) @ entando-k8s-keycloak-controller ---
[INFO] Nothing to compile - all classes are up to date
[INFO] 
[INFO] --- maven-resources-plugin:2.6:testResources (default-testResources) @ entando-k8s-keycloak-controller ---
[INFO] Using 'UTF-8' encoding to copy filtered resources.
[INFO] Copying 6 resources
[INFO] 
[INFO] --- maven-compiler-plugin:3.8.1:testCompile (default-testCompile) @ entando-k8s-keycloak-controller ---
[INFO] Nothing to compile - all classes are up to date
[INFO] 
[INFO] --- maven-surefire-plugin:3.0.0-M1:test (default-test) @ entando-k8s-keycloak-controller ---
[INFO] Tests are skipped.
[INFO] 
[INFO] --- maven-jar-plugin:3.2.0:jar (default-jar) @ entando-k8s-keycloak-controller ---
[INFO] 
[INFO] --- maven-jar-plugin:3.2.0:test-jar (build-test-jar) @ entando-k8s-keycloak-controller ---
[INFO] 
[INFO] --- maven-failsafe-plugin:3.0.0-M4:integration-test (run-tests) @ entando-k8s-keycloak-controller ---
[INFO] 
[INFO] -------------------------------------------------------
[INFO]  T E S T S
[INFO] -------------------------------------------------------
[INFO] Running org.entando.kubernetes.controller.keycloakserver.interprocesstests.AddEntandoKeycloakServerWithContainerizedDatabaseIT
!!!!!!!On EntandoKeycloakServer add!!!!!!!!!
[ERROR] Tests run: 1, Failures: 0, Errors: 1, Skipped: 0, Time elapsed: 59.907 s <<< FAILURE! - in org.entando.kubernetes.controller.keycloakserver.interprocesstests.AddEntandoKeycloakServerWithContainerizedDatabaseIT
[ERROR] org.entando.kubernetes.controller.keycloakserver.interprocesstests.AddEntandoKeycloakServerWithContainerizedDatabaseIT.create  Time elapsed: 57.712 s  <<< ERROR!
org.awaitility.core.ConditionTimeoutException: Condition with lambda expression in org.entando.kubernetes.controller.integrationtest.support.IntegrationTestHelperBase was not fulfilled within 45 seconds.
	at org.entando.kubernetes.controller.keycloakserver.interprocesstests.AddEntandoKeycloakServerWithContainerizedDatabaseIT.create(AddEntandoKeycloakServerWithContainerizedDatabaseIT.java:51)

[INFO] Running org.entando.kubernetes.controller.keycloakserver.interprocesstests.AddEntandoKeycloakServerWithExternalPostgresqlDatabaseIT
Sep 21, 2020 1:09:52 PM org.entando.kubernetes.controller.integrationtest.support.DeletionWaiter lambda$deleteSingleItem$2
WARNING: Deleting pods  entando-k8s-keycloak-controller-kcpr14/test-keycloak-kcpr14-deployer-cnuthdethp
Sep 21, 2020 1:10:04 PM org.entando.kubernetes.controller.integrationtest.support.DeletionWaiter lambda$deleteSingleItem$2
WARNING: Deleting pods  entando-k8s-keycloak-controller-kcpr14/pg-test
Sep 21, 2020 1:10:04 PM org.entando.kubernetes.controller.integrationtest.support.DeletionWaiter lambda$deleteSingleItem$2
WARNING: Deleting entandodatabaseservices  entando-k8s-keycloak-controller-kcpr14/my-external-db-kcpr14
Sep 21, 2020 1:10:05 PM org.entando.kubernetes.controller.integrationtest.support.DeletionWaiter lambda$deleteSingleItem$2
WARNING: Deleting secrets  entando-k8s-keycloak-controller-kcpr14/test-secret
ADDED:PodStatus(conditions=[PodCondition(lastProbeTime=null, lastTransitionTime=2020-09-21T13:10:05Z, message=null, reason=null, status=True, type=PodScheduled, additionalProperties={})], containerStatuses=[], ephemeralContainerStatuses=[], hostIP=null, initContainerStatuses=[], message=null, nominatedNodeName=null, phase=Pending, podIP=null, podIPs=[], qosClass=BestEffort, reason=null, startTime=null, additionalProperties={})
MODIFIED:PodStatus(conditions=[PodCondition(lastProbeTime=null, lastTransitionTime=2020-09-21T13:10:05Z, message=null, reason=null, status=True, type=Initialized, additionalProperties={}), PodCondition(lastProbeTime=null, lastTransitionTime=2020-09-21T13:10:05Z, message=containers with unready status: [pg-container], reason=ContainersNotReady, status=False, type=Ready, additionalProperties={}), PodCondition(lastProbeTime=null, lastTransitionTime=null, message=containers with unready status: [pg-container], reason=ContainersNotReady, status=False, type=ContainersReady, additionalProperties={}), PodCondition(lastProbeTime=null, lastTransitionTime=2020-09-21T13:10:05Z, message=null, reason=null, status=True, type=PodScheduled, additionalProperties={})], containerStatuses=[ContainerStatus(containerID=null, image=centos/********ql-96-centos7:latest, imageID=, lastState=ContainerState(running=null, terminated=null, waiting=null, additionalProperties={}), name=pg-container, ready=*****, restartCount=0, started=null, state=ContainerState(running=null, terminated=null, waiting=ContainerStateWaiting(message=null, reason=ContainerCreating, additionalProperties={}), additionalProperties={}), additionalProperties={})], ephemeralContainerStatuses=[], hostIP=54.36.53.206, initContainerStatuses=[], message=null, nominatedNodeName=null, phase=Pending, podIP=null, podIPs=[], qosClass=BestEffort, reason=null, startTime=2020-09-21T13:10:05Z, additionalProperties={})
MODIFIED:PodStatus(conditions=[PodCondition(lastProbeTime=null, lastTransitionTime=2020-09-21T13:10:05Z, message=null, reason=null, status=True, type=Initialized, additionalProperties={}), PodCondition(lastProbeTime=null, lastTransitionTime=2020-09-21T13:10:05Z, message=containers with unready status: [pg-container], reason=ContainersNotReady, status=False, type=Ready, additionalProperties={}), PodCondition(lastProbeTime=null, lastTransitionTime=null, message=containers with unready status: [pg-container], reason=ContainersNotReady, status=False, type=ContainersReady, additionalProperties={}), PodCondition(lastProbeTime=null, lastTransitionTime=2020-09-21T13:10:05Z, message=null, reason=null, status=True, type=PodScheduled, additionalProperties={})], containerStatuses=[ContainerStatus(containerID=docker://42ba3fd40f05a01211f2fd03109c856c4d0360da46d91a4598c46b5954c0685b, image=docker.io/centos/********ql-96-centos7:latest, imageID=docker-pullable://docker.io/centos/********ql-96-centos7@sha256:b681d78125361519180a6ac05242c296f8906c11eab7e207b5ca9a89b6344392, lastState=ContainerState(running=null, terminated=null, waiting=null, additionalProperties={}), name=pg-container, ready=*****, restartCount=0, started=null, state=ContainerState(running=ContainerStateRunning(startedAt=2020-09-21T13:10:10Z, additionalProperties={}), terminated=null, waiting=null, additionalProperties={}), additionalProperties={})], ephemeralContainerStatuses=[], hostIP=54.36.53.206, initContainerStatuses=[], message=null, nominatedNodeName=null, phase=Running, podIP=10.128.0.244, podIPs=[], qosClass=BestEffort, reason=null, startTime=2020-09-21T13:10:05Z, additionalProperties={})
MODIFIED:PodStatus(conditions=[PodCondition(lastProbeTime=null, lastTransitionTime=2020-09-21T13:10:05Z, message=null, reason=null, status=True, type=Initialized, additionalProperties={}), PodCondition(lastProbeTime=null, lastTransitionTime=2020-09-21T13:10:21Z, message=null, reason=null, status=True, type=Ready, additionalProperties={}), PodCondition(lastProbeTime=null, lastTransitionTime=null, message=null, reason=null, status=True, type=ContainersReady, additionalProperties={}), PodCondition(lastProbeTime=null, lastTransitionTime=2020-09-21T13:10:05Z, message=null, reason=null, status=True, type=PodScheduled, additionalProperties={})], containerStatuses=[ContainerStatus(containerID=docker://42ba3fd40f05a01211f2fd03109c856c4d0360da46d91a4598c46b5954c0685b, image=docker.io/centos/********ql-96-centos7:latest, imageID=docker-pullable://docker.io/centos/********ql-96-centos7@sha256:b681d78125361519180a6ac05242c296f8906c11eab7e207b5ca9a89b6344392, lastState=ContainerState(running=null, terminated=null, waiting=null, additionalProperties={}), name=pg-container, ready=true, restartCount=0, started=null, state=ContainerState(running=ContainerStateRunning(startedAt=2020-09-21T13:10:10Z, additionalProperties={}), terminated=null, waiting=null, additionalProperties={}), additionalProperties={})], ephemeralContainerStatuses=[], hostIP=54.36.53.206, initContainerStatuses=[], message=null, nominatedNodeName=null, phase=Running, podIP=10.128.0.244, podIPs=[], qosClass=BestEffort, reason=null, startTime=2020-09-21T13:10:05Z, additionalProperties={})
Finished: pg-test
!!!!!!!On EntandoKeycloakServer add!!!!!!!!!
ADDED:PodStatus(conditions=[PodCondition(lastProbeTime=null, lastTransitionTime=2020-09-21T13:10:35Z, message=null, reason=null, status=True, type=PodScheduled, additionalProperties={})], containerStatuses=[], ephemeralContainerStatuses=[], hostIP=null, initContainerStatuses=[], message=null, nominatedNodeName=null, phase=Pending, podIP=null, podIPs=[], qosClass=BestEffort, reason=null, startTime=null, additionalProperties={})
MODIFIED:PodStatus(conditions=[PodCondition(lastProbeTime=null, lastTransitionTime=2020-09-21T13:10:36Z, message=containers with incomplete status: [test-keycloak-kcpr14-db-schema-creation-job], reason=ContainersNotInitialized, status=False, type=Initialized, additionalProperties={}), PodCondition(lastProbeTime=null, lastTransitionTime=2020-09-21T13:10:36Z, message=containers with unready status: [dummy], reason=ContainersNotReady, status=False, type=Ready, additionalProperties={}), PodCondition(lastProbeTime=null, lastTransitionTime=null, message=containers with unready status: [dummy], reason=ContainersNotReady, status=False, type=ContainersReady, additionalProperties={}), PodCondition(lastProbeTime=null, lastTransitionTime=2020-09-21T13:10:35Z, message=null, reason=null, status=True, type=PodScheduled, additionalProperties={})], containerStatuses=[ContainerStatus(containerID=null, image=docker.io/entando/busybox:latest, imageID=, lastState=ContainerState(running=null, terminated=null, waiting=null, additionalProperties={}), name=dummy, ready=*****, restartCount=0, started=null, state=ContainerState(running=null, terminated=null, waiting=ContainerStateWaiting(message=null, reason=PodInitializing, additionalProperties={}), additionalProperties={}), additionalProperties={})], ephemeralContainerStatuses=[], hostIP=54.36.53.206, initContainerStatuses=[ContainerStatus(containerID=null, image=docker.io/entando/entando-k8s-dbjob:6.1.4, imageID=, lastState=ContainerState(running=null, terminated=null, waiting=null, additionalProperties={}), name=test-keycloak-kcpr14-db-schema-creation-job, ready=*****, restartCount=0, started=null, state=ContainerState(running=null, terminated=null, waiting=ContainerStateWaiting(message=null, reason=PodInitializing, additionalProperties={}), additionalProperties={}), additionalProperties={})], message=null, nominatedNodeName=null, phase=Pending, podIP=null, podIPs=[], qosClass=BestEffort, reason=null, startTime=2020-09-21T13:10:36Z, additionalProperties={})
MODIFIED:PodStatus(conditions=[PodCondition(lastProbeTime=null, lastTransitionTime=2020-09-21T13:10:36Z, message=containers with incomplete status: [test-keycloak-kcpr14-db-schema-creation-job], reason=ContainersNotInitialized, status=False, type=Initialized, additionalProperties={}), PodCondition(lastProbeTime=null, lastTransitionTime=2020-09-21T13:10:36Z, message=containers with unready status: [dummy], reason=ContainersNotReady, status=False, type=Ready, additionalProperties={}), PodCondition(lastProbeTime=null, lastTransitionTime=null, message=containers with unready status: [dummy], reason=ContainersNotReady, status=False, type=ContainersReady, additionalProperties={}), PodCondition(lastProbeTime=null, lastTransitionTime=2020-09-21T13:10:35Z, message=null, reason=null, status=True, type=PodScheduled, additionalProperties={})], containerStatuses=[ContainerStatus(containerID=null, image=docker.io/entando/busybox:latest, imageID=, lastState=ContainerState(running=null, terminated=null, waiting=null, additionalProperties={}), name=dummy, ready=*****, restartCount=0, started=null, state=ContainerState(running=null, terminated=null, waiting=ContainerStateWaiting(message=null, reason=PodInitializing, additionalProperties={}), additionalProperties={}), additionalProperties={})], ephemeralContainerStatuses=[], hostIP=54.36.53.206, initContainerStatuses=[ContainerStatus(containerID=docker://02a199d75386dc340a55d766c8fd7a308df3b56cc741ab430363d45df6475c01, image=docker.io/entando/entando-k8s-dbjob:6.1.4, imageID=docker-pullable://docker.io/entando/entando-k8s-dbjob@sha256:a571dc5f4f72668359ed7de82b06347ef103e91ac3fc9e381259fdfff417506a, lastState=ContainerState(running=null, terminated=null, waiting=null, additionalProperties={}), name=test-keycloak-kcpr14-db-schema-creation-job, ready=*****, restartCount=0, started=null, state=ContainerState(running=ContainerStateRunning(startedAt=2020-09-21T13:10:51Z, additionalProperties={}), terminated=null, waiting=null, additionalProperties={}), additionalProperties={})], message=null, nominatedNodeName=null, phase=Pending, podIP=10.128.0.246, podIPs=[], qosClass=BestEffort, reason=null, startTime=2020-09-21T13:10:36Z, additionalProperties={})
MODIFIED:PodStatus(conditions=[PodCondition(lastProbeTime=null, lastTransitionTime=2020-09-21T13:10:55Z, message=null, reason=null, status=True, type=Initialized, additionalProperties={}), PodCondition(lastProbeTime=null, lastTransitionTime=2020-09-21T13:10:36Z, message=containers with unready status: [dummy], reason=ContainersNotReady, status=False, type=Ready, additionalProperties={}), PodCondition(lastProbeTime=null, lastTransitionTime=null, message=containers with unready status: [dummy], reason=ContainersNotReady, status=False, type=ContainersReady, additionalProperties={}), PodCondition(lastProbeTime=null, lastTransitionTime=2020-09-21T13:10:35Z, message=null, reason=null, status=True, type=PodScheduled, additionalProperties={})], containerStatuses=[ContainerStatus(containerID=null, image=docker.io/entando/busybox:latest, imageID=, lastState=ContainerState(running=null, terminated=null, waiting=null, additionalProperties={}), name=dummy, ready=*****, restartCount=0, started=null, state=ContainerState(running=null, terminated=null, waiting=ContainerStateWaiting(message=null, reason=PodInitializing, additionalProperties={}), additionalProperties={}), additionalProperties={})], ephemeralContainerStatuses=[], hostIP=54.36.53.206, initContainerStatuses=[ContainerStatus(containerID=docker://02a199d75386dc340a55d766c8fd7a308df3b56cc741ab430363d45df6475c01, image=docker.io/entando/entando-k8s-dbjob:6.1.4, imageID=docker-pullable://docker.io/entando/entando-k8s-dbjob@sha256:a571dc5f4f72668359ed7de82b06347ef103e91ac3fc9e381259fdfff417506a, lastState=ContainerState(running=null, terminated=null, waiting=null, additionalProperties={}), name=test-keycloak-kcpr14-db-schema-creation-job, ready=true, restartCount=0, started=null, state=ContainerState(running=null, terminated=ContainerStateTerminated(containerID=docker://02a199d75386dc340a55d766c8fd7a308df3b56cc741ab430363d45df6475c01, exitCode=0, finishedAt=2020-09-21T13:10:54Z, message=null, reason=Completed, signal=null, startedAt=2020-09-21T13:10:51Z, additionalProperties={}), waiting=null, additionalProperties={}), additionalProperties={})], message=null, nominatedNodeName=null, phase=Pending, podIP=10.128.0.246, podIPs=[], qosClass=BestEffort, reason=null, startTime=2020-09-21T13:10:36Z, additionalProperties={})
MODIFIED:PodStatus(conditions=[PodCondition(lastProbeTime=null, lastTransitionTime=2020-09-21T13:10:55Z, message=null, reason=PodCompleted, status=True, type=Initialized, additionalProperties={}), PodCondition(lastProbeTime=null, lastTransitionTime=2020-09-21T13:10:36Z, message=null, reason=PodCompleted, status=False, type=Ready, additionalProperties={}), PodCondition(lastProbeTime=null, lastTransitionTime=null, message=null, reason=PodCompleted, status=False, type=ContainersReady, additionalProperties={}), PodCondition(lastProbeTime=null, lastTransitionTime=2020-09-21T13:10:35Z, message=null, reason=null, status=True, type=PodScheduled, additionalProperties={})], containerStatuses=[ContainerStatus(containerID=docker://8cd6f6be05ae594087375f45c6fd1c771c96bb95dbdfdb41cf7f56497f598078, image=docker.io/entando/busybox:latest, imageID=docker-pullable://docker.io/entando/busybox@sha256:400ee2ed939df769d4681023810d2e4fb9479b8401d97003c710d0e20f7c49c6, lastState=ContainerState(running=null, terminated=null, waiting=null, additionalProperties={}), name=dummy, ready=*****, restartCount=0, started=null, state=ContainerState(running=null, terminated=ContainerStateTerminated(containerID=docker://8cd6f6be05ae594087375f45c6fd1c771c96bb95dbdfdb41cf7f56497f598078, exitCode=0, finishedAt=2020-09-21T13:10:58Z, message=null, reason=Completed, signal=null, startedAt=2020-09-21T13:10:58Z, additionalProperties={}), waiting=null, additionalProperties={}), additionalProperties={})], ephemeralContainerStatuses=[], hostIP=54.36.53.206, initContainerStatuses=[ContainerStatus(containerID=docker://02a199d75386dc340a55d766c8fd7a308df3b56cc741ab430363d45df6475c01, image=docker.io/entando/entando-k8s-dbjob:6.1.4, imageID=docker-pullable://docker.io/entando/entando-k8s-dbjob@sha256:a571dc5f4f72668359ed7de82b06347ef103e91ac3fc9e381259fdfff417506a, lastState=ContainerState(running=null, terminated=null, waiting=null, additionalProperties={}), name=test-keycloak-kcpr14-db-schema-creation-job, ready=true, restartCount=0, started=null, state=ContainerState(running=null, terminated=ContainerStateTerminated(containerID=docker://02a199d75386dc340a55d766c8fd7a308df3b56cc741ab430363d45df6475c01, exitCode=0, finishedAt=2020-09-21T13:10:54Z, message=null, reason=Completed, signal=null, startedAt=2020-09-21T13:10:51Z, additionalProperties={}), waiting=null, additionalProperties={}), additionalProperties={})], message=null, nominatedNodeName=null, phase=Succeeded, podIP=10.128.0.246, podIPs=[], qosClass=BestEffort, reason=null, startTime=2020-09-21T13:10:36Z, additionalProperties={})
Finished: test-keycloak-kcpr14-db-preparation-job-6955ab57-7
ADDED:PodStatus(conditions=[PodCondition(lastProbeTime=null, lastTransitionTime=2020-09-21T13:11:02Z, message=null, reason=null, status=True, type=PodScheduled, additionalProperties={})], containerStatuses=[], ephemeralContainerStatuses=[], hostIP=null, initContainerStatuses=[], message=null, nominatedNodeName=null, phase=Pending, podIP=null, podIPs=[], qosClass=Burstable, reason=null, startTime=null, additionalProperties={})
MODIFIED:PodStatus(conditions=[PodCondition(lastProbeTime=null, lastTransitionTime=2020-09-21T13:11:02Z, message=null, reason=null, status=True, type=Initialized, additionalProperties={}), PodCondition(lastProbeTime=null, lastTransitionTime=2020-09-21T13:11:02Z, message=containers with unready status: [server-container], reason=ContainersNotReady, status=False, type=Ready, additionalProperties={}), PodCondition(lastProbeTime=null, lastTransitionTime=null, message=containers with unready status: [server-container], reason=ContainersNotReady, status=False, type=ContainersReady, additionalProperties={}), PodCondition(lastProbeTime=null, lastTransitionTime=2020-09-21T13:11:02Z, message=null, reason=null, status=True, type=PodScheduled, additionalProperties={})], containerStatuses=[ContainerStatus(containerID=null, image=docker.io/entando/entando-keycloak:6.1.2, imageID=, lastState=ContainerState(running=null, terminated=null, waiting=null, additionalProperties={}), name=server-container, ready=*****, restartCount=0, started=null, state=ContainerState(running=null, terminated=null, waiting=ContainerStateWaiting(message=null, reason=ContainerCreating, additionalProperties={}), additionalProperties={}), additionalProperties={})], ephemeralContainerStatuses=[], hostIP=54.36.53.206, initContainerStatuses=[], message=null, nominatedNodeName=null, phase=Pending, podIP=null, podIPs=[], qosClass=Burstable, reason=null, startTime=2020-09-21T13:11:02Z, additionalProperties={})
MODIFIED:PodStatus(conditions=[PodCondition(lastProbeTime=null, lastTransitionTime=2020-09-21T13:11:02Z, message=null, reason=null, status=True, type=Initialized, additionalProperties={}), PodCondition(lastProbeTime=null, lastTransitionTime=2020-09-21T13:11:02Z, message=containers with unready status: [server-container], reason=ContainersNotReady, status=False, type=Ready, additionalProperties={}), PodCondition(lastProbeTime=null, lastTransitionTime=null, message=containers with unready status: [server-container], reason=ContainersNotReady, status=False, type=ContainersReady, additionalProperties={}), PodCondition(lastProbeTime=null, lastTransitionTime=2020-09-21T13:11:02Z, message=null, reason=null, status=True, type=PodScheduled, additionalProperties={})], containerStatuses=[ContainerStatus(containerID=docker://e8df176f5857e8618ab732fda8ac673d20f7ce6e23fce369ac7bc87b9d5f095f, image=docker.io/entando/entando-keycloak:6.1.2, imageID=docker-pullable://docker.io/entando/entando-keycloak@sha256:a21877431e78b5e0eae9b174d41b29c144e3e9151ee7efb357e032b36782b561, lastState=ContainerState(running=null, terminated=null, waiting=null, additionalProperties={}), name=server-container, ready=*****, restartCount=0, started=null, state=ContainerState(running=ContainerStateRunning(startedAt=2020-09-21T13:11:20Z, additionalProperties={}), terminated=null, waiting=null, additionalProperties={}), additionalProperties={})], ephemeralContainerStatuses=[], hostIP=54.36.53.206, initContainerStatuses=[], message=null, nominatedNodeName=null, phase=Running, podIP=10.128.0.247, podIPs=[], qosClass=Burstable, reason=null, startTime=2020-09-21T13:11:02Z, additionalProperties={})
MODIFIED:PodStatus(conditions=[PodCondition(lastProbeTime=null, lastTransitionTime=2020-09-21T13:11:02Z, message=null, reason=null, status=True, type=Initialized, additionalProperties={}), PodCondition(lastProbeTime=null, lastTransitionTime=2020-09-21T13:13:33Z, message=null, reason=null, status=True, type=Ready, additionalProperties={}), PodCondition(lastProbeTime=null, lastTransitionTime=null, message=null, reason=null, status=True, type=ContainersReady, additionalProperties={}), PodCondition(lastProbeTime=null, lastTransitionTime=2020-09-21T13:11:02Z, message=null, reason=null, status=True, type=PodScheduled, additionalProperties={})], containerStatuses=[ContainerStatus(containerID=docker://e8df176f5857e8618ab732fda8ac673d20f7ce6e23fce369ac7bc87b9d5f095f, image=docker.io/entando/entando-keycloak:6.1.2, imageID=docker-pullable://docker.io/entando/entando-keycloak@sha256:a21877431e78b5e0eae9b174d41b29c144e3e9151ee7efb357e032b36782b561, lastState=ContainerState(running=null, terminated=null, waiting=null, additionalProperties={}), name=server-container, ready=true, restartCount=0, started=null, state=ContainerState(running=ContainerStateRunning(startedAt=2020-09-21T13:11:20Z, additionalProperties={}), terminated=null, waiting=null, additionalProperties={}), additionalProperties={})], ephemeralContainerStatuses=[], hostIP=54.36.53.206, initContainerStatuses=[], message=null, nominatedNodeName=null, phase=Running, podIP=10.128.0.247, podIPs=[], qosClass=Burstable, reason=null, startTime=2020-09-21T13:11:02Z, additionalProperties={})
Finished: test-keycloak-kcpr14-server-deployment-77788785bd-4k56n
200:OK
Sep 21, 2020 1:14:12 PM org.entando.kubernetes.controller.integrationtest.support.DeletionWaiter lambda$deleteSingleItem$2
WARNING: Deleting deployments  entando-k8s-keycloak-controller-kcpr14/test-keycloak-kcpr14-server-deployment to zero
Sep 21, 2020 1:14:13 PM org.entando.kubernetes.controller.integrationtest.support.DeletionWaiter lambda$deleteSingleItem$2
WARNING: Deleting deployments  entando-k8s-keycloak-controller-kcpr14/test-keycloak-kcpr14-server-deployment
Sep 21, 2020 1:14:13 PM org.entando.kubernetes.controller.integrationtest.support.DeletionWaiter lambda$deleteSingleItem$2
WARNING: Deleting pods  entando-k8s-keycloak-controller-kcpr14/test-keycloak-kcpr14-db-preparation-job-6955ab57-7
Sep 21, 2020 1:14:13 PM org.entando.kubernetes.controller.integrationtest.support.DeletionWaiter lambda$deleteSingleItem$2
WARNING: Deleting pods  entando-k8s-keycloak-controller-kcpr14/test-keycloak-kcpr14-deployer-rm58zjqloj
Sep 21, 2020 1:14:13 PM org.entando.kubernetes.controller.integrationtest.support.DeletionWaiter lambda$deleteSingleItem$2
WARNING: Deleting pods  entando-k8s-keycloak-controller-kcpr14/test-keycloak-kcpr14-server-deployment-77788785bd-4k56n
!!!!!!!On EntandoKeycloakServer add!!!!!!!!!
ADDED:PodStatus(conditions=[PodCondition(lastProbeTime=null, lastTransitionTime=2020-09-21T13:14:43Z, message=null, reason=null, status=True, type=PodScheduled, additionalProperties={})], containerStatuses=[], ephemeralContainerStatuses=[], hostIP=null, initContainerStatuses=[], message=null, nominatedNodeName=null, phase=Pending, podIP=null, podIPs=[], qosClass=BestEffort, reason=null, startTime=null, additionalProperties={})
MODIFIED:PodStatus(conditions=[PodCondition(lastProbeTime=null, lastTransitionTime=2020-09-21T13:14:43Z, message=containers with incomplete status: [test-keycloak-kcpr14-db-schema-creation-job], reason=ContainersNotInitialized, status=False, type=Initialized, additionalProperties={}), PodCondition(lastProbeTime=null, lastTransitionTime=2020-09-21T13:14:43Z, message=containers with unready status: [dummy], reason=ContainersNotReady, status=False, type=Ready, additionalProperties={}), PodCondition(lastProbeTime=null, lastTransitionTime=null, message=containers with unready status: [dummy], reason=ContainersNotReady, status=False, type=ContainersReady, additionalProperties={}), PodCondition(lastProbeTime=null, lastTransitionTime=2020-09-21T13:14:43Z, message=null, reason=null, status=True, type=PodScheduled, additionalProperties={})], containerStatuses=[ContainerStatus(containerID=null, image=docker.io/entando/busybox:latest, imageID=, lastState=ContainerState(running=null, terminated=null, waiting=null, additionalProperties={}), name=dummy, ready=*****, restartCount=0, started=null, state=ContainerState(running=null, terminated=null, waiting=ContainerStateWaiting(message=null, reason=PodInitializing, additionalProperties={}), additionalProperties={}), additionalProperties={})], ephemeralContainerStatuses=[], hostIP=54.36.53.206, initContainerStatuses=[ContainerStatus(containerID=null, image=docker.io/entando/entando-k8s-dbjob:6.1.4, imageID=, lastState=ContainerState(running=null, terminated=null, waiting=null, additionalProperties={}), name=test-keycloak-kcpr14-db-schema-creation-job, ready=*****, restartCount=0, started=null, state=ContainerState(running=null, terminated=null, waiting=ContainerStateWaiting(message=null, reason=PodInitializing, additionalProperties={}), additionalProperties={}), additionalProperties={})], message=null, nominatedNodeName=null, phase=Pending, podIP=null, podIPs=[], qosClass=BestEffort, reason=null, startTime=2020-09-21T13:14:43Z, additionalProperties={})
MODIFIED:PodStatus(conditions=[PodCondition(lastProbeTime=null, lastTransitionTime=2020-09-21T13:14:43Z, message=containers with incomplete status: [test-keycloak-kcpr14-db-schema-creation-job], reason=ContainersNotInitialized, status=False, type=Initialized, additionalProperties={}), PodCondition(lastProbeTime=null, lastTransitionTime=2020-09-21T13:14:43Z, message=containers with unready status: [dummy], reason=ContainersNotReady, status=False, type=Ready, additionalProperties={}), PodCondition(lastProbeTime=null, lastTransitionTime=null, message=containers with unready status: [dummy], reason=ContainersNotReady, status=False, type=ContainersReady, additionalProperties={}), PodCondition(lastProbeTime=null, lastTransitionTime=2020-09-21T13:14:43Z, message=null, reason=null, status=True, type=PodScheduled, additionalProperties={})], containerStatuses=[ContainerStatus(containerID=null, image=docker.io/entando/busybox:latest, imageID=, lastState=ContainerState(running=null, terminated=null, waiting=null, additionalProperties={}), name=dummy, ready=*****, restartCount=0, started=null, state=ContainerState(running=null, terminated=null, waiting=ContainerStateWaiting(message=null, reason=PodInitializing, additionalProperties={}), additionalProperties={}), additionalProperties={})], ephemeralContainerStatuses=[], hostIP=54.36.53.206, initContainerStatuses=[ContainerStatus(containerID=docker://18757dcfa15b25158d0c7ce4e3601e09e01ea6121ece092f9844a13e24fe4848, image=docker.io/entando/entando-k8s-dbjob:6.1.4, imageID=docker-pullable://docker.io/entando/entando-k8s-dbjob@sha256:a571dc5f4f72668359ed7de82b06347ef103e91ac3fc9e381259fdfff417506a, lastState=ContainerState(running=null, terminated=null, waiting=null, additionalProperties={}), name=test-keycloak-kcpr14-db-schema-creation-job, ready=*****, restartCount=0, started=null, state=ContainerState(running=ContainerStateRunning(startedAt=2020-09-21T13:15:00Z, additionalProperties={}), terminated=null, waiting=null, additionalProperties={}), additionalProperties={})], message=null, nominatedNodeName=null, phase=Pending, podIP=10.128.0.255, podIPs=[], qosClass=BestEffort, reason=null, startTime=2020-09-21T13:14:43Z, additionalProperties={})
MODIFIED:PodStatus(conditions=[PodCondition(lastProbeTime=null, lastTransitionTime=2020-09-21T13:15:03Z, message=null, reason=null, status=True, type=Initialized, additionalProperties={}), PodCondition(lastProbeTime=null, lastTransitionTime=2020-09-21T13:14:43Z, message=containers with unready status: [dummy], reason=ContainersNotReady, status=False, type=Ready, additionalProperties={}), PodCondition(lastProbeTime=null, lastTransitionTime=null, message=containers with unready status: [dummy], reason=ContainersNotReady, status=False, type=ContainersReady, additionalProperties={}), PodCondition(lastProbeTime=null, lastTransitionTime=2020-09-21T13:14:43Z, message=null, reason=null, status=True, type=PodScheduled, additionalProperties={})], containerStatuses=[ContainerStatus(containerID=null, image=docker.io/entando/busybox:latest, imageID=, lastState=ContainerState(running=null, terminated=null, waiting=null, additionalProperties={}), name=dummy, ready=*****, restartCount=0, started=null, state=ContainerState(running=null, terminated=null, waiting=ContainerStateWaiting(message=null, reason=PodInitializing, additionalProperties={}), additionalProperties={}), additionalProperties={})], ephemeralContainerStatuses=[], hostIP=54.36.53.206, initContainerStatuses=[ContainerStatus(containerID=docker://18757dcfa15b25158d0c7ce4e3601e09e01ea6121ece092f9844a13e24fe4848, image=docker.io/entando/entando-k8s-dbjob:6.1.4, imageID=docker-pullable://docker.io/entando/entando-k8s-dbjob@sha256:a571dc5f4f72668359ed7de82b06347ef103e91ac3fc9e381259fdfff417506a, lastState=ContainerState(running=null, terminated=null, waiting=null, additionalProperties={}), name=test-keycloak-kcpr14-db-schema-creation-job, ready=true, restartCount=0, started=null, state=ContainerState(running=null, terminated=ContainerStateTerminated(containerID=docker://18757dcfa15b25158d0c7ce4e3601e09e01ea6121ece092f9844a13e24fe4848, exitCode=0, finishedAt=2020-09-21T13:15:03Z, message=null, reason=Completed, signal=null, startedAt=2020-09-21T13:15:00Z, additionalProperties={}), waiting=null, additionalProperties={}), additionalProperties={})], message=null, nominatedNodeName=null, phase=Pending, podIP=10.128.0.255, podIPs=[], qosClass=BestEffort, reason=null, startTime=2020-09-21T13:14:43Z, additionalProperties={})
MODIFIED:PodStatus(conditions=[PodCondition(lastProbeTime=null, lastTransitionTime=2020-09-21T13:15:03Z, message=null, reason=null, status=True, type=Initialized, additionalProperties={}), PodCondition(lastProbeTime=null, lastTransitionTime=2020-09-21T13:15:06Z, message=null, reason=null, status=True, type=Ready, additionalProperties={}), PodCondition(lastProbeTime=null, lastTransitionTime=null, message=null, reason=null, status=True, type=ContainersReady, additionalProperties={}), PodCondition(lastProbeTime=null, lastTransitionTime=2020-09-21T13:14:43Z, message=null, reason=null, status=True, type=PodScheduled, additionalProperties={})], containerStatuses=[ContainerStatus(containerID=docker://5909d50644c8e035ffa65fece051453b65bff227d194490f7e7d73311f41f522, image=docker.io/entando/busybox:latest, imageID=docker-pullable://docker.io/entando/busybox@sha256:400ee2ed939df769d4681023810d2e4fb9479b8401d97003c710d0e20f7c49c6, lastState=ContainerState(running=null, terminated=null, waiting=null, additionalProperties={}), name=dummy, ready=true, restartCount=0, started=null, state=ContainerState(running=ContainerStateRunning(startedAt=2020-09-21T13:15:05Z, additionalProperties={}), terminated=null, waiting=null, additionalProperties={}), additionalProperties={})], ephemeralContainerStatuses=[], hostIP=54.36.53.206, initContainerStatuses=[ContainerStatus(containerID=docker://18757dcfa15b25158d0c7ce4e3601e09e01ea6121ece092f9844a13e24fe4848, image=docker.io/entando/entando-k8s-dbjob:6.1.4, imageID=docker-pullable://docker.io/entando/entando-k8s-dbjob@sha256:a571dc5f4f72668359ed7de82b06347ef103e91ac3fc9e381259fdfff417506a, lastState=ContainerState(running=null, terminated=null, waiting=null, additionalProperties={}), name=test-keycloak-kcpr14-db-schema-creation-job, ready=true, restartCount=0, started=null, state=ContainerState(running=null, terminated=ContainerStateTerminated(containerID=docker://18757dcfa15b25158d0c7ce4e3601e09e01ea6121ece092f9844a13e24fe4848, exitCode=0, finishedAt=2020-09-21T13:15:03Z, message=null, reason=Completed, signal=null, startedAt=2020-09-21T13:15:00Z, additionalProperties={}), waiting=null, additionalProperties={}), additionalProperties={})], message=null, nominatedNodeName=null, phase=Running, podIP=10.128.0.255, podIPs=[], qosClass=BestEffort, reason=null, startTime=2020-09-21T13:14:43Z, additionalProperties={})
MODIFIED:PodStatus(conditions=[PodCondition(lastProbeTime=null, lastTransitionTime=2020-09-21T13:15:03Z, message=null, reason=PodCompleted, status=True, type=Initialized, additionalProperties={}), PodCondition(lastProbeTime=null, lastTransitionTime=2020-09-21T13:15:07Z, message=null, reason=PodCompleted, status=False, type=Ready, additionalProperties={}), PodCondition(lastProbeTime=null, lastTransitionTime=null, message=null, reason=PodCompleted, status=False, type=ContainersReady, additionalProperties={}), PodCondition(lastProbeTime=null, lastTransitionTime=2020-09-21T13:14:43Z, message=null, reason=null, status=True, type=PodScheduled, additionalProperties={})], containerStatuses=[ContainerStatus(containerID=docker://5909d50644c8e035ffa65fece051453b65bff227d194490f7e7d73311f41f522, image=docker.io/entando/busybox:latest, imageID=docker-pullable://docker.io/entando/busybox@sha256:400ee2ed939df769d4681023810d2e4fb9479b8401d97003c710d0e20f7c49c6, lastState=ContainerState(running=null, terminated=null, waiting=null, additionalProperties={}), name=dummy, ready=*****, restartCount=0, started=null, state=ContainerState(running=null, terminated=ContainerStateTerminated(containerID=docker://5909d50644c8e035ffa65fece051453b65bff227d194490f7e7d73311f41f522, exitCode=0, finishedAt=2020-09-21T13:15:06Z, message=null, reason=Completed, signal=null, startedAt=2020-09-21T13:15:05Z, additionalProperties={}), waiting=null, additionalProperties={}), additionalProperties={})], ephemeralContainerStatuses=[], hostIP=54.36.53.206, initContainerStatuses=[ContainerStatus(containerID=docker://18757dcfa15b25158d0c7ce4e3601e09e01ea6121ece092f9844a13e24fe4848, image=docker.io/entando/entando-k8s-dbjob:6.1.4, imageID=docker-pullable://docker.io/entando/entando-k8s-dbjob@sha256:a571dc5f4f72668359ed7de82b06347ef103e91ac3fc9e381259fdfff417506a, lastState=ContainerState(running=null, terminated=null, waiting=null, additionalProperties={}), name=test-keycloak-kcpr14-db-schema-creation-job, ready=true, restartCount=0, started=null, state=ContainerState(running=null, terminated=ContainerStateTerminated(containerID=docker://18757dcfa15b25158d0c7ce4e3601e09e01ea6121ece092f9844a13e24fe4848, exitCode=0, finishedAt=2020-09-21T13:15:03Z, message=null, reason=Completed, signal=null, startedAt=2020-09-21T13:15:00Z, additionalProperties={}), waiting=null, additionalProperties={}), additionalProperties={})], message=null, nominatedNodeName=null, phase=Succeeded, podIP=10.128.0.255, podIPs=[], qosClass=BestEffort, reason=null, startTime=2020-09-21T13:14:43Z, additionalProperties={})
Finished: test-keycloak-kcpr14-db-preparation-job-6f94d1e3-4
ADDED:PodStatus(conditions=[PodCondition(lastProbeTime=null, lastTransitionTime=2020-09-21T13:15:12Z, message=null, reason=null, status=True, type=PodScheduled, additionalProperties={})], containerStatuses=[], ephemeralContainerStatuses=[], hostIP=null, initContainerStatuses=[], message=null, nominatedNodeName=null, phase=Pending, podIP=null, podIPs=[], qosClass=Burstable, reason=null, startTime=null, additionalProperties={})
MODIFIED:PodStatus(conditions=[PodCondition(lastProbeTime=null, lastTransitionTime=2020-09-21T13:15:12Z, message=null, reason=null, status=True, type=Initialized, additionalProperties={}), PodCondition(lastProbeTime=null, lastTransitionTime=2020-09-21T13:15:12Z, message=containers with unready status: [server-container], reason=ContainersNotReady, status=False, type=Ready, additionalProperties={}), PodCondition(lastProbeTime=null, lastTransitionTime=null, message=containers with unready status: [server-container], reason=ContainersNotReady, status=False, type=ContainersReady, additionalProperties={}), PodCondition(lastProbeTime=null, lastTransitionTime=2020-09-21T13:15:12Z, message=null, reason=null, status=True, type=PodScheduled, additionalProperties={})], containerStatuses=[ContainerStatus(containerID=null, image=docker.io/entando/entando-keycloak:6.1.2, imageID=, lastState=ContainerState(running=null, terminated=null, waiting=null, additionalProperties={}), name=server-container, ready=*****, restartCount=0, started=null, state=ContainerState(running=null, terminated=null, waiting=ContainerStateWaiting(message=null, reason=ContainerCreating, additionalProperties={}), additionalProperties={}), additionalProperties={})], ephemeralContainerStatuses=[], hostIP=54.36.53.206, initContainerStatuses=[], message=null, nominatedNodeName=null, phase=Pending, podIP=null, podIPs=[], qosClass=Burstable, reason=null, startTime=2020-09-21T13:15:12Z, additionalProperties={})
MODIFIED:PodStatus(conditions=[PodCondition(lastProbeTime=null, lastTransitionTime=2020-09-21T13:15:12Z, message=null, reason=null, status=True, type=Initialized, additionalProperties={}), PodCondition(lastProbeTime=null, lastTransitionTime=2020-09-21T13:15:12Z, message=containers with unready status: [server-container], reason=ContainersNotReady, status=False, type=Ready, additionalProperties={}), PodCondition(lastProbeTime=null, lastTransitionTime=null, message=containers with unready status: [server-container], reason=ContainersNotReady, status=False, type=ContainersReady, additionalProperties={}), PodCondition(lastProbeTime=null, lastTransitionTime=2020-09-21T13:15:12Z, message=null, reason=null, status=True, type=PodScheduled, additionalProperties={})], containerStatuses=[ContainerStatus(containerID=docker://d3f1bf1db5cb553064606028bd93b568c456592c5e91594bcbbe82fd9b9f8c15, image=docker.io/entando/entando-keycloak:6.1.2, imageID=docker-pullable://docker.io/entando/entando-keycloak@sha256:a21877431e78b5e0eae9b174d41b29c144e3e9151ee7efb357e032b36782b561, lastState=ContainerState(running=null, terminated=null, waiting=null, additionalProperties={}), name=server-container, ready=*****, restartCount=0, started=null, state=ContainerState(running=ContainerStateRunning(startedAt=2020-09-21T13:15:36Z, additionalProperties={}), terminated=null, waiting=null, additionalProperties={}), additionalProperties={})], ephemeralContainerStatuses=[], hostIP=54.36.53.206, initContainerStatuses=[], message=null, nominatedNodeName=null, phase=Running, podIP=10.128.1.0, podIPs=[], qosClass=Burstable, reason=null, startTime=2020-09-21T13:15:12Z, additionalProperties={})
MODIFIED:PodStatus(conditions=[PodCondition(lastProbeTime=null, lastTransitionTime=2020-09-21T13:15:12Z, message=null, reason=null, status=True, type=Initialized, additionalProperties={}), PodCondition(lastProbeTime=null, lastTransitionTime=2020-09-21T13:17:48Z, message=null, reason=null, status=True, type=Ready, additionalProperties={}), PodCondition(lastProbeTime=null, lastTransitionTime=null, message=null, reason=null, status=True, type=ContainersReady, additionalProperties={}), PodCondition(lastProbeTime=null, lastTransitionTime=2020-09-21T13:15:12Z, message=null, reason=null, status=True, type=PodScheduled, additionalProperties={})], containerStatuses=[ContainerStatus(containerID=docker://d3f1bf1db5cb553064606028bd93b568c456592c5e91594bcbbe82fd9b9f8c15, image=docker.io/entando/entando-keycloak:6.1.2, imageID=docker-pullable://docker.io/entando/entando-keycloak@sha256:a21877431e78b5e0eae9b174d41b29c144e3e9151ee7efb357e032b36782b561, lastState=ContainerState(running=null, terminated=null, waiting=null, additionalProperties={}), name=server-container, ready=true, restartCount=0, started=null, state=ContainerState(running=ContainerStateRunning(startedAt=2020-09-21T13:15:36Z, additionalProperties={}), terminated=null, waiting=null, additionalProperties={}), additionalProperties={})], ephemeralContainerStatuses=[], hostIP=54.36.53.206, initContainerStatuses=[], message=null, nominatedNodeName=null, phase=Running, podIP=10.128.1.0, podIPs=[], qosClass=Burstable, reason=null, startTime=2020-09-21T13:15:12Z, additionalProperties={})
Finished: test-keycloak-kcpr14-server-deployment-77788785bd-sjnjt
200:OK
[INFO] Tests run: 1, Failures: 0, Errors: 0, Skipped: 0, Time elapsed: 485.439 s - in org.entando.kubernetes.controller.keycloakserver.interprocesstests.AddEntandoKeycloakServerWithExternalPostgresqlDatabaseIT
[INFO] 
[INFO] Results:
[INFO] 
[ERROR] Errors: 
[ERROR]   AddEntandoKeycloakServerWithContainerizedDatabaseIT.create:51 Â» ConditionTimeout
[INFO] 
[ERROR] Tests run: 2, Failures: 0, Errors: 1, Skipped: 0
[INFO] 
[INFO] 
[INFO] --- maven-surefire-report-plugin:3.0.0-M4:failsafe-report-only (integration-tests) @ entando-k8s-keycloak-controller ---
[WARNING] Unable to locate Test Source XRef to link to - DISABLED
[INFO] 
[INFO] --- maven-surefire-report-plugin:3.0.0-M4:report-only (unit-tests) @ entando-k8s-keycloak-controller ---
[WARNING] Unable to locate Test Source XRef to link to - DISABLED
[INFO] 
[INFO] --- maven-failsafe-plugin:3.0.0-M4:verify (run-tests) @ entando-k8s-keycloak-controller ---
[ERROR] There are test failures.

Please refer to /workspace/source/target/failsafe-reports for the individual test results.
Please refer to dump files (if any exist) [date].dump, [date]-***Run[N].dump and [date].dumpstream.
[INFO] ------------------------------------------------------------------------
[INFO] BUILD SUCCESS
[INFO] ------------------------------------------------------------------------
[INFO] Total time:  09:14 min
[INFO] Finished at: 2020-09-21T13:17:58Z
[INFO] ------------------------------------------------------------------------
shallow cloning https://github.com/entando-k8s/devops-results.git branch gh-pages
ran git init in /tmp/jenkins-x-collect492802483
ran git add remote origin https://github.com/entando-k8s/devops-results.git in /tmp/jenkins-x-collect492802483
ran git fetch origin --depth=1 gh-pages in dir /tmp/jenkins-x-collect492802483
Publishing https://raw.githubusercontent.com/entando-k8s/devops-results/gh-pages/entando-k8s-keycloak-controller/PR-14/failsafe-report.html
error: failed to collect patterns target/site/failsafe-report* to path entando-k8s-keycloak-controller/PR-14: Have you set up a git credential helper? See https://help.github.com/articles/caching-your-github-password-in-git/
: git output: To https://github.com/entando-k8s/devops-results.git
 ! [rejected]          gh-pages -> gh-pages (fetch first)
error: failed to push some refs to 'https://github.com/entando-k8s/devops-results.git'
hint: Updates were rejected because the remote contains work that you do
hint: not have locally. This is usually caused by another repository pushing
hint: to the same ref. You may want to first integrate the remote changes
hint: (e.g., 'git pull ...') before pushing again.
hint: See the 'Note about fast-forwards' in 'git push --help' for details.: failed to run 'git push origin gh-pages' command in directory '/tmp/jenkins-x-collect492802483', output: 'To https://github.com/entando-k8s/devops-results.git
 ! [rejected]          gh-pages -> gh-pages (fetch first)
error: failed to push some refs to 'https://github.com/entando-k8s/devops-results.git'
hint: Updates were rejected because the remote contains work that you do
hint: not have locally. This is usually caused by another repository pushing
hint: to the same ref. You may want to first integrate the remote changes
hint: (e.g., 'git pull ...') before pushing again.
hint: See the 'Note about fast-forwards' in 'git push --help' for details.'
Post-deployment tests failed for entando-k8s-keycloak-controller-PR-14.
  % Total    % Received % Xferd  Average Speed   Time    Time     Time  Current
                                 Dload  Upload   Total   Spent    Left  Speed
{
  "url": "https://api.github.com/repos/entando-k8s/entando-k8s-keycloak-controller/statuses/94bad656fe216b4dbcee63b00ee7fe0ef8cb4722",
  "avatar_url": "https://avatars2.githubusercontent.com/u/57885396?v=4",
  "id": 10820886384,
  "node_id": "MDEzOlN0YXR1c0NvbnRleHQxMDgyMDg4NjM4NA==",
  "state": "failure",
  "description": "Post-deployment tests failure!",
  "target_url": "https://entando-k8s.github.io/devops-results/entando-k8s-keycloak-controller/PR-14/failsafe-report.html",
  "context": "Post-deployment tests",
  "created_at": "2020-09-21T13:20:32Z",
  "updated_at": "2020-09-21T13:20:32Z",
  "creator": {
    "login": "entando-**",
    "id": 57885396,
    "node_id": "MDQ6VXNlcjU3ODg1Mzk2",
    "avatar_url": "https://avatars2.githubusercontent.com/u/57885396?v=4",
    "gravatar_id": "",
    "url": "https://api.github.com/users/**********",
    "html_url": "https://github.com/**********",
    "followers_url": "https://api.github.com/users/**********/followers",
    "following_url": "https://api.github.com/users/entando-**/following{/other_user}",
    "gists_url": "https://api.github.com/users/entando-**/gists{/gist_id}",
    "starred_url": "https://api.github.com/users/**********/starred{/owner}{/repo}",
    "subscriptions_url": "https://api.github.com/users/**********/subscriptions",
    "organizations_url": "https://api.github.com/users/**********/orgs",
    "repos_url": "https://api.github.com/users/**********/repos",
    "events_url": "https://api.github.com/users/**********/events{/privacy}",
    "received_events_url": "https://api.github.com/users/**********/received_events",
    "type": "User",
    "site_*****": *****
  }
}
  0     0    0     0    0     0      0      0 --:--:-- --:--:-- --:--:--     0 11  1886    0     0  100   225      0    181  0:00:01  0:00:01 --:--:--   182100  1886  100  1661  100   225   1342    181  0:00:01  0:00:01 --:--:--  1347
[31m
Pipeline failed on stage 'from-build-pack' : container 'step-promote-run-post-deployment-tests'. The execution of the pipeline has stopped.[0m
