
Showing logs for build [32mentando-k8s-entando-k8s-plugin-gtc4p-3[0m stage [32mfrom-build-pack[0m and container [32mstep-credential-initializer-lhqnx[0m
{"level":"warn","ts":1600692223.1377473,"logger":"fallback-logger","caller":"logging/config.go:69","msg":"Fetch GitHub commit ID from kodata failed: \"ref: refs/heads/0.8.0-**-support-backwards-incompats\" is not a valid GitHub commit ID"}
{"level":"info","ts":1600692223.1486611,"logger":"fallback-logger","caller":"creds-init/main.go:40","msg":"Credentials initialized."}

Showing logs for build [32mentando-k8s-entando-k8s-plugin-gtc4p-3[0m stage [32mfrom-build-pack[0m and container [32mstep-working-dir-initializer-9wr4j[0m
{"level":"warn","ts":1600692224.2411206,"logger":"fallback-logger","caller":"logging/config.go:69","msg":"Fetch GitHub commit ID from kodata failed: open /var/run/ko/HEAD: no such file or directory"}
{"level":"info","ts":1600692224.2549293,"logger":"fallback-logger","caller":"bash/main.go:64","msg":"Successfully e**cuted command \"sh -c mkdir -p /workspace/source\"; output "}

Showing logs for build [32mentando-k8s-entando-k8s-plugin-gtc4p-3[0m stage [32mfrom-build-pack[0m and container [32mstep-place-tools[0m

Showing logs for build [32mentando-k8s-entando-k8s-plugin-gtc4p-3[0m stage [32mfrom-build-pack[0m and container [32mstep-git-source-entando-k8s-entando-k8s-plugin-8ksrq[0m
{"level":"warn","ts":1600692277.2806985,"logger":"fallback-logger","caller":"logging/config.go:69","msg":"Fetch GitHub commit ID from kodata failed: \"ref: refs/heads/0.8.0-**-support-backwards-incompats\" is not a valid GitHub commit ID"}
{"level":"info","ts":1600692278.5816126,"logger":"fallback-logger","caller":"git/git.go:103","msg":"Successfully cloned https://github.com/entando-k8s/entando-k8s-plugin-controller.git @ master in path /workspace/source"}

Showing logs for build [32mentando-k8s-entando-k8s-plugin-gtc4p-3[0m stage [32mfrom-build-pack[0m and container [32mstep-git-merge[0m
Using SHAs from PULL_REFS=master:7e590c709df2761e43c3fbf2edff57654e6e23ed,12:6784775c79b4b4e02ce88e703dfd91a30be86a39
DEBUG: ran git fetch --unshallow origin 6784775c79b4b4e02ce88e703dfd91a30be86a39: 7e590c709df2761e43c3fbf2edff57654e6e23ed: in 
DEBUG: ran git checkout master in 
DEBUG: ran git reset --hard 7e590c709df2761e43c3fbf2edff57654e6e23ed in 
DEBUG: ran clean --force -d . in 
DEBUG: ran git merge 6784775c79b4b4e02ce88e703dfd91a30be86a39 in 
Merged SHA 6784775c79b4b4e02ce88e703dfd91a30be86a39 with commit message 'Merge branch 'ENG-1205_no_get_secret_required' of github.com:entando-k8s/entando-k8s-plugin-controller into ENG-1205_no_get_secret_required' into base branch master
Merged SHA e378f7257f3a7fe117546f8b45cc2f500d9aff32 with commit message 'Merge branch 'master' of github.com:entando-k8s/entando-k8s-plugin-controller into ENG-1205_no_get_secret_required' into base branch master
Merged SHA 19edb3be3bf832c32b16087b631700254116a5be with commit message 'ENG-1205 bumped to latest parent pom' into base branch master
Merged SHA 228faf41e07a8f1238665c339e6a81130389e4f3 with commit message 'Merge branch 'master' into ENG-1205_no_get_secret_required' into base branch master
Merged SHA c0d099ab684e0be32cb0022c89d5f5866b393f19 with commit message 'ENG-1205 removed requirement for get access to secrets' into base branch master

Showing logs for build [32mentando-k8s-entando-k8s-plugin-gtc4p-3[0m stage [32mfrom-build-pack[0m and container [32mstep-build-set-version[0m
Picked up _JAVA_OPTIONS: -XX:+UnlockExperimentalVMOptions -Dsun.zip.disableMemoryMapping=true -XX:+UseParallelGC -XX:MinHeapFreeRatio=5 -XX:MaxHeapFreeRatio=10 -XX:GCTimeRatio=4 -XX:AdaptiveSizePolicyWeight=90 -Xms1000m -Xmx12000m
[INFO] Scanning for projects...
[WARNING] 
[WARNING] Some problems were encountered while building the effective model for org.entando:entando-k8s-plugin-controller:jar:6.2.0-SNAPSHOT
[WARNING] 'dependencyManagement.dependencies.dependency.(groupId:artifactId:type:classifier)' must be unique: org.yaml:snakeyaml:jar -> version 1.27 vs ${snakeyaml.version} @ org.entando:entando-quarkus-parent:6.2.2, /home/jenkins/.mvnrepository/org/entando/entando-quarkus-parent/6.2.2/entando-quarkus-parent-6.2.2.pom, line 283, column 25
[WARNING] 
[WARNING] It is highly recommended to fix these problems because they threaten the stability of your build.
[WARNING] 
[WARNING] For this reason, future Maven versions might no longer support building such malformed projects.
[WARNING] 
[INFO] 
[INFO] -------------< org.entando:entando-k8s-plugin-controller >--------------
[INFO] Building Entando K8S Controller for Entando Plugin Deployments 6.2.0-SNAPSHOT
[INFO] --------------------------------[ jar ]---------------------------------
[INFO] 
[INFO] --- versions-maven-plugin:2.8.1:set (default-cli) @ entando-k8s-plugin-controller ---
[INFO] Local aggregation ****: /workspace/source
[INFO] Processing change of org.entando:entando-k8s-plugin-controller:6.2.0-SNAPSHOT -> 0.0.0-SNAPSHOT-PR-12-3
[INFO] Processing org.entando:entando-k8s-plugin-controller
[INFO]     Updating project org.entando:entando-k8s-plugin-controller
[INFO]         from version 6.2.0-SNAPSHOT to 0.0.0-SNAPSHOT-PR-12-3
[INFO] 
[INFO] ------------------------------------------------------------------------
[INFO] BUILD SUCCESS
[INFO] ------------------------------------------------------------------------
[INFO] Total time:  9.531 s
[INFO] Finished at: 2020-09-21T12:44:53Z
[INFO] ------------------------------------------------------------------------

Showing logs for build [32mentando-k8s-entando-k8s-plugin-gtc4p-3[0m stage [32mfrom-build-pack[0m and container [32mstep-build-fix-git-for-sonar[0m
Switched to a new branch 'PR-12'
M	pom.xml
Deleted branch master (was 6784775).
From https://github.com/entando-k8s/entando-k8s-plugin-controller
 * [new branch]      master     -> master

Showing logs for build [32mentando-k8s-entando-k8s-plugin-gtc4p-3[0m stage [32mfrom-build-pack[0m and container [32mstep-build-mvn-verify-pr[0m
  % Total    % Received % Xferd  Average Speed   Time    Time     Time  Current
                                 Dload  Upload   Total   Spent    Left  Speed
  0     0    0     0    0     0      0      0 --:--:-- --:--:-- --:--:--     0 11  1876    0     0  100   221      0    361 --:--:-- --:--:-- --:--:--   362100  1876  100  1655  100   221   2703    360 --:--:-- --:--:-- --:--:--  2713
{
  "url": "https://api.github.com/repos/entando-k8s/entando-k8s-plugin-controller/statuses/6784775c79b4b4e02ce88e703dfd91a30be86a39",
  "avatar_url": "https://avatars2.githubusercontent.com/u/57885396?v=4",
  "id": 10820530039,
  "node_id": "MDEzOlN0YXR1c0NvbnRleHQxMDgyMDUzMDAzOQ==",
  "state": "pending",
  "description": "Pre-deployment tests pending!",
  "target_url": "https://entando-k8s.github.io/devops-results/entando-k8s-plugin-controller/PR-12/surefire-report.html",
  "context": "Pre-deployment tests",
  "created_at": "2020-09-21T12:44:56Z",
  "updated_at": "2020-09-21T12:44:56Z",
  "creator": {
    "login": "**********",
    "id": 57885396,
    "node_id": "MDQ6VXNlcjU3ODg1Mzk2",
    "avatar_url": "https://avatars2.githubusercontent.com/u/57885396?v=4",
    "gravatar_id": "",
    "url": "https://api.github.com/users/entando-**",
    "html_url": "https://github.com/entando-**",
    "followers_url": "https://api.github.com/users/entando-**/followers",
    "following_url": "https://api.github.com/users/**********/following{/other_user}",
    "gists_url": "https://api.github.com/users/entando-**/gists{/gist_id}",
    "starred_url": "https://api.github.com/users/entando-**/starred{/owner}{/repo}",
    "subscriptions_url": "https://api.github.com/users/**********/subscriptions",
    "organizations_url": "https://api.github.com/users/entando-**/orgs",
    "repos_url": "https://api.github.com/users/entando-**/repos",
    "events_url": "https://api.github.com/users/entando-**/events{/privacy}",
    "received_events_url": "https://api.github.com/users/entando-**/received_events",
    "type": "User",
    "site_*****": *****
  }
}
  % Total    % Received % Xferd  Average Speed   Time    Time     Time  Current
                                 Dload  Upload   Total   Spent    Left  Speed
  0     0    0     0    0     0      0      0 --:--:-- --:--:-- --:--:--     0 11  1880    0     0  100   223      0    268 --:--:-- --:--:-- --:--:--   268100  1880  100  1657  100   223   1992    268 --:--:-- --:--:-- --:--:--  1991
{
  "url": "https://api.github.com/repos/entando-k8s/entando-k8s-plugin-controller/statuses/6784775c79b4b4e02ce88e703dfd91a30be86a39",
  "avatar_url": "https://avatars2.githubusercontent.com/u/57885396?v=4",
  "id": 10820530172,
  "node_id": "MDEzOlN0YXR1c0NvbnRleHQxMDgyMDUzMDE3Mg==",
  "state": "pending",
  "description": "Post-deployment tests pending!",
  "target_url": "https://entando-k8s.github.io/devops-results/entando-k8s-plugin-controller/PR-12/failsafe-report.html",
  "context": "Post-deployment tests",
  "created_at": "2020-09-21T12:44:57Z",
  "updated_at": "2020-09-21T12:44:57Z",
  "creator": {
    "login": "**********",
    "id": 57885396,
    "node_id": "MDQ6VXNlcjU3ODg1Mzk2",
    "avatar_url": "https://avatars2.githubusercontent.com/u/57885396?v=4",
    "gravatar_id": "",
    "url": "https://api.github.com/users/**********",
    "html_url": "https://github.com/entando-**",
    "followers_url": "https://api.github.com/users/entando-**/followers",
    "following_url": "https://api.github.com/users/**********/following{/other_user}",
    "gists_url": "https://api.github.com/users/**********/gists{/gist_id}",
    "starred_url": "https://api.github.com/users/**********/starred{/owner}{/repo}",
    "subscriptions_url": "https://api.github.com/users/**********/subscriptions",
    "organizations_url": "https://api.github.com/users/**********/orgs",
    "repos_url": "https://api.github.com/users/entando-**/repos",
    "events_url": "https://api.github.com/users/**********/events{/privacy}",
    "received_events_url": "https://api.github.com/users/entando-**/received_events",
    "type": "User",
    "site_*****": *****
  }
}
  % Total    % Received % Xferd  Average Speed   Time    Time     Time  Current
                                 Dload  Upload   Total   Spent    Left  Speed
  0     0    0     0    0     0      0      0 --:--:-- --:--:-- --:--:--     0100  1826  100  1630  100   196   2558    307 --:--:-- --:--:-- --:--:--  2562
{
  "url": "https://api.github.com/repos/entando-k8s/entando-k8s-plugin-controller/statuses/6784775c79b4b4e02ce88e703dfd91a30be86a39",
  "avatar_url": "https://avatars2.githubusercontent.com/u/57885396?v=4",
  "id": 10820530272,
  "node_id": "MDEzOlN0YXR1c0NvbnRleHQxMDgyMDUzMDI3Mg==",
  "state": "pending",
  "description": "Checkstyle pending!",
  "target_url": "https://entando-k8s.github.io/devops-results/entando-k8s-plugin-controller/PR-12/checkstyle.html",
  "context": "Checkstyle",
  "created_at": "2020-09-21T12:44:58Z",
  "updated_at": "2020-09-21T12:44:58Z",
  "creator": {
    "login": "entando-**",
    "id": 57885396,
    "node_id": "MDQ6VXNlcjU3ODg1Mzk2",
    "avatar_url": "https://avatars2.githubusercontent.com/u/57885396?v=4",
    "gravatar_id": "",
    "url": "https://api.github.com/users/entando-**",
    "html_url": "https://github.com/entando-**",
    "followers_url": "https://api.github.com/users/**********/followers",
    "following_url": "https://api.github.com/users/entando-**/following{/other_user}",
    "gists_url": "https://api.github.com/users/**********/gists{/gist_id}",
    "starred_url": "https://api.github.com/users/entando-**/starred{/owner}{/repo}",
    "subscriptions_url": "https://api.github.com/users/**********/subscriptions",
    "organizations_url": "https://api.github.com/users/**********/orgs",
    "repos_url": "https://api.github.com/users/entando-**/repos",
    "events_url": "https://api.github.com/users/entando-**/events{/privacy}",
    "received_events_url": "https://api.github.com/users/entando-**/received_events",
    "type": "User",
    "site_*****": *****
  }
}
  % Total    % Received % Xferd  Average Speed   Time    Time     Time  Current
                                 Dload  Upload   Total   Spent    Left  Speed
  0     0    0     0    0     0      0      0 --:--:-- --:--:-- --:--:--     0  0     0    0     0    0     0      0      0 --:--:-- --:--:-- --:--:--     0100  1848  100  1641  100   207   2842    358 --:--:-- --:--:-- --:--:--  2839
{
  "url": "https://api.github.com/repos/entando-k8s/entando-k8s-plugin-controller/statuses/6784775c79b4b4e02ce88e703dfd91a30be86a39",
  "avatar_url": "https://avatars2.githubusercontent.com/u/57885396?v=4",
  "id": 10820530365,
  "node_id": "MDEzOlN0YXR1c0NvbnRleHQxMDgyMDUzMDM2NQ==",
  "state": "pending",
  "description": "OWASP CVE pending!",
  "target_url": "https://entando-k8s.github.io/devops-results/entando-k8s-plugin-controller/PR-12/dependency-check-report.html",
  "context": "OWASP CVE",
  "created_at": "2020-09-21T12:44:58Z",
  "updated_at": "2020-09-21T12:44:58Z",
  "creator": {
    "login": "**********",
    "id": 57885396,
    "node_id": "MDQ6VXNlcjU3ODg1Mzk2",
    "avatar_url": "https://avatars2.githubusercontent.com/u/57885396?v=4",
    "gravatar_id": "",
    "url": "https://api.github.com/users/**********",
    "html_url": "https://github.com/**********",
    "followers_url": "https://api.github.com/users/entando-**/followers",
    "following_url": "https://api.github.com/users/entando-**/following{/other_user}",
    "gists_url": "https://api.github.com/users/**********/gists{/gist_id}",
    "starred_url": "https://api.github.com/users/**********/starred{/owner}{/repo}",
    "subscriptions_url": "https://api.github.com/users/**********/subscriptions",
    "organizations_url": "https://api.github.com/users/entando-**/orgs",
    "repos_url": "https://api.github.com/users/entando-**/repos",
    "events_url": "https://api.github.com/users/entando-**/events{/privacy}",
    "received_events_url": "https://api.github.com/users/entando-**/received_events",
    "type": "User",
    "site_*****": *****
  }
}
Picked up _JAVA_OPTIONS: -XX:+UnlockExperimentalVMOptions -Dsun.zip.disableMemoryMapping=true -XX:+UseParallelGC -XX:MinHeapFreeRatio=5 -XX:MaxHeapFreeRatio=10 -XX:GCTimeRatio=4 -XX:AdaptiveSizePolicyWeight=90 -Xms1000m -Xmx12000m
[INFO] Scanning for projects...
[WARNING] 
[WARNING] Some problems were encountered while building the effective model for org.entando:entando-k8s-plugin-controller:jar:0.0.0-SNAPSHOT-PR-12-3
[WARNING] 'dependencyManagement.dependencies.dependency.(groupId:artifactId:type:classifier)' must be unique: org.yaml:snakeyaml:jar -> version 1.27 vs ${snakeyaml.version} @ org.entando:entando-quarkus-parent:6.2.2, /home/jenkins/.mvnrepository/org/entando/entando-quarkus-parent/6.2.2/entando-quarkus-parent-6.2.2.pom, line 283, column 25
[WARNING] 
[WARNING] It is highly recommended to fix these problems because they threaten the stability of your build.
[WARNING] 
[WARNING] For this reason, future Maven versions might no longer support building such malformed projects.
[WARNING] 
[INFO] 
[INFO] -------------< org.entando:entando-k8s-plugin-controller >--------------
[INFO] Building Entando K8S Controller for Entando Plugin Deployments 0.0.0-SNAPSHOT-PR-12-3
[INFO] --------------------------------[ jar ]---------------------------------
[INFO] 
[INFO] --- maven-checkstyle-plugin:3.1.1:check (validate) @ entando-k8s-plugin-controller ---
[INFO] Starting audit...
Audit done.
[INFO] You have 0 Checkstyle violations.
[INFO] 
[INFO] --- maven-checkstyle-plugin:3.1.1:checkstyle (validate) @ entando-k8s-plugin-controller ---
[INFO] Starting audit...
Audit done.
[INFO] 
[INFO] --- jacoco-maven-plugin:0.8.5:prepare-agent (prepare-agent) @ entando-k8s-plugin-controller ---
[INFO] argLine set to -javaagent:/home/jenkins/.mvnrepository/org/jacoco/org.jacoco.agent/0.8.5/org.jacoco.agent-0.8.5-runtime.jar=destfile=/workspace/source/target/jacoco.e**c
[INFO] 
[INFO] --- maven-resources-plugin:2.6:resources (default-resources) @ entando-k8s-plugin-controller ---
[INFO] Using 'UTF-8' encoding to copy filtered resources.
[INFO] Copying 3 resources
[INFO] 
[INFO] --- maven-compiler-plugin:3.8.1:compile (default-compile) @ entando-k8s-plugin-controller ---
[INFO] Changes detected - recompiling the module!
[INFO] Compiling 4 source files to /workspace/source/target/classes
[INFO] 
[INFO] --- maven-resources-plugin:2.6:testResources (default-testResources) @ entando-k8s-plugin-controller ---
[INFO] Using 'UTF-8' encoding to copy filtered resources.
[INFO] Copying 6 resources
[INFO] 
[INFO] --- maven-compiler-plugin:3.8.1:testCompile (default-testCompile) @ entando-k8s-plugin-controller ---
[INFO] Changes detected - recompiling the module!
[INFO] Compiling 8 source files to /workspace/source/target/test-classes
[INFO] 
[INFO] --- maven-surefire-plugin:3.0.0-M1:test (default-test) @ entando-k8s-plugin-controller ---
[INFO] 
[INFO] -------------------------------------------------------
[INFO]  T E S T S
[INFO] -------------------------------------------------------
[INFO] Running org.entando.kubernetes.controller.plugin.inprocesstests.DeployPluginTest
[INFO] Tests run: 5, Failures: 0, Errors: 0, Skipped: 0, Time elapsed: 4.91 s - in org.entando.kubernetes.controller.plugin.inprocesstests.DeployPluginTest
[INFO] Running org.entando.kubernetes.controller.plugin.inprocesstests.DeployPluginWithoutDbTest
[INFO] Tests run: 2, Failures: 0, Errors: 0, Skipped: 0, Time elapsed: 0.669 s - in org.entando.kubernetes.controller.plugin.inprocesstests.DeployPluginWithoutDbTest
[INFO] Running org.entando.kubernetes.controller.plugin.inprocesstests.DeployPluginWithoutSidecarTest
[INFO] Tests run: 1, Failures: 0, Errors: 0, Skipped: 0, Time elapsed: 0.357 s - in org.entando.kubernetes.controller.plugin.inprocesstests.DeployPluginWithoutSidecarTest
[INFO] Running org.entando.kubernetes.controller.plugin.inprocesstests.DeployPluginOnExternalDbTest
[INFO] Tests run: 3, Failures: 0, Errors: 0, Skipped: 0, Time elapsed: 1.312 s - in org.entando.kubernetes.controller.plugin.inprocesstests.DeployPluginOnExternalDbTest
[INFO] 
[INFO] Results:
[INFO] 
[INFO] Tests run: 11, Failures: 0, Errors: 0, Skipped: 0
[INFO] 
[INFO] 
[INFO] --- maven-jar-plugin:3.2.0:jar (default-jar) @ entando-k8s-plugin-controller ---
[INFO] Building jar: /workspace/source/target/entando-k8s-plugin-controller-0.0.0-SNAPSHOT-PR-12-3.jar
[INFO] 
[INFO] --- maven-jar-plugin:3.2.0:test-jar (build-test-jar) @ entando-k8s-plugin-controller ---
[INFO] Building jar: /workspace/source/target/entando-k8s-plugin-controller-0.0.0-SNAPSHOT-PR-12-3-tests.jar
[INFO] 
[INFO] --- quarkus-maven-plugin:1.2.0.Final:build (default) @ entando-k8s-plugin-controller ---
[WARNING] [io.quarkus.creator.curator.Curator] These dependencies are not recommended:
	- jakarta.xml.bind:jakarta.xml.bind-api should be replaced by org.jboss.spec.javax.xml.bind:jboss-jaxb-api_2.3_spec
	- javax.activation:activation should be replaced by com.sun.activation:jakarta.activation
You might end up with two different versions of the same classes or with an artifact you shouldn't have in your classpath.
[INFO] [org.jboss.threads] JBoss Threads version 3.0.0.Final
[INFO] [io.quarkus.deployment.pkg.steps.JarResultBuildStep] Building thin jar: /workspace/source/target/entando-k8s-plugin-controller-0.0.0-SNAPSHOT-PR-12-3-runner.jar
[INFO] [io.quarkus.deployment.QuarkusAugmentor] Quarkus augmentation completed in 1778ms
[INFO] 
[INFO] --- maven-surefire-report-plugin:3.0.0-M4:failsafe-report-only (integration-tests) @ entando-k8s-plugin-controller ---
[INFO] 
[INFO] --- dependency-check-maven:5.3.2:aggregate (default) @ entando-k8s-plugin-controller ---
[INFO] 

Dependency-Check is an open source tool performing a best effort analysis of 3rd party dependencies; ***** positives and ***** negatives may exist in the analysis performed by the tool. Use of the tool and the reporting provided constitutes acceptance for use in an AS IS condition, and there are NO warranties, implied or otherwise, with regard to the analysis or its use. Any use of the tool and the reporting provided is at the userâ€™s risk. In no event shall the copyright holder or OWASP be held liable for any damages whatsoever arising out of or in connection with the use of this tool, the analysis performed, or the resulting report.


[INFO] Analysis Started
[INFO] Finished Archive Analyzer (0 seconds)
[INFO] Finished File Name Analyzer (0 seconds)
[INFO] Finished Jar Analyzer (0 seconds)
[INFO] Finished Dependency Merging Analyzer (0 seconds)
[INFO] Finished Version Filter Analyzer (0 seconds)
[INFO] Finished Hint Analyzer (0 seconds)
[INFO] Created CPE Index (2 seconds)
[INFO] Finished CPE Analyzer (4 seconds)
[INFO] Finished False Positive Analyzer (0 seconds)
[INFO] Finished NVD CVE Analyzer (0 seconds)
[INFO] Finished Sonatype OSS Index Analyzer (1 seconds)
[INFO] Finished Vulnerability Suppression Analyzer (0 seconds)
[INFO] Finished Dependency Bundling Analyzer (0 seconds)
[INFO] Analysis Complete (8 seconds)
[INFO] 
[INFO] --- jacoco-maven-plugin:0.8.5:report (report) @ entando-k8s-plugin-controller ---
[INFO] Loading e**cution data file /workspace/source/target/jacoco.e**c
[INFO] Analyzed bundle 'Entando K8S Controller for Entando Plugin Deployments' with 4 classes
[INFO] 
[INFO] --- maven-surefire-report-plugin:3.0.0-M4:report-only (unit-tests) @ entando-k8s-plugin-controller ---
[WARNING] Unable to locate Test Source XRef to link to - DISABLED
[INFO] 
[INFO] --- maven-install-plugin:2.4:install (default-install) @ entando-k8s-plugin-controller ---
[INFO] Installing /workspace/source/target/entando-k8s-plugin-controller-0.0.0-SNAPSHOT-PR-12-3.jar to /home/jenkins/.mvnrepository/org/entando/entando-k8s-plugin-controller/0.0.0-SNAPSHOT-PR-12-3/entando-k8s-plugin-controller-0.0.0-SNAPSHOT-PR-12-3.jar
[INFO] Installing /workspace/source/pom.xml to /home/jenkins/.mvnrepository/org/entando/entando-k8s-plugin-controller/0.0.0-SNAPSHOT-PR-12-3/entando-k8s-plugin-controller-0.0.0-SNAPSHOT-PR-12-3.pom
[INFO] Installing /workspace/source/target/entando-k8s-plugin-controller-0.0.0-SNAPSHOT-PR-12-3-tests.jar to /home/jenkins/.mvnrepository/org/entando/entando-k8s-plugin-controller/0.0.0-SNAPSHOT-PR-12-3/entando-k8s-plugin-controller-0.0.0-SNAPSHOT-PR-12-3-tests.jar
[INFO] 
[INFO] --- maven-site-plugin:3.9.0:site (default-site) @ entando-k8s-plugin-controller ---
[INFO] configuring report plugin org.apache.maven.plugins:maven-project-info-reports-plugin:3.0.0
[INFO] 9 reports configured for maven-project-info-reports-plugin:3.0.0: dependency-info, distribution-management, index, ci-management, issue-management, licenses, plugins, scm, summary
[INFO] Rendering site with default locale English (en)
[WARNING] Unable to find a URL to the parent project. The parent menu will NOT be added.
[INFO] Relativizing decoration links with respect to localized project URL: https://central.entando.com
[INFO] Rendering content with org.apache.maven.skins:maven-default-skin:jar:1.3 skin.
[INFO] Generating "Dependency Information" report --- maven-project-info-reports-plugin:3.0.0:dependency-info
[INFO] Generating "About" report         --- maven-project-info-reports-plugin:3.0.0:index
[INFO] Generating "Issue Management" report --- maven-project-info-reports-plugin:3.0.0:issue-management
[INFO] Generating "Licenses" report      --- maven-project-info-reports-plugin:3.0.0:licenses
[INFO] Generating "Plugins" report       --- maven-project-info-reports-plugin:3.0.0:plugins
[INFO] Generating "Source Code Management" report --- maven-project-info-reports-plugin:3.0.0:scm
[INFO] Generating "Summary" report       --- maven-project-info-reports-plugin:3.0.0:summary
[INFO] 
[INFO] -------------< org.entando:entando-k8s-plugin-controller >--------------
[INFO] Building Entando K8S Controller for Entando Plugin Deployments 0.0.0-SNAPSHOT-PR-12-3
[INFO] --------------------------------[ jar ]---------------------------------
[INFO] 
[INFO] --- sonar-maven-plugin:3.7.0.1746:sonar (default-cli) @ entando-k8s-plugin-controller ---
[INFO] User cache: /****/.sonar/cache
[INFO] SonarQube version: 8.0.0
[INFO] Default locale: "en", source code encoding: "UTF-8"
[INFO] Load global settings
[INFO] Load global settings (done) | time=231ms
[INFO] Server id: 1BD809FA-AWHW8ct9-T_TB3XqouNu
[INFO] User cache: /****/.sonar/cache
[INFO] Load/download plugins
[INFO] Load plugins index
[INFO] Load plugins index (done) | time=76ms
[INFO] Load/download plugins (done) | time=21038ms
[INFO] Loaded core extensions: developer-scanner
[INFO] Process project properties
[INFO] E**cute project builders
[INFO] E**cute project builders (done) | time=2ms
[INFO] Project key: entando-k8s_entando-k8s-plugin-controller
[INFO] Base dir: /workspace/source
[INFO] Working dir: /workspace/source/target/sonar
[INFO] Load project settings for component key: 'entando-k8s_entando-k8s-plugin-controller'
[INFO] Load project settings for component key: 'entando-k8s_entando-k8s-plugin-controller' (done) | time=140ms
[INFO] Load project branches
[INFO] Load project branches (done) | time=33ms
[INFO] Check ALM binding of project 'entando-k8s_entando-k8s-plugin-controller'
[INFO] Detected project binding: BOUND
[INFO] Check ALM binding of project 'entando-k8s_entando-k8s-plugin-controller' (done) | time=23ms
[INFO] Load project pull requests
[INFO] Load project pull requests (done) | time=38ms
[INFO] Load branch configuration
[INFO] Load branch configuration (done) | time=579ms
[INFO] Load quality profiles
[INFO] Load quality profiles (done) | time=66ms
[INFO] Load active rules
[INFO] Load active rules (done) | time=1840ms
[INFO] Organization key: entando-k8s
[INFO] Pull request 12 for merge into master from ENG-1205_no_get_secret_required
[INFO] SCM collecting changed files in the branch
[WARNING] Exception caught during e**cution of command '[git, config, --******, --edit]' in '/usr/local/git/bin', return code '128', error message 'fatal: Invalid path '/usr/local/git/etc': No such file or directory
'
[INFO] SCM collecting changed files in the branch (done) | time=315ms
[INFO] Indexing files...
[INFO] Project configuration:
[INFO] 13 files inde**d
[INFO] 0 files ignored because of scm ignore settings
[INFO] Quality profile for java: Sonar way
[INFO] Quality profile for xml: Sonar way
[INFO] ------------- Run sensors on module Entando K8S Controller for Entando Plugin Deployments
[INFO] Load metrics repository
[INFO] Load metrics repository (done) | time=28ms
WARNING: An illegal reflective access operation has occurred
WARNING: Illegal reflective access by net.sf.cglib.core.ReflectUtils$1 (file:/****/.sonar/cache/a89f1943fc75b65becd9fb4ecab8d913/sonar-tsql-plugin.jar) to method java.lang.ClassLoader.defineClass(java.lang.String,byte[],int,int,java.security.ProtectionDomain)
WARNING: Please consider reporting this to the maintainers of net.sf.cglib.core.ReflectUtils$1
WARNING: Use --illegal-access=warn to enable warnings of further illegal reflective access operations
WARNING: All illegal access operations will be denied in a future release
[INFO] Sensor JavaSquidSensor [java]
[INFO] Configured Java source version (sonar.java.source): 8
[INFO] JavaClasspath initialization
[INFO] JavaClasspath initialization (done) | time=15ms
[INFO] JavaTestClasspath initialization
[INFO] JavaTestClasspath initialization (done) | time=3ms
[INFO] Java Main Files AST scan
[INFO] 4 source files to be analyzed
[INFO] 4/4 source files have been analyzed
[INFO] Java Main Files AST scan (done) | time=3743ms
[INFO] Java Test Files AST scan
[INFO] 8 source files to be analyzed
[INFO] Java Test Files AST scan (done) | time=932ms
[INFO] 8/8 source files have been analyzed
[INFO] Java Generated Files AST scan
[INFO] 0 source files to be analyzed
[INFO] Java Generated Files AST scan (done) | time=1ms
[INFO] Sensor JavaSquidSensor [java] (done) | time=4873ms
[INFO] Sensor SonarCSS Rules [cssfamily]
[INFO] 0/0 source files have been analyzed
[INFO] No CSS, PHP, HTML or VueJS files are found in the project. CSS analysis is skipped.
[INFO] Sensor SonarCSS Rules [cssfamily] (done) | time=1ms
[INFO] Sensor Import of Checkstyle issues [java]
[INFO] Importing /workspace/source/target/checkstyle-result.xml
[INFO] Sensor Import of Checkstyle issues [java] (done) | time=89ms
[INFO] Sensor SurefireSensor [java]
[INFO] parsing [/workspace/source/target/surefire-reports]
[INFO] Sensor SurefireSensor [java] (done) | time=53ms
[INFO] Sensor JavaXmlSensor [java]
[INFO] 1 source files to be analyzed
[INFO] Sensor JavaXmlSensor [java] (done) | time=254ms
[INFO] 1/1 source files have been analyzed
[INFO] Sensor HTML [web]
[INFO] Sensor HTML [web] (done) | time=5ms
[INFO] Sensor XML Sensor [xml]
[INFO] 1 source files to be analyzed
[INFO] Sensor XML Sensor [xml] (done) | time=204ms
[INFO] Sensor JaCoCo XML Report Importer [jacoco]
[INFO] 1/1 source files have been analyzed
[INFO] Importing 1 report(s). Turn your logs in debug mode in order to see the exhaustive list.
[INFO] Sensor JaCoCo XML Report Importer [jacoco] (done) | time=37ms
[INFO] Sensor ThymeLeaf template sensor [securityjavafrontend]
[INFO] Sensor ThymeLeaf template sensor [securityjavafrontend] (done) | time=3ms
[INFO] Sensor JavaSecuritySensor [security]
[INFO] Reading type hierarchy from: /workspace/source/target/sonar/ucfg2/java
[INFO] Read 63 type definitions
[INFO] Reading UCFGs from: /workspace/source/target/sonar/ucfg2/java
[INFO] 12:46:34.803759 Building Type propagation graph
[INFO] 12:46:34.812249 Running Tarjan on 129 nodes
[INFO] 12:46:34.814443 Tarjan found 129 components
[INFO] 12:46:34.817391 Variable type analysis: done
[INFO] 12:46:34.817957 Building Type propagation graph
[INFO] 12:46:34.821593 Running Tarjan on 129 nodes
[INFO] 12:46:34.8224 Tarjan found 129 components
[INFO] 12:46:34.82305 Variable type analysis: done
[INFO] Analyzing 46 ucfgs to detect vulnerabilities.
[INFO] All rules entrypoints : 0 Retained UCFGs : 0
[INFO] rule: S5131, entrypoints: 0
[INFO] rule: S5131 done
[INFO] rule: S3649, entrypoints: 0
[INFO] rule: S3649 done
[INFO] rule: S2076, entrypoints: 0
[INFO] rule: S2076 done
[INFO] rule: S2091, entrypoints: 0
[INFO] rule: S2091 done
[INFO] rule: S2078, entrypoints: 0
[INFO] rule: S2078 done
[INFO] rule: S2631, entrypoints: 0
[INFO] rule: S2631 done
[INFO] rule: S5135, entrypoints: 0
[INFO] rule: S5135 done
[INFO] rule: S2083, entrypoints: 0
[INFO] rule: S2083 done
[INFO] rule: S5167, entrypoints: 0
[INFO] rule: S5167 done
[INFO] rule: S5144, entrypoints: 0
[INFO] rule: S5144 done
[INFO] rule: S5145, entrypoints: 0
[INFO] rule: S5145 done
[INFO] rule: S5146, entrypoints: 0
[INFO] rule: S5146 done
[INFO] rule: S5334, entrypoints: 0
[INFO] rule: S5334 done
[INFO] Sensor JavaSecuritySensor [security] (done) | time=416ms
[INFO] Sensor CSharpSecuritySensor [security]
[INFO] Reading type hierarchy from: /workspace/source/target/ucfg_cs2
[INFO] Read 0 type definitions
[INFO] Reading UCFGs from: /workspace/source/target/ucfg_cs2
[INFO] No UCFGs have been included for analysis.
[INFO] Sensor CSharpSecuritySensor [security] (done) | time=1ms
[INFO] Sensor PhpSecuritySensor [security]
[INFO] Reading type hierarchy from: /workspace/source/target/sonar/ucfg2/php
[INFO] Read 0 type definitions
[INFO] Reading UCFGs from: /workspace/source/target/sonar/ucfg2/php
[INFO] No UCFGs have been included for analysis.
[INFO] Sensor PhpSecuritySensor [security] (done) | time=1ms
[INFO] Sensor PythonSecuritySensor [security]
[INFO] Reading type hierarchy from: /workspace/source/target/sonar/ucfg2/python
[INFO] Read 0 type definitions
[INFO] Reading UCFGs from: /workspace/source/target/sonar/ucfg2/python
[INFO] No UCFGs have been included for analysis.
[INFO] Sensor PythonSecuritySensor [security] (done) | time=1ms
[INFO] ------------- Run sensors on project
[INFO] Sensor Zero Coverage Sensor
[INFO] Sensor Zero Coverage Sensor (done) | time=0ms
[INFO] Sensor Java CPD Block Inde**r
[INFO] Sensor Java CPD Block Inde**r (done) | time=67ms
[INFO] SCM Publisher SCM provider for this project is: git
[INFO] SCM Publisher 1 source file to be analyzed
[INFO] SCM Publisher 0/1 source files have been analyzed (done) | time=80ms
[WARNING] Missing blame information for the following files:
[WARNING]   * pom.xml
[WARNING] This may lead to missing/broken features in SonarCloud
[INFO] CPD E**cutor Calculating CPD for 4 files
[INFO] CPD E**cutor CPD calculation finished (done) | time=18ms
[INFO] SCM writing changed lines
[INFO] SCM writing changed lines (done) | time=36ms
[INFO] Analysis report generated in 181ms, dir size=176 KB
[INFO] Analysis report compressed in 22ms, zip size=41 KB
[INFO] Analysis report uploaded in 102ms
[INFO] ANALYSIS SUCCESSFUL, you can find the results at: https://sonarcloud.io/dashboard?id=entando-k8s_entando-k8s-plugin-controller&pullRequest=12
[INFO] Note that you will be able to access the updated dashboard once the server has processed the submitted analysis report
[INFO] More about the report processing at https://sonarcloud.io/api/ce/task?id=AXSws54qSvSje_i3HFuA
[INFO] Analysis total time: 14.445 s
[INFO] ------------------------------------------------------------------------
[INFO] BUILD SUCCESS
[INFO] ------------------------------------------------------------------------
[INFO] Total time:  01:34 min
[INFO] Finished at: 2020-09-21T12:46:35Z
[INFO] ------------------------------------------------------------------------
shallow cloning https://github.com/entando-k8s/devops-results.git branch gh-pages
ran git init in /tmp/jenkins-x-collect420501769
ran git add remote origin https://github.com/entando-k8s/devops-results.git in /tmp/jenkins-x-collect420501769
ran git fetch origin --depth=1 gh-pages in dir /tmp/jenkins-x-collect420501769
Publishing https://raw.githubusercontent.com/entando-k8s/devops-results/gh-pages/entando-k8s-plugin-controller/PR-12/checkstyle.html
Publishing https://raw.githubusercontent.com/entando-k8s/devops-results/gh-pages/entando-k8s-plugin-controller/PR-12/checkstyle.rss
Publishing https://raw.githubusercontent.com/entando-k8s/devops-results/gh-pages/entando-k8s-plugin-controller/PR-12/css/maven-base.css
Publishing https://raw.githubusercontent.com/entando-k8s/devops-results/gh-pages/entando-k8s-plugin-controller/PR-12/css/maven-theme.css
Publishing https://raw.githubusercontent.com/entando-k8s/devops-results/gh-pages/entando-k8s-plugin-controller/PR-12/css/print.css
Publishing https://raw.githubusercontent.com/entando-k8s/devops-results/gh-pages/entando-k8s-plugin-controller/PR-12/css/site.css
Publishing https://raw.githubusercontent.com/entando-k8s/devops-results/gh-pages/entando-k8s-plugin-controller/PR-12/dependency-check-junit.xml
Publishing https://raw.githubusercontent.com/entando-k8s/devops-results/gh-pages/entando-k8s-plugin-controller/PR-12/dependency-check-report.html
Publishing https://raw.githubusercontent.com/entando-k8s/devops-results/gh-pages/entando-k8s-plugin-controller/PR-12/dependency-check-report.xml
Publishing https://raw.githubusercontent.com/entando-k8s/devops-results/gh-pages/entando-k8s-plugin-controller/PR-12/dependency-info.html
Publishing https://raw.githubusercontent.com/entando-k8s/devops-results/gh-pages/entando-k8s-plugin-controller/PR-12/images/collapsed.gif
Publishing https://raw.githubusercontent.com/entando-k8s/devops-results/gh-pages/entando-k8s-plugin-controller/PR-12/images/expanded.gif
Publishing https://raw.githubusercontent.com/entando-k8s/devops-results/gh-pages/entando-k8s-plugin-controller/PR-12/images/external.png
Publishing https://raw.githubusercontent.com/entando-k8s/devops-results/gh-pages/entando-k8s-plugin-controller/PR-12/images/icon_error_sml.gif
Publishing https://raw.githubusercontent.com/entando-k8s/devops-results/gh-pages/entando-k8s-plugin-controller/PR-12/images/icon_info_sml.gif
Publishing https://raw.githubusercontent.com/entando-k8s/devops-results/gh-pages/entando-k8s-plugin-controller/PR-12/images/icon_success_sml.gif
Publishing https://raw.githubusercontent.com/entando-k8s/devops-results/gh-pages/entando-k8s-plugin-controller/PR-12/images/icon_warning_sml.gif
Publishing https://raw.githubusercontent.com/entando-k8s/devops-results/gh-pages/entando-k8s-plugin-controller/PR-12/images/logos/build-by-maven-black.png
Publishing https://raw.githubusercontent.com/entando-k8s/devops-results/gh-pages/entando-k8s-plugin-controller/PR-12/images/logos/build-by-maven-white.png
Publishing https://raw.githubusercontent.com/entando-k8s/devops-results/gh-pages/entando-k8s-plugin-controller/PR-12/images/logos/maven-feather.png
Publishing https://raw.githubusercontent.com/entando-k8s/devops-results/gh-pages/entando-k8s-plugin-controller/PR-12/images/newwindow.png
Publishing https://raw.githubusercontent.com/entando-k8s/devops-results/gh-pages/entando-k8s-plugin-controller/PR-12/images/rss.png
Publishing https://raw.githubusercontent.com/entando-k8s/devops-results/gh-pages/entando-k8s-plugin-controller/PR-12/index.html
Publishing https://raw.githubusercontent.com/entando-k8s/devops-results/gh-pages/entando-k8s-plugin-controller/PR-12/issue-management.html
Publishing https://raw.githubusercontent.com/entando-k8s/devops-results/gh-pages/entando-k8s-plugin-controller/PR-12/jacoco/index.html
Publishing https://raw.githubusercontent.com/entando-k8s/devops-results/gh-pages/entando-k8s-plugin-controller/PR-12/jacoco/jacoco-resources/branchfc.gif
Publishing https://raw.githubusercontent.com/entando-k8s/devops-results/gh-pages/entando-k8s-plugin-controller/PR-12/jacoco/jacoco-resources/branchnc.gif
Publishing https://raw.githubusercontent.com/entando-k8s/devops-results/gh-pages/entando-k8s-plugin-controller/PR-12/jacoco/jacoco-resources/branchpc.gif
Publishing https://raw.githubusercontent.com/entando-k8s/devops-results/gh-pages/entando-k8s-plugin-controller/PR-12/jacoco/jacoco-resources/bundle.gif
Publishing https://raw.githubusercontent.com/entando-k8s/devops-results/gh-pages/entando-k8s-plugin-controller/PR-12/jacoco/jacoco-resources/class.gif
Publishing https://raw.githubusercontent.com/entando-k8s/devops-results/gh-pages/entando-k8s-plugin-controller/PR-12/jacoco/jacoco-resources/down.gif
Publishing https://raw.githubusercontent.com/entando-k8s/devops-results/gh-pages/entando-k8s-plugin-controller/PR-12/jacoco/jacoco-resources/greenbar.gif
Publishing https://raw.githubusercontent.com/entando-k8s/devops-results/gh-pages/entando-k8s-plugin-controller/PR-12/jacoco/jacoco-resources/group.gif
Publishing https://raw.githubusercontent.com/entando-k8s/devops-results/gh-pages/entando-k8s-plugin-controller/PR-12/jacoco/jacoco-resources/method.gif
Publishing https://raw.githubusercontent.com/entando-k8s/devops-results/gh-pages/entando-k8s-plugin-controller/PR-12/jacoco/jacoco-resources/package.gif
Publishing https://raw.githubusercontent.com/entando-k8s/devops-results/gh-pages/entando-k8s-plugin-controller/PR-12/jacoco/jacoco-resources/prettify.css
Publishing https://raw.githubusercontent.com/entando-k8s/devops-results/gh-pages/entando-k8s-plugin-controller/PR-12/jacoco/jacoco-resources/prettify.js
Publishing https://raw.githubusercontent.com/entando-k8s/devops-results/gh-pages/entando-k8s-plugin-controller/PR-12/jacoco/jacoco-resources/redbar.gif
Publishing https://raw.githubusercontent.com/entando-k8s/devops-results/gh-pages/entando-k8s-plugin-controller/PR-12/jacoco/jacoco-resources/report.css
Publishing https://raw.githubusercontent.com/entando-k8s/devops-results/gh-pages/entando-k8s-plugin-controller/PR-12/jacoco/jacoco-resources/report.gif
Publishing https://raw.githubusercontent.com/entando-k8s/devops-results/gh-pages/entando-k8s-plugin-controller/PR-12/jacoco/jacoco-resources/session.gif
Publishing https://raw.githubusercontent.com/entando-k8s/devops-results/gh-pages/entando-k8s-plugin-controller/PR-12/jacoco/jacoco-resources/sort.gif
Publishing https://raw.githubusercontent.com/entando-k8s/devops-results/gh-pages/entando-k8s-plugin-controller/PR-12/jacoco/jacoco-resources/sort.js
Publishing https://raw.githubusercontent.com/entando-k8s/devops-results/gh-pages/entando-k8s-plugin-controller/PR-12/jacoco/jacoco-resources/source.gif
Publishing https://raw.githubusercontent.com/entando-k8s/devops-results/gh-pages/entando-k8s-plugin-controller/PR-12/jacoco/jacoco-resources/up.gif
Publishing https://raw.githubusercontent.com/entando-k8s/devops-results/gh-pages/entando-k8s-plugin-controller/PR-12/jacoco/jacoco-sessions.html
Publishing https://raw.githubusercontent.com/entando-k8s/devops-results/gh-pages/entando-k8s-plugin-controller/PR-12/jacoco/jacoco.csv
Publishing https://raw.githubusercontent.com/entando-k8s/devops-results/gh-pages/entando-k8s-plugin-controller/PR-12/jacoco/jacoco.xml
Publishing https://raw.githubusercontent.com/entando-k8s/devops-results/gh-pages/entando-k8s-plugin-controller/PR-12/jacoco/org.entando.kubernetes.controller.plugin/EntandoPluginController.html
Publishing https://raw.githubusercontent.com/entando-k8s/devops-results/gh-pages/entando-k8s-plugin-controller/PR-12/jacoco/org.entando.kubernetes.controller.plugin/EntandoPluginController.java.html
Publishing https://raw.githubusercontent.com/entando-k8s/devops-results/gh-pages/entando-k8s-plugin-controller/PR-12/jacoco/org.entando.kubernetes.controller.plugin/EntandoPluginDeployableContainer.html
Publishing https://raw.githubusercontent.com/entando-k8s/devops-results/gh-pages/entando-k8s-plugin-controller/PR-12/jacoco/org.entando.kubernetes.controller.plugin/EntandoPluginDeployableContainer.java.html
Publishing https://raw.githubusercontent.com/entando-k8s/devops-results/gh-pages/entando-k8s-plugin-controller/PR-12/jacoco/org.entando.kubernetes.controller.plugin/EntandoPluginServerDeployable.html
Publishing https://raw.githubusercontent.com/entando-k8s/devops-results/gh-pages/entando-k8s-plugin-controller/PR-12/jacoco/org.entando.kubernetes.controller.plugin/EntandoPluginServerDeployable.java.html
Publishing https://raw.githubusercontent.com/entando-k8s/devops-results/gh-pages/entando-k8s-plugin-controller/PR-12/jacoco/org.entando.kubernetes.controller.plugin/EntandoPluginSidecarDeployableContainer.html
Publishing https://raw.githubusercontent.com/entando-k8s/devops-results/gh-pages/entando-k8s-plugin-controller/PR-12/jacoco/org.entando.kubernetes.controller.plugin/EntandoPluginSidecarDeployableContainer.java.html
Publishing https://raw.githubusercontent.com/entando-k8s/devops-results/gh-pages/entando-k8s-plugin-controller/PR-12/jacoco/org.entando.kubernetes.controller.plugin/index.html
Publishing https://raw.githubusercontent.com/entando-k8s/devops-results/gh-pages/entando-k8s-plugin-controller/PR-12/jacoco/org.entando.kubernetes.controller.plugin/index.source.html
Publishing https://raw.githubusercontent.com/entando-k8s/devops-results/gh-pages/entando-k8s-plugin-controller/PR-12/licenses.html
Publishing https://raw.githubusercontent.com/entando-k8s/devops-results/gh-pages/entando-k8s-plugin-controller/PR-12/plugins.html
Publishing https://raw.githubusercontent.com/entando-k8s/devops-results/gh-pages/entando-k8s-plugin-controller/PR-12/project-info.html
Publishing https://raw.githubusercontent.com/entando-k8s/devops-results/gh-pages/entando-k8s-plugin-controller/PR-12/scm.html
Publishing https://raw.githubusercontent.com/entando-k8s/devops-results/gh-pages/entando-k8s-plugin-controller/PR-12/summary.html
Publishing https://raw.githubusercontent.com/entando-k8s/devops-results/gh-pages/entando-k8s-plugin-controller/PR-12/surefire-report.html
stashed: https://raw.githubusercontent.com/entando-k8s/devops-results/gh-pages/entando-k8s-plugin-controller/PR-12/checkstyle.html
stashed: https://raw.githubusercontent.com/entando-k8s/devops-results/gh-pages/entando-k8s-plugin-controller/PR-12/checkstyle.rss
stashed: https://raw.githubusercontent.com/entando-k8s/devops-results/gh-pages/entando-k8s-plugin-controller/PR-12/css/maven-base.css
stashed: https://raw.githubusercontent.com/entando-k8s/devops-results/gh-pages/entando-k8s-plugin-controller/PR-12/css/maven-theme.css
stashed: https://raw.githubusercontent.com/entando-k8s/devops-results/gh-pages/entando-k8s-plugin-controller/PR-12/css/print.css
stashed: https://raw.githubusercontent.com/entando-k8s/devops-results/gh-pages/entando-k8s-plugin-controller/PR-12/css/site.css
stashed: https://raw.githubusercontent.com/entando-k8s/devops-results/gh-pages/entando-k8s-plugin-controller/PR-12/dependency-check-junit.xml
stashed: https://raw.githubusercontent.com/entando-k8s/devops-results/gh-pages/entando-k8s-plugin-controller/PR-12/dependency-check-report.html
stashed: https://raw.githubusercontent.com/entando-k8s/devops-results/gh-pages/entando-k8s-plugin-controller/PR-12/dependency-check-report.xml
stashed: https://raw.githubusercontent.com/entando-k8s/devops-results/gh-pages/entando-k8s-plugin-controller/PR-12/dependency-info.html
stashed: https://raw.githubusercontent.com/entando-k8s/devops-results/gh-pages/entando-k8s-plugin-controller/PR-12/images/collapsed.gif
stashed: https://raw.githubusercontent.com/entando-k8s/devops-results/gh-pages/entando-k8s-plugin-controller/PR-12/images/expanded.gif
stashed: https://raw.githubusercontent.com/entando-k8s/devops-results/gh-pages/entando-k8s-plugin-controller/PR-12/images/external.png
stashed: https://raw.githubusercontent.com/entando-k8s/devops-results/gh-pages/entando-k8s-plugin-controller/PR-12/images/icon_error_sml.gif
stashed: https://raw.githubusercontent.com/entando-k8s/devops-results/gh-pages/entando-k8s-plugin-controller/PR-12/images/icon_info_sml.gif
stashed: https://raw.githubusercontent.com/entando-k8s/devops-results/gh-pages/entando-k8s-plugin-controller/PR-12/images/icon_success_sml.gif
stashed: https://raw.githubusercontent.com/entando-k8s/devops-results/gh-pages/entando-k8s-plugin-controller/PR-12/images/icon_warning_sml.gif
stashed: https://raw.githubusercontent.com/entando-k8s/devops-results/gh-pages/entando-k8s-plugin-controller/PR-12/images/logos/build-by-maven-black.png
stashed: https://raw.githubusercontent.com/entando-k8s/devops-results/gh-pages/entando-k8s-plugin-controller/PR-12/images/logos/build-by-maven-white.png
stashed: https://raw.githubusercontent.com/entando-k8s/devops-results/gh-pages/entando-k8s-plugin-controller/PR-12/images/logos/maven-feather.png
stashed: https://raw.githubusercontent.com/entando-k8s/devops-results/gh-pages/entando-k8s-plugin-controller/PR-12/images/newwindow.png
stashed: https://raw.githubusercontent.com/entando-k8s/devops-results/gh-pages/entando-k8s-plugin-controller/PR-12/images/rss.png
stashed: https://raw.githubusercontent.com/entando-k8s/devops-results/gh-pages/entando-k8s-plugin-controller/PR-12/index.html
stashed: https://raw.githubusercontent.com/entando-k8s/devops-results/gh-pages/entando-k8s-plugin-controller/PR-12/issue-management.html
stashed: https://raw.githubusercontent.com/entando-k8s/devops-results/gh-pages/entando-k8s-plugin-controller/PR-12/jacoco/index.html
stashed: https://raw.githubusercontent.com/entando-k8s/devops-results/gh-pages/entando-k8s-plugin-controller/PR-12/jacoco/jacoco-resources/branchfc.gif
stashed: https://raw.githubusercontent.com/entando-k8s/devops-results/gh-pages/entando-k8s-plugin-controller/PR-12/jacoco/jacoco-resources/branchnc.gif
stashed: https://raw.githubusercontent.com/entando-k8s/devops-results/gh-pages/entando-k8s-plugin-controller/PR-12/jacoco/jacoco-resources/branchpc.gif
stashed: https://raw.githubusercontent.com/entando-k8s/devops-results/gh-pages/entando-k8s-plugin-controller/PR-12/jacoco/jacoco-resources/bundle.gif
stashed: https://raw.githubusercontent.com/entando-k8s/devops-results/gh-pages/entando-k8s-plugin-controller/PR-12/jacoco/jacoco-resources/class.gif
stashed: https://raw.githubusercontent.com/entando-k8s/devops-results/gh-pages/entando-k8s-plugin-controller/PR-12/jacoco/jacoco-resources/down.gif
stashed: https://raw.githubusercontent.com/entando-k8s/devops-results/gh-pages/entando-k8s-plugin-controller/PR-12/jacoco/jacoco-resources/greenbar.gif
stashed: https://raw.githubusercontent.com/entando-k8s/devops-results/gh-pages/entando-k8s-plugin-controller/PR-12/jacoco/jacoco-resources/group.gif
stashed: https://raw.githubusercontent.com/entando-k8s/devops-results/gh-pages/entando-k8s-plugin-controller/PR-12/jacoco/jacoco-resources/method.gif
stashed: https://raw.githubusercontent.com/entando-k8s/devops-results/gh-pages/entando-k8s-plugin-controller/PR-12/jacoco/jacoco-resources/package.gif
stashed: https://raw.githubusercontent.com/entando-k8s/devops-results/gh-pages/entando-k8s-plugin-controller/PR-12/jacoco/jacoco-resources/prettify.css
stashed: https://raw.githubusercontent.com/entando-k8s/devops-results/gh-pages/entando-k8s-plugin-controller/PR-12/jacoco/jacoco-resources/prettify.js
stashed: https://raw.githubusercontent.com/entando-k8s/devops-results/gh-pages/entando-k8s-plugin-controller/PR-12/jacoco/jacoco-resources/redbar.gif
stashed: https://raw.githubusercontent.com/entando-k8s/devops-results/gh-pages/entando-k8s-plugin-controller/PR-12/jacoco/jacoco-resources/report.css
stashed: https://raw.githubusercontent.com/entando-k8s/devops-results/gh-pages/entando-k8s-plugin-controller/PR-12/jacoco/jacoco-resources/report.gif
stashed: https://raw.githubusercontent.com/entando-k8s/devops-results/gh-pages/entando-k8s-plugin-controller/PR-12/jacoco/jacoco-resources/session.gif
stashed: https://raw.githubusercontent.com/entando-k8s/devops-results/gh-pages/entando-k8s-plugin-controller/PR-12/jacoco/jacoco-resources/sort.gif
stashed: https://raw.githubusercontent.com/entando-k8s/devops-results/gh-pages/entando-k8s-plugin-controller/PR-12/jacoco/jacoco-resources/sort.js
stashed: https://raw.githubusercontent.com/entando-k8s/devops-results/gh-pages/entando-k8s-plugin-controller/PR-12/jacoco/jacoco-resources/source.gif
stashed: https://raw.githubusercontent.com/entando-k8s/devops-results/gh-pages/entando-k8s-plugin-controller/PR-12/jacoco/jacoco-resources/up.gif
stashed: https://raw.githubusercontent.com/entando-k8s/devops-results/gh-pages/entando-k8s-plugin-controller/PR-12/jacoco/jacoco-sessions.html
stashed: https://raw.githubusercontent.com/entando-k8s/devops-results/gh-pages/entando-k8s-plugin-controller/PR-12/jacoco/jacoco.csv
stashed: https://raw.githubusercontent.com/entando-k8s/devops-results/gh-pages/entando-k8s-plugin-controller/PR-12/jacoco/jacoco.xml
stashed: https://raw.githubusercontent.com/entando-k8s/devops-results/gh-pages/entando-k8s-plugin-controller/PR-12/jacoco/org.entando.kubernetes.controller.plugin/EntandoPluginController.html
stashed: https://raw.githubusercontent.com/entando-k8s/devops-results/gh-pages/entando-k8s-plugin-controller/PR-12/jacoco/org.entando.kubernetes.controller.plugin/EntandoPluginController.java.html
stashed: https://raw.githubusercontent.com/entando-k8s/devops-results/gh-pages/entando-k8s-plugin-controller/PR-12/jacoco/org.entando.kubernetes.controller.plugin/EntandoPluginDeployableContainer.html
stashed: https://raw.githubusercontent.com/entando-k8s/devops-results/gh-pages/entando-k8s-plugin-controller/PR-12/jacoco/org.entando.kubernetes.controller.plugin/EntandoPluginDeployableContainer.java.html
stashed: https://raw.githubusercontent.com/entando-k8s/devops-results/gh-pages/entando-k8s-plugin-controller/PR-12/jacoco/org.entando.kubernetes.controller.plugin/EntandoPluginServerDeployable.html
stashed: https://raw.githubusercontent.com/entando-k8s/devops-results/gh-pages/entando-k8s-plugin-controller/PR-12/jacoco/org.entando.kubernetes.controller.plugin/EntandoPluginServerDeployable.java.html
stashed: https://raw.githubusercontent.com/entando-k8s/devops-results/gh-pages/entando-k8s-plugin-controller/PR-12/jacoco/org.entando.kubernetes.controller.plugin/EntandoPluginSidecarDeployableContainer.html
stashed: https://raw.githubusercontent.com/entando-k8s/devops-results/gh-pages/entando-k8s-plugin-controller/PR-12/jacoco/org.entando.kubernetes.controller.plugin/EntandoPluginSidecarDeployableContainer.java.html
stashed: https://raw.githubusercontent.com/entando-k8s/devops-results/gh-pages/entando-k8s-plugin-controller/PR-12/jacoco/org.entando.kubernetes.controller.plugin/index.html
stashed: https://raw.githubusercontent.com/entando-k8s/devops-results/gh-pages/entando-k8s-plugin-controller/PR-12/jacoco/org.entando.kubernetes.controller.plugin/index.source.html
stashed: https://raw.githubusercontent.com/entando-k8s/devops-results/gh-pages/entando-k8s-plugin-controller/PR-12/licenses.html
stashed: https://raw.githubusercontent.com/entando-k8s/devops-results/gh-pages/entando-k8s-plugin-controller/PR-12/plugins.html
stashed: https://raw.githubusercontent.com/entando-k8s/devops-results/gh-pages/entando-k8s-plugin-controller/PR-12/project-info.html
stashed: https://raw.githubusercontent.com/entando-k8s/devops-results/gh-pages/entando-k8s-plugin-controller/PR-12/scm.html
stashed: https://raw.githubusercontent.com/entando-k8s/devops-results/gh-pages/entando-k8s-plugin-controller/PR-12/summary.html
stashed: https://raw.githubusercontent.com/entando-k8s/devops-results/gh-pages/entando-k8s-plugin-controller/PR-12/surefire-report.html
error: etcdserver: request is too large
  % Total    % Received % Xferd  Average Speed   Time    Time     Time  Current
                                 Dload  Upload   Total   Spent    Left  Speed
{
  "url": "https://api.github.com/repos/entando-k8s/entando-k8s-plugin-controller/statuses/6784775c79b4b4e02ce88e703dfd91a30be86a39",
  "avatar_url": "https://avatars2.githubusercontent.com/u/57885396?v=4",
  0     0    0     0    0     0      0      0 --:--:-- --:--:-- --:--:--     0  0     0    0     0    0     0      0      0 --:--:-- --:--:-- --:--:--     0100  1876  100  1655  100   221   1594    212  0:00:01  0:00:01 --:--:--  1595
  "id": 10820565885,
  "node_id": "MDEzOlN0YXR1c0NvbnRleHQxMDgyMDU2NTg4NQ==",
  "state": "success",
  "description": "Pre-deployment tests success!",
  "target_url": "https://entando-k8s.github.io/devops-results/entando-k8s-plugin-controller/PR-12/surefire-report.html",
  "context": "Pre-deployment tests",
  "created_at": "2020-09-21T12:48:47Z",
  "updated_at": "2020-09-21T12:48:47Z",
  "creator": {
    "login": "**********",
    "id": 57885396,
    "node_id": "MDQ6VXNlcjU3ODg1Mzk2",
    "avatar_url": "https://avatars2.githubusercontent.com/u/57885396?v=4",
    "gravatar_id": "",
    "url": "https://api.github.com/users/entando-**",
    "html_url": "https://github.com/entando-**",
    "followers_url": "https://api.github.com/users/entando-**/followers",
    "following_url": "https://api.github.com/users/entando-**/following{/other_user}",
    "gists_url": "https://api.github.com/users/**********/gists{/gist_id}",
    "starred_url": "https://api.github.com/users/**********/starred{/owner}{/repo}",
    "subscriptions_url": "https://api.github.com/users/**********/subscriptions",
    "organizations_url": "https://api.github.com/users/entando-**/orgs",
    "repos_url": "https://api.github.com/users/entando-**/repos",
    "events_url": "https://api.github.com/users/**********/events{/privacy}",
    "received_events_url": "https://api.github.com/users/**********/received_events",
    "type": "User",
    "site_*****": *****
  }
}
  % Total    % Received % Xferd  Average Speed   Time    Time     Time  Current
                                 Dload  Upload   Total   Spent    Left  Speed
  0     0    0     0    0     0      0      0 --:--:-- --:--:-- --:--:--     0  0     0    0     0    0     0      0      0 --:--:-- --:--:-- --:--:--     0100  1826  100  1630  100   196   2565    308 --:--:-- --:--:-- --:--:--  2562
{
  "url": "https://api.github.com/repos/entando-k8s/entando-k8s-plugin-controller/statuses/6784775c79b4b4e02ce88e703dfd91a30be86a39",
  "avatar_url": "https://avatars2.githubusercontent.com/u/57885396?v=4",
  "id": 10820566024,
  "node_id": "MDEzOlN0YXR1c0NvbnRleHQxMDgyMDU2NjAyNA==",
  "state": "success",
  "description": "Checkstyle success!",
  "target_url": "https://entando-k8s.github.io/devops-results/entando-k8s-plugin-controller/PR-12/checkstyle.html",
  "context": "Checkstyle",
  "created_at": "2020-09-21T12:48:48Z",
  "updated_at": "2020-09-21T12:48:48Z",
  "creator": {
    "login": "entando-**",
    "id": 57885396,
    "node_id": "MDQ6VXNlcjU3ODg1Mzk2",
    "avatar_url": "https://avatars2.githubusercontent.com/u/57885396?v=4",
    "gravatar_id": "",
    "url": "https://api.github.com/users/**********",
    "html_url": "https://github.com/**********",
    "followers_url": "https://api.github.com/users/**********/followers",
    "following_url": "https://api.github.com/users/**********/following{/other_user}",
    "gists_url": "https://api.github.com/users/**********/gists{/gist_id}",
    "starred_url": "https://api.github.com/users/entando-**/starred{/owner}{/repo}",
    "subscriptions_url": "https://api.github.com/users/entando-**/subscriptions",
    "organizations_url": "https://api.github.com/users/entando-**/orgs",
    "repos_url": "https://api.github.com/users/**********/repos",
    "events_url": "https://api.github.com/users/entando-**/events{/privacy}",
    "received_events_url": "https://api.github.com/users/entando-**/received_events",
    "type": "User",
    "site_*****": *****
  }
}
  % Total    % Received % Xferd  Average Speed   Time    Time     Time  Current
                                 Dload  Upload   Total   Spent    Left  Speed
{
  "url": "https://api.github.com/repos/entando-k8s/entando-k8s-plugin-controller/statuses/6784775c79b4b4e02ce88e703dfd91a30be86a39",
  "avatar_url": "https://avatars2.githubusercontent.com/u/57885396?v=4",
  "id": 10820566129,
  "node_id": "MDEzOlN0YXR1c0NvbnRleHQxMDgyMDU2NjEyOQ==",
  "state": "success",
  "description": "OWASP CVE success!",
  "target_url": "https://entando-k8s.github.io/devops-results/entando-k8s-plugin-controller/PR-12/dependency-check-report.html",
  "context": "OWASP CVE",
  "created_at": "2020-09-21T12:48:48Z",
  "updated_at": "2020-09-21T12:48:48Z",
  "creator": {
    "login": "**********",
    "id": 57885396,
    "node_id": "MDQ6VXNlcjU3ODg1Mzk2",
    "avatar_url": "https://avatars2.githubusercontent.com/u/57885396?v=4",
    "gravatar_id": "",
    "url": "https://api.github.com/users/**********",
    "html_url": "https://github.com/**********",
    "followers_url": "https://api.github.com/users/**********/followers",
    "following_url": "https://api.github.com/users/entando-**/following{/other_user}",
    "gists_url": "https://api.github.com/users/**********/gists{/gist_id}",
    "starred_url": "https://api.github.com/users/**********/starred{/owner}{/repo}",
    "subscriptions_url": "https://api.github.com/users/**********/subscriptions",
    "organizations_url": "https://api.github.com/users/**********/orgs",
    "repos_url": "https://api.github.com/users/**********/repos",
    "events_url": "https://api.github.com/users/**********/events{/privacy}",
    "received_events_url": "https://api.github.com/users/entando-**/received_events",
    "type": "User",
    "site_*****": *****
  }
}
  0     0    0     0    0     0      0      0 --:--:-- --:--:-- --:--:--     0 11  1848    0     0  100   207      0    355 --:--:-- --:--:-- --:--:--   355100  1848  100  1641  100   207   2818    355 --:--:-- --:--:-- --:--:--  2819
Congratulations! No build failures found for entando-k8s-plugin-controller-PR-12.

Showing logs for build [32mentando-k8s-entando-k8s-plugin-gtc4p-3[0m stage [32mfrom-build-pack[0m and container [32mstep-build-container-build[0m
Generating tags...
 - entando/entando-k8s-plugin-controller -> docker.io/entando/entando-k8s-plugin-controller:0.0.0-SNAPSHOT-PR-12-3
Checking cache...
 - entando/entando-k8s-plugin-controller: Not found. Building
Building [entando/entando-k8s-plugin-controller]...
Sending build context to Docker daemon  541.2kBSending build context to Docker daemon  5.495MBSending build context to Docker daemon  10.47MBSending build context to Docker daemon  17.66MBSending build context to Docker daemon  25.42MBSending build context to Docker daemon  33.16MBSending build context to Docker daemon  41.42MBSending build context to Docker daemon  46.85MBSending build context to Docker daemon   46.9MB
Step 1/6 : FROM fabric8/java-alpine-openjdk8-jre
 ---> 6383f0513235
Step 2/6 : ENV JAVA_OPTIONS "-Dquarkus.http.host=0.0.0.0 -Djava.util.logging.manager=org.jboss.logmanager.LogManager"
 ---> Using cache
 ---> 781f0699f0f0
Step 3/6 : ENV AB_ENABLED jmx_exporter
 ---> Using cache
 ---> 3d03a75b86f8
Step 4/6 : COPY target/lib/* /deployments/lib/
 ---> 4b663a227a84
Step 5/6 : COPY target/*-runner.jar /deployments/app.jar
 ---> a5bde16f029e
Step 6/6 : ENTRYPOINT /deployments/run-java.sh
 ---> Running in d9539ea31b8a
 ---> 46b2c3665036
Successfully built 46b2c3665036
The push refers to a repository [docker.io/entando/entando-k8s-plugin-controller]
4ddd96d3a286: Preparing
a7e9bf79dc45: Preparing
a37d6baa8a5e: Preparing
4246c252be29: Preparing
bbc6d89e45a1: Preparing
6a8968c88953: Preparing
c11f0dd7f64f: Preparing
081a861c7ecd: Preparing
df5b415aa3df: Preparing
77cae8ab23bf: Preparing
6a8968c88953: Waiting
c11f0dd7f64f: Waiting
081a861c7ecd: Waiting
df5b415aa3df: Waiting
77cae8ab23bf: Waiting
4246c252be29: Layer already exists
bbc6d89e45a1: Layer already exists
a37d6baa8a5e: Layer already exists
c11f0dd7f64f: Layer already exists
6a8968c88953: Layer already exists
081a861c7ecd: Layer already exists
77cae8ab23bf: Layer already exists
df5b415aa3df: Layer already exists
4ddd96d3a286: Pushed
a7e9bf79dc45: Pushed
0.0.0-SNAPSHOT-PR-12-3: digest: sha256:35d0f42a1b9f39f5f4f8b1d0e7c15b2b4cc361d7a19bcd67a0f161b87fd86a81 size: 2410
There is a new version (1.14.0) of Skaffold available. Download it at https://storage.googleapis.com/skaffold/releases/latest/skaffold-linux-amd64


Showing logs for build [32mentando-k8s-entando-k8s-plugin-gtc4p-3[0m stage [32mfrom-build-pack[0m and container [32mstep-postbuild-post-build[0m
no CVE provider running in the current ** namespace so skip adding image to be analysed

Showing logs for build [32mentando-k8s-entando-k8s-plugin-gtc4p-3[0m stage [32mfrom-build-pack[0m and container [32mstep-promote-make-preview[0m
sed -i -e "s/version:.*/version: 0.0.0-SNAPSHOT-PR-12-3/" Chart.yaml
sed -i -e "s/version:.*/version: 0.0.0-SNAPSHOT-PR-12-3/" ../*/Chart.yaml
sed -i -e "s|repository:.*|repository: docker.io\/entando\/entando-k8s-keycloak-controller|" values.yaml
sed -i -e "s/tag:.*/tag: 0.0.0-SNAPSHOT-PR-12-3/" values.yaml
echo "  version: 0.0.0-SNAPSHOT-PR-12-3" >> requirements.yaml
** step helm build
WARNING: No $CHART_REPOSITORY defined so using the default value of: http://jenkins-x-chartmuseum:8080
Adding missing Helm repo: storage.googleapis.com https://storage.googleapis.com/chartmuseum.jenkins-x.io
Successfully added Helm repository storage.googleapis.com.
Adding missing Helm repo: jenkins-x-chartmuseum http://jenkins-x-chartmuseum:8080
Successfully added Helm repository jenkins-x-chartmuseum.
WARNING: No $CHART_REPOSITORY defined so using the default value of: http://jenkins-x-chartmuseum:8080

Showing logs for build [32mentando-k8s-entando-k8s-plugin-gtc4p-3[0m stage [32mfrom-build-pack[0m and container [32mstep-promote-jx-preview[0m
Creating a preview
Found commit author match for: ampie with email address: ampie.private@gmail.com
Namespace entando-k8s-plugin-controller-pcpr12 created 
expose:
  Annotations:
    helm.sh/hook: post-install,post-upgrade
    helm.sh/hook-delete-policy: hook-succeeded
  config:
    domain: *************
    exposer: Ingress
    http: "true"
preview:
  image:
    repository: docker.io/entando/entando-k8s-plugin-controller
    tag: 0.0.0-SNAPSHOT-PR-12-3

WARNING: Could not find the service URL in namespace entando-k8s-plugin-controller-pcpr12 for names : Timed out after 1m0s, last error: %!s(<nil>)
Updating PipelineActivities entando-k8s-entando-k8s-plugin-controller-pr-12-3 which has status Running
WARNING: Failed to find the service entando-k8s-plugin-controller : failed to find service entando-k8s-plugin-controller in namespace entando-k8s-plugin-controller-pcpr12: services "entando-k8s-plugin-controller" not found

Showing logs for build [32mentando-k8s-entando-k8s-plugin-gtc4p-3[0m stage [32mfrom-build-pack[0m and container [32mstep-promote-run-post-deployment-tests[0m
Picked up _JAVA_OPTIONS: -XX:+UnlockExperimentalVMOptions -Dsun.zip.disableMemoryMapping=true -XX:+UseParallelGC -XX:MinHeapFreeRatio=5 -XX:MaxHeapFreeRatio=10 -XX:GCTimeRatio=4 -XX:AdaptiveSizePolicyWeight=90 -Xms1000m -Xmx12000m
[INFO] Scanning for projects...
[WARNING] 
[WARNING] Some problems were encountered while building the effective model for org.entando:entando-k8s-plugin-controller:jar:0.0.0-SNAPSHOT-PR-12-3
[WARNING] 'dependencyManagement.dependencies.dependency.(groupId:artifactId:type:classifier)' must be unique: org.yaml:snakeyaml:jar -> version 1.27 vs ${snakeyaml.version} @ org.entando:entando-quarkus-parent:6.2.2, /home/jenkins/.mvnrepository/org/entando/entando-quarkus-parent/6.2.2/entando-quarkus-parent-6.2.2.pom, line 283, column 25
[WARNING] 
[WARNING] It is highly recommended to fix these problems because they threaten the stability of your build.
[WARNING] 
[WARNING] For this reason, future Maven versions might no longer support building such malformed projects.
[WARNING] 
[INFO] 
[INFO] -------------< org.entando:entando-k8s-plugin-controller >--------------
[INFO] Building Entando K8S Controller for Entando Plugin Deployments 0.0.0-SNAPSHOT-PR-12-3
[INFO] --------------------------------[ jar ]---------------------------------
[INFO] 
[INFO] --- maven-resources-plugin:2.6:resources (default-resources) @ entando-k8s-plugin-controller ---
[INFO] Using 'UTF-8' encoding to copy filtered resources.
[INFO] Copying 3 resources
[INFO] 
[INFO] --- maven-compiler-plugin:3.8.1:compile (default-compile) @ entando-k8s-plugin-controller ---
[INFO] Nothing to compile - all classes are up to date
[INFO] 
[INFO] --- maven-resources-plugin:2.6:testResources (default-testResources) @ entando-k8s-plugin-controller ---
[INFO] Using 'UTF-8' encoding to copy filtered resources.
[INFO] Copying 6 resources
[INFO] 
[INFO] --- maven-compiler-plugin:3.8.1:testCompile (default-testCompile) @ entando-k8s-plugin-controller ---
[INFO] Nothing to compile - all classes are up to date
[INFO] 
[INFO] --- maven-surefire-plugin:3.0.0-M1:test (default-test) @ entando-k8s-plugin-controller ---
[INFO] Tests are skipped.
[INFO] 
[INFO] --- maven-jar-plugin:3.2.0:jar (default-jar) @ entando-k8s-plugin-controller ---
[INFO] 
[INFO] --- maven-jar-plugin:3.2.0:test-jar (build-test-jar) @ entando-k8s-plugin-controller ---
[INFO] 
[INFO] --- maven-failsafe-plugin:3.0.0-M4:integration-test (run-tests) @ entando-k8s-plugin-controller ---
[INFO] 
[INFO] -------------------------------------------------------
[INFO]  T E S T S
[INFO] -------------------------------------------------------
[INFO] Running org.entando.kubernetes.controller.plugin.interprocesstests.AddEntandoPluginWithEmbeddedDatabaseIT
!!!!!!!On EntandoKeycloakServer add!!!!!!!!!
[ERROR] Tests run: 1, Failures: 0, Errors: 1, Skipped: 0, Time elapsed: 73.516 s <<< FAILURE! - in org.entando.kubernetes.controller.plugin.interprocesstests.AddEntandoPluginWithEmbeddedDatabaseIT
[ERROR] org.entando.kubernetes.controller.plugin.interprocesstests.AddEntandoPluginWithEmbeddedDatabaseIT.testCreate  Time elapsed: 65.678 s  <<< ERROR!
org.awaitility.core.ConditionTimeoutException: Condition with lambda expression in org.entando.kubernetes.controller.integrationtest.support.IntegrationTestHelperBase was not fulfilled within 45 seconds.
	at org.entando.kubernetes.controller.plugin.interprocesstests.AddEntandoPluginWithEmbeddedDatabaseIT.testCreate(AddEntandoPluginWithEmbeddedDatabaseIT.java:54)

[INFO] Running org.entando.kubernetes.controller.plugin.interprocesstests.AddEntandoPluginWithExternalPostgresqlDatabaseIT
Sep 21, 2020 12:52:47 PM org.entando.kubernetes.controller.integrationtest.support.DeletionWaiter lambda$deleteSingleItem$2
WARNING: Deleting pods  entando-k8s-plugin-controller-pcpr12/test-keycloak-pcpr12-deployer-s5xlgcjf7d
Sep 21, 2020 12:52:58 PM org.entando.kubernetes.controller.integrationtest.support.DeletionWaiter lambda$deleteSingleItem$2
WARNING: Deleting pods  entando-k8s-plugin-controller-pcpr12/pg-test
Sep 21, 2020 12:52:59 PM org.entando.kubernetes.controller.integrationtest.support.DeletionWaiter lambda$deleteSingleItem$2
WARNING: Deleting entandodatabaseservices  entando-k8s-plugin-controller-pcpr12/my-external-db-pcpr12
Sep 21, 2020 12:52:59 PM org.entando.kubernetes.controller.integrationtest.support.DeletionWaiter lambda$deleteSingleItem$2
WARNING: Deleting secrets  entando-k8s-plugin-controller-pcpr12/test-secret
ADDED:PodStatus(conditions=[PodCondition(lastProbeTime=null, lastTransitionTime=2020-09-21T12:52:59Z, message=0/1 nodes are available: 1 node(s) had disk pressure., reason=Unschedulable, status=False, type=PodScheduled, additionalProperties={})], containerStatuses=[], ephemeralContainerStatuses=[], hostIP=null, initContainerStatuses=[], message=null, nominatedNodeName=null, phase=Pending, podIP=null, podIPs=[], qosClass=BestEffort, reason=null, startTime=null, additionalProperties={})
MODIFIED:PodStatus(conditions=[PodCondition(lastProbeTime=null, lastTransitionTime=2020-09-21T12:57:40Z, message=null, reason=null, status=True, type=PodScheduled, additionalProperties={})], containerStatuses=[], ephemeralContainerStatuses=[], hostIP=null, initContainerStatuses=[], message=null, nominatedNodeName=null, phase=Pending, podIP=null, podIPs=[], qosClass=BestEffort, reason=null, startTime=null, additionalProperties={})
MODIFIED:PodStatus(conditions=[PodCondition(lastProbeTime=null, lastTransitionTime=2020-09-21T12:57:41Z, message=null, reason=null, status=True, type=Initialized, additionalProperties={}), PodCondition(lastProbeTime=null, lastTransitionTime=2020-09-21T12:57:41Z, message=containers with unready status: [pg-container], reason=ContainersNotReady, status=False, type=Ready, additionalProperties={}), PodCondition(lastProbeTime=null, lastTransitionTime=null, message=containers with unready status: [pg-container], reason=ContainersNotReady, status=False, type=ContainersReady, additionalProperties={}), PodCondition(lastProbeTime=null, lastTransitionTime=2020-09-21T12:57:40Z, message=null, reason=null, status=True, type=PodScheduled, additionalProperties={})], containerStatuses=[ContainerStatus(containerID=null, image=centos/********ql-96-centos7:latest, imageID=, lastState=ContainerState(running=null, terminated=null, waiting=null, additionalProperties={}), name=pg-container, ready=*****, restartCount=0, started=null, state=ContainerState(running=null, terminated=null, waiting=ContainerStateWaiting(message=null, reason=ContainerCreating, additionalProperties={}), additionalProperties={}), additionalProperties={})], ephemeralContainerStatuses=[], hostIP=54.36.53.206, initContainerStatuses=[], message=null, nominatedNodeName=null, phase=Pending, podIP=null, podIPs=[], qosClass=BestEffort, reason=null, startTime=2020-09-21T12:57:41Z, additionalProperties={})
MODIFIED:PodStatus(conditions=[PodCondition(lastProbeTime=null, lastTransitionTime=2020-09-21T12:57:41Z, message=null, reason=null, status=True, type=Initialized, additionalProperties={}), PodCondition(lastProbeTime=null, lastTransitionTime=2020-09-21T12:57:41Z, message=containers with unready status: [pg-container], reason=ContainersNotReady, status=False, type=Ready, additionalProperties={}), PodCondition(lastProbeTime=null, lastTransitionTime=null, message=containers with unready status: [pg-container], reason=ContainersNotReady, status=False, type=ContainersReady, additionalProperties={}), PodCondition(lastProbeTime=null, lastTransitionTime=2020-09-21T12:57:40Z, message=null, reason=null, status=True, type=PodScheduled, additionalProperties={})], containerStatuses=[ContainerStatus(containerID=docker://5335a8167c75c33608d8b70a9336d612629c8b718a00892aff3e05ca85519521, image=docker.io/centos/********ql-96-centos7:latest, imageID=docker-pullable://docker.io/centos/********ql-96-centos7@sha256:b681d78125361519180a6ac05242c296f8906c11eab7e207b5ca9a89b6344392, lastState=ContainerState(running=null, terminated=null, waiting=null, additionalProperties={}), name=pg-container, ready=*****, restartCount=0, started=null, state=ContainerState(running=ContainerStateRunning(startedAt=2020-09-21T12:58:15Z, additionalProperties={}), terminated=null, waiting=null, additionalProperties={}), additionalProperties={})], ephemeralContainerStatuses=[], hostIP=54.36.53.206, initContainerStatuses=[], message=null, nominatedNodeName=null, phase=Running, podIP=10.128.0.222, podIPs=[], qosClass=BestEffort, reason=null, startTime=2020-09-21T12:57:41Z, additionalProperties={})
MODIFIED:PodStatus(conditions=[PodCondition(lastProbeTime=null, lastTransitionTime=2020-09-21T12:57:41Z, message=null, reason=null, status=True, type=Initialized, additionalProperties={}), PodCondition(lastProbeTime=null, lastTransitionTime=2020-09-21T12:58:27Z, message=null, reason=null, status=True, type=Ready, additionalProperties={}), PodCondition(lastProbeTime=null, lastTransitionTime=null, message=null, reason=null, status=True, type=ContainersReady, additionalProperties={}), PodCondition(lastProbeTime=null, lastTransitionTime=2020-09-21T12:57:40Z, message=null, reason=null, status=True, type=PodScheduled, additionalProperties={})], containerStatuses=[ContainerStatus(containerID=docker://5335a8167c75c33608d8b70a9336d612629c8b718a00892aff3e05ca85519521, image=docker.io/centos/********ql-96-centos7:latest, imageID=docker-pullable://docker.io/centos/********ql-96-centos7@sha256:b681d78125361519180a6ac05242c296f8906c11eab7e207b5ca9a89b6344392, lastState=ContainerState(running=null, terminated=null, waiting=null, additionalProperties={}), name=pg-container, ready=true, restartCount=0, started=null, state=ContainerState(running=ContainerStateRunning(startedAt=2020-09-21T12:58:15Z, additionalProperties={}), terminated=null, waiting=null, additionalProperties={}), additionalProperties={})], ephemeralContainerStatuses=[], hostIP=54.36.53.206, initContainerStatuses=[], message=null, nominatedNodeName=null, phase=Running, podIP=10.128.0.222, podIPs=[], qosClass=BestEffort, reason=null, startTime=2020-09-21T12:57:41Z, additionalProperties={})
Finished: pg-test
!!!!!!!On EntandoKeycloakServer add!!!!!!!!!
ADDED:PodStatus(conditions=[PodCondition(lastProbeTime=null, lastTransitionTime=2020-09-21T12:58:41Z, message=null, reason=null, status=True, type=Initialized, additionalProperties={}), PodCondition(lastProbeTime=null, lastTransitionTime=2020-09-21T12:58:41Z, message=containers with unready status: [server-container], reason=ContainersNotReady, status=False, type=Ready, additionalProperties={}), PodCondition(lastProbeTime=null, lastTransitionTime=null, message=containers with unready status: [server-container], reason=ContainersNotReady, status=False, type=ContainersReady, additionalProperties={}), PodCondition(lastProbeTime=null, lastTransitionTime=2020-09-21T12:58:41Z, message=null, reason=null, status=True, type=PodScheduled, additionalProperties={})], containerStatuses=[ContainerStatus(containerID=null, image=docker.io/entando/entando-keycloak:6.1.2, imageID=, lastState=ContainerState(running=null, terminated=null, waiting=null, additionalProperties={}), name=server-container, ready=*****, restartCount=0, started=null, state=ContainerState(running=null, terminated=null, waiting=ContainerStateWaiting(message=null, reason=ContainerCreating, additionalProperties={}), additionalProperties={}), additionalProperties={})], ephemeralContainerStatuses=[], hostIP=54.36.53.206, initContainerStatuses=[], message=null, nominatedNodeName=null, phase=Pending, podIP=null, podIPs=[], qosClass=Burstable, reason=null, startTime=2020-09-21T12:58:41Z, additionalProperties={})
MODIFIED:PodStatus(conditions=[PodCondition(lastProbeTime=null, lastTransitionTime=2020-09-21T12:58:41Z, message=null, reason=null, status=True, type=Initialized, additionalProperties={}), PodCondition(lastProbeTime=null, lastTransitionTime=2020-09-21T12:58:41Z, message=containers with unready status: [server-container], reason=ContainersNotReady, status=False, type=Ready, additionalProperties={}), PodCondition(lastProbeTime=null, lastTransitionTime=null, message=containers with unready status: [server-container], reason=ContainersNotReady, status=False, type=ContainersReady, additionalProperties={}), PodCondition(lastProbeTime=null, lastTransitionTime=2020-09-21T12:58:41Z, message=null, reason=null, status=True, type=PodScheduled, additionalProperties={})], containerStatuses=[ContainerStatus(containerID=docker://7f8d98608268b6613f55213f099d145844cbb49a70d556686b4648b4e47a2c14, image=docker.io/entando/entando-keycloak:6.1.2, imageID=docker-pullable://docker.io/entando/entando-keycloak@sha256:a21877431e78b5e0eae9b174d41b29c144e3e9151ee7efb357e032b36782b561, lastState=ContainerState(running=null, terminated=null, waiting=null, additionalProperties={}), name=server-container, ready=*****, restartCount=0, started=null, state=ContainerState(running=ContainerStateRunning(startedAt=2020-09-21T12:59:16Z, additionalProperties={}), terminated=null, waiting=null, additionalProperties={}), additionalProperties={})], ephemeralContainerStatuses=[], hostIP=54.36.53.206, initContainerStatuses=[], message=null, nominatedNodeName=null, phase=Running, podIP=10.128.0.224, podIPs=[], qosClass=Burstable, reason=null, startTime=2020-09-21T12:58:41Z, additionalProperties={})
MODIFIED:PodStatus(conditions=[PodCondition(lastProbeTime=null, lastTransitionTime=2020-09-21T12:58:41Z, message=null, reason=null, status=True, type=Initialized, additionalProperties={}), PodCondition(lastProbeTime=null, lastTransitionTime=2020-09-21T13:01:05Z, message=null, reason=null, status=True, type=Ready, additionalProperties={}), PodCondition(lastProbeTime=null, lastTransitionTime=null, message=null, reason=null, status=True, type=ContainersReady, additionalProperties={}), PodCondition(lastProbeTime=null, lastTransitionTime=2020-09-21T12:58:41Z, message=null, reason=null, status=True, type=PodScheduled, additionalProperties={})], containerStatuses=[ContainerStatus(containerID=docker://7f8d98608268b6613f55213f099d145844cbb49a70d556686b4648b4e47a2c14, image=docker.io/entando/entando-keycloak:6.1.2, imageID=docker-pullable://docker.io/entando/entando-keycloak@sha256:a21877431e78b5e0eae9b174d41b29c144e3e9151ee7efb357e032b36782b561, lastState=ContainerState(running=null, terminated=null, waiting=null, additionalProperties={}), name=server-container, ready=true, restartCount=0, started=null, state=ContainerState(running=ContainerStateRunning(startedAt=2020-09-21T12:59:16Z, additionalProperties={}), terminated=null, waiting=null, additionalProperties={}), additionalProperties={})], ephemeralContainerStatuses=[], hostIP=54.36.53.206, initContainerStatuses=[], message=null, nominatedNodeName=null, phase=Running, podIP=10.128.0.224, podIPs=[], qosClass=Burstable, reason=null, startTime=2020-09-21T12:58:41Z, additionalProperties={})
Finished: test-keycloak-pcpr12-server-deployment-78d4449d94-v2jlw
Sep 21, 2020 1:01:15 PM org.entando.kubernetes.controller.integrationtest.support.DeletionWaiter lambda$deleteSingleItem$2
WARNING: Deleting secrets  entando-k8s-plugin-controller-pcpr12/entando-cluster-infrastructure-secret
!!!!!!!On EntandoPlugin add!!!!!!!!!
[ERROR] Tests run: 1, Failures: 0, Errors: 1, Skipped: 0, Time elapsed: 557.892 s <<< FAILURE! - in org.entando.kubernetes.controller.plugin.interprocesstests.AddEntandoPluginWithExternalPostgresqlDatabaseIT
[ERROR] org.entando.kubernetes.controller.plugin.interprocesstests.AddEntandoPluginWithExternalPostgresqlDatabaseIT.testCreate  Time elapsed: 556.726 s  <<< ERROR!
org.awaitility.core.ConditionTimeoutException: Condition with lambda expression in org.entando.kubernetes.controller.integrationtest.support.IntegrationTestHelperBase was not fulfilled within 45 seconds.
	at org.entando.kubernetes.controller.plugin.interprocesstests.AddEntandoPluginWithExternalPostgresqlDatabaseIT.testCreate(AddEntandoPluginWithExternalPostgresqlDatabaseIT.java:51)

[INFO] 
[INFO] Results:
[INFO] 
[ERROR] Errors: 
[ERROR]   AddEntandoPluginWithEmbeddedDatabaseIT.testCreate:54->AddEntandoPluginBaseIT.createAndWaitForPlugin:93 Â» ConditionTimeout
[ERROR]   AddEntandoPluginWithExternalPostgresqlDatabaseIT.testCreate:51->AddEntandoPluginBaseIT.createAndWaitForPlugin:97 Â» ConditionTimeout
[INFO] 
[ERROR] Tests run: 2, Failures: 0, Errors: 2, Skipped: 0
[INFO] 
[INFO] 
[INFO] --- maven-surefire-report-plugin:3.0.0-M4:failsafe-report-only (integration-tests) @ entando-k8s-plugin-controller ---
[WARNING] Unable to locate Test Source XRef to link to - DISABLED
[INFO] 
[INFO] --- maven-surefire-report-plugin:3.0.0-M4:report-only (unit-tests) @ entando-k8s-plugin-controller ---
[WARNING] Unable to locate Test Source XRef to link to - DISABLED
[INFO] 
[INFO] --- maven-failsafe-plugin:3.0.0-M4:verify (run-tests) @ entando-k8s-plugin-controller ---
[ERROR] There are test failures.

Please refer to /workspace/source/target/failsafe-reports for the individual test results.
Please refer to dump files (if any exist) [date].dump, [date]-***Run[N].dump and [date].dumpstream.
[INFO] ------------------------------------------------------------------------
[INFO] BUILD SUCCESS
[INFO] ------------------------------------------------------------------------
[INFO] Total time:  10:55 min
[INFO] Finished at: 2020-09-21T13:02:04Z
[INFO] ------------------------------------------------------------------------
shallow cloning https://github.com/entando-k8s/devops-results.git branch gh-pages
ran git init in /tmp/jenkins-x-collect239236342
ran git add remote origin https://github.com/entando-k8s/devops-results.git in /tmp/jenkins-x-collect239236342
ran git fetch origin --depth=1 gh-pages in dir /tmp/jenkins-x-collect239236342
Publishing https://raw.githubusercontent.com/entando-k8s/devops-results/gh-pages/entando-k8s-plugin-controller/PR-12/failsafe-report.html
stashed: https://raw.githubusercontent.com/entando-k8s/devops-results/gh-pages/entando-k8s-plugin-controller/PR-12/failsafe-report.html
error: etcdserver: request is too large
Post-deployment tests failed for entando-k8s-plugin-controller-PR-12.
  % Total    % Received % Xferd  Average Speed   Time    Time     Time  Current
                                 Dload  Upload   Total   Spent    Left  Speed
  0     0    0     0    0     0      0      0 --:--:-- --:--:-- --:--:--     0100  1880  100  1657  100   223   2459    331 --:--:-- --:--:-- --:--:--  2462
{
  "url": "https://api.github.com/repos/entando-k8s/entando-k8s-plugin-controller/statuses/6784775c79b4b4e02ce88e703dfd91a30be86a39",
  "avatar_url": "https://avatars2.githubusercontent.com/u/57885396?v=4",
  "id": 10820721388,
  "node_id": "MDEzOlN0YXR1c0NvbnRleHQxMDgyMDcyMTM4OA==",
  "state": "failure",
  "description": "Post-deployment tests failure!",
  "target_url": "https://entando-k8s.github.io/devops-results/entando-k8s-plugin-controller/PR-12/failsafe-report.html",
  "context": "Post-deployment tests",
  "created_at": "2020-09-21T13:04:31Z",
  "updated_at": "2020-09-21T13:04:31Z",
  "creator": {
    "login": "entando-**",
    "id": 57885396,
    "node_id": "MDQ6VXNlcjU3ODg1Mzk2",
    "avatar_url": "https://avatars2.githubusercontent.com/u/57885396?v=4",
    "gravatar_id": "",
    "url": "https://api.github.com/users/entando-**",
    "html_url": "https://github.com/entando-**",
    "followers_url": "https://api.github.com/users/entando-**/followers",
    "following_url": "https://api.github.com/users/entando-**/following{/other_user}",
    "gists_url": "https://api.github.com/users/entando-**/gists{/gist_id}",
    "starred_url": "https://api.github.com/users/**********/starred{/owner}{/repo}",
    "subscriptions_url": "https://api.github.com/users/entando-**/subscriptions",
    "organizations_url": "https://api.github.com/users/entando-**/orgs",
    "repos_url": "https://api.github.com/users/**********/repos",
    "events_url": "https://api.github.com/users/entando-**/events{/privacy}",
    "received_events_url": "https://api.github.com/users/entando-**/received_events",
    "type": "User",
    "site_*****": *****
  }
}
[31m
Pipeline failed on stage 'from-build-pack' : container 'step-promote-run-post-deployment-tests'. The execution of the pipeline has stopped.[0m
